START : 2024-05-28 20:32:21

General parameters for data and model
- seed = 1005 (default = 1005)
- arch = resnet18
- batch_size = 64 (default = 64)
- workers = 8 (default = 4)
- data_path = data/ImageNet

Quantization parameters
- n_bits_w = 4 (default = 4)
- channel_wise = True (default = True)
- n_bits_a = 4 (default = 4)
- disable_8bit_head_stem = not use (action = 'store_true')

Weight calibration parameters
- num_samples = 1024 (default = 1024)
- iters_w = 20000 (default = 20000)
- weight = 0.01 (default = 0.01)
- keep_cpu = not use (action = 'store_true')
- b_start = 20 (default = 20)
- b_end = 2 (default = 2)
- warmup = 0.2 (default = 0.2)

Activation calibration parameters
- lr = 4e-5 (default = 4e-5)
- init_wmode = mse (default = 'mse', choices = ['minmax', 'mse', 'minmax_scale'])
- init_amode = mse (default = 'mse', choices = ['minmax', 'mse', 'minmax_scale'])
- prob = 0.5 (default = 0.5)
- input_prob = 0.5 (default = 0.5)
- lamb_r = 0.5 (default = 0.1)
- T = 4.0 (default = 4.0)
- bn_lr = 1e-3 (default = 1e-3)
- lamb_c = 0.02 (default = 0.02)

-------------------------------------------------------------------------------------------

==> Using Pytorch Dataset
the quantized model is below!
QuantModel(
  (model): ResNet(
    (conv1): QuantModule(
      wbit=4, abit=4, disable_act_quant=False
      (weight_quantizer): UniformAffineQuantizer(bit=4, is_training=False, inited=True)
      (act_quantizer): UniformAffineQuantizer(bit=4, is_training=False, inited=True)
      (norm_function): StraightThrough()
      (activation_function): ReLU(inplace=True)
    )
    (bn1): StraightThrough()
    (relu): StraightThrough()
    (maxpool): MaxPool2d(kernel_size=3, stride=2, padding=1, dilation=1, ceil_mode=False)
    (layer1): Sequential(
      (0): QuantBasicBlock(
        (conv1): QuantModule(
          wbit=4, abit=4, disable_act_quant=False
          (weight_quantizer): UniformAffineQuantizer(bit=4, is_training=False, inited=True)
          (act_quantizer): UniformAffineQuantizer(bit=4, is_training=False, inited=True)
          (norm_function): StraightThrough()
          (activation_function): ReLU(inplace=True)
        )
        (conv2): QuantModule(
          wbit=4, abit=4, disable_act_quant=True
          (weight_quantizer): UniformAffineQuantizer(bit=4, is_training=False, inited=True)
          (act_quantizer): UniformAffineQuantizer(bit=4, is_training=False, inited=True)
          (norm_function): StraightThrough()
          (activation_function): StraightThrough()
        )
        (activation_function): ReLU(inplace=True)
        (act_quantizer): UniformAffineQuantizer(bit=4, is_training=False, inited=True)
      )
      (1): QuantBasicBlock(
        (conv1): QuantModule(
          wbit=4, abit=4, disable_act_quant=False
          (weight_quantizer): UniformAffineQuantizer(bit=4, is_training=False, inited=True)
          (act_quantizer): UniformAffineQuantizer(bit=4, is_training=False, inited=True)
          (norm_function): StraightThrough()
          (activation_function): ReLU(inplace=True)
        )
        (conv2): QuantModule(
          wbit=4, abit=4, disable_act_quant=True
          (weight_quantizer): UniformAffineQuantizer(bit=4, is_training=False, inited=True)
          (act_quantizer): UniformAffineQuantizer(bit=4, is_training=False, inited=True)
          (norm_function): StraightThrough()
          (activation_function): StraightThrough()
        )
        (activation_function): ReLU(inplace=True)
        (act_quantizer): UniformAffineQuantizer(bit=4, is_training=False, inited=True)
      )
    )
    (layer2): Sequential(
      (0): QuantBasicBlock(
        (conv1): QuantModule(
          wbit=4, abit=4, disable_act_quant=False
          (weight_quantizer): UniformAffineQuantizer(bit=4, is_training=False, inited=True)
          (act_quantizer): UniformAffineQuantizer(bit=4, is_training=False, inited=True)
          (norm_function): StraightThrough()
          (activation_function): ReLU(inplace=True)
        )
        (conv2): QuantModule(
          wbit=4, abit=4, disable_act_quant=True
          (weight_quantizer): UniformAffineQuantizer(bit=4, is_training=False, inited=True)
          (act_quantizer): UniformAffineQuantizer(bit=4, is_training=False, inited=True)
          (norm_function): StraightThrough()
          (activation_function): StraightThrough()
        )
        (downsample): QuantModule(
          wbit=4, abit=4, disable_act_quant=True
          (weight_quantizer): UniformAffineQuantizer(bit=4, is_training=False, inited=True)
          (act_quantizer): UniformAffineQuantizer(bit=4, is_training=False, inited=True)
          (norm_function): StraightThrough()
          (activation_function): StraightThrough()
        )
        (activation_function): ReLU(inplace=True)
        (act_quantizer): UniformAffineQuantizer(bit=4, is_training=False, inited=True)
      )
      (1): QuantBasicBlock(
        (conv1): QuantModule(
          wbit=4, abit=4, disable_act_quant=False
          (weight_quantizer): UniformAffineQuantizer(bit=4, is_training=False, inited=True)
          (act_quantizer): UniformAffineQuantizer(bit=4, is_training=False, inited=True)
          (norm_function): StraightThrough()
          (activation_function): ReLU(inplace=True)
        )
        (conv2): QuantModule(
          wbit=4, abit=4, disable_act_quant=True
          (weight_quantizer): UniformAffineQuantizer(bit=4, is_training=False, inited=True)
          (act_quantizer): UniformAffineQuantizer(bit=4, is_training=False, inited=True)
          (norm_function): StraightThrough()
          (activation_function): StraightThrough()
        )
        (activation_function): ReLU(inplace=True)
        (act_quantizer): UniformAffineQuantizer(bit=4, is_training=False, inited=True)
      )
    )
    (layer3): Sequential(
      (0): QuantBasicBlock(
        (conv1): QuantModule(
          wbit=4, abit=4, disable_act_quant=False
          (weight_quantizer): UniformAffineQuantizer(bit=4, is_training=False, inited=True)
          (act_quantizer): UniformAffineQuantizer(bit=4, is_training=False, inited=True)
          (norm_function): StraightThrough()
          (activation_function): ReLU(inplace=True)
        )
        (conv2): QuantModule(
          wbit=4, abit=4, disable_act_quant=True
          (weight_quantizer): UniformAffineQuantizer(bit=4, is_training=False, inited=True)
          (act_quantizer): UniformAffineQuantizer(bit=4, is_training=False, inited=True)
          (norm_function): StraightThrough()
          (activation_function): StraightThrough()
        )
        (downsample): QuantModule(
          wbit=4, abit=4, disable_act_quant=True
          (weight_quantizer): UniformAffineQuantizer(bit=4, is_training=False, inited=True)
          (act_quantizer): UniformAffineQuantizer(bit=4, is_training=False, inited=True)
          (norm_function): StraightThrough()
          (activation_function): StraightThrough()
        )
        (activation_function): ReLU(inplace=True)
        (act_quantizer): UniformAffineQuantizer(bit=4, is_training=False, inited=True)
      )
      (1): QuantBasicBlock(
        (conv1): QuantModule(
          wbit=4, abit=4, disable_act_quant=False
          (weight_quantizer): UniformAffineQuantizer(bit=4, is_training=False, inited=True)
          (act_quantizer): UniformAffineQuantizer(bit=4, is_training=False, inited=True)
          (norm_function): StraightThrough()
          (activation_function): ReLU(inplace=True)
        )
        (conv2): QuantModule(
          wbit=4, abit=4, disable_act_quant=True
          (weight_quantizer): UniformAffineQuantizer(bit=4, is_training=False, inited=True)
          (act_quantizer): UniformAffineQuantizer(bit=4, is_training=False, inited=True)
          (norm_function): StraightThrough()
          (activation_function): StraightThrough()
        )
        (activation_function): ReLU(inplace=True)
        (act_quantizer): UniformAffineQuantizer(bit=4, is_training=False, inited=True)
      )
    )
    (layer4): Sequential(
      (0): QuantBasicBlock(
        (conv1): QuantModule(
          wbit=4, abit=4, disable_act_quant=False
          (weight_quantizer): UniformAffineQuantizer(bit=4, is_training=False, inited=True)
          (act_quantizer): UniformAffineQuantizer(bit=4, is_training=False, inited=True)
          (norm_function): StraightThrough()
          (activation_function): ReLU(inplace=True)
        )
        (conv2): QuantModule(
          wbit=4, abit=4, disable_act_quant=True
          (weight_quantizer): UniformAffineQuantizer(bit=4, is_training=False, inited=True)
          (act_quantizer): UniformAffineQuantizer(bit=4, is_training=False, inited=True)
          (norm_function): StraightThrough()
          (activation_function): StraightThrough()
        )
        (downsample): QuantModule(
          wbit=4, abit=4, disable_act_quant=True
          (weight_quantizer): UniformAffineQuantizer(bit=4, is_training=False, inited=True)
          (act_quantizer): UniformAffineQuantizer(bit=4, is_training=False, inited=True)
          (norm_function): StraightThrough()
          (activation_function): StraightThrough()
        )
        (activation_function): ReLU(inplace=True)
        (act_quantizer): UniformAffineQuantizer(bit=4, is_training=False, inited=True)
      )
      (1): QuantBasicBlock(
        (conv1): QuantModule(
          wbit=4, abit=4, disable_act_quant=False
          (weight_quantizer): UniformAffineQuantizer(bit=4, is_training=False, inited=True)
          (act_quantizer): UniformAffineQuantizer(bit=4, is_training=False, inited=True)
          (norm_function): StraightThrough()
          (activation_function): ReLU(inplace=True)
        )
        (conv2): QuantModule(
          wbit=4, abit=4, disable_act_quant=True
          (weight_quantizer): UniformAffineQuantizer(bit=4, is_training=False, inited=True)
          (act_quantizer): UniformAffineQuantizer(bit=4, is_training=False, inited=True)
          (norm_function): StraightThrough()
          (activation_function): StraightThrough()
        )
        (activation_function): ReLU(inplace=True)
        (act_quantizer): UniformAffineQuantizer(bit=4, is_training=False, inited=True)
      )
    )
    (avgpool): AdaptiveAvgPool2d(output_size=(1, 1))
    (fc): QuantModule(
      wbit=4, abit=4, disable_act_quant=True
      (weight_quantizer): UniformAffineQuantizer(bit=4, is_training=False, inited=True)
      (act_quantizer): UniformAffineQuantizer(bit=4, is_training=False, inited=True)
      (norm_function): StraightThrough()
      (activation_function): StraightThrough()
    )
  )
)
Reconstruction for layer conv1
Start correcting 32 batches of data!
Total loss:	21.192 (mse:4.362, mean:10.938, std:5.892)	count=499
Total loss:	23.901 (mse:5.069, mean:12.871, std:5.961)	count=499
Total loss:	20.062 (mse:4.695, mean:9.869, std:5.498)	count=499
Total loss:	27.691 (mse:5.420, mean:15.881, std:6.390)	count=499
Total loss:	23.312 (mse:4.992, mean:11.990, std:6.330)	count=499
Total loss:	22.521 (mse:4.832, mean:11.838, std:5.851)	count=499
Total loss:	17.219 (mse:4.161, mean:7.658, std:5.399)	count=499
Total loss:	23.394 (mse:5.177, mean:12.602, std:5.616)	count=499
Total loss:	23.555 (mse:5.144, mean:11.495, std:6.916)	count=499
Total loss:	18.540 (mse:4.392, mean:7.964, std:6.184)	count=499
Total loss:	22.983 (mse:4.784, mean:12.286, std:5.913)	count=499
Total loss:	18.748 (mse:4.482, mean:8.940, std:5.326)	count=499
Total loss:	27.137 (mse:5.383, mean:15.000, std:6.754)	count=499
Total loss:	17.387 (mse:4.084, mean:8.682, std:4.620)	count=499
Total loss:	23.204 (mse:5.382, mean:11.215, std:6.607)	count=499
Total loss:	24.122 (mse:5.588, mean:11.672, std:6.862)	count=499
Total loss:	16.759 (mse:3.887, mean:7.799, std:5.072)	count=499
Total loss:	23.370 (mse:4.916, mean:12.983, std:5.471)	count=499
Total loss:	19.351 (mse:3.939, mean:10.852, std:4.560)	count=499
Total loss:	21.531 (mse:4.979, mean:8.469, std:8.083)	count=499
Total loss:	17.631 (mse:4.097, mean:8.545, std:4.990)	count=499
Total loss:	21.789 (mse:4.727, mean:10.654, std:6.408)	count=499
Total loss:	24.433 (mse:5.154, mean:13.821, std:5.458)	count=499
Total loss:	20.636 (mse:4.968, mean:9.557, std:6.111)	count=499
Total loss:	28.744 (mse:5.958, mean:15.290, std:7.496)	count=499
Total loss:	19.619 (mse:5.111, mean:8.604, std:5.904)	count=499
Total loss:	19.674 (mse:4.472, mean:9.361, std:5.841)	count=499
Total loss:	22.065 (mse:5.389, mean:9.812, std:6.865)	count=499
Total loss:	21.564 (mse:4.740, mean:10.878, std:5.946)	count=499
Total loss:	19.739 (mse:4.704, mean:9.016, std:6.019)	count=499
Total loss:	20.763 (mse:4.583, mean:9.675, std:6.505)	count=499
Total loss:	20.297 (mse:4.723, mean:9.487, std:6.088)	count=499
Init alpha to be FP32
Total loss:	0.038 (rec:0.037, pd:0.001, round:0.000)	b=0.00	count=500
Total loss:	0.047 (rec:0.047, pd:0.001, round:0.000)	b=0.00	count=1000
Total loss:	0.045 (rec:0.044, pd:0.001, round:0.000)	b=0.00	count=1500
Total loss:	0.045 (rec:0.045, pd:0.001, round:0.000)	b=0.00	count=2000
Total loss:	0.040 (rec:0.039, pd:0.001, round:0.000)	b=0.00	count=2500
Total loss:	0.054 (rec:0.053, pd:0.001, round:0.000)	b=0.00	count=3000
Total loss:	0.047 (rec:0.046, pd:0.001, round:0.000)	b=0.00	count=3500
Total loss:	80.130 (rec:0.047, pd:0.001, round:80.082)	b=20.00	count=4000
Total loss:	38.712 (rec:0.042, pd:0.001, round:38.669)	b=19.44	count=4500
Total loss:	35.952 (rec:0.045, pd:0.001, round:35.906)	b=18.88	count=5000
Total loss:	33.995 (rec:0.046, pd:0.001, round:33.949)	b=18.31	count=5500
Total loss:	32.292 (rec:0.040, pd:0.001, round:32.252)	b=17.75	count=6000
Total loss:	30.657 (rec:0.042, pd:0.001, round:30.615)	b=17.19	count=6500
Total loss:	29.073 (rec:0.043, pd:0.001, round:29.030)	b=16.62	count=7000
Total loss:	27.623 (rec:0.045, pd:0.001, round:27.577)	b=16.06	count=7500
Total loss:	26.152 (rec:0.045, pd:0.000, round:26.107)	b=15.50	count=8000
Total loss:	24.708 (rec:0.041, pd:0.001, round:24.667)	b=14.94	count=8500
Total loss:	23.363 (rec:0.048, pd:0.001, round:23.315)	b=14.38	count=9000
Total loss:	21.673 (rec:0.044, pd:0.001, round:21.628)	b=13.81	count=9500
Total loss:	20.228 (rec:0.044, pd:0.001, round:20.183)	b=13.25	count=10000
Total loss:	18.531 (rec:0.039, pd:0.001, round:18.492)	b=12.69	count=10500
Total loss:	16.836 (rec:0.037, pd:0.001, round:16.799)	b=12.12	count=11000
Total loss:	15.435 (rec:0.042, pd:0.001, round:15.392)	b=11.56	count=11500
Total loss:	13.950 (rec:0.039, pd:0.001, round:13.910)	b=11.00	count=12000
Total loss:	12.376 (rec:0.040, pd:0.001, round:12.336)	b=10.44	count=12500
Total loss:	10.830 (rec:0.039, pd:0.001, round:10.790)	b=9.88	count=13000
Total loss:	9.134 (rec:0.041, pd:0.001, round:9.092)	b=9.31	count=13500
Total loss:	7.440 (rec:0.044, pd:0.001, round:7.396)	b=8.75	count=14000
Total loss:	5.662 (rec:0.039, pd:0.001, round:5.622)	b=8.19	count=14500
Total loss:	3.964 (rec:0.046, pd:0.001, round:3.917)	b=7.62	count=15000
Total loss:	2.253 (rec:0.042, pd:0.001, round:2.209)	b=7.06	count=15500
Total loss:	0.998 (rec:0.042, pd:0.001, round:0.954)	b=6.50	count=16000
Total loss:	0.372 (rec:0.044, pd:0.001, round:0.327)	b=5.94	count=16500
Total loss:	0.187 (rec:0.048, pd:0.001, round:0.138)	b=5.38	count=17000
Total loss:	0.107 (rec:0.046, pd:0.001, round:0.060)	b=4.81	count=17500
Total loss:	0.057 (rec:0.046, pd:0.001, round:0.010)	b=4.25	count=18000
Total loss:	0.057 (rec:0.046, pd:0.001, round:0.010)	b=3.69	count=18500
Total loss:	0.047 (rec:0.046, pd:0.001, round:0.000)	b=3.12	count=19000
Total loss:	0.043 (rec:0.042, pd:0.001, round:0.000)	b=2.56	count=19500
Total loss:	0.046 (rec:0.045, pd:0.001, round:0.000)	b=2.00	count=20000
Reconstruction for block 0
Start correcting 32 batches of data!
Total loss:	1.424 (mse:0.200, mean:0.591, std:0.634)	count=499
Total loss:	1.629 (mse:0.219, mean:0.651, std:0.759)	count=499
Total loss:	1.524 (mse:0.198, mean:0.564, std:0.762)	count=499
Total loss:	1.689 (mse:0.234, mean:0.704, std:0.752)	count=499
Total loss:	1.883 (mse:0.262, mean:0.789, std:0.832)	count=499
Total loss:	1.502 (mse:0.200, mean:0.636, std:0.666)	count=499
Total loss:	1.550 (mse:0.206, mean:0.608, std:0.736)	count=499
Total loss:	1.634 (mse:0.212, mean:0.715, std:0.707)	count=499
Total loss:	1.640 (mse:0.230, mean:0.589, std:0.821)	count=499
Total loss:	1.655 (mse:0.223, mean:0.746, std:0.686)	count=499
Total loss:	1.881 (mse:0.248, mean:0.919, std:0.714)	count=499
Total loss:	1.818 (mse:0.237, mean:0.869, std:0.712)	count=499
Total loss:	1.649 (mse:0.220, mean:0.693, std:0.736)	count=499
Total loss:	1.303 (mse:0.170, mean:0.522, std:0.611)	count=499
Total loss:	1.855 (mse:0.239, mean:0.922, std:0.694)	count=499
Total loss:	1.940 (mse:0.258, mean:0.878, std:0.803)	count=499
Total loss:	1.279 (mse:0.169, mean:0.556, std:0.554)	count=499
Total loss:	1.546 (mse:0.205, mean:0.619, std:0.721)	count=499
Total loss:	1.323 (mse:0.179, mean:0.518, std:0.627)	count=499
Total loss:	2.282 (mse:0.295, mean:1.059, std:0.928)	count=499
Total loss:	1.558 (mse:0.211, mean:0.618, std:0.730)	count=499
Total loss:	1.480 (mse:0.199, mean:0.637, std:0.644)	count=499
Total loss:	1.639 (mse:0.220, mean:0.764, std:0.655)	count=499
Total loss:	1.808 (mse:0.240, mean:0.773, std:0.794)	count=499
Total loss:	2.013 (mse:0.271, mean:0.829, std:0.913)	count=499
Total loss:	1.974 (mse:0.247, mean:1.081, std:0.646)	count=499
Total loss:	1.469 (mse:0.198, mean:0.605, std:0.665)	count=499
Total loss:	1.848 (mse:0.247, mean:0.780, std:0.821)	count=499
Total loss:	1.756 (mse:0.233, mean:0.764, std:0.760)	count=499
Total loss:	1.561 (mse:0.214, mean:0.614, std:0.733)	count=499
Total loss:	1.982 (mse:0.267, mean:1.119, std:0.595)	count=499
Total loss:	1.452 (mse:0.199, mean:0.536, std:0.717)	count=499
Init alpha to be FP32
Init alpha to be FP32
Total loss:	0.140 (rec:0.138, pd:0.002, round:0.000)	b=0.00	count=500
Total loss:	0.156 (rec:0.153, pd:0.003, round:0.000)	b=0.00	count=1000
Total loss:	0.167 (rec:0.164, pd:0.003, round:0.000)	b=0.00	count=1500
Total loss:	0.127 (rec:0.125, pd:0.002, round:0.000)	b=0.00	count=2000
Total loss:	0.148 (rec:0.146, pd:0.002, round:0.000)	b=0.00	count=2500
Total loss:	0.125 (rec:0.123, pd:0.002, round:0.000)	b=0.00	count=3000
Total loss:	0.130 (rec:0.128, pd:0.002, round:0.000)	b=0.00	count=3500
Total loss:	632.681 (rec:0.129, pd:0.002, round:632.550)	b=20.00	count=4000
Total loss:	330.481 (rec:0.125, pd:0.001, round:330.355)	b=19.44	count=4500
Total loss:	307.318 (rec:0.136, pd:0.002, round:307.180)	b=18.88	count=5000
Total loss:	290.688 (rec:0.138, pd:0.002, round:290.548)	b=18.31	count=5500
Total loss:	276.948 (rec:0.149, pd:0.002, round:276.797)	b=17.75	count=6000
Total loss:	263.911 (rec:0.138, pd:0.002, round:263.771)	b=17.19	count=6500
Total loss:	252.259 (rec:0.120, pd:0.001, round:252.138)	b=16.62	count=7000
Total loss:	240.869 (rec:0.126, pd:0.002, round:240.740)	b=16.06	count=7500
Total loss:	229.536 (rec:0.140, pd:0.002, round:229.394)	b=15.50	count=8000
Total loss:	217.982 (rec:0.123, pd:0.002, round:217.858)	b=14.94	count=8500
Total loss:	206.253 (rec:0.133, pd:0.002, round:206.119)	b=14.38	count=9000
Total loss:	194.291 (rec:0.132, pd:0.001, round:194.158)	b=13.81	count=9500
Total loss:	181.797 (rec:0.121, pd:0.002, round:181.674)	b=13.25	count=10000
Total loss:	169.405 (rec:0.145, pd:0.002, round:169.259)	b=12.69	count=10500
Total loss:	157.225 (rec:0.136, pd:0.001, round:157.088)	b=12.12	count=11000
Total loss:	144.013 (rec:0.122, pd:0.001, round:143.889)	b=11.56	count=11500
Total loss:	130.312 (rec:0.145, pd:0.003, round:130.164)	b=11.00	count=12000
Total loss:	116.422 (rec:0.144, pd:0.002, round:116.276)	b=10.44	count=12500
Total loss:	101.820 (rec:0.149, pd:0.002, round:101.669)	b=9.88	count=13000
Total loss:	87.459 (rec:0.137, pd:0.002, round:87.320)	b=9.31	count=13500
Total loss:	72.675 (rec:0.125, pd:0.002, round:72.548)	b=8.75	count=14000
Total loss:	58.475 (rec:0.149, pd:0.002, round:58.324)	b=8.19	count=14500
Total loss:	44.493 (rec:0.145, pd:0.001, round:44.347)	b=7.62	count=15000
Total loss:	30.893 (rec:0.163, pd:0.002, round:30.728)	b=7.06	count=15500
Total loss:	19.579 (rec:0.131, pd:0.002, round:19.446)	b=6.50	count=16000
Total loss:	9.655 (rec:0.143, pd:0.002, round:9.510)	b=5.94	count=16500
Total loss:	3.272 (rec:0.158, pd:0.002, round:3.112)	b=5.38	count=17000
Total loss:	0.799 (rec:0.137, pd:0.002, round:0.660)	b=4.81	count=17500
Total loss:	0.193 (rec:0.167, pd:0.001, round:0.025)	b=4.25	count=18000
Total loss:	0.184 (rec:0.172, pd:0.002, round:0.010)	b=3.69	count=18500
Total loss:	0.158 (rec:0.157, pd:0.001, round:0.000)	b=3.12	count=19000
Total loss:	0.129 (rec:0.127, pd:0.001, round:0.000)	b=2.56	count=19500
Total loss:	0.145 (rec:0.144, pd:0.002, round:0.000)	b=2.00	count=20000
Reconstruction for block 1
Start correcting 32 batches of data!
Total loss:	0.984 (mse:0.066, mean:0.515, std:0.403)	count=499
Total loss:	0.999 (mse:0.063, mean:0.500, std:0.435)	count=499
Total loss:	0.982 (mse:0.061, mean:0.459, std:0.462)	count=499
Total loss:	1.125 (mse:0.071, mean:0.581, std:0.474)	count=499
Total loss:	1.211 (mse:0.082, mean:0.596, std:0.533)	count=499
Total loss:	0.931 (mse:0.059, mean:0.483, std:0.389)	count=499
Total loss:	0.959 (mse:0.063, mean:0.446, std:0.450)	count=499
Total loss:	1.055 (mse:0.068, mean:0.565, std:0.421)	count=499
Total loss:	1.118 (mse:0.076, mean:0.515, std:0.527)	count=499
Total loss:	1.049 (mse:0.068, mean:0.575, std:0.405)	count=499
Total loss:	1.046 (mse:0.068, mean:0.604, std:0.373)	count=499
Total loss:	1.133 (mse:0.078, mean:0.604, std:0.451)	count=499
Total loss:	1.161 (mse:0.078, mean:0.593, std:0.489)	count=499
Total loss:	0.787 (mse:0.052, mean:0.406, std:0.330)	count=499
Total loss:	1.131 (mse:0.075, mean:0.606, std:0.450)	count=499
Total loss:	1.217 (mse:0.082, mean:0.599, std:0.537)	count=499
Total loss:	0.853 (mse:0.054, mean:0.460, std:0.339)	count=499
Total loss:	1.068 (mse:0.071, mean:0.541, std:0.456)	count=499
Total loss:	0.889 (mse:0.057, mean:0.462, std:0.369)	count=499
Total loss:	1.237 (mse:0.082, mean:0.634, std:0.521)	count=499
Total loss:	0.996 (mse:0.064, mean:0.477, std:0.455)	count=499
Total loss:	0.924 (mse:0.058, mean:0.487, std:0.379)	count=499
Total loss:	1.092 (mse:0.074, mean:0.587, std:0.432)	count=499
Total loss:	1.033 (mse:0.066, mean:0.492, std:0.475)	count=499
Total loss:	1.300 (mse:0.087, mean:0.613, std:0.599)	count=499
Total loss:	1.074 (mse:0.073, mean:0.640, std:0.362)	count=499
Total loss:	0.937 (mse:0.060, mean:0.462, std:0.414)	count=499
Total loss:	1.201 (mse:0.081, mean:0.609, std:0.511)	count=499
Total loss:	1.049 (mse:0.069, mean:0.535, std:0.446)	count=499
Total loss:	0.962 (mse:0.063, mean:0.485, std:0.414)	count=499
Total loss:	1.259 (mse:0.084, mean:0.754, std:0.421)	count=499
Total loss:	0.923 (mse:0.060, mean:0.447, std:0.417)	count=499
Init alpha to be FP32
Init alpha to be FP32
Total loss:	0.295 (rec:0.293, pd:0.002, round:0.000)	b=0.00	count=500
Total loss:	0.331 (rec:0.329, pd:0.002, round:0.000)	b=0.00	count=1000
Total loss:	0.306 (rec:0.304, pd:0.002, round:0.000)	b=0.00	count=1500
Total loss:	0.267 (rec:0.266, pd:0.001, round:0.000)	b=0.00	count=2000
Total loss:	0.297 (rec:0.296, pd:0.001, round:0.000)	b=0.00	count=2500
Total loss:	0.273 (rec:0.272, pd:0.002, round:0.000)	b=0.00	count=3000
Total loss:	0.290 (rec:0.287, pd:0.002, round:0.000)	b=0.00	count=3500
Total loss:	638.494 (rec:0.265, pd:0.001, round:638.228)	b=20.00	count=4000
Total loss:	330.063 (rec:0.269, pd:0.001, round:329.792)	b=19.44	count=4500
Total loss:	305.077 (rec:0.268, pd:0.002, round:304.808)	b=18.88	count=5000
Total loss:	287.876 (rec:0.295, pd:0.002, round:287.580)	b=18.31	count=5500
Total loss:	273.359 (rec:0.274, pd:0.001, round:273.083)	b=17.75	count=6000
Total loss:	259.766 (rec:0.273, pd:0.001, round:259.491)	b=17.19	count=6500
Total loss:	246.589 (rec:0.274, pd:0.001, round:246.313)	b=16.62	count=7000
Total loss:	234.097 (rec:0.280, pd:0.002, round:233.814)	b=16.06	count=7500
Total loss:	222.223 (rec:0.319, pd:0.002, round:221.902)	b=15.50	count=8000
Total loss:	210.566 (rec:0.280, pd:0.002, round:210.284)	b=14.94	count=8500
Total loss:	199.159 (rec:0.391, pd:0.002, round:198.766)	b=14.38	count=9000
Total loss:	185.822 (rec:0.264, pd:0.002, round:185.556)	b=13.81	count=9500
Total loss:	172.780 (rec:0.297, pd:0.001, round:172.482)	b=13.25	count=10000
Total loss:	158.782 (rec:0.311, pd:0.001, round:158.469)	b=12.69	count=10500
Total loss:	144.504 (rec:0.273, pd:0.001, round:144.230)	b=12.12	count=11000
Total loss:	130.224 (rec:0.295, pd:0.002, round:129.927)	b=11.56	count=11500
Total loss:	115.077 (rec:0.325, pd:0.002, round:114.750)	b=11.00	count=12000
Total loss:	98.995 (rec:0.273, pd:0.001, round:98.721)	b=10.44	count=12500
Total loss:	83.565 (rec:0.272, pd:0.001, round:83.291)	b=9.88	count=13000
Total loss:	68.084 (rec:0.288, pd:0.001, round:67.795)	b=9.31	count=13500
Total loss:	51.695 (rec:0.296, pd:0.001, round:51.398)	b=8.75	count=14000
Total loss:	36.892 (rec:0.322, pd:0.001, round:36.569)	b=8.19	count=14500
Total loss:	24.384 (rec:0.288, pd:0.001, round:24.094)	b=7.62	count=15000
Total loss:	14.113 (rec:0.294, pd:0.001, round:13.818)	b=7.06	count=15500
Total loss:	7.251 (rec:0.293, pd:0.001, round:6.957)	b=6.50	count=16000
Total loss:	2.697 (rec:0.293, pd:0.002, round:2.402)	b=5.94	count=16500
Total loss:	0.789 (rec:0.291, pd:0.002, round:0.496)	b=5.38	count=17000
Total loss:	0.411 (rec:0.362, pd:0.002, round:0.048)	b=4.81	count=17500
Total loss:	0.348 (rec:0.316, pd:0.002, round:0.030)	b=4.25	count=18000
Total loss:	0.290 (rec:0.285, pd:0.001, round:0.003)	b=3.69	count=18500
Total loss:	0.300 (rec:0.298, pd:0.001, round:0.000)	b=3.12	count=19000
Total loss:	0.282 (rec:0.281, pd:0.001, round:0.000)	b=2.56	count=19500
Total loss:	0.300 (rec:0.299, pd:0.001, round:0.000)	b=2.00	count=20000
Reconstruction for block 0
Start correcting 32 batches of data!
Total loss:	2.050 (mse:0.217, mean:0.915, std:0.919)	count=499
Total loss:	2.109 (mse:0.223, mean:0.987, std:0.899)	count=499
Total loss:	2.189 (mse:0.234, mean:1.069, std:0.886)	count=499
Total loss:	2.425 (mse:0.260, mean:1.150, std:1.015)	count=499
Total loss:	2.515 (mse:0.271, mean:1.175, std:1.069)	count=499
Total loss:	2.049 (mse:0.216, mean:0.962, std:0.870)	count=499
Total loss:	1.901 (mse:0.201, mean:0.843, std:0.857)	count=499
Total loss:	2.223 (mse:0.235, mean:1.083, std:0.905)	count=499
Total loss:	2.363 (mse:0.254, mean:0.958, std:1.150)	count=499
Total loss:	2.334 (mse:0.261, mean:1.165, std:0.907)	count=499
Total loss:	2.224 (mse:0.238, mean:1.172, std:0.814)	count=499
Total loss:	2.117 (mse:0.231, mean:0.980, std:0.906)	count=499
Total loss:	2.462 (mse:0.266, mean:1.121, std:1.075)	count=499
Total loss:	1.797 (mse:0.191, mean:0.888, std:0.717)	count=499
Total loss:	2.129 (mse:0.225, mean:0.961, std:0.943)	count=499
Total loss:	2.449 (mse:0.265, mean:1.035, std:1.149)	count=499
Total loss:	1.784 (mse:0.181, mean:0.895, std:0.707)	count=499
Total loss:	2.380 (mse:0.256, mean:1.112, std:1.011)	count=499
Total loss:	1.876 (mse:0.195, mean:0.879, std:0.803)	count=499
Total loss:	2.298 (mse:0.249, mean:1.132, std:0.917)	count=499
Total loss:	2.084 (mse:0.223, mean:0.942, std:0.919)	count=499
Total loss:	1.934 (mse:0.204, mean:0.915, std:0.815)	count=499
Total loss:	2.405 (mse:0.260, mean:1.151, std:0.994)	count=499
Total loss:	2.157 (mse:0.235, mean:0.954, std:0.969)	count=499
Total loss:	2.603 (mse:0.285, mean:1.108, std:1.210)	count=499
Total loss:	2.118 (mse:0.233, mean:1.083, std:0.802)	count=499
Total loss:	1.989 (mse:0.216, mean:0.901, std:0.872)	count=499
Total loss:	2.357 (mse:0.249, mean:1.037, std:1.071)	count=499
Total loss:	2.186 (mse:0.230, mean:1.033, std:0.924)	count=499
Total loss:	2.156 (mse:0.225, mean:1.054, std:0.877)	count=499
Total loss:	2.590 (mse:0.272, mean:1.271, std:1.048)	count=499
Total loss:	1.981 (mse:0.211, mean:0.882, std:0.888)	count=499
Init alpha to be FP32
Init alpha to be FP32
Init alpha to be FP32
Total loss:	0.148 (rec:0.146, pd:0.002, round:0.000)	b=0.00	count=500
Total loss:	0.150 (rec:0.148, pd:0.002, round:0.000)	b=0.00	count=1000
Total loss:	0.145 (rec:0.144, pd:0.002, round:0.000)	b=0.00	count=1500
Total loss:	0.144 (rec:0.142, pd:0.002, round:0.000)	b=0.00	count=2000
Total loss:	0.152 (rec:0.150, pd:0.002, round:0.000)	b=0.00	count=2500
Total loss:	0.143 (rec:0.142, pd:0.001, round:0.000)	b=0.00	count=3000
Total loss:	0.144 (rec:0.143, pd:0.001, round:0.000)	b=0.00	count=3500
Total loss:	2070.366 (rec:0.143, pd:0.001, round:2070.223)	b=20.00	count=4000
Total loss:	991.404 (rec:0.157, pd:0.002, round:991.246)	b=19.44	count=4500
Total loss:	911.552 (rec:0.150, pd:0.002, round:911.400)	b=18.88	count=5000
Total loss:	854.873 (rec:0.149, pd:0.002, round:854.721)	b=18.31	count=5500
Total loss:	807.770 (rec:0.144, pd:0.001, round:807.625)	b=17.75	count=6000
Total loss:	765.589 (rec:0.147, pd:0.001, round:765.441)	b=17.19	count=6500
Total loss:	726.907 (rec:0.164, pd:0.002, round:726.741)	b=16.62	count=7000
Total loss:	688.862 (rec:0.154, pd:0.001, round:688.707)	b=16.06	count=7500
Total loss:	651.089 (rec:0.152, pd:0.001, round:650.935)	b=15.50	count=8000
Total loss:	612.802 (rec:0.155, pd:0.002, round:612.645)	b=14.94	count=8500
Total loss:	575.181 (rec:0.152, pd:0.001, round:575.028)	b=14.38	count=9000
Total loss:	536.625 (rec:0.151, pd:0.002, round:536.472)	b=13.81	count=9500
Total loss:	495.939 (rec:0.155, pd:0.001, round:495.782)	b=13.25	count=10000
Total loss:	454.807 (rec:0.157, pd:0.002, round:454.648)	b=12.69	count=10500
Total loss:	411.490 (rec:0.164, pd:0.002, round:411.324)	b=12.12	count=11000
Total loss:	365.949 (rec:0.151, pd:0.001, round:365.797)	b=11.56	count=11500
Total loss:	319.858 (rec:0.149, pd:0.001, round:319.707)	b=11.00	count=12000
Total loss:	271.781 (rec:0.156, pd:0.002, round:271.623)	b=10.44	count=12500
Total loss:	224.886 (rec:0.156, pd:0.001, round:224.729)	b=9.88	count=13000
Total loss:	179.166 (rec:0.160, pd:0.001, round:179.004)	b=9.31	count=13500
Total loss:	133.118 (rec:0.173, pd:0.002, round:132.943)	b=8.75	count=14000
Total loss:	92.318 (rec:0.160, pd:0.001, round:92.156)	b=8.19	count=14500
Total loss:	58.805 (rec:0.168, pd:0.001, round:58.636)	b=7.62	count=15000
Total loss:	31.769 (rec:0.159, pd:0.002, round:31.608)	b=7.06	count=15500
Total loss:	11.927 (rec:0.163, pd:0.001, round:11.763)	b=6.50	count=16000
Total loss:	2.157 (rec:0.165, pd:0.001, round:1.991)	b=5.94	count=16500
Total loss:	0.574 (rec:0.185, pd:0.002, round:0.387)	b=5.38	count=17000
Total loss:	0.346 (rec:0.165, pd:0.002, round:0.180)	b=4.81	count=17500
Total loss:	0.222 (rec:0.170, pd:0.001, round:0.050)	b=4.25	count=18000
Total loss:	0.203 (rec:0.172, pd:0.002, round:0.029)	b=3.69	count=18500
Total loss:	0.174 (rec:0.172, pd:0.002, round:0.000)	b=3.12	count=19000
Total loss:	0.175 (rec:0.174, pd:0.001, round:0.000)	b=2.56	count=19500
Total loss:	0.170 (rec:0.168, pd:0.002, round:0.000)	b=2.00	count=20000
Reconstruction for block 1
Start correcting 32 batches of data!
Total loss:	0.662 (mse:0.053, mean:0.366, std:0.243)	count=499
Total loss:	0.607 (mse:0.047, mean:0.347, std:0.213)	count=499
Total loss:	0.691 (mse:0.058, mean:0.383, std:0.250)	count=499
Total loss:	0.810 (mse:0.067, mean:0.472, std:0.271)	count=499
Total loss:	0.779 (mse:0.066, mean:0.427, std:0.285)	count=499
Total loss:	0.598 (mse:0.046, mean:0.341, std:0.211)	count=499
Total loss:	0.591 (mse:0.047, mean:0.308, std:0.236)	count=499
Total loss:	0.694 (mse:0.055, mean:0.408, std:0.231)	count=499
Total loss:	0.803 (mse:0.065, mean:0.444, std:0.294)	count=499
Total loss:	0.761 (mse:0.064, mean:0.445, std:0.252)	count=499
Total loss:	0.620 (mse:0.048, mean:0.379, std:0.194)	count=499
Total loss:	0.651 (mse:0.055, mean:0.374, std:0.222)	count=499
Total loss:	0.718 (mse:0.057, mean:0.399, std:0.262)	count=499
Total loss:	0.604 (mse:0.050, mean:0.350, std:0.205)	count=499
Total loss:	0.638 (mse:0.052, mean:0.355, std:0.230)	count=499
Total loss:	0.734 (mse:0.058, mean:0.408, std:0.268)	count=499
Total loss:	0.634 (mse:0.052, mean:0.374, std:0.207)	count=499
Total loss:	0.717 (mse:0.060, mean:0.392, std:0.265)	count=499
Total loss:	0.598 (mse:0.048, mean:0.333, std:0.217)	count=499
Total loss:	0.692 (mse:0.059, mean:0.412, std:0.220)	count=499
Total loss:	0.672 (mse:0.056, mean:0.356, std:0.260)	count=499
Total loss:	0.580 (mse:0.046, mean:0.331, std:0.202)	count=499
Total loss:	0.696 (mse:0.057, mean:0.375, std:0.264)	count=499
Total loss:	0.712 (mse:0.060, mean:0.399, std:0.253)	count=499
Total loss:	0.758 (mse:0.064, mean:0.384, std:0.310)	count=499
Total loss:	0.593 (mse:0.045, mean:0.371, std:0.178)	count=499
Total loss:	0.688 (mse:0.058, mean:0.403, std:0.228)	count=499
Total loss:	0.690 (mse:0.058, mean:0.364, std:0.269)	count=499
Total loss:	0.682 (mse:0.057, mean:0.377, std:0.248)	count=499
Total loss:	0.670 (mse:0.052, mean:0.384, std:0.234)	count=499
Total loss:	0.768 (mse:0.060, mean:0.462, std:0.246)	count=499
Total loss:	0.635 (mse:0.051, mean:0.347, std:0.236)	count=499
Init alpha to be FP32
Init alpha to be FP32
Total loss:	0.272 (rec:0.271, pd:0.001, round:0.000)	b=0.00	count=500
Total loss:	0.259 (rec:0.257, pd:0.001, round:0.000)	b=0.00	count=1000
Total loss:	0.286 (rec:0.285, pd:0.002, round:0.000)	b=0.00	count=1500
Total loss:	0.258 (rec:0.256, pd:0.001, round:0.000)	b=0.00	count=2000
Total loss:	0.269 (rec:0.268, pd:0.001, round:0.000)	b=0.00	count=2500
Total loss:	0.273 (rec:0.272, pd:0.001, round:0.000)	b=0.00	count=3000
Total loss:	0.277 (rec:0.275, pd:0.002, round:0.000)	b=0.00	count=3500
Total loss:	2605.775 (rec:0.280, pd:0.001, round:2605.493)	b=20.00	count=4000
Total loss:	1252.760 (rec:0.267, pd:0.001, round:1252.491)	b=19.44	count=4500
Total loss:	1154.232 (rec:0.287, pd:0.002, round:1153.944)	b=18.88	count=5000
Total loss:	1083.132 (rec:0.277, pd:0.001, round:1082.854)	b=18.31	count=5500
Total loss:	1023.748 (rec:0.267, pd:0.001, round:1023.480)	b=17.75	count=6000
Total loss:	970.233 (rec:0.281, pd:0.001, round:969.951)	b=17.19	count=6500
Total loss:	920.241 (rec:0.284, pd:0.001, round:919.956)	b=16.62	count=7000
Total loss:	872.388 (rec:0.269, pd:0.001, round:872.117)	b=16.06	count=7500
Total loss:	825.050 (rec:0.274, pd:0.001, round:824.775)	b=15.50	count=8000
Total loss:	776.509 (rec:0.295, pd:0.002, round:776.213)	b=14.94	count=8500
Total loss:	727.654 (rec:0.256, pd:0.001, round:727.397)	b=14.38	count=9000
Total loss:	678.504 (rec:0.268, pd:0.001, round:678.234)	b=13.81	count=9500
Total loss:	629.429 (rec:0.292, pd:0.001, round:629.136)	b=13.25	count=10000
Total loss:	578.452 (rec:0.286, pd:0.002, round:578.164)	b=12.69	count=10500
Total loss:	525.852 (rec:0.285, pd:0.001, round:525.566)	b=12.12	count=11000
Total loss:	472.671 (rec:0.303, pd:0.001, round:472.366)	b=11.56	count=11500
Total loss:	418.146 (rec:0.278, pd:0.001, round:417.867)	b=11.00	count=12000
Total loss:	361.855 (rec:0.290, pd:0.001, round:361.563)	b=10.44	count=12500
Total loss:	303.080 (rec:0.300, pd:0.002, round:302.778)	b=9.88	count=13000
Total loss:	244.742 (rec:0.277, pd:0.002, round:244.463)	b=9.31	count=13500
Total loss:	187.692 (rec:0.291, pd:0.002, round:187.399)	b=8.75	count=14000
Total loss:	134.447 (rec:0.296, pd:0.002, round:134.148)	b=8.19	count=14500
Total loss:	86.833 (rec:0.285, pd:0.001, round:86.547)	b=7.62	count=15000
Total loss:	47.411 (rec:0.292, pd:0.001, round:47.117)	b=7.06	count=15500
Total loss:	18.067 (rec:0.294, pd:0.002, round:17.772)	b=6.50	count=16000
Total loss:	2.825 (rec:0.274, pd:0.001, round:2.550)	b=5.94	count=16500
Total loss:	0.673 (rec:0.280, pd:0.001, round:0.392)	b=5.38	count=17000
Total loss:	0.375 (rec:0.287, pd:0.001, round:0.087)	b=4.81	count=17500
Total loss:	0.319 (rec:0.278, pd:0.002, round:0.039)	b=4.25	count=18000
Total loss:	0.306 (rec:0.304, pd:0.001, round:0.000)	b=3.69	count=18500
Total loss:	0.291 (rec:0.289, pd:0.001, round:0.000)	b=3.12	count=19000
Total loss:	0.287 (rec:0.285, pd:0.002, round:0.000)	b=2.56	count=19500
Total loss:	0.291 (rec:0.290, pd:0.001, round:0.000)	b=2.00	count=20000
Reconstruction for block 0
Start correcting 32 batches of data!
Total loss:	2.836 (mse:0.514, mean:1.529, std:0.793)	count=499
Total loss:	2.945 (mse:0.544, mean:1.672, std:0.729)	count=499
Total loss:	3.083 (mse:0.580, mean:1.718, std:0.785)	count=499
Total loss:	3.428 (mse:0.651, mean:1.910, std:0.868)	count=499
Total loss:	3.324 (mse:0.609, mean:1.814, std:0.901)	count=499
Total loss:	2.788 (mse:0.503, mean:1.548, std:0.736)	count=499
Total loss:	2.762 (mse:0.518, mean:1.479, std:0.766)	count=499
Total loss:	3.144 (mse:0.581, mean:1.809, std:0.754)	count=499
Total loss:	3.226 (mse:0.591, mean:1.770, std:0.864)	count=499
Total loss:	3.293 (mse:0.630, mean:1.881, std:0.782)	count=499
Total loss:	3.121 (mse:0.592, mean:1.828, std:0.701)	count=499
Total loss:	2.831 (mse:0.510, mean:1.613, std:0.709)	count=499
Total loss:	3.096 (mse:0.561, mean:1.727, std:0.808)	count=499
Total loss:	2.633 (mse:0.483, mean:1.505, std:0.645)	count=499
Total loss:	2.989 (mse:0.558, mean:1.676, std:0.755)	count=499
Total loss:	3.161 (mse:0.572, mean:1.743, std:0.846)	count=499
Total loss:	2.904 (mse:0.549, mean:1.633, std:0.721)	count=499
Total loss:	2.984 (mse:0.541, mean:1.638, std:0.804)	count=499
Total loss:	2.797 (mse:0.520, mean:1.536, std:0.741)	count=499
Total loss:	3.123 (mse:0.582, mean:1.755, std:0.786)	count=499
Total loss:	2.844 (mse:0.524, mean:1.575, std:0.746)	count=499
Total loss:	2.802 (mse:0.525, mean:1.551, std:0.726)	count=499
Total loss:	3.158 (mse:0.587, mean:1.757, std:0.814)	count=499
Total loss:	3.143 (mse:0.598, mean:1.764, std:0.780)	count=499
Total loss:	3.090 (mse:0.559, mean:1.646, std:0.885)	count=499
Total loss:	3.087 (mse:0.596, mean:1.824, std:0.666)	count=499
Total loss:	3.034 (mse:0.576, mean:1.722, std:0.737)	count=499
Total loss:	3.043 (mse:0.551, mean:1.612, std:0.881)	count=499
Total loss:	3.068 (mse:0.568, mean:1.699, std:0.801)	count=499
Total loss:	3.065 (mse:0.572, mean:1.728, std:0.765)	count=499
Total loss:	3.638 (mse:0.689, mean:2.119, std:0.831)	count=499
Total loss:	2.758 (mse:0.501, mean:1.478, std:0.779)	count=499
Init alpha to be FP32
Init alpha to be FP32
Init alpha to be FP32
Total loss:	0.179 (rec:0.177, pd:0.002, round:0.000)	b=0.00	count=500
Total loss:	0.171 (rec:0.170, pd:0.002, round:0.000)	b=0.00	count=1000
Total loss:	0.176 (rec:0.174, pd:0.002, round:0.000)	b=0.00	count=1500
Total loss:	0.170 (rec:0.168, pd:0.002, round:0.000)	b=0.00	count=2000
Total loss:	0.163 (rec:0.162, pd:0.001, round:0.000)	b=0.00	count=2500
Total loss:	0.168 (rec:0.167, pd:0.001, round:0.000)	b=0.00	count=3000
Total loss:	0.166 (rec:0.164, pd:0.002, round:0.000)	b=0.00	count=3500
Total loss:	8280.983 (rec:0.171, pd:0.002, round:8280.811)	b=20.00	count=4000
Total loss:	3846.785 (rec:0.165, pd:0.001, round:3846.619)	b=19.44	count=4500
Total loss:	3555.072 (rec:0.163, pd:0.001, round:3554.907)	b=18.88	count=5000
Total loss:	3345.518 (rec:0.182, pd:0.001, round:3345.334)	b=18.31	count=5500
Total loss:	3166.942 (rec:0.176, pd:0.002, round:3166.764)	b=17.75	count=6000
Total loss:	3001.006 (rec:0.166, pd:0.002, round:3000.838)	b=17.19	count=6500
Total loss:	2848.065 (rec:0.180, pd:0.001, round:2847.884)	b=16.62	count=7000
Total loss:	2697.583 (rec:0.164, pd:0.001, round:2697.417)	b=16.06	count=7500
Total loss:	2550.315 (rec:0.178, pd:0.002, round:2550.136)	b=15.50	count=8000
Total loss:	2403.713 (rec:0.166, pd:0.002, round:2403.545)	b=14.94	count=8500
Total loss:	2255.642 (rec:0.160, pd:0.002, round:2255.480)	b=14.38	count=9000
Total loss:	2106.465 (rec:0.175, pd:0.001, round:2106.288)	b=13.81	count=9500
Total loss:	1956.101 (rec:0.173, pd:0.002, round:1955.927)	b=13.25	count=10000
Total loss:	1802.480 (rec:0.180, pd:0.002, round:1802.299)	b=12.69	count=10500
Total loss:	1646.360 (rec:0.167, pd:0.001, round:1646.191)	b=12.12	count=11000
Total loss:	1483.345 (rec:0.184, pd:0.001, round:1483.160)	b=11.56	count=11500
Total loss:	1319.344 (rec:0.179, pd:0.002, round:1319.163)	b=11.00	count=12000
Total loss:	1151.936 (rec:0.182, pd:0.002, round:1151.752)	b=10.44	count=12500
Total loss:	984.454 (rec:0.178, pd:0.002, round:984.274)	b=9.88	count=13000
Total loss:	815.941 (rec:0.177, pd:0.002, round:815.763)	b=9.31	count=13500
Total loss:	647.070 (rec:0.180, pd:0.002, round:646.888)	b=8.75	count=14000
Total loss:	486.454 (rec:0.203, pd:0.002, round:486.250)	b=8.19	count=14500
Total loss:	336.252 (rec:0.184, pd:0.002, round:336.067)	b=7.62	count=15000
Total loss:	202.843 (rec:0.182, pd:0.002, round:202.659)	b=7.06	count=15500
Total loss:	87.020 (rec:0.180, pd:0.002, round:86.838)	b=6.50	count=16000
Total loss:	14.023 (rec:0.179, pd:0.001, round:13.843)	b=5.94	count=16500
Total loss:	1.659 (rec:0.185, pd:0.001, round:1.473)	b=5.38	count=17000
Total loss:	0.612 (rec:0.189, pd:0.001, round:0.421)	b=4.81	count=17500
Total loss:	0.395 (rec:0.190, pd:0.002, round:0.203)	b=4.25	count=18000
Total loss:	0.255 (rec:0.194, pd:0.002, round:0.060)	b=3.69	count=18500
Total loss:	0.189 (rec:0.188, pd:0.002, round:0.000)	b=3.12	count=19000
Total loss:	0.197 (rec:0.195, pd:0.002, round:0.000)	b=2.56	count=19500
Total loss:	0.191 (rec:0.189, pd:0.001, round:0.000)	b=2.00	count=20000
Reconstruction for block 1
Start correcting 32 batches of data!
Total loss:	1.323 (mse:0.155, mean:0.792, std:0.377)	count=499
Total loss:	1.357 (mse:0.141, mean:0.880, std:0.336)	count=499
Total loss:	1.402 (mse:0.153, mean:0.875, std:0.374)	count=499
Total loss:	1.567 (mse:0.175, mean:1.013, std:0.380)	count=499
Total loss:	1.435 (mse:0.147, mean:0.872, std:0.416)	count=499
Total loss:	1.266 (mse:0.136, mean:0.783, std:0.347)	count=499
Total loss:	1.302 (mse:0.152, mean:0.806, std:0.345)	count=499
Total loss:	1.355 (mse:0.146, mean:0.872, std:0.337)	count=499
Total loss:	1.446 (mse:0.164, mean:0.894, std:0.387)	count=499
Total loss:	1.453 (mse:0.158, mean:0.937, std:0.358)	count=499
Total loss:	1.453 (mse:0.153, mean:0.938, std:0.362)	count=499
Total loss:	1.203 (mse:0.126, mean:0.753, std:0.323)	count=499
Total loss:	1.312 (mse:0.143, mean:0.862, std:0.307)	count=499
Total loss:	1.241 (mse:0.134, mean:0.801, std:0.306)	count=499
Total loss:	1.318 (mse:0.144, mean:0.836, std:0.339)	count=499
Total loss:	1.369 (mse:0.148, mean:0.852, std:0.369)	count=499
Total loss:	1.345 (mse:0.147, mean:0.864, std:0.334)	count=499
Total loss:	1.330 (mse:0.152, mean:0.813, std:0.365)	count=499
Total loss:	1.414 (mse:0.167, mean:0.892, std:0.355)	count=499
Total loss:	1.393 (mse:0.154, mean:0.883, std:0.356)	count=499
Total loss:	1.484 (mse:0.179, mean:0.921, std:0.384)	count=499
Total loss:	1.282 (mse:0.139, mean:0.816, std:0.327)	count=499
Total loss:	1.484 (mse:0.176, mean:0.920, std:0.388)	count=499
Total loss:	1.519 (mse:0.169, mean:0.979, std:0.371)	count=499
Total loss:	1.370 (mse:0.158, mean:0.835, std:0.376)	count=499
Total loss:	1.481 (mse:0.167, mean:0.974, std:0.340)	count=499
Total loss:	1.470 (mse:0.163, mean:0.968, std:0.340)	count=499
Total loss:	1.376 (mse:0.148, mean:0.820, std:0.408)	count=499
Total loss:	1.511 (mse:0.168, mean:0.946, std:0.396)	count=499
Total loss:	1.409 (mse:0.150, mean:0.884, std:0.375)	count=499
Total loss:	1.491 (mse:0.165, mean:0.978, std:0.348)	count=499
Total loss:	1.302 (mse:0.143, mean:0.814, std:0.345)	count=499
Init alpha to be FP32
Init alpha to be FP32
Total loss:	0.271 (rec:0.269, pd:0.002, round:0.000)	b=0.00	count=500
Total loss:	0.237 (rec:0.236, pd:0.001, round:0.000)	b=0.00	count=1000
Total loss:	0.254 (rec:0.252, pd:0.002, round:0.000)	b=0.00	count=1500
Total loss:	0.250 (rec:0.249, pd:0.001, round:0.000)	b=0.00	count=2000
Total loss:	0.249 (rec:0.248, pd:0.001, round:0.000)	b=0.00	count=2500
Total loss:	0.246 (rec:0.244, pd:0.002, round:0.000)	b=0.00	count=3000
Total loss:	0.241 (rec:0.240, pd:0.001, round:0.000)	b=0.00	count=3500
Total loss:	10542.450 (rec:0.239, pd:0.002, round:10542.209)	b=20.00	count=4000
Total loss:	4833.335 (rec:0.252, pd:0.001, round:4833.081)	b=19.44	count=4500
Total loss:	4462.596 (rec:0.267, pd:0.001, round:4462.327)	b=18.88	count=5000
Total loss:	4188.843 (rec:0.261, pd:0.002, round:4188.580)	b=18.31	count=5500
Total loss:	3950.491 (rec:0.242, pd:0.001, round:3950.248)	b=17.75	count=6000
Total loss:	3730.632 (rec:0.232, pd:0.001, round:3730.399)	b=17.19	count=6500
Total loss:	3520.947 (rec:0.250, pd:0.001, round:3520.695)	b=16.62	count=7000
Total loss:	3318.811 (rec:0.242, pd:0.001, round:3318.568)	b=16.06	count=7500
Total loss:	3120.863 (rec:0.246, pd:0.001, round:3120.615)	b=15.50	count=8000
Total loss:	2921.133 (rec:0.230, pd:0.001, round:2920.902)	b=14.94	count=8500
Total loss:	2725.632 (rec:0.252, pd:0.001, round:2725.379)	b=14.38	count=9000
Total loss:	2529.837 (rec:0.255, pd:0.001, round:2529.580)	b=13.81	count=9500
Total loss:	2334.992 (rec:0.270, pd:0.001, round:2334.721)	b=13.25	count=10000
Total loss:	2139.761 (rec:0.263, pd:0.001, round:2139.497)	b=12.69	count=10500
Total loss:	1946.013 (rec:0.254, pd:0.002, round:1945.758)	b=12.12	count=11000
Total loss:	1749.902 (rec:0.249, pd:0.001, round:1749.652)	b=11.56	count=11500
Total loss:	1552.642 (rec:0.274, pd:0.002, round:1552.366)	b=11.00	count=12000
Total loss:	1357.467 (rec:0.259, pd:0.001, round:1357.207)	b=10.44	count=12500
Total loss:	1161.382 (rec:0.250, pd:0.001, round:1161.131)	b=9.88	count=13000
Total loss:	965.508 (rec:0.263, pd:0.001, round:965.243)	b=9.31	count=13500
Total loss:	772.546 (rec:0.247, pd:0.001, round:772.298)	b=8.75	count=14000
Total loss:	588.297 (rec:0.253, pd:0.002, round:588.042)	b=8.19	count=14500
Total loss:	417.488 (rec:0.272, pd:0.002, round:417.215)	b=7.62	count=15000
Total loss:	259.421 (rec:0.249, pd:0.001, round:259.170)	b=7.06	count=15500
Total loss:	126.005 (rec:0.244, pd:0.001, round:125.759)	b=6.50	count=16000
Total loss:	32.502 (rec:0.253, pd:0.001, round:32.248)	b=5.94	count=16500
Total loss:	5.521 (rec:0.254, pd:0.001, round:5.265)	b=5.38	count=17000
Total loss:	1.230 (rec:0.246, pd:0.001, round:0.983)	b=4.81	count=17500
Total loss:	0.483 (rec:0.281, pd:0.001, round:0.201)	b=4.25	count=18000
Total loss:	0.285 (rec:0.250, pd:0.002, round:0.033)	b=3.69	count=18500
Total loss:	0.253 (rec:0.252, pd:0.001, round:0.000)	b=3.12	count=19000
Total loss:	0.255 (rec:0.254, pd:0.001, round:0.000)	b=2.56	count=19500
Total loss:	0.259 (rec:0.258, pd:0.001, round:0.000)	b=2.00	count=20000
Reconstruction for block 0
Start correcting 32 batches of data!
Total loss:	3.963 (mse:0.766, mean:2.155, std:1.042)	count=499
Total loss:	4.438 (mse:0.834, mean:2.623, std:0.981)	count=499
Total loss:	4.557 (mse:0.904, mean:2.613, std:1.040)	count=499
Total loss:	4.568 (mse:0.869, mean:2.690, std:1.009)	count=499
Total loss:	4.458 (mse:0.829, mean:2.540, std:1.090)	count=499
Total loss:	4.109 (mse:0.779, mean:2.327, std:1.003)	count=499
Total loss:	3.888 (mse:0.728, mean:2.200, std:0.959)	count=499
Total loss:	4.128 (mse:0.734, mean:2.396, std:0.998)	count=499
Total loss:	4.178 (mse:0.758, mean:2.382, std:1.038)	count=499
Total loss:	4.478 (mse:0.842, mean:2.644, std:0.993)	count=499
Total loss:	4.664 (mse:0.876, mean:2.732, std:1.055)	count=499
Total loss:	3.978 (mse:0.722, mean:2.324, std:0.931)	count=499
Total loss:	4.256 (mse:0.762, mean:2.495, std:0.999)	count=499
Total loss:	3.913 (mse:0.714, mean:2.270, std:0.929)	count=499
Total loss:	4.211 (mse:0.792, mean:2.388, std:1.031)	count=499
Total loss:	4.352 (mse:0.825, mean:2.438, std:1.089)	count=499
Total loss:	4.161 (mse:0.781, mean:2.433, std:0.948)	count=499
Total loss:	4.180 (mse:0.785, mean:2.395, std:1.000)	count=499
Total loss:	4.194 (mse:0.810, mean:2.344, std:1.041)	count=499
Total loss:	4.059 (mse:0.720, mean:2.321, std:1.018)	count=499
Total loss:	4.670 (mse:0.956, mean:2.693, std:1.021)	count=499
Total loss:	4.003 (mse:0.729, mean:2.270, std:1.004)	count=499
Total loss:	4.353 (mse:0.841, mean:2.499, std:1.013)	count=499
Total loss:	4.721 (mse:0.910, mean:2.728, std:1.082)	count=499
Total loss:	4.094 (mse:0.758, mean:2.335, std:1.001)	count=499
Total loss:	4.589 (mse:0.881, mean:2.757, std:0.952)	count=499
Total loss:	4.470 (mse:0.833, mean:2.684, std:0.954)	count=499
Total loss:	4.140 (mse:0.751, mean:2.306, std:1.084)	count=499
Total loss:	4.858 (mse:1.003, mean:2.767, std:1.089)	count=499
Total loss:	4.471 (mse:0.848, mean:2.610, std:1.013)	count=499
Total loss:	4.483 (mse:0.863, mean:2.666, std:0.954)	count=499
Total loss:	3.830 (mse:0.687, mean:2.174, std:0.969)	count=499
Init alpha to be FP32
Init alpha to be FP32
Init alpha to be FP32
Total loss:	0.319 (rec:0.317, pd:0.002, round:0.000)	b=0.00	count=500
Total loss:	0.306 (rec:0.304, pd:0.002, round:0.000)	b=0.00	count=1000
Total loss:	0.309 (rec:0.308, pd:0.002, round:0.000)	b=0.00	count=1500
Total loss:	0.307 (rec:0.306, pd:0.002, round:0.000)	b=0.00	count=2000
Total loss:	0.299 (rec:0.297, pd:0.002, round:0.000)	b=0.00	count=2500
Total loss:	0.269 (rec:0.268, pd:0.001, round:0.000)	b=0.00	count=3000
Total loss:	0.251 (rec:0.249, pd:0.001, round:0.000)	b=0.00	count=3500
Total loss:	32277.854 (rec:0.270, pd:0.002, round:32277.582)	b=20.00	count=4000
Total loss:	14645.505 (rec:0.277, pd:0.002, round:14645.226)	b=19.44	count=4500
Total loss:	13457.161 (rec:0.264, pd:0.001, round:13456.896)	b=18.88	count=5000
Total loss:	12536.537 (rec:0.250, pd:0.001, round:12536.286)	b=18.31	count=5500
Total loss:	11712.932 (rec:0.247, pd:0.001, round:11712.684)	b=17.75	count=6000
Total loss:	10942.533 (rec:0.258, pd:0.001, round:10942.273)	b=17.19	count=6500
Total loss:	10207.734 (rec:0.248, pd:0.001, round:10207.485)	b=16.62	count=7000
Total loss:	9497.310 (rec:0.262, pd:0.001, round:9497.046)	b=16.06	count=7500
Total loss:	8814.174 (rec:0.249, pd:0.001, round:8813.923)	b=15.50	count=8000
Total loss:	8153.095 (rec:0.247, pd:0.001, round:8152.846)	b=14.94	count=8500
Total loss:	7509.257 (rec:0.273, pd:0.002, round:7508.982)	b=14.38	count=9000
Total loss:	6884.415 (rec:0.249, pd:0.001, round:6884.165)	b=13.81	count=9500
Total loss:	6277.251 (rec:0.253, pd:0.001, round:6276.997)	b=13.25	count=10000
Total loss:	5688.265 (rec:0.259, pd:0.001, round:5688.005)	b=12.69	count=10500
Total loss:	5113.971 (rec:0.263, pd:0.001, round:5113.706)	b=12.12	count=11000
Total loss:	4556.429 (rec:0.243, pd:0.001, round:4556.185)	b=11.56	count=11500
Total loss:	4012.116 (rec:0.273, pd:0.001, round:4011.842)	b=11.00	count=12000
Total loss:	3487.499 (rec:0.242, pd:0.001, round:3487.255)	b=10.44	count=12500
Total loss:	2982.805 (rec:0.260, pd:0.001, round:2982.543)	b=9.88	count=13000
Total loss:	2492.852 (rec:0.253, pd:0.001, round:2492.598)	b=9.31	count=13500
Total loss:	2027.820 (rec:0.243, pd:0.001, round:2027.576)	b=8.75	count=14000
Total loss:	1585.063 (rec:0.252, pd:0.001, round:1584.809)	b=8.19	count=14500
Total loss:	1168.849 (rec:0.253, pd:0.001, round:1168.595)	b=7.62	count=15000
Total loss:	786.440 (rec:0.266, pd:0.001, round:786.172)	b=7.06	count=15500
Total loss:	445.982 (rec:0.249, pd:0.001, round:445.732)	b=6.50	count=16000
Total loss:	175.099 (rec:0.249, pd:0.001, round:174.848)	b=5.94	count=16500
Total loss:	41.101 (rec:0.268, pd:0.001, round:40.831)	b=5.38	count=17000
Total loss:	6.469 (rec:0.254, pd:0.001, round:6.214)	b=4.81	count=17500
Total loss:	1.196 (rec:0.285, pd:0.001, round:0.910)	b=4.25	count=18000
Total loss:	0.397 (rec:0.281, pd:0.001, round:0.115)	b=3.69	count=18500
Total loss:	0.270 (rec:0.268, pd:0.002, round:0.000)	b=3.12	count=19000
Total loss:	0.250 (rec:0.248, pd:0.001, round:0.000)	b=2.56	count=19500
Total loss:	0.272 (rec:0.271, pd:0.001, round:0.000)	b=2.00	count=20000
Reconstruction for block 1
Start correcting 32 batches of data!
Total loss:	3.650 (mse:0.619, mean:2.263, std:0.768)	count=499
Total loss:	3.791 (mse:0.548, mean:2.500, std:0.743)	count=499
Total loss:	3.966 (mse:0.684, mean:2.527, std:0.756)	count=499
Total loss:	4.075 (mse:0.715, mean:2.568, std:0.792)	count=499
Total loss:	3.712 (mse:0.628, mean:2.314, std:0.771)	count=499
Total loss:	3.729 (mse:0.637, mean:2.333, std:0.759)	count=499
Total loss:	3.517 (mse:0.580, mean:2.193, std:0.744)	count=499
Total loss:	4.079 (mse:0.696, mean:2.603, std:0.780)	count=499
Total loss:	3.723 (mse:0.604, mean:2.351, std:0.768)	count=499
Total loss:	3.923 (mse:0.683, mean:2.462, std:0.778)	count=499
Total loss:	4.071 (mse:0.767, mean:2.537, std:0.767)	count=499
Total loss:	3.581 (mse:0.588, mean:2.279, std:0.713)	count=499
Total loss:	3.725 (mse:0.594, mean:2.384, std:0.748)	count=499
Total loss:	3.673 (mse:0.567, mean:2.356, std:0.749)	count=499
Total loss:	4.082 (mse:0.749, mean:2.541, std:0.792)	count=499
Total loss:	4.002 (mse:0.662, mean:2.547, std:0.793)	count=499
Total loss:	3.701 (mse:0.594, mean:2.360, std:0.748)	count=499
Total loss:	3.770 (mse:0.670, mean:2.353, std:0.748)	count=499
Total loss:	3.946 (mse:0.774, mean:2.414, std:0.757)	count=499
Total loss:	3.565 (mse:0.589, mean:2.179, std:0.797)	count=499
Total loss:	4.360 (mse:0.803, mean:2.767, std:0.789)	count=499
Total loss:	3.809 (mse:0.635, mean:2.382, std:0.793)	count=499
Total loss:	3.836 (mse:0.633, mean:2.469, std:0.734)	count=499
Total loss:	4.036 (mse:0.699, mean:2.584, std:0.753)	count=499
Total loss:	3.413 (mse:0.486, mean:2.183, std:0.744)	count=499
Total loss:	4.056 (mse:0.726, mean:2.538, std:0.792)	count=499
Total loss:	4.277 (mse:0.790, mean:2.722, std:0.766)	count=499
Total loss:	3.874 (mse:0.715, mean:2.354, std:0.805)	count=499
Total loss:	4.463 (mse:0.865, mean:2.837, std:0.761)	count=499
Total loss:	4.092 (mse:0.684, mean:2.645, std:0.762)	count=499
Total loss:	4.344 (mse:0.795, mean:2.780, std:0.769)	count=499
Total loss:	3.589 (mse:0.577, mean:2.242, std:0.771)	count=499
Init alpha to be FP32
Init alpha to be FP32
Total loss:	46.460 (rec:46.459, pd:0.002, round:0.000)	b=0.00	count=500
Total loss:	38.886 (rec:38.885, pd:0.001, round:0.000)	b=0.00	count=1000
Total loss:	38.048 (rec:38.046, pd:0.002, round:0.000)	b=0.00	count=1500
Total loss:	36.347 (rec:36.346, pd:0.001, round:0.000)	b=0.00	count=2000
Total loss:	36.796 (rec:36.795, pd:0.002, round:0.000)	b=0.00	count=2500
Total loss:	33.506 (rec:33.505, pd:0.001, round:0.000)	b=0.00	count=3000
Total loss:	31.392 (rec:31.391, pd:0.001, round:0.000)	b=0.00	count=3500
Total loss:	42187.805 (rec:32.327, pd:0.002, round:42155.477)	b=20.00	count=4000
Total loss:	25888.252 (rec:34.089, pd:0.001, round:25854.160)	b=19.44	count=4500
Total loss:	24290.322 (rec:32.317, pd:0.001, round:24258.004)	b=18.88	count=5000
Total loss:	23163.164 (rec:32.217, pd:0.001, round:23130.945)	b=18.31	count=5500
Total loss:	22191.812 (rec:30.226, pd:0.001, round:22161.584)	b=17.75	count=6000
Total loss:	21298.688 (rec:30.039, pd:0.001, round:21268.646)	b=17.19	count=6500
Total loss:	20449.154 (rec:35.130, pd:0.002, round:20414.023)	b=16.62	count=7000
Total loss:	19615.557 (rec:29.496, pd:0.001, round:19586.059)	b=16.06	count=7500
Total loss:	18810.018 (rec:31.242, pd:0.001, round:18778.773)	b=15.50	count=8000
Total loss:	18014.229 (rec:32.102, pd:0.001, round:17982.125)	b=14.94	count=8500
Total loss:	17226.250 (rec:29.543, pd:0.001, round:17196.705)	b=14.38	count=9000
Total loss:	16442.795 (rec:28.335, pd:0.001, round:16414.459)	b=13.81	count=9500
Total loss:	15657.114 (rec:30.054, pd:0.002, round:15627.059)	b=13.25	count=10000
Total loss:	14866.535 (rec:29.131, pd:0.001, round:14837.402)	b=12.69	count=10500
Total loss:	14071.888 (rec:28.300, pd:0.002, round:14043.586)	b=12.12	count=11000
Total loss:	13266.605 (rec:27.790, pd:0.001, round:13238.814)	b=11.56	count=11500
Total loss:	12454.134 (rec:31.917, pd:0.002, round:12422.215)	b=11.00	count=12000
Total loss:	11616.209 (rec:29.647, pd:0.002, round:11586.560)	b=10.44	count=12500
Total loss:	10762.432 (rec:31.862, pd:0.002, round:10730.567)	b=9.88	count=13000
Total loss:	9887.928 (rec:27.608, pd:0.001, round:9860.318)	b=9.31	count=13500
Total loss:	8992.269 (rec:27.028, pd:0.001, round:8965.240)	b=8.75	count=14000
Total loss:	8074.266 (rec:26.927, pd:0.001, round:8047.338)	b=8.19	count=14500
Total loss:	7138.351 (rec:28.186, pd:0.001, round:7110.164)	b=7.62	count=15000
Total loss:	6170.140 (rec:30.444, pd:0.002, round:6139.694)	b=7.06	count=15500
Total loss:	5171.627 (rec:30.234, pd:0.001, round:5141.392)	b=6.50	count=16000
Total loss:	4160.193 (rec:29.297, pd:0.001, round:4130.896)	b=5.94	count=16500
Total loss:	3130.157 (rec:30.343, pd:0.001, round:3099.813)	b=5.38	count=17000
Total loss:	2116.542 (rec:30.319, pd:0.001, round:2086.222)	b=4.81	count=17500
Total loss:	1175.475 (rec:31.002, pd:0.002, round:1144.471)	b=4.25	count=18000
Total loss:	445.183 (rec:31.120, pd:0.001, round:414.061)	b=3.69	count=18500
Total loss:	104.367 (rec:30.379, pd:0.001, round:73.987)	b=3.12	count=19000
Total loss:	41.178 (rec:28.642, pd:0.001, round:12.535)	b=2.56	count=19500
Total loss:	35.551 (rec:31.174, pd:0.002, round:4.375)	b=2.00	count=20000
Reconstruction for layer fc
Start correcting 32 batches of data!
Total loss:	0.000 (mse:0.000, mean:0.000, std:0.000)	count=499
Total loss:	0.000 (mse:0.000, mean:0.000, std:0.000)	count=499
Total loss:	0.000 (mse:0.000, mean:0.000, std:0.000)	count=499
Total loss:	0.000 (mse:0.000, mean:0.000, std:0.000)	count=499
Total loss:	0.000 (mse:0.000, mean:0.000, std:0.000)	count=499
Total loss:	0.000 (mse:0.000, mean:0.000, std:0.000)	count=499
Total loss:	0.000 (mse:0.000, mean:0.000, std:0.000)	count=499
Total loss:	0.000 (mse:0.000, mean:0.000, std:0.000)	count=499
Total loss:	0.000 (mse:0.000, mean:0.000, std:0.000)	count=499
Total loss:	0.000 (mse:0.000, mean:0.000, std:0.000)	count=499
Total loss:	0.000 (mse:0.000, mean:0.000, std:0.000)	count=499
Total loss:	0.000 (mse:0.000, mean:0.000, std:0.000)	count=499
Total loss:	0.000 (mse:0.000, mean:0.000, std:0.000)	count=499
Total loss:	0.000 (mse:0.000, mean:0.000, std:0.000)	count=499
Total loss:	0.000 (mse:0.000, mean:0.000, std:0.000)	count=499
Total loss:	0.000 (mse:0.000, mean:0.000, std:0.000)	count=499
Total loss:	0.000 (mse:0.000, mean:0.000, std:0.000)	count=499
Total loss:	0.000 (mse:0.000, mean:0.000, std:0.000)	count=499
Total loss:	0.000 (mse:0.000, mean:0.000, std:0.000)	count=499
Total loss:	0.000 (mse:0.000, mean:0.000, std:0.000)	count=499
Total loss:	0.000 (mse:0.000, mean:0.000, std:0.000)	count=499
Total loss:	0.000 (mse:0.000, mean:0.000, std:0.000)	count=499
Total loss:	0.000 (mse:0.000, mean:0.000, std:0.000)	count=499
Total loss:	0.000 (mse:0.000, mean:0.000, std:0.000)	count=499
Total loss:	0.000 (mse:0.000, mean:0.000, std:0.000)	count=499
Total loss:	0.000 (mse:0.000, mean:0.000, std:0.000)	count=499
Total loss:	0.000 (mse:0.000, mean:0.000, std:0.000)	count=499
Total loss:	0.000 (mse:0.000, mean:0.000, std:0.000)	count=499
Total loss:	0.000 (mse:0.000, mean:0.000, std:0.000)	count=499
Total loss:	0.000 (mse:0.000, mean:0.000, std:0.000)	count=499
Total loss:	0.000 (mse:0.000, mean:0.000, std:0.000)	count=499
Total loss:	0.000 (mse:0.000, mean:0.000, std:0.000)	count=499
Init alpha to be FP32
Total loss:	37.728 (rec:37.726, pd:0.002, round:0.000)	b=0.00	count=500
Total loss:	27.259 (rec:27.257, pd:0.001, round:0.000)	b=0.00	count=1000
Total loss:	32.401 (rec:32.399, pd:0.002, round:0.000)	b=0.00	count=1500
Total loss:	25.421 (rec:25.419, pd:0.001, round:0.000)	b=0.00	count=2000
Total loss:	30.288 (rec:30.287, pd:0.001, round:0.000)	b=0.00	count=2500
Total loss:	27.107 (rec:27.106, pd:0.001, round:0.000)	b=0.00	count=3000
Total loss:	23.136 (rec:23.135, pd:0.001, round:0.000)	b=0.00	count=3500
Total loss:	4614.494 (rec:27.774, pd:0.001, round:4586.720)	b=20.00	count=4000
Total loss:	3185.899 (rec:25.227, pd:0.001, round:3160.671)	b=19.44	count=4500
Total loss:	3014.849 (rec:25.270, pd:0.001, round:2989.578)	b=18.88	count=5000
Total loss:	2898.550 (rec:22.318, pd:0.001, round:2876.230)	b=18.31	count=5500
Total loss:	2809.034 (rec:25.836, pd:0.001, round:2783.196)	b=17.75	count=6000
Total loss:	2722.225 (rec:24.167, pd:0.001, round:2698.057)	b=17.19	count=6500
Total loss:	2641.225 (rec:23.713, pd:0.001, round:2617.512)	b=16.62	count=7000
Total loss:	2567.899 (rec:26.776, pd:0.001, round:2541.122)	b=16.06	count=7500
Total loss:	2490.426 (rec:23.682, pd:0.001, round:2466.743)	b=15.50	count=8000
Total loss:	2416.913 (rec:22.436, pd:0.001, round:2394.476)	b=14.94	count=8500
Total loss:	2345.541 (rec:24.651, pd:0.001, round:2320.889)	b=14.38	count=9000
Total loss:	2270.911 (rec:24.271, pd:0.001, round:2246.639)	b=13.81	count=9500
Total loss:	2193.427 (rec:23.618, pd:0.001, round:2169.808)	b=13.25	count=10000
Total loss:	2121.022 (rec:26.989, pd:0.001, round:2094.032)	b=12.69	count=10500
Total loss:	2039.127 (rec:23.078, pd:0.001, round:2016.048)	b=12.12	count=11000
Total loss:	1961.244 (rec:25.772, pd:0.001, round:1935.470)	b=11.56	count=11500
Total loss:	1881.805 (rec:29.972, pd:0.001, round:1851.832)	b=11.00	count=12000
Total loss:	1791.668 (rec:27.176, pd:0.001, round:1764.490)	b=10.44	count=12500
Total loss:	1699.681 (rec:25.152, pd:0.001, round:1674.528)	b=9.88	count=13000
Total loss:	1602.250 (rec:23.123, pd:0.001, round:1579.127)	b=9.31	count=13500
Total loss:	1503.420 (rec:23.824, pd:0.001, round:1479.595)	b=8.75	count=14000
Total loss:	1401.932 (rec:27.190, pd:0.001, round:1374.741)	b=8.19	count=14500
Total loss:	1283.585 (rec:20.550, pd:0.001, round:1263.035)	b=7.62	count=15000
Total loss:	1172.523 (rec:28.986, pd:0.001, round:1143.536)	b=7.06	count=15500
Total loss:	1046.720 (rec:28.241, pd:0.001, round:1018.477)	b=6.50	count=16000
Total loss:	911.187 (rec:28.151, pd:0.001, round:883.035)	b=5.94	count=16500
Total loss:	767.098 (rec:28.361, pd:0.001, round:738.737)	b=5.38	count=17000
Total loss:	617.853 (rec:31.114, pd:0.001, round:586.737)	b=4.81	count=17500
Total loss:	451.869 (rec:27.820, pd:0.001, round:424.048)	b=4.25	count=18000
Total loss:	288.153 (rec:29.465, pd:0.001, round:258.687)	b=3.69	count=18500
Total loss:	128.109 (rec:32.711, pd:0.001, round:95.397)	b=3.12	count=19000
Total loss:	40.964 (rec:34.110, pd:0.001, round:6.852)	b=2.56	count=19500
Total loss:	30.000 (rec:29.954, pd:0.001, round:0.046)	b=2.00	count=20000
Test: [  0/782]	Time  2.051 ( 2.051)	Acc@1  82.81 ( 82.81)	Acc@5  95.31 ( 95.31)
Test: [100/782]	Time  0.394 ( 0.183)	Acc@1  87.50 ( 75.63)	Acc@5  98.44 ( 92.00)
Test: [200/782]	Time  0.051 ( 0.170)	Acc@1  73.44 ( 75.34)	Acc@5  93.75 ( 93.08)
Test: [300/782]	Time  0.917 ( 0.170)	Acc@1  82.81 ( 75.69)	Acc@5  96.88 ( 93.23)
Test: [400/782]	Time  0.058 ( 0.166)	Acc@1  67.19 ( 72.72)	Acc@5  92.19 ( 91.53)
Test: [500/782]	Time  0.128 ( 0.164)	Acc@1  75.00 ( 71.25)	Acc@5  92.19 ( 90.31)
Test: [600/782]	Time  0.051 ( 0.162)	Acc@1  75.00 ( 69.99)	Acc@5  89.06 ( 89.42)
Test: [700/782]	Time  0.071 ( 0.162)	Acc@1  64.06 ( 68.95)	Acc@5  90.62 ( 88.76)
 * Acc@1 68.904 Acc@5 88.794
Full quantization (W4A4) accuracy: 68.90399932861328
