START : 2024-05-28 16:32:00

General parameters for data and model
- seed = 1005 (default = 1005)
- arch = resnet18
- batch_size = 64 (default = 64)
- workers = 8 (default = 4)
- data_path = data/ImageNet

Quantization parameters
- n_bits_w = 4 (default = 4)
- channel_wise = True (default = True)
- n_bits_a = 4 (default = 4)
- disable_8bit_head_stem = not use (action = 'store_true')

Weight calibration parameters
- num_samples = 1024 (default = 1024)
- iters_w = 20000 (default = 20000)
- weight = 0.01 (default = 0.01)
- keep_cpu = not use (action = 'store_true')
- b_start = 20 (default = 20)
- b_end = 2 (default = 2)
- warmup = 0.2 (default = 0.2)

Activation calibration parameters
- lr = 4e-5 (default = 4e-5)
- init_wmode = mse (default = 'mse', choices = ['minmax', 'mse', 'minmax_scale'])
- init_amode = mse (default = 'mse', choices = ['minmax', 'mse', 'minmax_scale'])
- prob = 0.5 (default = 0.5)
- input_prob = 0.5 (default = 0.5)
- lamb_r = 0.1 (default = 0.1)
- T = 4.0 (default = 4.0)
- bn_lr = 1e-3 (default = 1e-3)
- lamb_c = 0.02 (default = 0.02)

-------------------------------------------------------------------------------------------

==> Using Pytorch Dataset
the quantized model is below!
QuantModel(
  (model): ResNet(
    (conv1): QuantModule(
      wbit=4, abit=4, disable_act_quant=False
      (weight_quantizer): UniformAffineQuantizer(bit=4, is_training=False, inited=True)
      (act_quantizer): UniformAffineQuantizer(bit=4, is_training=False, inited=True)
      (norm_function): StraightThrough()
      (activation_function): ReLU(inplace=True)
    )
    (bn1): StraightThrough()
    (relu): StraightThrough()
    (maxpool): MaxPool2d(kernel_size=3, stride=2, padding=1, dilation=1, ceil_mode=False)
    (layer1): Sequential(
      (0): QuantBasicBlock(
        (conv1): QuantModule(
          wbit=4, abit=4, disable_act_quant=False
          (weight_quantizer): UniformAffineQuantizer(bit=4, is_training=False, inited=True)
          (act_quantizer): UniformAffineQuantizer(bit=4, is_training=False, inited=True)
          (norm_function): StraightThrough()
          (activation_function): ReLU(inplace=True)
        )
        (conv2): QuantModule(
          wbit=4, abit=4, disable_act_quant=True
          (weight_quantizer): UniformAffineQuantizer(bit=4, is_training=False, inited=True)
          (act_quantizer): UniformAffineQuantizer(bit=4, is_training=False, inited=True)
          (norm_function): StraightThrough()
          (activation_function): StraightThrough()
        )
        (activation_function): ReLU(inplace=True)
        (act_quantizer): UniformAffineQuantizer(bit=4, is_training=False, inited=True)
      )
      (1): QuantBasicBlock(
        (conv1): QuantModule(
          wbit=4, abit=4, disable_act_quant=False
          (weight_quantizer): UniformAffineQuantizer(bit=4, is_training=False, inited=True)
          (act_quantizer): UniformAffineQuantizer(bit=4, is_training=False, inited=True)
          (norm_function): StraightThrough()
          (activation_function): ReLU(inplace=True)
        )
        (conv2): QuantModule(
          wbit=4, abit=4, disable_act_quant=True
          (weight_quantizer): UniformAffineQuantizer(bit=4, is_training=False, inited=True)
          (act_quantizer): UniformAffineQuantizer(bit=4, is_training=False, inited=True)
          (norm_function): StraightThrough()
          (activation_function): StraightThrough()
        )
        (activation_function): ReLU(inplace=True)
        (act_quantizer): UniformAffineQuantizer(bit=4, is_training=False, inited=True)
      )
    )
    (layer2): Sequential(
      (0): QuantBasicBlock(
        (conv1): QuantModule(
          wbit=4, abit=4, disable_act_quant=False
          (weight_quantizer): UniformAffineQuantizer(bit=4, is_training=False, inited=True)
          (act_quantizer): UniformAffineQuantizer(bit=4, is_training=False, inited=True)
          (norm_function): StraightThrough()
          (activation_function): ReLU(inplace=True)
        )
        (conv2): QuantModule(
          wbit=4, abit=4, disable_act_quant=True
          (weight_quantizer): UniformAffineQuantizer(bit=4, is_training=False, inited=True)
          (act_quantizer): UniformAffineQuantizer(bit=4, is_training=False, inited=True)
          (norm_function): StraightThrough()
          (activation_function): StraightThrough()
        )
        (downsample): QuantModule(
          wbit=4, abit=4, disable_act_quant=True
          (weight_quantizer): UniformAffineQuantizer(bit=4, is_training=False, inited=True)
          (act_quantizer): UniformAffineQuantizer(bit=4, is_training=False, inited=True)
          (norm_function): StraightThrough()
          (activation_function): StraightThrough()
        )
        (activation_function): ReLU(inplace=True)
        (act_quantizer): UniformAffineQuantizer(bit=4, is_training=False, inited=True)
      )
      (1): QuantBasicBlock(
        (conv1): QuantModule(
          wbit=4, abit=4, disable_act_quant=False
          (weight_quantizer): UniformAffineQuantizer(bit=4, is_training=False, inited=True)
          (act_quantizer): UniformAffineQuantizer(bit=4, is_training=False, inited=True)
          (norm_function): StraightThrough()
          (activation_function): ReLU(inplace=True)
        )
        (conv2): QuantModule(
          wbit=4, abit=4, disable_act_quant=True
          (weight_quantizer): UniformAffineQuantizer(bit=4, is_training=False, inited=True)
          (act_quantizer): UniformAffineQuantizer(bit=4, is_training=False, inited=True)
          (norm_function): StraightThrough()
          (activation_function): StraightThrough()
        )
        (activation_function): ReLU(inplace=True)
        (act_quantizer): UniformAffineQuantizer(bit=4, is_training=False, inited=True)
      )
    )
    (layer3): Sequential(
      (0): QuantBasicBlock(
        (conv1): QuantModule(
          wbit=4, abit=4, disable_act_quant=False
          (weight_quantizer): UniformAffineQuantizer(bit=4, is_training=False, inited=True)
          (act_quantizer): UniformAffineQuantizer(bit=4, is_training=False, inited=True)
          (norm_function): StraightThrough()
          (activation_function): ReLU(inplace=True)
        )
        (conv2): QuantModule(
          wbit=4, abit=4, disable_act_quant=True
          (weight_quantizer): UniformAffineQuantizer(bit=4, is_training=False, inited=True)
          (act_quantizer): UniformAffineQuantizer(bit=4, is_training=False, inited=True)
          (norm_function): StraightThrough()
          (activation_function): StraightThrough()
        )
        (downsample): QuantModule(
          wbit=4, abit=4, disable_act_quant=True
          (weight_quantizer): UniformAffineQuantizer(bit=4, is_training=False, inited=True)
          (act_quantizer): UniformAffineQuantizer(bit=4, is_training=False, inited=True)
          (norm_function): StraightThrough()
          (activation_function): StraightThrough()
        )
        (activation_function): ReLU(inplace=True)
        (act_quantizer): UniformAffineQuantizer(bit=4, is_training=False, inited=True)
      )
      (1): QuantBasicBlock(
        (conv1): QuantModule(
          wbit=4, abit=4, disable_act_quant=False
          (weight_quantizer): UniformAffineQuantizer(bit=4, is_training=False, inited=True)
          (act_quantizer): UniformAffineQuantizer(bit=4, is_training=False, inited=True)
          (norm_function): StraightThrough()
          (activation_function): ReLU(inplace=True)
        )
        (conv2): QuantModule(
          wbit=4, abit=4, disable_act_quant=True
          (weight_quantizer): UniformAffineQuantizer(bit=4, is_training=False, inited=True)
          (act_quantizer): UniformAffineQuantizer(bit=4, is_training=False, inited=True)
          (norm_function): StraightThrough()
          (activation_function): StraightThrough()
        )
        (activation_function): ReLU(inplace=True)
        (act_quantizer): UniformAffineQuantizer(bit=4, is_training=False, inited=True)
      )
    )
    (layer4): Sequential(
      (0): QuantBasicBlock(
        (conv1): QuantModule(
          wbit=4, abit=4, disable_act_quant=False
          (weight_quantizer): UniformAffineQuantizer(bit=4, is_training=False, inited=True)
          (act_quantizer): UniformAffineQuantizer(bit=4, is_training=False, inited=True)
          (norm_function): StraightThrough()
          (activation_function): ReLU(inplace=True)
        )
        (conv2): QuantModule(
          wbit=4, abit=4, disable_act_quant=True
          (weight_quantizer): UniformAffineQuantizer(bit=4, is_training=False, inited=True)
          (act_quantizer): UniformAffineQuantizer(bit=4, is_training=False, inited=True)
          (norm_function): StraightThrough()
          (activation_function): StraightThrough()
        )
        (downsample): QuantModule(
          wbit=4, abit=4, disable_act_quant=True
          (weight_quantizer): UniformAffineQuantizer(bit=4, is_training=False, inited=True)
          (act_quantizer): UniformAffineQuantizer(bit=4, is_training=False, inited=True)
          (norm_function): StraightThrough()
          (activation_function): StraightThrough()
        )
        (activation_function): ReLU(inplace=True)
        (act_quantizer): UniformAffineQuantizer(bit=4, is_training=False, inited=True)
      )
      (1): QuantBasicBlock(
        (conv1): QuantModule(
          wbit=4, abit=4, disable_act_quant=False
          (weight_quantizer): UniformAffineQuantizer(bit=4, is_training=False, inited=True)
          (act_quantizer): UniformAffineQuantizer(bit=4, is_training=False, inited=True)
          (norm_function): StraightThrough()
          (activation_function): ReLU(inplace=True)
        )
        (conv2): QuantModule(
          wbit=4, abit=4, disable_act_quant=True
          (weight_quantizer): UniformAffineQuantizer(bit=4, is_training=False, inited=True)
          (act_quantizer): UniformAffineQuantizer(bit=4, is_training=False, inited=True)
          (norm_function): StraightThrough()
          (activation_function): StraightThrough()
        )
        (activation_function): ReLU(inplace=True)
        (act_quantizer): UniformAffineQuantizer(bit=4, is_training=False, inited=True)
      )
    )
    (avgpool): AdaptiveAvgPool2d(output_size=(1, 1))
    (fc): QuantModule(
      wbit=4, abit=4, disable_act_quant=True
      (weight_quantizer): UniformAffineQuantizer(bit=4, is_training=False, inited=True)
      (act_quantizer): UniformAffineQuantizer(bit=4, is_training=False, inited=True)
      (norm_function): StraightThrough()
      (activation_function): StraightThrough()
    )
  )
)
Reconstruction for layer conv1
Start correcting 32 batches of data!
Total loss:	21.192 (mse:4.362, mean:10.938, std:5.892)	count=499
Total loss:	23.901 (mse:5.069, mean:12.871, std:5.961)	count=499
Total loss:	20.062 (mse:4.695, mean:9.869, std:5.498)	count=499
Total loss:	27.691 (mse:5.420, mean:15.881, std:6.390)	count=499
Total loss:	23.312 (mse:4.992, mean:11.990, std:6.330)	count=499
Total loss:	22.521 (mse:4.832, mean:11.838, std:5.851)	count=499
Total loss:	17.219 (mse:4.161, mean:7.658, std:5.399)	count=499
Total loss:	23.394 (mse:5.177, mean:12.602, std:5.616)	count=499
Total loss:	23.555 (mse:5.144, mean:11.495, std:6.916)	count=499
Total loss:	18.540 (mse:4.392, mean:7.964, std:6.184)	count=499
Total loss:	22.983 (mse:4.784, mean:12.286, std:5.913)	count=499
Total loss:	18.748 (mse:4.482, mean:8.940, std:5.326)	count=499
Total loss:	27.137 (mse:5.383, mean:15.000, std:6.754)	count=499
Total loss:	17.387 (mse:4.084, mean:8.682, std:4.620)	count=499
Total loss:	23.204 (mse:5.382, mean:11.215, std:6.607)	count=499
Total loss:	24.122 (mse:5.588, mean:11.672, std:6.862)	count=499
Total loss:	16.759 (mse:3.887, mean:7.799, std:5.072)	count=499
Total loss:	23.370 (mse:4.916, mean:12.983, std:5.471)	count=499
Total loss:	19.351 (mse:3.939, mean:10.852, std:4.560)	count=499
Total loss:	21.531 (mse:4.979, mean:8.469, std:8.083)	count=499
Total loss:	17.631 (mse:4.097, mean:8.545, std:4.990)	count=499
Total loss:	21.789 (mse:4.727, mean:10.654, std:6.408)	count=499
Total loss:	24.433 (mse:5.154, mean:13.821, std:5.458)	count=499
Total loss:	20.636 (mse:4.968, mean:9.557, std:6.111)	count=499
Total loss:	28.744 (mse:5.958, mean:15.290, std:7.496)	count=499
Total loss:	19.619 (mse:5.111, mean:8.604, std:5.904)	count=499
Total loss:	19.674 (mse:4.472, mean:9.361, std:5.841)	count=499
Total loss:	22.065 (mse:5.389, mean:9.812, std:6.865)	count=499
Total loss:	21.564 (mse:4.740, mean:10.878, std:5.946)	count=499
Total loss:	19.739 (mse:4.704, mean:9.016, std:6.019)	count=499
Total loss:	20.763 (mse:4.583, mean:9.675, std:6.505)	count=499
Total loss:	20.297 (mse:4.723, mean:9.487, std:6.088)	count=499
Init alpha to be FP32
Total loss:	0.040 (rec:0.037, pd:0.003, round:0.000)	b=0.00	count=500
Total loss:	0.051 (rec:0.047, pd:0.004, round:0.000)	b=0.00	count=1000
Total loss:	0.048 (rec:0.044, pd:0.003, round:0.000)	b=0.00	count=1500
Total loss:	0.048 (rec:0.045, pd:0.003, round:0.000)	b=0.00	count=2000
Total loss:	0.042 (rec:0.040, pd:0.002, round:0.000)	b=0.00	count=2500
Total loss:	0.058 (rec:0.054, pd:0.004, round:0.000)	b=0.00	count=3000
Total loss:	0.050 (rec:0.047, pd:0.003, round:0.000)	b=0.00	count=3500
Total loss:	82.025 (rec:0.048, pd:0.004, round:81.973)	b=20.00	count=4000
Total loss:	42.019 (rec:0.043, pd:0.004, round:41.973)	b=19.44	count=4500
Total loss:	39.181 (rec:0.046, pd:0.004, round:39.131)	b=18.88	count=5000
Total loss:	37.627 (rec:0.047, pd:0.003, round:37.577)	b=18.31	count=5500
Total loss:	36.186 (rec:0.040, pd:0.003, round:36.143)	b=17.75	count=6000
Total loss:	34.950 (rec:0.043, pd:0.003, round:34.904)	b=17.19	count=6500
Total loss:	33.671 (rec:0.043, pd:0.002, round:33.625)	b=16.62	count=7000
Total loss:	32.284 (rec:0.045, pd:0.003, round:32.235)	b=16.06	count=7500
Total loss:	30.854 (rec:0.046, pd:0.002, round:30.806)	b=15.50	count=8000
Total loss:	29.692 (rec:0.042, pd:0.003, round:29.648)	b=14.94	count=8500
Total loss:	28.353 (rec:0.049, pd:0.003, round:28.301)	b=14.38	count=9000
Total loss:	26.946 (rec:0.045, pd:0.003, round:26.898)	b=13.81	count=9500
Total loss:	25.568 (rec:0.045, pd:0.003, round:25.520)	b=13.25	count=10000
Total loss:	23.992 (rec:0.039, pd:0.002, round:23.950)	b=12.69	count=10500
Total loss:	22.745 (rec:0.038, pd:0.002, round:22.705)	b=12.12	count=11000
Total loss:	21.149 (rec:0.042, pd:0.003, round:21.104)	b=11.56	count=11500
Total loss:	19.840 (rec:0.040, pd:0.004, round:19.797)	b=11.00	count=12000
Total loss:	18.154 (rec:0.040, pd:0.002, round:18.111)	b=10.44	count=12500
Total loss:	16.495 (rec:0.040, pd:0.002, round:16.453)	b=9.88	count=13000
Total loss:	14.831 (rec:0.042, pd:0.003, round:14.786)	b=9.31	count=13500
Total loss:	13.144 (rec:0.044, pd:0.003, round:13.097)	b=8.75	count=14000
Total loss:	11.301 (rec:0.040, pd:0.003, round:11.258)	b=8.19	count=14500
Total loss:	9.502 (rec:0.047, pd:0.003, round:9.453)	b=7.62	count=15000
Total loss:	7.562 (rec:0.042, pd:0.004, round:7.516)	b=7.06	count=15500
Total loss:	5.504 (rec:0.043, pd:0.004, round:5.458)	b=6.50	count=16000
Total loss:	3.504 (rec:0.044, pd:0.003, round:3.457)	b=5.94	count=16500
Total loss:	1.574 (rec:0.049, pd:0.003, round:1.522)	b=5.38	count=17000
Total loss:	0.270 (rec:0.048, pd:0.004, round:0.218)	b=4.81	count=17500
Total loss:	0.062 (rec:0.048, pd:0.004, round:0.010)	b=4.25	count=18000
Total loss:	0.061 (rec:0.047, pd:0.004, round:0.010)	b=3.69	count=18500
Total loss:	0.051 (rec:0.047, pd:0.004, round:0.000)	b=3.12	count=19000
Total loss:	0.049 (rec:0.043, pd:0.006, round:0.000)	b=2.56	count=19500
Total loss:	0.050 (rec:0.046, pd:0.004, round:0.000)	b=2.00	count=20000
Reconstruction for block 0
Start correcting 32 batches of data!
Total loss:	1.424 (mse:0.200, mean:0.591, std:0.634)	count=499
Total loss:	1.629 (mse:0.219, mean:0.651, std:0.759)	count=499
Total loss:	1.524 (mse:0.198, mean:0.564, std:0.762)	count=499
Total loss:	1.689 (mse:0.234, mean:0.704, std:0.752)	count=499
Total loss:	1.883 (mse:0.262, mean:0.789, std:0.832)	count=499
Total loss:	1.502 (mse:0.200, mean:0.636, std:0.666)	count=499
Total loss:	1.550 (mse:0.206, mean:0.608, std:0.736)	count=499
Total loss:	1.634 (mse:0.212, mean:0.715, std:0.707)	count=499
Total loss:	1.640 (mse:0.230, mean:0.589, std:0.821)	count=499
Total loss:	1.655 (mse:0.223, mean:0.746, std:0.686)	count=499
Total loss:	1.881 (mse:0.248, mean:0.919, std:0.714)	count=499
Total loss:	1.818 (mse:0.237, mean:0.869, std:0.712)	count=499
Total loss:	1.649 (mse:0.220, mean:0.693, std:0.736)	count=499
Total loss:	1.303 (mse:0.170, mean:0.522, std:0.611)	count=499
Total loss:	1.855 (mse:0.239, mean:0.922, std:0.694)	count=499
Total loss:	1.940 (mse:0.258, mean:0.878, std:0.803)	count=499
Total loss:	1.279 (mse:0.169, mean:0.556, std:0.554)	count=499
Total loss:	1.546 (mse:0.205, mean:0.619, std:0.721)	count=499
Total loss:	1.323 (mse:0.179, mean:0.518, std:0.627)	count=499
Total loss:	2.282 (mse:0.295, mean:1.059, std:0.928)	count=499
Total loss:	1.558 (mse:0.211, mean:0.618, std:0.730)	count=499
Total loss:	1.480 (mse:0.199, mean:0.637, std:0.644)	count=499
Total loss:	1.639 (mse:0.220, mean:0.764, std:0.655)	count=499
Total loss:	1.808 (mse:0.240, mean:0.773, std:0.794)	count=499
Total loss:	2.013 (mse:0.271, mean:0.829, std:0.913)	count=499
Total loss:	1.974 (mse:0.247, mean:1.081, std:0.646)	count=499
Total loss:	1.469 (mse:0.198, mean:0.605, std:0.665)	count=499
Total loss:	1.848 (mse:0.247, mean:0.780, std:0.821)	count=499
Total loss:	1.756 (mse:0.233, mean:0.764, std:0.760)	count=499
Total loss:	1.561 (mse:0.214, mean:0.614, std:0.733)	count=499
Total loss:	1.982 (mse:0.267, mean:1.119, std:0.595)	count=499
Total loss:	1.452 (mse:0.199, mean:0.536, std:0.717)	count=499
Init alpha to be FP32
Init alpha to be FP32
Total loss:	0.153 (rec:0.142, pd:0.011, round:0.000)	b=0.00	count=500
Total loss:	0.170 (rec:0.159, pd:0.011, round:0.000)	b=0.00	count=1000
Total loss:	0.181 (rec:0.171, pd:0.010, round:0.000)	b=0.00	count=1500
Total loss:	0.137 (rec:0.128, pd:0.009, round:0.000)	b=0.00	count=2000
Total loss:	0.161 (rec:0.152, pd:0.009, round:0.000)	b=0.00	count=2500
Total loss:	0.134 (rec:0.126, pd:0.008, round:0.000)	b=0.00	count=3000
Total loss:	0.140 (rec:0.132, pd:0.007, round:0.000)	b=0.00	count=3500
Total loss:	632.074 (rec:0.134, pd:0.007, round:631.933)	b=20.00	count=4000
Total loss:	332.163 (rec:0.128, pd:0.005, round:332.029)	b=19.44	count=4500
Total loss:	309.285 (rec:0.140, pd:0.009, round:309.136)	b=18.88	count=5000
Total loss:	293.410 (rec:0.142, pd:0.008, round:293.260)	b=18.31	count=5500
Total loss:	279.969 (rec:0.154, pd:0.009, round:279.806)	b=17.75	count=6000
Total loss:	267.245 (rec:0.143, pd:0.007, round:267.095)	b=17.19	count=6500
Total loss:	255.249 (rec:0.123, pd:0.005, round:255.120)	b=16.62	count=7000
Total loss:	243.382 (rec:0.130, pd:0.006, round:243.246)	b=16.06	count=7500
Total loss:	232.057 (rec:0.144, pd:0.006, round:231.906)	b=15.50	count=8000
Total loss:	220.907 (rec:0.127, pd:0.006, round:220.773)	b=14.94	count=8500
Total loss:	209.307 (rec:0.137, pd:0.007, round:209.162)	b=14.38	count=9000
Total loss:	197.837 (rec:0.136, pd:0.006, round:197.695)	b=13.81	count=9500
Total loss:	185.772 (rec:0.123, pd:0.007, round:185.642)	b=13.25	count=10000
Total loss:	173.751 (rec:0.150, pd:0.007, round:173.594)	b=12.69	count=10500
Total loss:	161.547 (rec:0.141, pd:0.006, round:161.400)	b=12.12	count=11000
Total loss:	148.661 (rec:0.125, pd:0.005, round:148.530)	b=11.56	count=11500
Total loss:	136.096 (rec:0.148, pd:0.010, round:135.937)	b=11.00	count=12000
Total loss:	122.071 (rec:0.149, pd:0.007, round:121.915)	b=10.44	count=12500
Total loss:	108.636 (rec:0.155, pd:0.007, round:108.474)	b=9.88	count=13000
Total loss:	94.365 (rec:0.140, pd:0.007, round:94.218)	b=9.31	count=13500
Total loss:	79.477 (rec:0.128, pd:0.007, round:79.343)	b=8.75	count=14000
Total loss:	64.930 (rec:0.153, pd:0.007, round:64.770)	b=8.19	count=14500
Total loss:	50.116 (rec:0.150, pd:0.007, round:49.959)	b=7.62	count=15000
Total loss:	36.066 (rec:0.168, pd:0.008, round:35.890)	b=7.06	count=15500
Total loss:	23.040 (rec:0.133, pd:0.008, round:22.899)	b=6.50	count=16000
Total loss:	11.895 (rec:0.148, pd:0.006, round:11.741)	b=5.94	count=16500
Total loss:	4.274 (rec:0.163, pd:0.010, round:4.101)	b=5.38	count=17000
Total loss:	0.608 (rec:0.142, pd:0.006, round:0.460)	b=4.81	count=17500
Total loss:	0.212 (rec:0.173, pd:0.006, round:0.033)	b=4.25	count=18000
Total loss:	0.195 (rec:0.178, pd:0.006, round:0.010)	b=3.69	count=18500
Total loss:	0.169 (rec:0.162, pd:0.007, round:0.000)	b=3.12	count=19000
Total loss:	0.137 (rec:0.130, pd:0.006, round:0.000)	b=2.56	count=19500
Total loss:	0.155 (rec:0.149, pd:0.006, round:0.000)	b=2.00	count=20000
Reconstruction for block 1
Start correcting 32 batches of data!
Total loss:	0.984 (mse:0.066, mean:0.515, std:0.403)	count=499
Total loss:	0.999 (mse:0.063, mean:0.500, std:0.435)	count=499
Total loss:	0.982 (mse:0.061, mean:0.459, std:0.462)	count=499
Total loss:	1.125 (mse:0.071, mean:0.581, std:0.474)	count=499
Total loss:	1.211 (mse:0.082, mean:0.596, std:0.533)	count=499
Total loss:	0.931 (mse:0.059, mean:0.483, std:0.389)	count=499
Total loss:	0.959 (mse:0.063, mean:0.446, std:0.450)	count=499
Total loss:	1.055 (mse:0.068, mean:0.565, std:0.421)	count=499
Total loss:	1.118 (mse:0.076, mean:0.515, std:0.527)	count=499
Total loss:	1.049 (mse:0.068, mean:0.575, std:0.405)	count=499
Total loss:	1.046 (mse:0.068, mean:0.604, std:0.373)	count=499
Total loss:	1.133 (mse:0.078, mean:0.604, std:0.451)	count=499
Total loss:	1.161 (mse:0.078, mean:0.593, std:0.489)	count=499
Total loss:	0.787 (mse:0.052, mean:0.406, std:0.330)	count=499
Total loss:	1.131 (mse:0.075, mean:0.606, std:0.450)	count=499
Total loss:	1.217 (mse:0.082, mean:0.599, std:0.537)	count=499
Total loss:	0.853 (mse:0.054, mean:0.460, std:0.339)	count=499
Total loss:	1.068 (mse:0.071, mean:0.541, std:0.456)	count=499
Total loss:	0.889 (mse:0.057, mean:0.462, std:0.369)	count=499
Total loss:	1.237 (mse:0.082, mean:0.634, std:0.521)	count=499
Total loss:	0.996 (mse:0.064, mean:0.477, std:0.455)	count=499
Total loss:	0.924 (mse:0.058, mean:0.487, std:0.379)	count=499
Total loss:	1.092 (mse:0.074, mean:0.587, std:0.432)	count=499
Total loss:	1.033 (mse:0.066, mean:0.492, std:0.475)	count=499
Total loss:	1.300 (mse:0.087, mean:0.613, std:0.599)	count=499
Total loss:	1.074 (mse:0.073, mean:0.640, std:0.362)	count=499
Total loss:	0.937 (mse:0.060, mean:0.462, std:0.414)	count=499
Total loss:	1.201 (mse:0.081, mean:0.609, std:0.511)	count=499
Total loss:	1.049 (mse:0.069, mean:0.535, std:0.446)	count=499
Total loss:	0.962 (mse:0.063, mean:0.485, std:0.414)	count=499
Total loss:	1.259 (mse:0.084, mean:0.754, std:0.421)	count=499
Total loss:	0.923 (mse:0.060, mean:0.447, std:0.417)	count=499
Init alpha to be FP32
Init alpha to be FP32
Total loss:	0.301 (rec:0.293, pd:0.008, round:0.000)	b=0.00	count=500
Total loss:	0.335 (rec:0.326, pd:0.009, round:0.000)	b=0.00	count=1000
Total loss:	0.312 (rec:0.304, pd:0.008, round:0.000)	b=0.00	count=1500
Total loss:	0.271 (rec:0.265, pd:0.006, round:0.000)	b=0.00	count=2000
Total loss:	0.300 (rec:0.294, pd:0.006, round:0.000)	b=0.00	count=2500
Total loss:	0.274 (rec:0.268, pd:0.007, round:0.000)	b=0.00	count=3000
Total loss:	0.291 (rec:0.283, pd:0.008, round:0.000)	b=0.00	count=3500
Total loss:	643.041 (rec:0.264, pd:0.006, round:642.771)	b=20.00	count=4000
Total loss:	334.993 (rec:0.267, pd:0.006, round:334.720)	b=19.44	count=4500
Total loss:	309.639 (rec:0.265, pd:0.007, round:309.368)	b=18.88	count=5000
Total loss:	292.417 (rec:0.293, pd:0.008, round:292.116)	b=18.31	count=5500
Total loss:	278.082 (rec:0.271, pd:0.006, round:277.804)	b=17.75	count=6000
Total loss:	264.509 (rec:0.269, pd:0.005, round:264.235)	b=17.19	count=6500
Total loss:	251.953 (rec:0.273, pd:0.006, round:251.674)	b=16.62	count=7000
Total loss:	239.672 (rec:0.279, pd:0.009, round:239.384)	b=16.06	count=7500
Total loss:	228.023 (rec:0.316, pd:0.007, round:227.699)	b=15.50	count=8000
Total loss:	216.298 (rec:0.277, pd:0.006, round:216.015)	b=14.94	count=8500
Total loss:	204.034 (rec:0.393, pd:0.009, round:203.633)	b=14.38	count=9000
Total loss:	191.637 (rec:0.260, pd:0.006, round:191.370)	b=13.81	count=9500
Total loss:	178.787 (rec:0.293, pd:0.005, round:178.488)	b=13.25	count=10000
Total loss:	164.717 (rec:0.312, pd:0.007, round:164.398)	b=12.69	count=10500
Total loss:	151.132 (rec:0.269, pd:0.005, round:150.858)	b=12.12	count=11000
Total loss:	136.394 (rec:0.292, pd:0.008, round:136.094)	b=11.56	count=11500
Total loss:	121.446 (rec:0.325, pd:0.006, round:121.115)	b=11.00	count=12000
Total loss:	106.238 (rec:0.269, pd:0.005, round:105.964)	b=10.44	count=12500
Total loss:	90.498 (rec:0.270, pd:0.006, round:90.222)	b=9.88	count=13000
Total loss:	74.873 (rec:0.286, pd:0.005, round:74.582)	b=9.31	count=13500
Total loss:	58.897 (rec:0.295, pd:0.006, round:58.596)	b=8.75	count=14000
Total loss:	43.159 (rec:0.320, pd:0.006, round:42.834)	b=8.19	count=14500
Total loss:	29.282 (rec:0.287, pd:0.006, round:28.990)	b=7.62	count=15000
Total loss:	18.310 (rec:0.292, pd:0.006, round:18.012)	b=7.06	count=15500
Total loss:	9.208 (rec:0.294, pd:0.006, round:8.908)	b=6.50	count=16000
Total loss:	3.460 (rec:0.292, pd:0.007, round:3.162)	b=5.94	count=16500
Total loss:	1.007 (rec:0.290, pd:0.007, round:0.711)	b=5.38	count=17000
Total loss:	0.456 (rec:0.361, pd:0.006, round:0.088)	b=4.81	count=17500
Total loss:	0.346 (rec:0.309, pd:0.007, round:0.030)	b=4.25	count=18000
Total loss:	0.290 (rec:0.281, pd:0.006, round:0.003)	b=3.69	count=18500
Total loss:	0.304 (rec:0.297, pd:0.006, round:0.000)	b=3.12	count=19000
Total loss:	0.284 (rec:0.279, pd:0.005, round:0.000)	b=2.56	count=19500
Total loss:	0.300 (rec:0.295, pd:0.006, round:0.000)	b=2.00	count=20000
Reconstruction for block 0
Start correcting 32 batches of data!
Total loss:	2.050 (mse:0.217, mean:0.915, std:0.919)	count=499
Total loss:	2.109 (mse:0.223, mean:0.987, std:0.899)	count=499
Total loss:	2.189 (mse:0.234, mean:1.069, std:0.886)	count=499
Total loss:	2.425 (mse:0.260, mean:1.150, std:1.015)	count=499
Total loss:	2.515 (mse:0.271, mean:1.175, std:1.069)	count=499
Total loss:	2.049 (mse:0.216, mean:0.962, std:0.870)	count=499
Total loss:	1.901 (mse:0.201, mean:0.843, std:0.857)	count=499
Total loss:	2.223 (mse:0.235, mean:1.083, std:0.905)	count=499
Total loss:	2.363 (mse:0.254, mean:0.958, std:1.150)	count=499
Total loss:	2.334 (mse:0.261, mean:1.165, std:0.907)	count=499
Total loss:	2.224 (mse:0.238, mean:1.172, std:0.814)	count=499
Total loss:	2.117 (mse:0.231, mean:0.980, std:0.906)	count=499
Total loss:	2.462 (mse:0.266, mean:1.121, std:1.075)	count=499
Total loss:	1.797 (mse:0.191, mean:0.888, std:0.717)	count=499
Total loss:	2.129 (mse:0.225, mean:0.961, std:0.943)	count=499
Total loss:	2.449 (mse:0.265, mean:1.035, std:1.149)	count=499
Total loss:	1.784 (mse:0.181, mean:0.895, std:0.707)	count=499
Total loss:	2.380 (mse:0.256, mean:1.112, std:1.011)	count=499
Total loss:	1.876 (mse:0.195, mean:0.879, std:0.803)	count=499
Total loss:	2.298 (mse:0.249, mean:1.132, std:0.917)	count=499
Total loss:	2.084 (mse:0.223, mean:0.942, std:0.919)	count=499
Total loss:	1.934 (mse:0.204, mean:0.915, std:0.815)	count=499
Total loss:	2.405 (mse:0.260, mean:1.151, std:0.994)	count=499
Total loss:	2.157 (mse:0.235, mean:0.954, std:0.969)	count=499
Total loss:	2.603 (mse:0.285, mean:1.108, std:1.210)	count=499
Total loss:	2.118 (mse:0.233, mean:1.083, std:0.802)	count=499
Total loss:	1.989 (mse:0.216, mean:0.901, std:0.872)	count=499
Total loss:	2.357 (mse:0.249, mean:1.037, std:1.071)	count=499
Total loss:	2.186 (mse:0.230, mean:1.033, std:0.924)	count=499
Total loss:	2.156 (mse:0.225, mean:1.054, std:0.877)	count=499
Total loss:	2.590 (mse:0.272, mean:1.271, std:1.048)	count=499
Total loss:	1.981 (mse:0.211, mean:0.882, std:0.888)	count=499
Init alpha to be FP32
Init alpha to be FP32
Init alpha to be FP32
Total loss:	0.151 (rec:0.144, pd:0.007, round:0.000)	b=0.00	count=500
Total loss:	0.151 (rec:0.145, pd:0.006, round:0.000)	b=0.00	count=1000
Total loss:	0.148 (rec:0.142, pd:0.006, round:0.000)	b=0.00	count=1500
Total loss:	0.147 (rec:0.141, pd:0.007, round:0.000)	b=0.00	count=2000
Total loss:	0.153 (rec:0.148, pd:0.006, round:0.000)	b=0.00	count=2500
Total loss:	0.147 (rec:0.141, pd:0.005, round:0.000)	b=0.00	count=3000
Total loss:	0.148 (rec:0.143, pd:0.006, round:0.000)	b=0.00	count=3500
Total loss:	2084.393 (rec:0.142, pd:0.005, round:2084.246)	b=20.00	count=4000
Total loss:	1018.764 (rec:0.157, pd:0.006, round:1018.601)	b=19.44	count=4500
Total loss:	940.805 (rec:0.148, pd:0.006, round:940.651)	b=18.88	count=5000
Total loss:	886.376 (rec:0.148, pd:0.007, round:886.221)	b=18.31	count=5500
Total loss:	840.114 (rec:0.144, pd:0.005, round:839.965)	b=17.75	count=6000
Total loss:	799.585 (rec:0.144, pd:0.005, round:799.436)	b=17.19	count=6500
Total loss:	761.379 (rec:0.163, pd:0.006, round:761.210)	b=16.62	count=7000
Total loss:	723.795 (rec:0.153, pd:0.005, round:723.637)	b=16.06	count=7500
Total loss:	686.771 (rec:0.151, pd:0.006, round:686.614)	b=15.50	count=8000
Total loss:	648.931 (rec:0.153, pd:0.006, round:648.771)	b=14.94	count=8500
Total loss:	609.991 (rec:0.151, pd:0.005, round:609.835)	b=14.38	count=9000
Total loss:	571.725 (rec:0.150, pd:0.006, round:571.570)	b=13.81	count=9500
Total loss:	531.467 (rec:0.154, pd:0.005, round:531.308)	b=13.25	count=10000
Total loss:	489.526 (rec:0.155, pd:0.006, round:489.365)	b=12.69	count=10500
Total loss:	447.080 (rec:0.162, pd:0.006, round:446.913)	b=12.12	count=11000
Total loss:	403.143 (rec:0.148, pd:0.005, round:402.990)	b=11.56	count=11500
Total loss:	358.885 (rec:0.147, pd:0.005, round:358.733)	b=11.00	count=12000
Total loss:	312.152 (rec:0.154, pd:0.006, round:311.993)	b=10.44	count=12500
Total loss:	264.148 (rec:0.155, pd:0.006, round:263.987)	b=9.88	count=13000
Total loss:	216.313 (rec:0.159, pd:0.006, round:216.148)	b=9.31	count=13500
Total loss:	170.616 (rec:0.170, pd:0.006, round:170.440)	b=8.75	count=14000
Total loss:	127.376 (rec:0.158, pd:0.005, round:127.214)	b=8.19	count=14500
Total loss:	86.699 (rec:0.165, pd:0.006, round:86.527)	b=7.62	count=15000
Total loss:	51.256 (rec:0.157, pd:0.005, round:51.094)	b=7.06	count=15500
Total loss:	22.000 (rec:0.161, pd:0.006, round:21.833)	b=6.50	count=16000
Total loss:	4.598 (rec:0.163, pd:0.005, round:4.430)	b=5.94	count=16500
Total loss:	0.719 (rec:0.185, pd:0.006, round:0.528)	b=5.38	count=17000
Total loss:	0.355 (rec:0.164, pd:0.006, round:0.185)	b=4.81	count=17500
Total loss:	0.227 (rec:0.171, pd:0.005, round:0.050)	b=4.25	count=18000
Total loss:	0.207 (rec:0.171, pd:0.007, round:0.029)	b=3.69	count=18500
Total loss:	0.179 (rec:0.173, pd:0.006, round:0.000)	b=3.12	count=19000
Total loss:	0.178 (rec:0.173, pd:0.005, round:0.000)	b=2.56	count=19500
Total loss:	0.174 (rec:0.168, pd:0.006, round:0.000)	b=2.00	count=20000
Reconstruction for block 1
Start correcting 32 batches of data!
Total loss:	0.662 (mse:0.053, mean:0.366, std:0.243)	count=499
Total loss:	0.607 (mse:0.047, mean:0.347, std:0.213)	count=499
Total loss:	0.691 (mse:0.058, mean:0.383, std:0.250)	count=499
Total loss:	0.810 (mse:0.067, mean:0.472, std:0.271)	count=499
Total loss:	0.779 (mse:0.066, mean:0.427, std:0.285)	count=499
Total loss:	0.598 (mse:0.046, mean:0.341, std:0.211)	count=499
Total loss:	0.591 (mse:0.047, mean:0.308, std:0.236)	count=499
Total loss:	0.694 (mse:0.055, mean:0.408, std:0.231)	count=499
Total loss:	0.803 (mse:0.065, mean:0.444, std:0.294)	count=499
Total loss:	0.761 (mse:0.064, mean:0.445, std:0.252)	count=499
Total loss:	0.620 (mse:0.048, mean:0.379, std:0.194)	count=499
Total loss:	0.651 (mse:0.055, mean:0.374, std:0.222)	count=499
Total loss:	0.718 (mse:0.057, mean:0.399, std:0.262)	count=499
Total loss:	0.604 (mse:0.050, mean:0.350, std:0.205)	count=499
Total loss:	0.638 (mse:0.052, mean:0.355, std:0.230)	count=499
Total loss:	0.734 (mse:0.058, mean:0.408, std:0.268)	count=499
Total loss:	0.634 (mse:0.052, mean:0.374, std:0.207)	count=499
Total loss:	0.717 (mse:0.060, mean:0.392, std:0.265)	count=499
Total loss:	0.598 (mse:0.048, mean:0.333, std:0.217)	count=499
Total loss:	0.692 (mse:0.059, mean:0.412, std:0.220)	count=499
Total loss:	0.672 (mse:0.056, mean:0.356, std:0.260)	count=499
Total loss:	0.580 (mse:0.046, mean:0.331, std:0.202)	count=499
Total loss:	0.696 (mse:0.057, mean:0.375, std:0.264)	count=499
Total loss:	0.712 (mse:0.060, mean:0.399, std:0.253)	count=499
Total loss:	0.758 (mse:0.064, mean:0.384, std:0.310)	count=499
Total loss:	0.593 (mse:0.045, mean:0.371, std:0.178)	count=499
Total loss:	0.688 (mse:0.058, mean:0.403, std:0.228)	count=499
Total loss:	0.690 (mse:0.058, mean:0.364, std:0.269)	count=499
Total loss:	0.682 (mse:0.057, mean:0.377, std:0.248)	count=499
Total loss:	0.670 (mse:0.052, mean:0.384, std:0.234)	count=499
Total loss:	0.768 (mse:0.060, mean:0.462, std:0.246)	count=499
Total loss:	0.635 (mse:0.051, mean:0.347, std:0.236)	count=499
Init alpha to be FP32
Init alpha to be FP32
Total loss:	0.275 (rec:0.270, pd:0.005, round:0.000)	b=0.00	count=500
Total loss:	0.258 (rec:0.253, pd:0.005, round:0.000)	b=0.00	count=1000
Total loss:	0.287 (rec:0.281, pd:0.006, round:0.000)	b=0.00	count=1500
Total loss:	0.260 (rec:0.254, pd:0.007, round:0.000)	b=0.00	count=2000
Total loss:	0.268 (rec:0.262, pd:0.005, round:0.000)	b=0.00	count=2500
Total loss:	0.272 (rec:0.267, pd:0.006, round:0.000)	b=0.00	count=3000
Total loss:	0.278 (rec:0.273, pd:0.005, round:0.000)	b=0.00	count=3500
Total loss:	2624.832 (rec:0.278, pd:0.006, round:2624.549)	b=20.00	count=4000
Total loss:	1270.704 (rec:0.264, pd:0.005, round:1270.434)	b=19.44	count=4500
Total loss:	1174.548 (rec:0.284, pd:0.006, round:1174.259)	b=18.88	count=5000
Total loss:	1106.903 (rec:0.275, pd:0.005, round:1106.623)	b=18.31	count=5500
Total loss:	1047.423 (rec:0.262, pd:0.004, round:1047.156)	b=17.75	count=6000
Total loss:	995.273 (rec:0.275, pd:0.005, round:994.992)	b=17.19	count=6500
Total loss:	945.352 (rec:0.283, pd:0.005, round:945.064)	b=16.62	count=7000
Total loss:	897.063 (rec:0.268, pd:0.005, round:896.790)	b=16.06	count=7500
Total loss:	850.118 (rec:0.271, pd:0.005, round:849.842)	b=15.50	count=8000
Total loss:	803.117 (rec:0.292, pd:0.006, round:802.818)	b=14.94	count=8500
Total loss:	756.932 (rec:0.252, pd:0.005, round:756.675)	b=14.38	count=9000
Total loss:	708.122 (rec:0.268, pd:0.005, round:707.849)	b=13.81	count=9500
Total loss:	658.870 (rec:0.290, pd:0.005, round:658.575)	b=13.25	count=10000
Total loss:	607.655 (rec:0.284, pd:0.006, round:607.365)	b=12.69	count=10500
Total loss:	555.878 (rec:0.283, pd:0.005, round:555.590)	b=12.12	count=11000
Total loss:	502.358 (rec:0.305, pd:0.005, round:502.048)	b=11.56	count=11500
Total loss:	447.074 (rec:0.273, pd:0.005, round:446.796)	b=11.00	count=12000
Total loss:	390.517 (rec:0.288, pd:0.005, round:390.224)	b=10.44	count=12500
Total loss:	333.423 (rec:0.296, pd:0.006, round:333.121)	b=9.88	count=13000
Total loss:	273.820 (rec:0.273, pd:0.006, round:273.541)	b=9.31	count=13500
Total loss:	213.855 (rec:0.287, pd:0.006, round:213.562)	b=8.75	count=14000
Total loss:	155.682 (rec:0.294, pd:0.006, round:155.382)	b=8.19	count=14500
Total loss:	103.071 (rec:0.282, pd:0.005, round:102.784)	b=7.62	count=15000
Total loss:	58.856 (rec:0.289, pd:0.005, round:58.562)	b=7.06	count=15500
Total loss:	24.272 (rec:0.287, pd:0.005, round:23.980)	b=6.50	count=16000
Total loss:	4.277 (rec:0.272, pd:0.005, round:4.000)	b=5.94	count=16500
Total loss:	0.788 (rec:0.281, pd:0.005, round:0.502)	b=5.38	count=17000
Total loss:	0.374 (rec:0.282, pd:0.005, round:0.087)	b=4.81	count=17500
Total loss:	0.317 (rec:0.271, pd:0.005, round:0.040)	b=4.25	count=18000
Total loss:	0.306 (rec:0.301, pd:0.006, round:0.000)	b=3.69	count=18500
Total loss:	0.293 (rec:0.288, pd:0.005, round:0.000)	b=3.12	count=19000
Total loss:	0.286 (rec:0.281, pd:0.006, round:0.000)	b=2.56	count=19500
Total loss:	0.293 (rec:0.287, pd:0.006, round:0.000)	b=2.00	count=20000
Reconstruction for block 0
Start correcting 32 batches of data!
Total loss:	2.836 (mse:0.514, mean:1.529, std:0.793)	count=499
Total loss:	2.945 (mse:0.544, mean:1.672, std:0.729)	count=499
Total loss:	3.083 (mse:0.580, mean:1.718, std:0.785)	count=499
Total loss:	3.428 (mse:0.651, mean:1.910, std:0.868)	count=499
Total loss:	3.324 (mse:0.609, mean:1.814, std:0.901)	count=499
Total loss:	2.788 (mse:0.503, mean:1.548, std:0.736)	count=499
Total loss:	2.762 (mse:0.518, mean:1.479, std:0.766)	count=499
Total loss:	3.144 (mse:0.581, mean:1.809, std:0.754)	count=499
Total loss:	3.226 (mse:0.591, mean:1.770, std:0.864)	count=499
Total loss:	3.293 (mse:0.630, mean:1.881, std:0.782)	count=499
Total loss:	3.121 (mse:0.592, mean:1.828, std:0.701)	count=499
Total loss:	2.831 (mse:0.510, mean:1.613, std:0.709)	count=499
Total loss:	3.096 (mse:0.561, mean:1.727, std:0.808)	count=499
Total loss:	2.633 (mse:0.483, mean:1.505, std:0.645)	count=499
Total loss:	2.989 (mse:0.558, mean:1.676, std:0.755)	count=499
Total loss:	3.161 (mse:0.572, mean:1.743, std:0.846)	count=499
Total loss:	2.904 (mse:0.549, mean:1.633, std:0.721)	count=499
Total loss:	2.984 (mse:0.541, mean:1.638, std:0.804)	count=499
Total loss:	2.797 (mse:0.520, mean:1.536, std:0.741)	count=499
Total loss:	3.123 (mse:0.582, mean:1.755, std:0.786)	count=499
Total loss:	2.844 (mse:0.524, mean:1.575, std:0.746)	count=499
Total loss:	2.802 (mse:0.525, mean:1.551, std:0.726)	count=499
Total loss:	3.158 (mse:0.587, mean:1.757, std:0.814)	count=499
Total loss:	3.143 (mse:0.598, mean:1.764, std:0.780)	count=499
Total loss:	3.090 (mse:0.559, mean:1.646, std:0.885)	count=499
Total loss:	3.087 (mse:0.596, mean:1.824, std:0.666)	count=499
Total loss:	3.034 (mse:0.576, mean:1.722, std:0.737)	count=499
Total loss:	3.043 (mse:0.551, mean:1.612, std:0.881)	count=499
Total loss:	3.068 (mse:0.568, mean:1.699, std:0.801)	count=499
Total loss:	3.065 (mse:0.572, mean:1.728, std:0.765)	count=499
Total loss:	3.638 (mse:0.689, mean:2.119, std:0.831)	count=499
Total loss:	2.758 (mse:0.501, mean:1.478, std:0.779)	count=499
Init alpha to be FP32
Init alpha to be FP32
Init alpha to be FP32
Total loss:	0.182 (rec:0.176, pd:0.007, round:0.000)	b=0.00	count=500
Total loss:	0.175 (rec:0.169, pd:0.006, round:0.000)	b=0.00	count=1000
Total loss:	0.177 (rec:0.171, pd:0.006, round:0.000)	b=0.00	count=1500
Total loss:	0.174 (rec:0.169, pd:0.006, round:0.000)	b=0.00	count=2000
Total loss:	0.167 (rec:0.162, pd:0.005, round:0.000)	b=0.00	count=2500
Total loss:	0.173 (rec:0.168, pd:0.005, round:0.000)	b=0.00	count=3000
Total loss:	0.169 (rec:0.164, pd:0.005, round:0.000)	b=0.00	count=3500
Total loss:	8289.752 (rec:0.170, pd:0.006, round:8289.576)	b=20.00	count=4000
Total loss:	3875.069 (rec:0.164, pd:0.005, round:3874.901)	b=19.44	count=4500
Total loss:	3583.604 (rec:0.164, pd:0.004, round:3583.437)	b=18.88	count=5000
Total loss:	3377.287 (rec:0.181, pd:0.005, round:3377.101)	b=18.31	count=5500
Total loss:	3198.420 (rec:0.175, pd:0.005, round:3198.240)	b=17.75	count=6000
Total loss:	3035.356 (rec:0.165, pd:0.005, round:3035.186)	b=17.19	count=6500
Total loss:	2878.970 (rec:0.180, pd:0.005, round:2878.786)	b=16.62	count=7000
Total loss:	2728.458 (rec:0.163, pd:0.004, round:2728.291)	b=16.06	count=7500
Total loss:	2579.801 (rec:0.175, pd:0.005, round:2579.621)	b=15.50	count=8000
Total loss:	2431.740 (rec:0.166, pd:0.005, round:2431.568)	b=14.94	count=8500
Total loss:	2283.910 (rec:0.160, pd:0.005, round:2283.746)	b=14.38	count=9000
Total loss:	2136.350 (rec:0.176, pd:0.004, round:2136.170)	b=13.81	count=9500
Total loss:	1984.871 (rec:0.173, pd:0.005, round:1984.693)	b=13.25	count=10000
Total loss:	1830.334 (rec:0.179, pd:0.005, round:1830.150)	b=12.69	count=10500
Total loss:	1671.730 (rec:0.168, pd:0.004, round:1671.558)	b=12.12	count=11000
Total loss:	1510.858 (rec:0.181, pd:0.005, round:1510.673)	b=11.56	count=11500
Total loss:	1346.843 (rec:0.178, pd:0.006, round:1346.659)	b=11.00	count=12000
Total loss:	1180.566 (rec:0.182, pd:0.005, round:1180.380)	b=10.44	count=12500
Total loss:	1011.777 (rec:0.175, pd:0.005, round:1011.597)	b=9.88	count=13000
Total loss:	840.539 (rec:0.178, pd:0.005, round:840.356)	b=9.31	count=13500
Total loss:	670.047 (rec:0.177, pd:0.005, round:669.865)	b=8.75	count=14000
Total loss:	506.853 (rec:0.201, pd:0.005, round:506.648)	b=8.19	count=14500
Total loss:	348.538 (rec:0.184, pd:0.005, round:348.350)	b=7.62	count=15000
Total loss:	213.005 (rec:0.181, pd:0.005, round:212.820)	b=7.06	count=15500
Total loss:	95.249 (rec:0.180, pd:0.005, round:95.065)	b=6.50	count=16000
Total loss:	17.804 (rec:0.179, pd:0.004, round:17.620)	b=5.94	count=16500
Total loss:	1.796 (rec:0.185, pd:0.004, round:1.607)	b=5.38	count=17000
Total loss:	0.607 (rec:0.187, pd:0.005, round:0.416)	b=4.81	count=17500
Total loss:	0.398 (rec:0.190, pd:0.005, round:0.203)	b=4.25	count=18000
Total loss:	0.261 (rec:0.195, pd:0.006, round:0.060)	b=3.69	count=18500
Total loss:	0.192 (rec:0.188, pd:0.005, round:0.000)	b=3.12	count=19000
Total loss:	0.200 (rec:0.195, pd:0.005, round:0.000)	b=2.56	count=19500
Total loss:	0.194 (rec:0.189, pd:0.005, round:0.000)	b=2.00	count=20000
Reconstruction for block 1
Start correcting 32 batches of data!
Total loss:	1.323 (mse:0.155, mean:0.792, std:0.377)	count=499
Total loss:	1.357 (mse:0.141, mean:0.880, std:0.336)	count=499
Total loss:	1.402 (mse:0.153, mean:0.875, std:0.374)	count=499
Total loss:	1.567 (mse:0.175, mean:1.013, std:0.380)	count=499
Total loss:	1.435 (mse:0.147, mean:0.872, std:0.416)	count=499
Total loss:	1.266 (mse:0.136, mean:0.783, std:0.347)	count=499
Total loss:	1.302 (mse:0.152, mean:0.806, std:0.345)	count=499
Total loss:	1.355 (mse:0.146, mean:0.872, std:0.337)	count=499
Total loss:	1.446 (mse:0.164, mean:0.894, std:0.387)	count=499
Total loss:	1.453 (mse:0.158, mean:0.937, std:0.358)	count=499
Total loss:	1.453 (mse:0.153, mean:0.938, std:0.362)	count=499
Total loss:	1.203 (mse:0.126, mean:0.753, std:0.323)	count=499
Total loss:	1.312 (mse:0.143, mean:0.862, std:0.307)	count=499
Total loss:	1.241 (mse:0.134, mean:0.801, std:0.306)	count=499
Total loss:	1.318 (mse:0.144, mean:0.836, std:0.339)	count=499
Total loss:	1.369 (mse:0.148, mean:0.852, std:0.369)	count=499
Total loss:	1.345 (mse:0.147, mean:0.864, std:0.334)	count=499
Total loss:	1.330 (mse:0.152, mean:0.813, std:0.365)	count=499
Total loss:	1.414 (mse:0.167, mean:0.892, std:0.355)	count=499
Total loss:	1.393 (mse:0.154, mean:0.883, std:0.356)	count=499
Total loss:	1.484 (mse:0.179, mean:0.921, std:0.384)	count=499
Total loss:	1.282 (mse:0.139, mean:0.816, std:0.327)	count=499
Total loss:	1.484 (mse:0.176, mean:0.920, std:0.388)	count=499
Total loss:	1.519 (mse:0.169, mean:0.979, std:0.371)	count=499
Total loss:	1.370 (mse:0.158, mean:0.835, std:0.376)	count=499
Total loss:	1.481 (mse:0.167, mean:0.974, std:0.340)	count=499
Total loss:	1.470 (mse:0.163, mean:0.968, std:0.340)	count=499
Total loss:	1.376 (mse:0.148, mean:0.820, std:0.408)	count=499
Total loss:	1.511 (mse:0.168, mean:0.946, std:0.396)	count=499
Total loss:	1.409 (mse:0.150, mean:0.884, std:0.375)	count=499
Total loss:	1.491 (mse:0.165, mean:0.978, std:0.348)	count=499
Total loss:	1.302 (mse:0.143, mean:0.814, std:0.345)	count=499
Init alpha to be FP32
Init alpha to be FP32
Total loss:	0.272 (rec:0.265, pd:0.006, round:0.000)	b=0.00	count=500
Total loss:	0.235 (rec:0.230, pd:0.005, round:0.000)	b=0.00	count=1000
Total loss:	0.252 (rec:0.247, pd:0.005, round:0.000)	b=0.00	count=1500
Total loss:	0.249 (rec:0.245, pd:0.004, round:0.000)	b=0.00	count=2000
Total loss:	0.253 (rec:0.248, pd:0.005, round:0.000)	b=0.00	count=2500
Total loss:	0.248 (rec:0.243, pd:0.005, round:0.000)	b=0.00	count=3000
Total loss:	0.240 (rec:0.236, pd:0.004, round:0.000)	b=0.00	count=3500
Total loss:	10550.080 (rec:0.234, pd:0.004, round:10549.842)	b=20.00	count=4000
Total loss:	4847.511 (rec:0.247, pd:0.004, round:4847.259)	b=19.44	count=4500
Total loss:	4475.671 (rec:0.261, pd:0.004, round:4475.406)	b=18.88	count=5000
Total loss:	4200.506 (rec:0.259, pd:0.005, round:4200.242)	b=18.31	count=5500
Total loss:	3964.645 (rec:0.241, pd:0.005, round:3964.399)	b=17.75	count=6000
Total loss:	3745.845 (rec:0.229, pd:0.004, round:3745.611)	b=17.19	count=6500
Total loss:	3535.112 (rec:0.247, pd:0.004, round:3534.861)	b=16.62	count=7000
Total loss:	3330.410 (rec:0.242, pd:0.004, round:3330.165)	b=16.06	count=7500
Total loss:	3128.864 (rec:0.241, pd:0.003, round:3128.620)	b=15.50	count=8000
Total loss:	2931.853 (rec:0.230, pd:0.004, round:2931.619)	b=14.94	count=8500
Total loss:	2736.834 (rec:0.251, pd:0.004, round:2736.579)	b=14.38	count=9000
Total loss:	2539.394 (rec:0.255, pd:0.004, round:2539.135)	b=13.81	count=9500
Total loss:	2344.687 (rec:0.266, pd:0.004, round:2344.417)	b=13.25	count=10000
Total loss:	2151.782 (rec:0.259, pd:0.004, round:2151.518)	b=12.69	count=10500
Total loss:	1957.315 (rec:0.246, pd:0.005, round:1957.065)	b=12.12	count=11000
Total loss:	1761.275 (rec:0.249, pd:0.004, round:1761.023)	b=11.56	count=11500
Total loss:	1565.430 (rec:0.270, pd:0.005, round:1565.156)	b=11.00	count=12000
Total loss:	1367.815 (rec:0.258, pd:0.004, round:1367.553)	b=10.44	count=12500
Total loss:	1170.968 (rec:0.249, pd:0.003, round:1170.715)	b=9.88	count=13000
Total loss:	975.841 (rec:0.262, pd:0.004, round:975.575)	b=9.31	count=13500
Total loss:	785.167 (rec:0.247, pd:0.003, round:784.916)	b=8.75	count=14000
Total loss:	599.876 (rec:0.246, pd:0.004, round:599.626)	b=8.19	count=14500
Total loss:	424.524 (rec:0.268, pd:0.004, round:424.251)	b=7.62	count=15000
Total loss:	264.095 (rec:0.247, pd:0.004, round:263.845)	b=7.06	count=15500
Total loss:	124.359 (rec:0.241, pd:0.004, round:124.114)	b=6.50	count=16000
Total loss:	31.840 (rec:0.251, pd:0.004, round:31.585)	b=5.94	count=16500
Total loss:	5.294 (rec:0.250, pd:0.004, round:5.040)	b=5.38	count=17000
Total loss:	1.045 (rec:0.242, pd:0.004, round:0.799)	b=4.81	count=17500
Total loss:	0.466 (rec:0.280, pd:0.004, round:0.181)	b=4.25	count=18000
Total loss:	0.284 (rec:0.246, pd:0.005, round:0.033)	b=3.69	count=18500
Total loss:	0.257 (rec:0.253, pd:0.004, round:0.000)	b=3.12	count=19000
Total loss:	0.258 (rec:0.254, pd:0.004, round:0.000)	b=2.56	count=19500
Total loss:	0.262 (rec:0.258, pd:0.004, round:0.000)	b=2.00	count=20000
Reconstruction for block 0
Start correcting 32 batches of data!
Total loss:	3.963 (mse:0.766, mean:2.155, std:1.042)	count=499
Total loss:	4.438 (mse:0.834, mean:2.623, std:0.981)	count=499
Total loss:	4.557 (mse:0.904, mean:2.613, std:1.040)	count=499
Total loss:	4.568 (mse:0.869, mean:2.690, std:1.009)	count=499
Total loss:	4.458 (mse:0.829, mean:2.540, std:1.090)	count=499
Total loss:	4.109 (mse:0.779, mean:2.327, std:1.003)	count=499
Total loss:	3.888 (mse:0.728, mean:2.200, std:0.959)	count=499
Total loss:	4.128 (mse:0.734, mean:2.396, std:0.998)	count=499
Total loss:	4.178 (mse:0.758, mean:2.382, std:1.038)	count=499
Total loss:	4.478 (mse:0.842, mean:2.644, std:0.993)	count=499
Total loss:	4.664 (mse:0.876, mean:2.732, std:1.055)	count=499
Total loss:	3.978 (mse:0.722, mean:2.324, std:0.931)	count=499
Total loss:	4.256 (mse:0.762, mean:2.495, std:0.999)	count=499
Total loss:	3.913 (mse:0.714, mean:2.270, std:0.929)	count=499
Total loss:	4.211 (mse:0.792, mean:2.388, std:1.031)	count=499
Total loss:	4.352 (mse:0.825, mean:2.438, std:1.089)	count=499
Total loss:	4.161 (mse:0.781, mean:2.433, std:0.948)	count=499
Total loss:	4.180 (mse:0.785, mean:2.395, std:1.000)	count=499
Total loss:	4.194 (mse:0.810, mean:2.344, std:1.041)	count=499
Total loss:	4.059 (mse:0.720, mean:2.321, std:1.018)	count=499
Total loss:	4.670 (mse:0.956, mean:2.693, std:1.021)	count=499
Total loss:	4.003 (mse:0.729, mean:2.270, std:1.004)	count=499
Total loss:	4.353 (mse:0.841, mean:2.499, std:1.013)	count=499
Total loss:	4.721 (mse:0.910, mean:2.728, std:1.082)	count=499
Total loss:	4.094 (mse:0.758, mean:2.335, std:1.001)	count=499
Total loss:	4.589 (mse:0.881, mean:2.757, std:0.952)	count=499
Total loss:	4.470 (mse:0.833, mean:2.684, std:0.954)	count=499
Total loss:	4.140 (mse:0.751, mean:2.306, std:1.084)	count=499
Total loss:	4.858 (mse:1.003, mean:2.767, std:1.089)	count=499
Total loss:	4.471 (mse:0.848, mean:2.610, std:1.013)	count=499
Total loss:	4.483 (mse:0.863, mean:2.666, std:0.954)	count=499
Total loss:	3.830 (mse:0.687, mean:2.174, std:0.969)	count=499
Init alpha to be FP32
Init alpha to be FP32
Init alpha to be FP32
Total loss:	0.321 (rec:0.315, pd:0.006, round:0.000)	b=0.00	count=500
Total loss:	0.306 (rec:0.301, pd:0.005, round:0.000)	b=0.00	count=1000
Total loss:	0.304 (rec:0.299, pd:0.005, round:0.000)	b=0.00	count=1500
Total loss:	0.301 (rec:0.296, pd:0.006, round:0.000)	b=0.00	count=2000
Total loss:	0.304 (rec:0.299, pd:0.005, round:0.000)	b=0.00	count=2500
Total loss:	0.268 (rec:0.264, pd:0.004, round:0.000)	b=0.00	count=3000
Total loss:	0.254 (rec:0.250, pd:0.004, round:0.000)	b=0.00	count=3500
Total loss:	32294.365 (rec:0.264, pd:0.005, round:32294.098)	b=20.00	count=4000
Total loss:	14659.390 (rec:0.269, pd:0.004, round:14659.116)	b=19.44	count=4500
Total loss:	13466.055 (rec:0.260, pd:0.004, round:13465.791)	b=18.88	count=5000
Total loss:	12537.882 (rec:0.250, pd:0.004, round:12537.628)	b=18.31	count=5500
Total loss:	11717.985 (rec:0.245, pd:0.004, round:11717.737)	b=17.75	count=6000
Total loss:	10945.098 (rec:0.254, pd:0.004, round:10944.840)	b=17.19	count=6500
Total loss:	10213.562 (rec:0.243, pd:0.004, round:10213.315)	b=16.62	count=7000
Total loss:	9507.716 (rec:0.261, pd:0.004, round:9507.451)	b=16.06	count=7500
Total loss:	8823.248 (rec:0.241, pd:0.004, round:8823.003)	b=15.50	count=8000
Total loss:	8161.494 (rec:0.245, pd:0.004, round:8161.246)	b=14.94	count=8500
Total loss:	7516.640 (rec:0.269, pd:0.004, round:7516.367)	b=14.38	count=9000
Total loss:	6894.091 (rec:0.243, pd:0.004, round:6893.845)	b=13.81	count=9500
Total loss:	6288.501 (rec:0.246, pd:0.004, round:6288.251)	b=13.25	count=10000
Total loss:	5696.033 (rec:0.254, pd:0.004, round:5695.775)	b=12.69	count=10500
Total loss:	5118.087 (rec:0.263, pd:0.004, round:5117.821)	b=12.12	count=11000
Total loss:	4559.188 (rec:0.240, pd:0.004, round:4558.943)	b=11.56	count=11500
Total loss:	4017.112 (rec:0.269, pd:0.004, round:4016.839)	b=11.00	count=12000
Total loss:	3489.478 (rec:0.238, pd:0.004, round:3489.237)	b=10.44	count=12500
Total loss:	2983.635 (rec:0.256, pd:0.003, round:2983.375)	b=9.88	count=13000
Total loss:	2489.347 (rec:0.248, pd:0.004, round:2489.094)	b=9.31	count=13500
Total loss:	2025.385 (rec:0.237, pd:0.004, round:2025.145)	b=8.75	count=14000
Total loss:	1579.918 (rec:0.254, pd:0.004, round:1579.660)	b=8.19	count=14500
Total loss:	1163.852 (rec:0.248, pd:0.004, round:1163.600)	b=7.62	count=15000
Total loss:	780.277 (rec:0.261, pd:0.004, round:780.011)	b=7.06	count=15500
Total loss:	438.650 (rec:0.250, pd:0.004, round:438.397)	b=6.50	count=16000
Total loss:	170.303 (rec:0.247, pd:0.004, round:170.052)	b=5.94	count=16500
Total loss:	39.683 (rec:0.267, pd:0.004, round:39.412)	b=5.38	count=17000
Total loss:	6.993 (rec:0.255, pd:0.004, round:6.734)	b=4.81	count=17500
Total loss:	1.132 (rec:0.283, pd:0.004, round:0.844)	b=4.25	count=18000
Total loss:	0.393 (rec:0.279, pd:0.004, round:0.110)	b=3.69	count=18500
Total loss:	0.272 (rec:0.268, pd:0.004, round:0.000)	b=3.12	count=19000
Total loss:	0.249 (rec:0.245, pd:0.004, round:0.000)	b=2.56	count=19500
Total loss:	0.265 (rec:0.261, pd:0.004, round:0.000)	b=2.00	count=20000
Reconstruction for block 1
Start correcting 32 batches of data!
Total loss:	3.650 (mse:0.619, mean:2.263, std:0.768)	count=499
Total loss:	3.791 (mse:0.548, mean:2.500, std:0.743)	count=499
Total loss:	3.966 (mse:0.684, mean:2.527, std:0.756)	count=499
Total loss:	4.075 (mse:0.715, mean:2.568, std:0.792)	count=499
Total loss:	3.712 (mse:0.628, mean:2.314, std:0.771)	count=499
Total loss:	3.729 (mse:0.637, mean:2.333, std:0.759)	count=499
Total loss:	3.517 (mse:0.580, mean:2.193, std:0.744)	count=499
Total loss:	4.079 (mse:0.696, mean:2.603, std:0.780)	count=499
Total loss:	3.723 (mse:0.604, mean:2.351, std:0.768)	count=499
Total loss:	3.923 (mse:0.683, mean:2.462, std:0.778)	count=499
Total loss:	4.071 (mse:0.767, mean:2.537, std:0.767)	count=499
Total loss:	3.581 (mse:0.588, mean:2.279, std:0.713)	count=499
Total loss:	3.725 (mse:0.594, mean:2.384, std:0.748)	count=499
Total loss:	3.673 (mse:0.567, mean:2.356, std:0.749)	count=499
Total loss:	4.082 (mse:0.749, mean:2.541, std:0.792)	count=499
Total loss:	4.002 (mse:0.662, mean:2.547, std:0.793)	count=499
Total loss:	3.701 (mse:0.594, mean:2.360, std:0.748)	count=499
Total loss:	3.770 (mse:0.670, mean:2.353, std:0.748)	count=499
Total loss:	3.946 (mse:0.774, mean:2.414, std:0.757)	count=499
Total loss:	3.565 (mse:0.589, mean:2.179, std:0.797)	count=499
Total loss:	4.360 (mse:0.803, mean:2.767, std:0.789)	count=499
Total loss:	3.809 (mse:0.635, mean:2.382, std:0.793)	count=499
Total loss:	3.836 (mse:0.633, mean:2.469, std:0.734)	count=499
Total loss:	4.036 (mse:0.699, mean:2.584, std:0.753)	count=499
Total loss:	3.413 (mse:0.486, mean:2.183, std:0.744)	count=499
Total loss:	4.056 (mse:0.726, mean:2.538, std:0.792)	count=499
Total loss:	4.277 (mse:0.790, mean:2.722, std:0.766)	count=499
Total loss:	3.874 (mse:0.715, mean:2.354, std:0.805)	count=499
Total loss:	4.463 (mse:0.865, mean:2.837, std:0.761)	count=499
Total loss:	4.092 (mse:0.684, mean:2.645, std:0.762)	count=499
Total loss:	4.344 (mse:0.795, mean:2.780, std:0.769)	count=499
Total loss:	3.589 (mse:0.577, mean:2.242, std:0.771)	count=499
Init alpha to be FP32
Init alpha to be FP32
Total loss:	44.577 (rec:44.571, pd:0.006, round:0.000)	b=0.00	count=500
Total loss:	38.328 (rec:38.322, pd:0.006, round:0.000)	b=0.00	count=1000
Total loss:	36.734 (rec:36.728, pd:0.006, round:0.000)	b=0.00	count=1500
Total loss:	35.276 (rec:35.271, pd:0.005, round:0.000)	b=0.00	count=2000
Total loss:	34.947 (rec:34.940, pd:0.007, round:0.000)	b=0.00	count=2500
Total loss:	32.650 (rec:32.644, pd:0.005, round:0.000)	b=0.00	count=3000
Total loss:	30.204 (rec:30.199, pd:0.005, round:0.000)	b=0.00	count=3500
Total loss:	42236.738 (rec:31.178, pd:0.006, round:42205.551)	b=20.00	count=4000
Total loss:	25908.920 (rec:32.284, pd:0.006, round:25876.629)	b=19.44	count=4500
Total loss:	24319.578 (rec:30.932, pd:0.006, round:24288.641)	b=18.88	count=5000
Total loss:	23203.074 (rec:31.728, pd:0.006, round:23171.340)	b=18.31	count=5500
Total loss:	22234.557 (rec:29.287, pd:0.005, round:22205.264)	b=17.75	count=6000
Total loss:	21347.014 (rec:28.846, pd:0.006, round:21318.162)	b=17.19	count=6500
Total loss:	20505.217 (rec:34.048, pd:0.006, round:20471.164)	b=16.62	count=7000
Total loss:	19674.424 (rec:28.741, pd:0.005, round:19645.676)	b=16.06	count=7500
Total loss:	18870.248 (rec:30.171, pd:0.006, round:18840.070)	b=15.50	count=8000
Total loss:	18080.322 (rec:31.473, pd:0.006, round:18048.844)	b=14.94	count=8500
Total loss:	17297.043 (rec:28.868, pd:0.006, round:17268.170)	b=14.38	count=9000
Total loss:	16514.078 (rec:27.998, pd:0.005, round:16486.076)	b=13.81	count=9500
Total loss:	15727.079 (rec:28.846, pd:0.006, round:15698.227)	b=13.25	count=10000
Total loss:	14937.292 (rec:28.134, pd:0.006, round:14909.152)	b=12.69	count=10500
Total loss:	14145.071 (rec:27.060, pd:0.007, round:14118.004)	b=12.12	count=11000
Total loss:	13342.037 (rec:27.384, pd:0.006, round:13314.646)	b=11.56	count=11500
Total loss:	12525.292 (rec:29.895, pd:0.007, round:12495.389)	b=11.00	count=12000
Total loss:	11691.271 (rec:28.643, pd:0.007, round:11662.621)	b=10.44	count=12500
Total loss:	10838.033 (rec:30.869, pd:0.007, round:10807.157)	b=9.88	count=13000
Total loss:	9957.118 (rec:26.583, pd:0.006, round:9930.529)	b=9.31	count=13500
Total loss:	9059.478 (rec:26.102, pd:0.005, round:9033.370)	b=8.75	count=14000
Total loss:	8137.310 (rec:26.139, pd:0.005, round:8111.167)	b=8.19	count=14500
Total loss:	7187.380 (rec:27.314, pd:0.005, round:7160.062)	b=7.62	count=15000
Total loss:	6211.634 (rec:29.147, pd:0.006, round:6182.481)	b=7.06	count=15500
Total loss:	5205.905 (rec:29.809, pd:0.005, round:5176.091)	b=6.50	count=16000
Total loss:	4175.968 (rec:27.571, pd:0.005, round:4148.393)	b=5.94	count=16500
Total loss:	3137.102 (rec:29.709, pd:0.005, round:3107.388)	b=5.38	count=17000
Total loss:	2112.628 (rec:29.043, pd:0.006, round:2083.579)	b=4.81	count=17500
Total loss:	1168.620 (rec:29.703, pd:0.007, round:1138.911)	b=4.25	count=18000
Total loss:	437.374 (rec:29.791, pd:0.006, round:407.577)	b=3.69	count=18500
Total loss:	101.075 (rec:29.180, pd:0.007, round:71.888)	b=3.12	count=19000
Total loss:	39.730 (rec:27.686, pd:0.005, round:12.039)	b=2.56	count=19500
Total loss:	34.286 (rec:30.224, pd:0.006, round:4.056)	b=2.00	count=20000
Reconstruction for layer fc
Start correcting 32 batches of data!
Total loss:	0.000 (mse:0.000, mean:0.000, std:0.000)	count=499
Total loss:	0.000 (mse:0.000, mean:0.000, std:0.000)	count=499
Total loss:	0.000 (mse:0.000, mean:0.000, std:0.000)	count=499
Total loss:	0.000 (mse:0.000, mean:0.000, std:0.000)	count=499
Total loss:	0.000 (mse:0.000, mean:0.000, std:0.000)	count=499
Total loss:	0.000 (mse:0.000, mean:0.000, std:0.000)	count=499
Total loss:	0.000 (mse:0.000, mean:0.000, std:0.000)	count=499
Total loss:	0.000 (mse:0.000, mean:0.000, std:0.000)	count=499
Total loss:	0.000 (mse:0.000, mean:0.000, std:0.000)	count=499
Total loss:	0.000 (mse:0.000, mean:0.000, std:0.000)	count=499
Total loss:	0.000 (mse:0.000, mean:0.000, std:0.000)	count=499
Total loss:	0.000 (mse:0.000, mean:0.000, std:0.000)	count=499
Total loss:	0.000 (mse:0.000, mean:0.000, std:0.000)	count=499
Total loss:	0.000 (mse:0.000, mean:0.000, std:0.000)	count=499
Total loss:	0.000 (mse:0.000, mean:0.000, std:0.000)	count=499
Total loss:	0.000 (mse:0.000, mean:0.000, std:0.000)	count=499
Total loss:	0.000 (mse:0.000, mean:0.000, std:0.000)	count=499
Total loss:	0.000 (mse:0.000, mean:0.000, std:0.000)	count=499
Total loss:	0.000 (mse:0.000, mean:0.000, std:0.000)	count=499
Total loss:	0.000 (mse:0.000, mean:0.000, std:0.000)	count=499
Total loss:	0.000 (mse:0.000, mean:0.000, std:0.000)	count=499
Total loss:	0.000 (mse:0.000, mean:0.000, std:0.000)	count=499
Total loss:	0.000 (mse:0.000, mean:0.000, std:0.000)	count=499
Total loss:	0.000 (mse:0.000, mean:0.000, std:0.000)	count=499
Total loss:	0.000 (mse:0.000, mean:0.000, std:0.000)	count=499
Total loss:	0.000 (mse:0.000, mean:0.000, std:0.000)	count=499
Total loss:	0.000 (mse:0.000, mean:0.000, std:0.000)	count=499
Total loss:	0.000 (mse:0.000, mean:0.000, std:0.000)	count=499
Total loss:	0.000 (mse:0.000, mean:0.000, std:0.000)	count=499
Total loss:	0.000 (mse:0.000, mean:0.000, std:0.000)	count=499
Total loss:	0.000 (mse:0.000, mean:0.000, std:0.000)	count=499
Total loss:	0.000 (mse:0.000, mean:0.000, std:0.000)	count=499
Init alpha to be FP32
Total loss:	31.765 (rec:31.757, pd:0.008, round:0.000)	b=0.00	count=500
Total loss:	22.946 (rec:22.940, pd:0.006, round:0.000)	b=0.00	count=1000
Total loss:	23.572 (rec:23.566, pd:0.006, round:0.000)	b=0.00	count=1500
Total loss:	21.283 (rec:21.277, pd:0.005, round:0.000)	b=0.00	count=2000
Total loss:	23.960 (rec:23.954, pd:0.006, round:0.000)	b=0.00	count=2500
Total loss:	21.814 (rec:21.809, pd:0.005, round:0.000)	b=0.00	count=3000
Total loss:	18.462 (rec:18.457, pd:0.004, round:0.000)	b=0.00	count=3500
Total loss:	4597.890 (rec:20.025, pd:0.004, round:4577.860)	b=20.00	count=4000
Total loss:	3160.916 (rec:22.047, pd:0.005, round:3138.865)	b=19.44	count=4500
Total loss:	2989.706 (rec:20.730, pd:0.005, round:2968.971)	b=18.88	count=5000
Total loss:	2875.630 (rec:18.217, pd:0.004, round:2857.409)	b=18.31	count=5500
Total loss:	2784.593 (rec:21.688, pd:0.005, round:2762.900)	b=17.75	count=6000
Total loss:	2697.849 (rec:18.911, pd:0.005, round:2678.933)	b=17.19	count=6500
Total loss:	2620.645 (rec:19.550, pd:0.004, round:2601.091)	b=16.62	count=7000
Total loss:	2547.927 (rec:23.036, pd:0.005, round:2524.886)	b=16.06	count=7500
Total loss:	2470.042 (rec:19.438, pd:0.005, round:2450.599)	b=15.50	count=8000
Total loss:	2396.409 (rec:18.788, pd:0.004, round:2377.617)	b=14.94	count=8500
Total loss:	2324.358 (rec:20.705, pd:0.005, round:2303.648)	b=14.38	count=9000
Total loss:	2250.566 (rec:19.713, pd:0.004, round:2230.849)	b=13.81	count=9500
Total loss:	2176.062 (rec:20.356, pd:0.005, round:2155.701)	b=13.25	count=10000
Total loss:	2102.558 (rec:23.433, pd:0.005, round:2079.119)	b=12.69	count=10500
Total loss:	2020.607 (rec:19.837, pd:0.005, round:2000.766)	b=12.12	count=11000
Total loss:	1942.041 (rec:21.407, pd:0.005, round:1920.629)	b=11.56	count=11500
Total loss:	1859.029 (rec:23.692, pd:0.005, round:1835.332)	b=11.00	count=12000
Total loss:	1771.025 (rec:22.674, pd:0.005, round:1748.346)	b=10.44	count=12500
Total loss:	1677.253 (rec:21.499, pd:0.005, round:1655.749)	b=9.88	count=13000
Total loss:	1581.223 (rec:19.792, pd:0.004, round:1561.427)	b=9.31	count=13500
Total loss:	1481.519 (rec:20.937, pd:0.004, round:1460.578)	b=8.75	count=14000
Total loss:	1377.333 (rec:22.673, pd:0.005, round:1354.655)	b=8.19	count=14500
Total loss:	1260.455 (rec:19.214, pd:0.004, round:1241.236)	b=7.62	count=15000
Total loss:	1145.344 (rec:21.524, pd:0.004, round:1123.816)	b=7.06	count=15500
Total loss:	1018.664 (rec:23.227, pd:0.005, round:995.433)	b=6.50	count=16000
Total loss:	883.959 (rec:25.274, pd:0.005, round:858.681)	b=5.94	count=16500
Total loss:	738.968 (rec:23.673, pd:0.005, round:715.291)	b=5.38	count=17000
Total loss:	587.313 (rec:26.911, pd:0.006, round:560.396)	b=4.81	count=17500
Total loss:	424.726 (rec:24.808, pd:0.005, round:399.914)	b=4.25	count=18000
Total loss:	259.441 (rec:23.991, pd:0.005, round:235.445)	b=3.69	count=18500
Total loss:	105.544 (rec:27.322, pd:0.006, round:78.216)	b=3.12	count=19000
Total loss:	34.052 (rec:28.982, pd:0.006, round:5.065)	b=2.56	count=19500
Total loss:	27.967 (rec:27.956, pd:0.005, round:0.006)	b=2.00	count=20000
Test: [  0/782]	Time  1.303 ( 1.303)	Acc@1  82.81 ( 82.81)	Acc@5  95.31 ( 95.31)
Test: [100/782]	Time  0.053 ( 0.125)	Acc@1  82.81 ( 75.82)	Acc@5  98.44 ( 92.39)
Test: [200/782]	Time  0.040 ( 0.114)	Acc@1  78.12 ( 75.30)	Acc@5  92.19 ( 93.33)
Test: [300/782]	Time  0.048 ( 0.115)	Acc@1  78.12 ( 75.56)	Acc@5  96.88 ( 93.43)
Test: [400/782]	Time  0.072 ( 0.112)	Acc@1  65.62 ( 72.78)	Acc@5  93.75 ( 91.57)
Test: [500/782]	Time  0.041 ( 0.111)	Acc@1  76.56 ( 71.32)	Acc@5  92.19 ( 90.31)
Test: [600/782]	Time  0.051 ( 0.111)	Acc@1  75.00 ( 70.13)	Acc@5  89.06 ( 89.47)
Test: [700/782]	Time  0.045 ( 0.110)	Acc@1  60.94 ( 69.06)	Acc@5  90.62 ( 88.76)
 * Acc@1 69.026 Acc@5 88.768
Full quantization (W4A4) accuracy: 69.0260009765625
END : 2024-05-28 18:45:17
