START : 2024-05-30 00:32:15

General parameters for data and model
- seed = 1005 (default = 1005)
- arch = resnet18
- batch_size = 64 (default = 64)
- workers = 8 (default = 4)
- data_path = data/ImageNet

Quantization parameters
- n_bits_w = 4 (default = 4)
- channel_wise = True (default = True)
- n_bits_a = 4 (default = 4)
- disable_8bit_head_stem = not use (action = 'store_true')

Weight calibration parameters
- num_samples = 1024 (default = 1024)
- iters_w = 20000 (default = 20000)
- weight = 0.01 (default = 0.01)
- keep_cpu = not use (action = 'store_true')
- b_start = 20 (default = 20)
- b_end = 2 (default = 2)
- warmup = 0.2 (default = 0.2)

Activation calibration parameters
- lr = 4e-5 (default = 4e-5)
- init_wmode = mse (default = 'mse', choices = ['minmax', 'mse', 'minmax_scale'])
- init_amode = mse (default = 'mse', choices = ['minmax', 'mse', 'minmax_scale'])
- prob = 1 (default = 0.5)
- input_prob = 0.5 (default = 0.5)
- lamb_r = 0.1 (default = 0.1)
- T = 4.0 (default = 4.0)
- bn_lr = 1e-3 (default = 1e-3)
- lamb_c = 0.02 (default = 0.02)

-------------------------------------------------------------------------------------------

==> Using Pytorch Dataset
the quantized model is below!
QuantModel(
  (model): ResNet(
    (conv1): QuantModule(
      wbit=4, abit=4, disable_act_quant=False
      (weight_quantizer): UniformAffineQuantizer(bit=4, is_training=False, inited=True)
      (act_quantizer): UniformAffineQuantizer(bit=4, is_training=False, inited=True)
      (norm_function): StraightThrough()
      (activation_function): ReLU(inplace=True)
    )
    (bn1): StraightThrough()
    (relu): StraightThrough()
    (maxpool): MaxPool2d(kernel_size=3, stride=2, padding=1, dilation=1, ceil_mode=False)
    (layer1): Sequential(
      (0): QuantBasicBlock(
        (conv1): QuantModule(
          wbit=4, abit=4, disable_act_quant=False
          (weight_quantizer): UniformAffineQuantizer(bit=4, is_training=False, inited=True)
          (act_quantizer): UniformAffineQuantizer(bit=4, is_training=False, inited=True)
          (norm_function): StraightThrough()
          (activation_function): ReLU(inplace=True)
        )
        (conv2): QuantModule(
          wbit=4, abit=4, disable_act_quant=True
          (weight_quantizer): UniformAffineQuantizer(bit=4, is_training=False, inited=True)
          (act_quantizer): UniformAffineQuantizer(bit=4, is_training=False, inited=True)
          (norm_function): StraightThrough()
          (activation_function): StraightThrough()
        )
        (activation_function): ReLU(inplace=True)
        (act_quantizer): UniformAffineQuantizer(bit=4, is_training=False, inited=True)
      )
      (1): QuantBasicBlock(
        (conv1): QuantModule(
          wbit=4, abit=4, disable_act_quant=False
          (weight_quantizer): UniformAffineQuantizer(bit=4, is_training=False, inited=True)
          (act_quantizer): UniformAffineQuantizer(bit=4, is_training=False, inited=True)
          (norm_function): StraightThrough()
          (activation_function): ReLU(inplace=True)
        )
        (conv2): QuantModule(
          wbit=4, abit=4, disable_act_quant=True
          (weight_quantizer): UniformAffineQuantizer(bit=4, is_training=False, inited=True)
          (act_quantizer): UniformAffineQuantizer(bit=4, is_training=False, inited=True)
          (norm_function): StraightThrough()
          (activation_function): StraightThrough()
        )
        (activation_function): ReLU(inplace=True)
        (act_quantizer): UniformAffineQuantizer(bit=4, is_training=False, inited=True)
      )
    )
    (layer2): Sequential(
      (0): QuantBasicBlock(
        (conv1): QuantModule(
          wbit=4, abit=4, disable_act_quant=False
          (weight_quantizer): UniformAffineQuantizer(bit=4, is_training=False, inited=True)
          (act_quantizer): UniformAffineQuantizer(bit=4, is_training=False, inited=True)
          (norm_function): StraightThrough()
          (activation_function): ReLU(inplace=True)
        )
        (conv2): QuantModule(
          wbit=4, abit=4, disable_act_quant=True
          (weight_quantizer): UniformAffineQuantizer(bit=4, is_training=False, inited=True)
          (act_quantizer): UniformAffineQuantizer(bit=4, is_training=False, inited=True)
          (norm_function): StraightThrough()
          (activation_function): StraightThrough()
        )
        (downsample): QuantModule(
          wbit=4, abit=4, disable_act_quant=True
          (weight_quantizer): UniformAffineQuantizer(bit=4, is_training=False, inited=True)
          (act_quantizer): UniformAffineQuantizer(bit=4, is_training=False, inited=True)
          (norm_function): StraightThrough()
          (activation_function): StraightThrough()
        )
        (activation_function): ReLU(inplace=True)
        (act_quantizer): UniformAffineQuantizer(bit=4, is_training=False, inited=True)
      )
      (1): QuantBasicBlock(
        (conv1): QuantModule(
          wbit=4, abit=4, disable_act_quant=False
          (weight_quantizer): UniformAffineQuantizer(bit=4, is_training=False, inited=True)
          (act_quantizer): UniformAffineQuantizer(bit=4, is_training=False, inited=True)
          (norm_function): StraightThrough()
          (activation_function): ReLU(inplace=True)
        )
        (conv2): QuantModule(
          wbit=4, abit=4, disable_act_quant=True
          (weight_quantizer): UniformAffineQuantizer(bit=4, is_training=False, inited=True)
          (act_quantizer): UniformAffineQuantizer(bit=4, is_training=False, inited=True)
          (norm_function): StraightThrough()
          (activation_function): StraightThrough()
        )
        (activation_function): ReLU(inplace=True)
        (act_quantizer): UniformAffineQuantizer(bit=4, is_training=False, inited=True)
      )
    )
    (layer3): Sequential(
      (0): QuantBasicBlock(
        (conv1): QuantModule(
          wbit=4, abit=4, disable_act_quant=False
          (weight_quantizer): UniformAffineQuantizer(bit=4, is_training=False, inited=True)
          (act_quantizer): UniformAffineQuantizer(bit=4, is_training=False, inited=True)
          (norm_function): StraightThrough()
          (activation_function): ReLU(inplace=True)
        )
        (conv2): QuantModule(
          wbit=4, abit=4, disable_act_quant=True
          (weight_quantizer): UniformAffineQuantizer(bit=4, is_training=False, inited=True)
          (act_quantizer): UniformAffineQuantizer(bit=4, is_training=False, inited=True)
          (norm_function): StraightThrough()
          (activation_function): StraightThrough()
        )
        (downsample): QuantModule(
          wbit=4, abit=4, disable_act_quant=True
          (weight_quantizer): UniformAffineQuantizer(bit=4, is_training=False, inited=True)
          (act_quantizer): UniformAffineQuantizer(bit=4, is_training=False, inited=True)
          (norm_function): StraightThrough()
          (activation_function): StraightThrough()
        )
        (activation_function): ReLU(inplace=True)
        (act_quantizer): UniformAffineQuantizer(bit=4, is_training=False, inited=True)
      )
      (1): QuantBasicBlock(
        (conv1): QuantModule(
          wbit=4, abit=4, disable_act_quant=False
          (weight_quantizer): UniformAffineQuantizer(bit=4, is_training=False, inited=True)
          (act_quantizer): UniformAffineQuantizer(bit=4, is_training=False, inited=True)
          (norm_function): StraightThrough()
          (activation_function): ReLU(inplace=True)
        )
        (conv2): QuantModule(
          wbit=4, abit=4, disable_act_quant=True
          (weight_quantizer): UniformAffineQuantizer(bit=4, is_training=False, inited=True)
          (act_quantizer): UniformAffineQuantizer(bit=4, is_training=False, inited=True)
          (norm_function): StraightThrough()
          (activation_function): StraightThrough()
        )
        (activation_function): ReLU(inplace=True)
        (act_quantizer): UniformAffineQuantizer(bit=4, is_training=False, inited=True)
      )
    )
    (layer4): Sequential(
      (0): QuantBasicBlock(
        (conv1): QuantModule(
          wbit=4, abit=4, disable_act_quant=False
          (weight_quantizer): UniformAffineQuantizer(bit=4, is_training=False, inited=True)
          (act_quantizer): UniformAffineQuantizer(bit=4, is_training=False, inited=True)
          (norm_function): StraightThrough()
          (activation_function): ReLU(inplace=True)
        )
        (conv2): QuantModule(
          wbit=4, abit=4, disable_act_quant=True
          (weight_quantizer): UniformAffineQuantizer(bit=4, is_training=False, inited=True)
          (act_quantizer): UniformAffineQuantizer(bit=4, is_training=False, inited=True)
          (norm_function): StraightThrough()
          (activation_function): StraightThrough()
        )
        (downsample): QuantModule(
          wbit=4, abit=4, disable_act_quant=True
          (weight_quantizer): UniformAffineQuantizer(bit=4, is_training=False, inited=True)
          (act_quantizer): UniformAffineQuantizer(bit=4, is_training=False, inited=True)
          (norm_function): StraightThrough()
          (activation_function): StraightThrough()
        )
        (activation_function): ReLU(inplace=True)
        (act_quantizer): UniformAffineQuantizer(bit=4, is_training=False, inited=True)
      )
      (1): QuantBasicBlock(
        (conv1): QuantModule(
          wbit=4, abit=4, disable_act_quant=False
          (weight_quantizer): UniformAffineQuantizer(bit=4, is_training=False, inited=True)
          (act_quantizer): UniformAffineQuantizer(bit=4, is_training=False, inited=True)
          (norm_function): StraightThrough()
          (activation_function): ReLU(inplace=True)
        )
        (conv2): QuantModule(
          wbit=4, abit=4, disable_act_quant=True
          (weight_quantizer): UniformAffineQuantizer(bit=4, is_training=False, inited=True)
          (act_quantizer): UniformAffineQuantizer(bit=4, is_training=False, inited=True)
          (norm_function): StraightThrough()
          (activation_function): StraightThrough()
        )
        (activation_function): ReLU(inplace=True)
        (act_quantizer): UniformAffineQuantizer(bit=4, is_training=False, inited=True)
      )
    )
    (avgpool): AdaptiveAvgPool2d(output_size=(1, 1))
    (fc): QuantModule(
      wbit=4, abit=4, disable_act_quant=True
      (weight_quantizer): UniformAffineQuantizer(bit=4, is_training=False, inited=True)
      (act_quantizer): UniformAffineQuantizer(bit=4, is_training=False, inited=True)
      (norm_function): StraightThrough()
      (activation_function): StraightThrough()
    )
  )
)
Reconstruction for layer conv1
Start correcting 32 batches of data!
Total loss:	21.192 (mse:4.362, mean:10.938, std:5.892)	count=499
Total loss:	23.901 (mse:5.069, mean:12.871, std:5.961)	count=499
Total loss:	20.062 (mse:4.695, mean:9.869, std:5.498)	count=499
Total loss:	27.691 (mse:5.420, mean:15.881, std:6.390)	count=499
Total loss:	23.312 (mse:4.992, mean:11.990, std:6.330)	count=499
Total loss:	22.521 (mse:4.832, mean:11.838, std:5.851)	count=499
Total loss:	17.219 (mse:4.161, mean:7.658, std:5.399)	count=499
Total loss:	23.394 (mse:5.177, mean:12.602, std:5.616)	count=499
Total loss:	23.555 (mse:5.144, mean:11.495, std:6.916)	count=499
Total loss:	18.540 (mse:4.392, mean:7.964, std:6.184)	count=499
Total loss:	22.983 (mse:4.784, mean:12.286, std:5.913)	count=499
Total loss:	18.748 (mse:4.482, mean:8.940, std:5.326)	count=499
Total loss:	27.137 (mse:5.383, mean:15.000, std:6.754)	count=499
Total loss:	17.387 (mse:4.084, mean:8.682, std:4.620)	count=499
Total loss:	23.204 (mse:5.382, mean:11.215, std:6.607)	count=499
Total loss:	24.122 (mse:5.588, mean:11.672, std:6.862)	count=499
Total loss:	16.759 (mse:3.887, mean:7.799, std:5.072)	count=499
Total loss:	23.370 (mse:4.916, mean:12.983, std:5.471)	count=499
Total loss:	19.351 (mse:3.939, mean:10.852, std:4.560)	count=499
Total loss:	21.531 (mse:4.979, mean:8.469, std:8.083)	count=499
Total loss:	17.631 (mse:4.097, mean:8.545, std:4.990)	count=499
Total loss:	21.789 (mse:4.727, mean:10.654, std:6.408)	count=499
Total loss:	24.433 (mse:5.154, mean:13.821, std:5.458)	count=499
Total loss:	20.636 (mse:4.968, mean:9.557, std:6.111)	count=499
Total loss:	28.744 (mse:5.958, mean:15.290, std:7.496)	count=499
Total loss:	19.619 (mse:5.111, mean:8.604, std:5.904)	count=499
Total loss:	19.674 (mse:4.472, mean:9.361, std:5.841)	count=499
Total loss:	22.065 (mse:5.389, mean:9.812, std:6.865)	count=499
Total loss:	21.564 (mse:4.740, mean:10.878, std:5.946)	count=499
Total loss:	19.739 (mse:4.704, mean:9.016, std:6.019)	count=499
Total loss:	20.763 (mse:4.583, mean:9.675, std:6.505)	count=499
Total loss:	20.297 (mse:4.723, mean:9.487, std:6.088)	count=499
Init alpha to be FP32
Total loss:	0.073 (rec:0.046, pd:0.027, round:0.000)	b=0.00	count=500
Total loss:	0.095 (rec:0.055, pd:0.040, round:0.000)	b=0.00	count=1000
Total loss:	0.083 (rec:0.052, pd:0.031, round:0.000)	b=0.00	count=1500
Total loss:	0.089 (rec:0.054, pd:0.035, round:0.000)	b=0.00	count=2000
Total loss:	0.079 (rec:0.049, pd:0.031, round:0.000)	b=0.00	count=2500
Total loss:	0.121 (rec:0.063, pd:0.058, round:0.000)	b=0.00	count=3000
Total loss:	0.086 (rec:0.056, pd:0.030, round:0.000)	b=0.00	count=3500
Total loss:	81.713 (rec:0.058, pd:0.046, round:81.610)	b=20.00	count=4000
Total loss:	46.015 (rec:0.052, pd:0.032, round:45.931)	b=19.44	count=4500
Total loss:	43.228 (rec:0.056, pd:0.038, round:43.134)	b=18.88	count=5000
Total loss:	41.432 (rec:0.056, pd:0.048, round:41.328)	b=18.31	count=5500
Total loss:	39.985 (rec:0.050, pd:0.040, round:39.895)	b=17.75	count=6000
Total loss:	38.619 (rec:0.052, pd:0.032, round:38.535)	b=17.19	count=6500
Total loss:	37.378 (rec:0.053, pd:0.032, round:37.293)	b=16.62	count=7000
Total loss:	36.093 (rec:0.055, pd:0.036, round:36.002)	b=16.06	count=7500
Total loss:	34.995 (rec:0.057, pd:0.033, round:34.905)	b=15.50	count=8000
Total loss:	33.884 (rec:0.051, pd:0.037, round:33.796)	b=14.94	count=8500
Total loss:	32.481 (rec:0.059, pd:0.033, round:32.389)	b=14.38	count=9000
Total loss:	31.195 (rec:0.054, pd:0.044, round:31.096)	b=13.81	count=9500
Total loss:	30.010 (rec:0.055, pd:0.030, round:29.924)	b=13.25	count=10000
Total loss:	28.623 (rec:0.049, pd:0.027, round:28.547)	b=12.69	count=10500
Total loss:	27.194 (rec:0.047, pd:0.023, round:27.125)	b=12.12	count=11000
Total loss:	25.903 (rec:0.052, pd:0.035, round:25.816)	b=11.56	count=11500
Total loss:	24.636 (rec:0.049, pd:0.033, round:24.553)	b=11.00	count=12000
Total loss:	23.328 (rec:0.049, pd:0.033, round:23.245)	b=10.44	count=12500
Total loss:	21.773 (rec:0.049, pd:0.027, round:21.697)	b=9.88	count=13000
Total loss:	20.102 (rec:0.051, pd:0.032, round:20.018)	b=9.31	count=13500
Total loss:	18.343 (rec:0.054, pd:0.040, round:18.249)	b=8.75	count=14000
Total loss:	16.633 (rec:0.049, pd:0.029, round:16.555)	b=8.19	count=14500
Total loss:	14.689 (rec:0.057, pd:0.034, round:14.597)	b=7.62	count=15000
Total loss:	12.998 (rec:0.052, pd:0.040, round:12.906)	b=7.06	count=15500
Total loss:	11.166 (rec:0.052, pd:0.043, round:11.071)	b=6.50	count=16000
Total loss:	8.799 (rec:0.054, pd:0.037, round:8.709)	b=5.94	count=16500
Total loss:	6.590 (rec:0.059, pd:0.040, round:6.491)	b=5.38	count=17000
Total loss:	4.550 (rec:0.058, pd:0.036, round:4.456)	b=4.81	count=17500
Total loss:	2.391 (rec:0.058, pd:0.037, round:2.296)	b=4.25	count=18000
Total loss:	0.692 (rec:0.058, pd:0.030, round:0.603)	b=3.69	count=18500
Total loss:	0.109 (rec:0.058, pd:0.039, round:0.013)	b=3.12	count=19000
Total loss:	0.102 (rec:0.054, pd:0.048, round:0.000)	b=2.56	count=19500
Total loss:	0.098 (rec:0.058, pd:0.040, round:0.000)	b=2.00	count=20000
Reconstruction for block 0
Start correcting 32 batches of data!
Total loss:	1.424 (mse:0.200, mean:0.591, std:0.634)	count=499
Total loss:	1.629 (mse:0.219, mean:0.651, std:0.759)	count=499
Total loss:	1.524 (mse:0.198, mean:0.564, std:0.762)	count=499
Total loss:	1.689 (mse:0.234, mean:0.704, std:0.752)	count=499
Total loss:	1.883 (mse:0.262, mean:0.789, std:0.832)	count=499
Total loss:	1.502 (mse:0.200, mean:0.636, std:0.666)	count=499
Total loss:	1.550 (mse:0.206, mean:0.608, std:0.736)	count=499
Total loss:	1.634 (mse:0.212, mean:0.715, std:0.707)	count=499
Total loss:	1.640 (mse:0.230, mean:0.589, std:0.821)	count=499
Total loss:	1.655 (mse:0.223, mean:0.746, std:0.686)	count=499
Total loss:	1.881 (mse:0.248, mean:0.919, std:0.714)	count=499
Total loss:	1.818 (mse:0.237, mean:0.869, std:0.712)	count=499
Total loss:	1.649 (mse:0.220, mean:0.693, std:0.736)	count=499
Total loss:	1.303 (mse:0.170, mean:0.522, std:0.611)	count=499
Total loss:	1.855 (mse:0.239, mean:0.922, std:0.694)	count=499
Total loss:	1.940 (mse:0.258, mean:0.878, std:0.803)	count=499
Total loss:	1.279 (mse:0.169, mean:0.556, std:0.554)	count=499
Total loss:	1.546 (mse:0.205, mean:0.619, std:0.721)	count=499
Total loss:	1.323 (mse:0.179, mean:0.518, std:0.627)	count=499
Total loss:	2.282 (mse:0.295, mean:1.059, std:0.928)	count=499
Total loss:	1.558 (mse:0.211, mean:0.618, std:0.730)	count=499
Total loss:	1.480 (mse:0.199, mean:0.637, std:0.644)	count=499
Total loss:	1.639 (mse:0.220, mean:0.764, std:0.655)	count=499
Total loss:	1.808 (mse:0.240, mean:0.773, std:0.794)	count=499
Total loss:	2.013 (mse:0.271, mean:0.829, std:0.913)	count=499
Total loss:	1.974 (mse:0.247, mean:1.081, std:0.646)	count=499
Total loss:	1.469 (mse:0.198, mean:0.605, std:0.665)	count=499
Total loss:	1.848 (mse:0.247, mean:0.780, std:0.821)	count=499
Total loss:	1.756 (mse:0.233, mean:0.764, std:0.760)	count=499
Total loss:	1.561 (mse:0.214, mean:0.614, std:0.733)	count=499
Total loss:	1.982 (mse:0.267, mean:1.119, std:0.595)	count=499
Total loss:	1.452 (mse:0.199, mean:0.536, std:0.717)	count=499
Init alpha to be FP32
Init alpha to be FP32
Total loss:	0.219 (rec:0.184, pd:0.035, round:0.000)	b=0.00	count=500
Total loss:	0.242 (rec:0.202, pd:0.039, round:0.000)	b=0.00	count=1000
Total loss:	0.249 (rec:0.213, pd:0.035, round:0.000)	b=0.00	count=1500
Total loss:	0.199 (rec:0.170, pd:0.030, round:0.000)	b=0.00	count=2000
Total loss:	0.224 (rec:0.195, pd:0.029, round:0.000)	b=0.00	count=2500
Total loss:	0.195 (rec:0.166, pd:0.029, round:0.000)	b=0.00	count=3000
Total loss:	0.201 (rec:0.174, pd:0.027, round:0.000)	b=0.00	count=3500
Total loss:	636.064 (rec:0.173, pd:0.024, round:635.866)	b=20.00	count=4000
Total loss:	347.149 (rec:0.169, pd:0.019, round:346.962)	b=19.44	count=4500
Total loss:	325.332 (rec:0.182, pd:0.029, round:325.121)	b=18.88	count=5000
Total loss:	309.546 (rec:0.186, pd:0.027, round:309.333)	b=18.31	count=5500
Total loss:	295.950 (rec:0.197, pd:0.030, round:295.723)	b=17.75	count=6000
Total loss:	283.437 (rec:0.185, pd:0.027, round:283.224)	b=17.19	count=6500
Total loss:	271.196 (rec:0.164, pd:0.017, round:271.015)	b=16.62	count=7000
Total loss:	259.658 (rec:0.170, pd:0.022, round:259.466)	b=16.06	count=7500
Total loss:	249.131 (rec:0.185, pd:0.021, round:248.925)	b=15.50	count=8000
Total loss:	237.580 (rec:0.167, pd:0.021, round:237.392)	b=14.94	count=8500
Total loss:	227.272 (rec:0.179, pd:0.025, round:227.068)	b=14.38	count=9000
Total loss:	215.647 (rec:0.180, pd:0.021, round:215.446)	b=13.81	count=9500
Total loss:	204.048 (rec:0.162, pd:0.023, round:203.862)	b=13.25	count=10000
Total loss:	192.471 (rec:0.189, pd:0.026, round:192.256)	b=12.69	count=10500
Total loss:	180.791 (rec:0.181, pd:0.022, round:180.588)	b=12.12	count=11000
Total loss:	168.412 (rec:0.164, pd:0.022, round:168.226)	b=11.56	count=11500
Total loss:	156.071 (rec:0.189, pd:0.032, round:155.849)	b=11.00	count=12000
Total loss:	142.407 (rec:0.190, pd:0.023, round:142.194)	b=10.44	count=12500
Total loss:	128.839 (rec:0.201, pd:0.024, round:128.614)	b=9.88	count=13000
Total loss:	115.114 (rec:0.180, pd:0.027, round:114.907)	b=9.31	count=13500
Total loss:	100.960 (rec:0.168, pd:0.025, round:100.767)	b=8.75	count=14000
Total loss:	86.772 (rec:0.194, pd:0.022, round:86.556)	b=8.19	count=14500
Total loss:	71.215 (rec:0.191, pd:0.021, round:71.002)	b=7.62	count=15000
Total loss:	55.993 (rec:0.212, pd:0.027, round:55.754)	b=7.06	count=15500
Total loss:	41.669 (rec:0.173, pd:0.027, round:41.469)	b=6.50	count=16000
Total loss:	27.525 (rec:0.188, pd:0.024, round:27.313)	b=5.94	count=16500
Total loss:	14.040 (rec:0.206, pd:0.029, round:13.806)	b=5.38	count=17000
Total loss:	4.220 (rec:0.181, pd:0.024, round:4.015)	b=4.81	count=17500
Total loss:	0.519 (rec:0.220, pd:0.020, round:0.278)	b=4.25	count=18000
Total loss:	0.268 (rec:0.230, pd:0.028, round:0.010)	b=3.69	count=18500
Total loss:	0.233 (rec:0.209, pd:0.023, round:0.000)	b=3.12	count=19000
Total loss:	0.198 (rec:0.173, pd:0.025, round:0.000)	b=2.56	count=19500
Total loss:	0.218 (rec:0.193, pd:0.026, round:0.000)	b=2.00	count=20000
Reconstruction for block 1
Start correcting 32 batches of data!
Total loss:	0.984 (mse:0.066, mean:0.515, std:0.403)	count=499
Total loss:	0.999 (mse:0.063, mean:0.500, std:0.435)	count=499
Total loss:	0.982 (mse:0.061, mean:0.459, std:0.462)	count=499
Total loss:	1.125 (mse:0.071, mean:0.581, std:0.474)	count=499
Total loss:	1.211 (mse:0.082, mean:0.596, std:0.533)	count=499
Total loss:	0.931 (mse:0.059, mean:0.483, std:0.389)	count=499
Total loss:	0.959 (mse:0.063, mean:0.446, std:0.450)	count=499
Total loss:	1.055 (mse:0.068, mean:0.565, std:0.421)	count=499
Total loss:	1.118 (mse:0.076, mean:0.515, std:0.527)	count=499
Total loss:	1.049 (mse:0.068, mean:0.575, std:0.405)	count=499
Total loss:	1.046 (mse:0.068, mean:0.604, std:0.373)	count=499
Total loss:	1.133 (mse:0.078, mean:0.604, std:0.451)	count=499
Total loss:	1.161 (mse:0.078, mean:0.593, std:0.489)	count=499
Total loss:	0.787 (mse:0.052, mean:0.406, std:0.330)	count=499
Total loss:	1.131 (mse:0.075, mean:0.606, std:0.450)	count=499
Total loss:	1.217 (mse:0.082, mean:0.599, std:0.537)	count=499
Total loss:	0.853 (mse:0.054, mean:0.460, std:0.339)	count=499
Total loss:	1.068 (mse:0.071, mean:0.541, std:0.456)	count=499
Total loss:	0.889 (mse:0.057, mean:0.462, std:0.369)	count=499
Total loss:	1.237 (mse:0.082, mean:0.634, std:0.521)	count=499
Total loss:	0.996 (mse:0.064, mean:0.477, std:0.455)	count=499
Total loss:	0.924 (mse:0.058, mean:0.487, std:0.379)	count=499
Total loss:	1.092 (mse:0.074, mean:0.587, std:0.432)	count=499
Total loss:	1.033 (mse:0.066, mean:0.492, std:0.475)	count=499
Total loss:	1.300 (mse:0.087, mean:0.613, std:0.599)	count=499
Total loss:	1.074 (mse:0.073, mean:0.640, std:0.362)	count=499
Total loss:	0.937 (mse:0.060, mean:0.462, std:0.414)	count=499
Total loss:	1.201 (mse:0.081, mean:0.609, std:0.511)	count=499
Total loss:	1.049 (mse:0.069, mean:0.535, std:0.446)	count=499
Total loss:	0.962 (mse:0.063, mean:0.485, std:0.414)	count=499
Total loss:	1.259 (mse:0.084, mean:0.754, std:0.421)	count=499
Total loss:	0.923 (mse:0.060, mean:0.447, std:0.417)	count=499
Init alpha to be FP32
Init alpha to be FP32
Total loss:	0.380 (rec:0.352, pd:0.028, round:0.000)	b=0.00	count=500
Total loss:	0.420 (rec:0.390, pd:0.030, round:0.000)	b=0.00	count=1000
Total loss:	0.389 (rec:0.363, pd:0.025, round:0.000)	b=0.00	count=1500
Total loss:	0.343 (rec:0.321, pd:0.022, round:0.000)	b=0.00	count=2000
Total loss:	0.376 (rec:0.354, pd:0.022, round:0.000)	b=0.00	count=2500
Total loss:	0.349 (rec:0.328, pd:0.021, round:0.000)	b=0.00	count=3000
Total loss:	0.367 (rec:0.341, pd:0.026, round:0.000)	b=0.00	count=3500
Total loss:	646.873 (rec:0.321, pd:0.021, round:646.531)	b=20.00	count=4000
Total loss:	347.502 (rec:0.326, pd:0.019, round:347.157)	b=19.44	count=4500
Total loss:	323.323 (rec:0.323, pd:0.024, round:322.977)	b=18.88	count=5000
Total loss:	306.527 (rec:0.351, pd:0.024, round:306.151)	b=18.31	count=5500
Total loss:	292.488 (rec:0.327, pd:0.022, round:292.139)	b=17.75	count=6000
Total loss:	279.317 (rec:0.328, pd:0.019, round:278.970)	b=17.19	count=6500
Total loss:	266.979 (rec:0.331, pd:0.021, round:266.626)	b=16.62	count=7000
Total loss:	254.635 (rec:0.340, pd:0.026, round:254.269)	b=16.06	count=7500
Total loss:	242.746 (rec:0.380, pd:0.024, round:242.342)	b=15.50	count=8000
Total loss:	230.794 (rec:0.335, pd:0.022, round:230.436)	b=14.94	count=8500
Total loss:	219.435 (rec:0.463, pd:0.033, round:218.939)	b=14.38	count=9000
Total loss:	206.843 (rec:0.318, pd:0.022, round:206.502)	b=13.81	count=9500
Total loss:	195.016 (rec:0.352, pd:0.021, round:194.643)	b=13.25	count=10000
Total loss:	181.948 (rec:0.373, pd:0.019, round:181.555)	b=12.69	count=10500
Total loss:	169.652 (rec:0.325, pd:0.021, round:169.306)	b=12.12	count=11000
Total loss:	156.521 (rec:0.352, pd:0.024, round:156.146)	b=11.56	count=11500
Total loss:	142.211 (rec:0.388, pd:0.024, round:141.799)	b=11.00	count=12000
Total loss:	128.109 (rec:0.327, pd:0.019, round:127.763)	b=10.44	count=12500
Total loss:	112.948 (rec:0.323, pd:0.021, round:112.605)	b=9.88	count=13000
Total loss:	97.645 (rec:0.345, pd:0.019, round:97.281)	b=9.31	count=13500
Total loss:	82.005 (rec:0.350, pd:0.022, round:81.633)	b=8.75	count=14000
Total loss:	65.516 (rec:0.377, pd:0.020, round:65.120)	b=8.19	count=14500
Total loss:	50.121 (rec:0.343, pd:0.017, round:49.760)	b=7.62	count=15000
Total loss:	35.471 (rec:0.347, pd:0.023, round:35.101)	b=7.06	count=15500
Total loss:	22.226 (rec:0.348, pd:0.019, round:21.858)	b=6.50	count=16000
Total loss:	11.255 (rec:0.348, pd:0.021, round:10.886)	b=5.94	count=16500
Total loss:	3.557 (rec:0.347, pd:0.022, round:3.187)	b=5.38	count=17000
Total loss:	0.866 (rec:0.430, pd:0.021, round:0.414)	b=4.81	count=17500
Total loss:	0.425 (rec:0.371, pd:0.024, round:0.030)	b=4.25	count=18000
Total loss:	0.368 (rec:0.343, pd:0.022, round:0.003)	b=3.69	count=18500
Total loss:	0.376 (rec:0.355, pd:0.021, round:0.000)	b=3.12	count=19000
Total loss:	0.354 (rec:0.336, pd:0.018, round:0.000)	b=2.56	count=19500
Total loss:	0.373 (rec:0.352, pd:0.021, round:0.000)	b=2.00	count=20000
Reconstruction for block 0
Start correcting 32 batches of data!
Total loss:	2.050 (mse:0.217, mean:0.915, std:0.919)	count=499
Total loss:	2.109 (mse:0.223, mean:0.987, std:0.899)	count=499
Total loss:	2.189 (mse:0.234, mean:1.069, std:0.886)	count=499
Total loss:	2.425 (mse:0.260, mean:1.150, std:1.015)	count=499
Total loss:	2.515 (mse:0.271, mean:1.175, std:1.069)	count=499
Total loss:	2.049 (mse:0.216, mean:0.962, std:0.870)	count=499
Total loss:	1.901 (mse:0.201, mean:0.843, std:0.857)	count=499
Total loss:	2.223 (mse:0.235, mean:1.083, std:0.905)	count=499
Total loss:	2.363 (mse:0.254, mean:0.958, std:1.150)	count=499
Total loss:	2.334 (mse:0.261, mean:1.165, std:0.907)	count=499
Total loss:	2.224 (mse:0.238, mean:1.172, std:0.814)	count=499
Total loss:	2.117 (mse:0.231, mean:0.980, std:0.906)	count=499
Total loss:	2.462 (mse:0.266, mean:1.121, std:1.075)	count=499
Total loss:	1.797 (mse:0.191, mean:0.888, std:0.717)	count=499
Total loss:	2.129 (mse:0.225, mean:0.961, std:0.943)	count=499
Total loss:	2.449 (mse:0.265, mean:1.035, std:1.149)	count=499
Total loss:	1.784 (mse:0.181, mean:0.895, std:0.707)	count=499
Total loss:	2.380 (mse:0.256, mean:1.112, std:1.011)	count=499
Total loss:	1.876 (mse:0.195, mean:0.879, std:0.803)	count=499
Total loss:	2.298 (mse:0.249, mean:1.132, std:0.917)	count=499
Total loss:	2.084 (mse:0.223, mean:0.942, std:0.919)	count=499
Total loss:	1.934 (mse:0.204, mean:0.915, std:0.815)	count=499
Total loss:	2.405 (mse:0.260, mean:1.151, std:0.994)	count=499
Total loss:	2.157 (mse:0.235, mean:0.954, std:0.969)	count=499
Total loss:	2.603 (mse:0.285, mean:1.108, std:1.210)	count=499
Total loss:	2.118 (mse:0.233, mean:1.083, std:0.802)	count=499
Total loss:	1.989 (mse:0.216, mean:0.901, std:0.872)	count=499
Total loss:	2.357 (mse:0.249, mean:1.037, std:1.071)	count=499
Total loss:	2.186 (mse:0.230, mean:1.033, std:0.924)	count=499
Total loss:	2.156 (mse:0.225, mean:1.054, std:0.877)	count=499
Total loss:	2.590 (mse:0.272, mean:1.271, std:1.048)	count=499
Total loss:	1.981 (mse:0.211, mean:0.882, std:0.888)	count=499
Init alpha to be FP32
Init alpha to be FP32
Init alpha to be FP32
Total loss:	0.204 (rec:0.179, pd:0.024, round:0.000)	b=0.00	count=500
Total loss:	0.201 (rec:0.182, pd:0.019, round:0.000)	b=0.00	count=1000
Total loss:	0.195 (rec:0.176, pd:0.018, round:0.000)	b=0.00	count=1500
Total loss:	0.196 (rec:0.176, pd:0.020, round:0.000)	b=0.00	count=2000
Total loss:	0.206 (rec:0.185, pd:0.021, round:0.000)	b=0.00	count=2500
Total loss:	0.196 (rec:0.177, pd:0.019, round:0.000)	b=0.00	count=3000
Total loss:	0.197 (rec:0.177, pd:0.019, round:0.000)	b=0.00	count=3500
Total loss:	2098.642 (rec:0.175, pd:0.015, round:2098.452)	b=20.00	count=4000
Total loss:	1067.858 (rec:0.195, pd:0.020, round:1067.643)	b=19.44	count=4500
Total loss:	994.161 (rec:0.183, pd:0.019, round:993.960)	b=18.88	count=5000
Total loss:	941.593 (rec:0.183, pd:0.019, round:941.390)	b=18.31	count=5500
Total loss:	896.671 (rec:0.178, pd:0.016, round:896.477)	b=17.75	count=6000
Total loss:	856.743 (rec:0.181, pd:0.015, round:856.547)	b=17.19	count=6500
Total loss:	818.376 (rec:0.201, pd:0.019, round:818.156)	b=16.62	count=7000
Total loss:	781.070 (rec:0.187, pd:0.018, round:780.865)	b=16.06	count=7500
Total loss:	743.731 (rec:0.186, pd:0.017, round:743.528)	b=15.50	count=8000
Total loss:	707.221 (rec:0.191, pd:0.021, round:707.009)	b=14.94	count=8500
Total loss:	670.185 (rec:0.186, pd:0.016, round:669.982)	b=14.38	count=9000
Total loss:	631.953 (rec:0.183, pd:0.018, round:631.752)	b=13.81	count=9500
Total loss:	593.896 (rec:0.189, pd:0.018, round:593.690)	b=13.25	count=10000
Total loss:	554.886 (rec:0.192, pd:0.019, round:554.675)	b=12.69	count=10500
Total loss:	515.434 (rec:0.195, pd:0.019, round:515.219)	b=12.12	count=11000
Total loss:	474.376 (rec:0.184, pd:0.017, round:474.175)	b=11.56	count=11500
Total loss:	430.354 (rec:0.182, pd:0.017, round:430.155)	b=11.00	count=12000
Total loss:	385.418 (rec:0.186, pd:0.018, round:385.214)	b=10.44	count=12500
Total loss:	340.902 (rec:0.189, pd:0.018, round:340.696)	b=9.88	count=13000
Total loss:	293.961 (rec:0.194, pd:0.018, round:293.748)	b=9.31	count=13500
Total loss:	246.668 (rec:0.205, pd:0.019, round:246.443)	b=8.75	count=14000
Total loss:	197.743 (rec:0.192, pd:0.016, round:197.534)	b=8.19	count=14500
Total loss:	150.194 (rec:0.198, pd:0.018, round:149.978)	b=7.62	count=15000
Total loss:	105.603 (rec:0.190, pd:0.016, round:105.396)	b=7.06	count=15500
Total loss:	65.418 (rec:0.194, pd:0.017, round:65.207)	b=6.50	count=16000
Total loss:	31.999 (rec:0.196, pd:0.016, round:31.787)	b=5.94	count=16500
Total loss:	6.460 (rec:0.222, pd:0.021, round:6.217)	b=5.38	count=17000
Total loss:	0.649 (rec:0.198, pd:0.017, round:0.434)	b=4.81	count=17500
Total loss:	0.293 (rec:0.208, pd:0.016, round:0.069)	b=4.25	count=18000
Total loss:	0.257 (rec:0.207, pd:0.021, round:0.029)	b=3.69	count=18500
Total loss:	0.228 (rec:0.209, pd:0.019, round:0.000)	b=3.12	count=19000
Total loss:	0.227 (rec:0.210, pd:0.017, round:0.000)	b=2.56	count=19500
Total loss:	0.220 (rec:0.202, pd:0.018, round:0.000)	b=2.00	count=20000
Reconstruction for block 1
Start correcting 32 batches of data!
Total loss:	0.662 (mse:0.053, mean:0.366, std:0.243)	count=499
Total loss:	0.607 (mse:0.047, mean:0.347, std:0.213)	count=499
Total loss:	0.691 (mse:0.058, mean:0.383, std:0.250)	count=499
Total loss:	0.810 (mse:0.067, mean:0.472, std:0.271)	count=499
Total loss:	0.779 (mse:0.066, mean:0.427, std:0.285)	count=499
Total loss:	0.598 (mse:0.046, mean:0.341, std:0.211)	count=499
Total loss:	0.591 (mse:0.047, mean:0.308, std:0.236)	count=499
Total loss:	0.694 (mse:0.055, mean:0.408, std:0.231)	count=499
Total loss:	0.803 (mse:0.065, mean:0.444, std:0.294)	count=499
Total loss:	0.761 (mse:0.064, mean:0.445, std:0.252)	count=499
Total loss:	0.620 (mse:0.048, mean:0.379, std:0.194)	count=499
Total loss:	0.651 (mse:0.055, mean:0.374, std:0.222)	count=499
Total loss:	0.718 (mse:0.057, mean:0.399, std:0.262)	count=499
Total loss:	0.604 (mse:0.050, mean:0.350, std:0.205)	count=499
Total loss:	0.638 (mse:0.052, mean:0.355, std:0.230)	count=499
Total loss:	0.734 (mse:0.058, mean:0.408, std:0.268)	count=499
Total loss:	0.634 (mse:0.052, mean:0.374, std:0.207)	count=499
Total loss:	0.717 (mse:0.060, mean:0.392, std:0.265)	count=499
Total loss:	0.598 (mse:0.048, mean:0.333, std:0.217)	count=499
Total loss:	0.692 (mse:0.059, mean:0.412, std:0.220)	count=499
Total loss:	0.672 (mse:0.056, mean:0.356, std:0.260)	count=499
Total loss:	0.580 (mse:0.046, mean:0.331, std:0.202)	count=499
Total loss:	0.696 (mse:0.057, mean:0.375, std:0.264)	count=499
Total loss:	0.712 (mse:0.060, mean:0.399, std:0.253)	count=499
Total loss:	0.758 (mse:0.064, mean:0.384, std:0.310)	count=499
Total loss:	0.593 (mse:0.045, mean:0.371, std:0.178)	count=499
Total loss:	0.688 (mse:0.058, mean:0.403, std:0.228)	count=499
Total loss:	0.690 (mse:0.058, mean:0.364, std:0.269)	count=499
Total loss:	0.682 (mse:0.057, mean:0.377, std:0.248)	count=499
Total loss:	0.670 (mse:0.052, mean:0.384, std:0.234)	count=499
Total loss:	0.768 (mse:0.060, mean:0.462, std:0.246)	count=499
Total loss:	0.635 (mse:0.051, mean:0.347, std:0.236)	count=499
Init alpha to be FP32
Init alpha to be FP32
Total loss:	0.335 (rec:0.319, pd:0.015, round:0.000)	b=0.00	count=500
Total loss:	0.319 (rec:0.304, pd:0.015, round:0.000)	b=0.00	count=1000
Total loss:	0.350 (rec:0.332, pd:0.018, round:0.000)	b=0.00	count=1500
Total loss:	0.321 (rec:0.303, pd:0.018, round:0.000)	b=0.00	count=2000
Total loss:	0.331 (rec:0.315, pd:0.016, round:0.000)	b=0.00	count=2500
Total loss:	0.337 (rec:0.319, pd:0.017, round:0.000)	b=0.00	count=3000
Total loss:	0.342 (rec:0.324, pd:0.017, round:0.000)	b=0.00	count=3500
Total loss:	2644.222 (rec:0.326, pd:0.016, round:2643.880)	b=20.00	count=4000
Total loss:	1311.204 (rec:0.315, pd:0.015, round:1310.874)	b=19.44	count=4500
Total loss:	1217.129 (rec:0.333, pd:0.018, round:1216.778)	b=18.88	count=5000
Total loss:	1149.316 (rec:0.329, pd:0.016, round:1148.971)	b=18.31	count=5500
Total loss:	1091.724 (rec:0.313, pd:0.014, round:1091.397)	b=17.75	count=6000
Total loss:	1038.853 (rec:0.331, pd:0.017, round:1038.505)	b=17.19	count=6500
Total loss:	988.310 (rec:0.337, pd:0.016, round:987.957)	b=16.62	count=7000
Total loss:	938.960 (rec:0.317, pd:0.016, round:938.626)	b=16.06	count=7500
Total loss:	891.847 (rec:0.320, pd:0.015, round:891.512)	b=15.50	count=8000
Total loss:	844.609 (rec:0.342, pd:0.017, round:844.250)	b=14.94	count=8500
Total loss:	798.122 (rec:0.301, pd:0.016, round:797.805)	b=14.38	count=9000
Total loss:	749.686 (rec:0.319, pd:0.014, round:749.353)	b=13.81	count=9500
Total loss:	701.058 (rec:0.343, pd:0.013, round:700.702)	b=13.25	count=10000
Total loss:	649.868 (rec:0.330, pd:0.017, round:649.521)	b=12.69	count=10500
Total loss:	599.437 (rec:0.334, pd:0.015, round:599.089)	b=12.12	count=11000
Total loss:	546.514 (rec:0.361, pd:0.015, round:546.137)	b=11.56	count=11500
Total loss:	492.576 (rec:0.326, pd:0.015, round:492.235)	b=11.00	count=12000
Total loss:	437.733 (rec:0.340, pd:0.015, round:437.378)	b=10.44	count=12500
Total loss:	380.945 (rec:0.345, pd:0.017, round:380.583)	b=9.88	count=13000
Total loss:	322.492 (rec:0.325, pd:0.015, round:322.152)	b=9.31	count=13500
Total loss:	264.905 (rec:0.336, pd:0.018, round:264.551)	b=8.75	count=14000
Total loss:	205.883 (rec:0.345, pd:0.017, round:205.520)	b=8.19	count=14500
Total loss:	150.089 (rec:0.333, pd:0.016, round:149.741)	b=7.62	count=15000
Total loss:	97.764 (rec:0.336, pd:0.016, round:97.412)	b=7.06	count=15500
Total loss:	52.083 (rec:0.340, pd:0.016, round:51.728)	b=6.50	count=16000
Total loss:	14.813 (rec:0.320, pd:0.015, round:14.478)	b=5.94	count=16500
Total loss:	1.662 (rec:0.330, pd:0.014, round:1.318)	b=5.38	count=17000
Total loss:	0.528 (rec:0.335, pd:0.014, round:0.179)	b=4.81	count=17500
Total loss:	0.371 (rec:0.324, pd:0.017, round:0.030)	b=4.25	count=18000
Total loss:	0.369 (rec:0.352, pd:0.017, round:0.000)	b=3.69	count=18500
Total loss:	0.357 (rec:0.341, pd:0.017, round:0.000)	b=3.12	count=19000
Total loss:	0.347 (rec:0.331, pd:0.016, round:0.000)	b=2.56	count=19500
Total loss:	0.354 (rec:0.337, pd:0.016, round:0.000)	b=2.00	count=20000
Reconstruction for block 0
Start correcting 32 batches of data!
Total loss:	2.836 (mse:0.514, mean:1.529, std:0.793)	count=499
Total loss:	2.945 (mse:0.544, mean:1.672, std:0.729)	count=499
Total loss:	3.083 (mse:0.580, mean:1.718, std:0.785)	count=499
Total loss:	3.428 (mse:0.651, mean:1.910, std:0.868)	count=499
Total loss:	3.324 (mse:0.609, mean:1.814, std:0.901)	count=499
Total loss:	2.788 (mse:0.503, mean:1.548, std:0.736)	count=499
Total loss:	2.762 (mse:0.518, mean:1.479, std:0.766)	count=499
Total loss:	3.144 (mse:0.581, mean:1.809, std:0.754)	count=499
Total loss:	3.226 (mse:0.591, mean:1.770, std:0.864)	count=499
Total loss:	3.293 (mse:0.630, mean:1.881, std:0.782)	count=499
Total loss:	3.121 (mse:0.592, mean:1.828, std:0.701)	count=499
Total loss:	2.831 (mse:0.510, mean:1.613, std:0.709)	count=499
Total loss:	3.096 (mse:0.561, mean:1.727, std:0.808)	count=499
Total loss:	2.633 (mse:0.483, mean:1.505, std:0.645)	count=499
Total loss:	2.989 (mse:0.558, mean:1.676, std:0.755)	count=499
Total loss:	3.161 (mse:0.572, mean:1.743, std:0.846)	count=499
Total loss:	2.904 (mse:0.549, mean:1.633, std:0.721)	count=499
Total loss:	2.984 (mse:0.541, mean:1.638, std:0.804)	count=499
Total loss:	2.797 (mse:0.520, mean:1.536, std:0.741)	count=499
Total loss:	3.123 (mse:0.582, mean:1.755, std:0.786)	count=499
Total loss:	2.844 (mse:0.524, mean:1.575, std:0.746)	count=499
Total loss:	2.802 (mse:0.525, mean:1.551, std:0.726)	count=499
Total loss:	3.158 (mse:0.587, mean:1.757, std:0.814)	count=499
Total loss:	3.143 (mse:0.598, mean:1.764, std:0.780)	count=499
Total loss:	3.090 (mse:0.559, mean:1.646, std:0.885)	count=499
Total loss:	3.087 (mse:0.596, mean:1.824, std:0.666)	count=499
Total loss:	3.034 (mse:0.576, mean:1.722, std:0.737)	count=499
Total loss:	3.043 (mse:0.551, mean:1.612, std:0.881)	count=499
Total loss:	3.068 (mse:0.568, mean:1.699, std:0.801)	count=499
Total loss:	3.065 (mse:0.572, mean:1.728, std:0.765)	count=499
Total loss:	3.638 (mse:0.689, mean:2.119, std:0.831)	count=499
Total loss:	2.758 (mse:0.501, mean:1.478, std:0.779)	count=499
Init alpha to be FP32
Init alpha to be FP32
Init alpha to be FP32
Total loss:	0.237 (rec:0.219, pd:0.018, round:0.000)	b=0.00	count=500
Total loss:	0.230 (rec:0.213, pd:0.016, round:0.000)	b=0.00	count=1000
Total loss:	0.230 (rec:0.212, pd:0.017, round:0.000)	b=0.00	count=1500
Total loss:	0.233 (rec:0.217, pd:0.016, round:0.000)	b=0.00	count=2000
Total loss:	0.215 (rec:0.202, pd:0.013, round:0.000)	b=0.00	count=2500
Total loss:	0.223 (rec:0.210, pd:0.013, round:0.000)	b=0.00	count=3000
Total loss:	0.218 (rec:0.204, pd:0.014, round:0.000)	b=0.00	count=3500
Total loss:	8289.459 (rec:0.215, pd:0.014, round:8289.229)	b=20.00	count=4000
Total loss:	3932.373 (rec:0.206, pd:0.012, round:3932.155)	b=19.44	count=4500
Total loss:	3640.413 (rec:0.214, pd:0.011, round:3640.188)	b=18.88	count=5000
Total loss:	3430.415 (rec:0.232, pd:0.012, round:3430.171)	b=18.31	count=5500
Total loss:	3245.146 (rec:0.218, pd:0.012, round:3244.916)	b=17.75	count=6000
Total loss:	3075.070 (rec:0.209, pd:0.011, round:3074.850)	b=17.19	count=6500
Total loss:	2913.091 (rec:0.224, pd:0.013, round:2912.854)	b=16.62	count=7000
Total loss:	2754.290 (rec:0.204, pd:0.011, round:2754.074)	b=16.06	count=7500
Total loss:	2601.274 (rec:0.221, pd:0.013, round:2601.040)	b=15.50	count=8000
Total loss:	2447.782 (rec:0.205, pd:0.012, round:2447.565)	b=14.94	count=8500
Total loss:	2296.515 (rec:0.205, pd:0.012, round:2296.298)	b=14.38	count=9000
Total loss:	2141.930 (rec:0.223, pd:0.012, round:2141.695)	b=13.81	count=9500
Total loss:	1988.456 (rec:0.215, pd:0.013, round:1988.228)	b=13.25	count=10000
Total loss:	1832.371 (rec:0.221, pd:0.012, round:1832.137)	b=12.69	count=10500
Total loss:	1674.780 (rec:0.210, pd:0.011, round:1674.560)	b=12.12	count=11000
Total loss:	1516.014 (rec:0.226, pd:0.011, round:1515.777)	b=11.56	count=11500
Total loss:	1356.567 (rec:0.222, pd:0.014, round:1356.331)	b=11.00	count=12000
Total loss:	1190.781 (rec:0.224, pd:0.012, round:1190.545)	b=10.44	count=12500
Total loss:	1023.619 (rec:0.220, pd:0.013, round:1023.386)	b=9.88	count=13000
Total loss:	858.460 (rec:0.220, pd:0.012, round:858.228)	b=9.31	count=13500
Total loss:	695.700 (rec:0.222, pd:0.012, round:695.466)	b=8.75	count=14000
Total loss:	537.723 (rec:0.252, pd:0.012, round:537.459)	b=8.19	count=14500
Total loss:	386.709 (rec:0.225, pd:0.012, round:386.472)	b=7.62	count=15000
Total loss:	247.274 (rec:0.224, pd:0.012, round:247.037)	b=7.06	count=15500
Total loss:	124.649 (rec:0.221, pd:0.012, round:124.417)	b=6.50	count=16000
Total loss:	25.563 (rec:0.218, pd:0.011, round:25.334)	b=5.94	count=16500
Total loss:	1.821 (rec:0.231, pd:0.012, round:1.578)	b=5.38	count=17000
Total loss:	0.707 (rec:0.234, pd:0.013, round:0.460)	b=4.81	count=17500
Total loss:	0.458 (rec:0.235, pd:0.014, round:0.210)	b=4.25	count=18000
Total loss:	0.314 (rec:0.241, pd:0.014, round:0.060)	b=3.69	count=18500
Total loss:	0.241 (rec:0.228, pd:0.013, round:0.000)	b=3.12	count=19000
Total loss:	0.252 (rec:0.240, pd:0.013, round:0.000)	b=2.56	count=19500
Total loss:	0.248 (rec:0.236, pd:0.012, round:0.000)	b=2.00	count=20000
Reconstruction for block 1
Start correcting 32 batches of data!
Total loss:	1.323 (mse:0.155, mean:0.792, std:0.377)	count=499
Total loss:	1.357 (mse:0.141, mean:0.880, std:0.336)	count=499
Total loss:	1.402 (mse:0.153, mean:0.875, std:0.374)	count=499
Total loss:	1.567 (mse:0.175, mean:1.013, std:0.380)	count=499
Total loss:	1.435 (mse:0.147, mean:0.872, std:0.416)	count=499
Total loss:	1.266 (mse:0.136, mean:0.783, std:0.347)	count=499
Total loss:	1.302 (mse:0.152, mean:0.806, std:0.345)	count=499
Total loss:	1.355 (mse:0.146, mean:0.872, std:0.337)	count=499
Total loss:	1.446 (mse:0.164, mean:0.894, std:0.387)	count=499
Total loss:	1.453 (mse:0.158, mean:0.937, std:0.358)	count=499
Total loss:	1.453 (mse:0.153, mean:0.938, std:0.362)	count=499
Total loss:	1.203 (mse:0.126, mean:0.753, std:0.323)	count=499
Total loss:	1.312 (mse:0.143, mean:0.862, std:0.307)	count=499
Total loss:	1.241 (mse:0.134, mean:0.801, std:0.306)	count=499
Total loss:	1.318 (mse:0.144, mean:0.836, std:0.339)	count=499
Total loss:	1.369 (mse:0.148, mean:0.852, std:0.369)	count=499
Total loss:	1.345 (mse:0.147, mean:0.864, std:0.334)	count=499
Total loss:	1.330 (mse:0.152, mean:0.813, std:0.365)	count=499
Total loss:	1.414 (mse:0.167, mean:0.892, std:0.355)	count=499
Total loss:	1.393 (mse:0.154, mean:0.883, std:0.356)	count=499
Total loss:	1.484 (mse:0.179, mean:0.921, std:0.384)	count=499
Total loss:	1.282 (mse:0.139, mean:0.816, std:0.327)	count=499
Total loss:	1.484 (mse:0.176, mean:0.920, std:0.388)	count=499
Total loss:	1.519 (mse:0.169, mean:0.979, std:0.371)	count=499
Total loss:	1.370 (mse:0.158, mean:0.835, std:0.376)	count=499
Total loss:	1.481 (mse:0.167, mean:0.974, std:0.340)	count=499
Total loss:	1.470 (mse:0.163, mean:0.968, std:0.340)	count=499
Total loss:	1.376 (mse:0.148, mean:0.820, std:0.408)	count=499
Total loss:	1.511 (mse:0.168, mean:0.946, std:0.396)	count=499
Total loss:	1.409 (mse:0.150, mean:0.884, std:0.375)	count=499
Total loss:	1.491 (mse:0.165, mean:0.978, std:0.348)	count=499
Total loss:	1.302 (mse:0.143, mean:0.814, std:0.345)	count=499
Init alpha to be FP32
Init alpha to be FP32
Total loss:	0.335 (rec:0.318, pd:0.016, round:0.000)	b=0.00	count=500
Total loss:	0.294 (rec:0.282, pd:0.012, round:0.000)	b=0.00	count=1000
Total loss:	0.306 (rec:0.293, pd:0.013, round:0.000)	b=0.00	count=1500
Total loss:	0.310 (rec:0.299, pd:0.011, round:0.000)	b=0.00	count=2000
Total loss:	0.307 (rec:0.296, pd:0.011, round:0.000)	b=0.00	count=2500
Total loss:	0.300 (rec:0.288, pd:0.012, round:0.000)	b=0.00	count=3000
Total loss:	0.295 (rec:0.284, pd:0.010, round:0.000)	b=0.00	count=3500
Total loss:	10539.149 (rec:0.280, pd:0.011, round:10538.859)	b=20.00	count=4000
Total loss:	4872.021 (rec:0.305, pd:0.010, round:4871.705)	b=19.44	count=4500
Total loss:	4499.181 (rec:0.317, pd:0.010, round:4498.854)	b=18.88	count=5000
Total loss:	4220.790 (rec:0.299, pd:0.011, round:4220.479)	b=18.31	count=5500
Total loss:	3976.332 (rec:0.295, pd:0.011, round:3976.026)	b=17.75	count=6000
Total loss:	3748.498 (rec:0.270, pd:0.010, round:3748.218)	b=17.19	count=6500
Total loss:	3530.680 (rec:0.290, pd:0.009, round:3530.381)	b=16.62	count=7000
Total loss:	3319.170 (rec:0.286, pd:0.009, round:3318.875)	b=16.06	count=7500
Total loss:	3116.368 (rec:0.297, pd:0.008, round:3116.063)	b=15.50	count=8000
Total loss:	2917.570 (rec:0.276, pd:0.009, round:2917.285)	b=14.94	count=8500
Total loss:	2719.697 (rec:0.296, pd:0.010, round:2719.391)	b=14.38	count=9000
Total loss:	2521.162 (rec:0.302, pd:0.009, round:2520.851)	b=13.81	count=9500
Total loss:	2321.400 (rec:0.329, pd:0.010, round:2321.061)	b=13.25	count=10000
Total loss:	2124.138 (rec:0.311, pd:0.010, round:2123.818)	b=12.69	count=10500
Total loss:	1927.646 (rec:0.295, pd:0.011, round:1927.340)	b=12.12	count=11000
Total loss:	1731.430 (rec:0.300, pd:0.009, round:1731.120)	b=11.56	count=11500
Total loss:	1536.018 (rec:0.321, pd:0.011, round:1535.685)	b=11.00	count=12000
Total loss:	1340.124 (rec:0.305, pd:0.009, round:1339.809)	b=10.44	count=12500
Total loss:	1144.617 (rec:0.297, pd:0.008, round:1144.312)	b=9.88	count=13000
Total loss:	951.645 (rec:0.312, pd:0.010, round:951.324)	b=9.31	count=13500
Total loss:	766.827 (rec:0.289, pd:0.008, round:766.530)	b=8.75	count=14000
Total loss:	585.393 (rec:0.289, pd:0.009, round:585.095)	b=8.19	count=14500
Total loss:	416.539 (rec:0.317, pd:0.010, round:416.212)	b=7.62	count=15000
Total loss:	264.995 (rec:0.296, pd:0.010, round:264.690)	b=7.06	count=15500
Total loss:	130.139 (rec:0.284, pd:0.010, round:129.844)	b=6.50	count=16000
Total loss:	31.621 (rec:0.304, pd:0.011, round:31.306)	b=5.94	count=16500
Total loss:	4.517 (rec:0.298, pd:0.010, round:4.209)	b=5.38	count=17000
Total loss:	1.054 (rec:0.285, pd:0.010, round:0.759)	b=4.81	count=17500
Total loss:	0.521 (rec:0.331, pd:0.010, round:0.180)	b=4.25	count=18000
Total loss:	0.335 (rec:0.291, pd:0.011, round:0.033)	b=3.69	count=18500
Total loss:	0.307 (rec:0.298, pd:0.009, round:0.000)	b=3.12	count=19000
Total loss:	0.319 (rec:0.309, pd:0.010, round:0.000)	b=2.56	count=19500
Total loss:	0.316 (rec:0.306, pd:0.010, round:0.000)	b=2.00	count=20000
Reconstruction for block 0
Start correcting 32 batches of data!
Total loss:	3.963 (mse:0.766, mean:2.155, std:1.042)	count=499
Total loss:	4.438 (mse:0.834, mean:2.623, std:0.981)	count=499
Total loss:	4.557 (mse:0.904, mean:2.613, std:1.040)	count=499
Total loss:	4.568 (mse:0.869, mean:2.690, std:1.009)	count=499
Total loss:	4.458 (mse:0.829, mean:2.540, std:1.090)	count=499
Total loss:	4.109 (mse:0.779, mean:2.327, std:1.003)	count=499
Total loss:	3.888 (mse:0.728, mean:2.200, std:0.959)	count=499
Total loss:	4.128 (mse:0.734, mean:2.396, std:0.998)	count=499
Total loss:	4.178 (mse:0.758, mean:2.382, std:1.038)	count=499
Total loss:	4.478 (mse:0.842, mean:2.644, std:0.993)	count=499
Total loss:	4.664 (mse:0.876, mean:2.732, std:1.055)	count=499
Total loss:	3.978 (mse:0.722, mean:2.324, std:0.931)	count=499
Total loss:	4.256 (mse:0.762, mean:2.495, std:0.999)	count=499
Total loss:	3.913 (mse:0.714, mean:2.270, std:0.929)	count=499
Total loss:	4.211 (mse:0.792, mean:2.388, std:1.031)	count=499
Total loss:	4.352 (mse:0.825, mean:2.438, std:1.089)	count=499
Total loss:	4.161 (mse:0.781, mean:2.433, std:0.948)	count=499
Total loss:	4.180 (mse:0.785, mean:2.395, std:1.000)	count=499
Total loss:	4.194 (mse:0.810, mean:2.344, std:1.041)	count=499
Total loss:	4.059 (mse:0.720, mean:2.321, std:1.018)	count=499
Total loss:	4.670 (mse:0.956, mean:2.693, std:1.021)	count=499
Total loss:	4.003 (mse:0.729, mean:2.270, std:1.004)	count=499
Total loss:	4.353 (mse:0.841, mean:2.499, std:1.013)	count=499
Total loss:	4.721 (mse:0.910, mean:2.728, std:1.082)	count=499
Total loss:	4.094 (mse:0.758, mean:2.335, std:1.001)	count=499
Total loss:	4.589 (mse:0.881, mean:2.757, std:0.952)	count=499
Total loss:	4.470 (mse:0.833, mean:2.684, std:0.954)	count=499
Total loss:	4.140 (mse:0.751, mean:2.306, std:1.084)	count=499
Total loss:	4.858 (mse:1.003, mean:2.767, std:1.089)	count=499
Total loss:	4.471 (mse:0.848, mean:2.610, std:1.013)	count=499
Total loss:	4.483 (mse:0.863, mean:2.666, std:0.954)	count=499
Total loss:	3.830 (mse:0.687, mean:2.174, std:0.969)	count=499
Init alpha to be FP32
Init alpha to be FP32
Init alpha to be FP32
Total loss:	0.388 (rec:0.375, pd:0.014, round:0.000)	b=0.00	count=500
Total loss:	0.382 (rec:0.370, pd:0.012, round:0.000)	b=0.00	count=1000
Total loss:	0.380 (rec:0.367, pd:0.013, round:0.000)	b=0.00	count=1500
Total loss:	0.381 (rec:0.369, pd:0.012, round:0.000)	b=0.00	count=2000
Total loss:	0.369 (rec:0.358, pd:0.011, round:0.000)	b=0.00	count=2500
Total loss:	0.333 (rec:0.324, pd:0.010, round:0.000)	b=0.00	count=3000
Total loss:	0.314 (rec:0.305, pd:0.009, round:0.000)	b=0.00	count=3500
Total loss:	32321.648 (rec:0.326, pd:0.009, round:32321.312)	b=20.00	count=4000
Total loss:	14743.972 (rec:0.339, pd:0.010, round:14743.622)	b=19.44	count=4500
Total loss:	13537.602 (rec:0.317, pd:0.009, round:13537.274)	b=18.88	count=5000
Total loss:	12605.970 (rec:0.314, pd:0.008, round:12605.648)	b=18.31	count=5500
Total loss:	11764.513 (rec:0.311, pd:0.008, round:11764.194)	b=17.75	count=6000
Total loss:	10982.016 (rec:0.316, pd:0.008, round:10981.690)	b=17.19	count=6500
Total loss:	10240.130 (rec:0.315, pd:0.008, round:10239.807)	b=16.62	count=7000
Total loss:	9522.232 (rec:0.324, pd:0.009, round:9521.900)	b=16.06	count=7500
Total loss:	8831.235 (rec:0.302, pd:0.008, round:8830.926)	b=15.50	count=8000
Total loss:	8161.774 (rec:0.300, pd:0.008, round:8161.467)	b=14.94	count=8500
Total loss:	7508.202 (rec:0.338, pd:0.009, round:7507.854)	b=14.38	count=9000
Total loss:	6875.314 (rec:0.300, pd:0.009, round:6875.006)	b=13.81	count=9500
Total loss:	6263.057 (rec:0.301, pd:0.008, round:6262.747)	b=13.25	count=10000
Total loss:	5667.442 (rec:0.315, pd:0.008, round:5667.119)	b=12.69	count=10500
Total loss:	5090.045 (rec:0.319, pd:0.008, round:5089.719)	b=12.12	count=11000
Total loss:	4527.132 (rec:0.304, pd:0.008, round:4526.820)	b=11.56	count=11500
Total loss:	3981.181 (rec:0.336, pd:0.009, round:3980.836)	b=11.00	count=12000
Total loss:	3456.919 (rec:0.298, pd:0.008, round:3456.614)	b=10.44	count=12500
Total loss:	2956.815 (rec:0.326, pd:0.008, round:2956.481)	b=9.88	count=13000
Total loss:	2471.044 (rec:0.321, pd:0.009, round:2470.714)	b=9.31	count=13500
Total loss:	2004.907 (rec:0.298, pd:0.008, round:2004.600)	b=8.75	count=14000
Total loss:	1561.367 (rec:0.328, pd:0.009, round:1561.030)	b=8.19	count=14500
Total loss:	1151.040 (rec:0.312, pd:0.008, round:1150.720)	b=7.62	count=15000
Total loss:	771.187 (rec:0.317, pd:0.008, round:770.861)	b=7.06	count=15500
Total loss:	438.102 (rec:0.302, pd:0.009, round:437.792)	b=6.50	count=16000
Total loss:	169.672 (rec:0.313, pd:0.008, round:169.351)	b=5.94	count=16500
Total loss:	36.039 (rec:0.322, pd:0.009, round:35.707)	b=5.38	count=17000
Total loss:	5.748 (rec:0.307, pd:0.008, round:5.433)	b=4.81	count=17500
Total loss:	1.197 (rec:0.355, pd:0.010, round:0.832)	b=4.25	count=18000
Total loss:	0.464 (rec:0.348, pd:0.009, round:0.108)	b=3.69	count=18500
Total loss:	0.329 (rec:0.319, pd:0.010, round:0.000)	b=3.12	count=19000
Total loss:	0.308 (rec:0.299, pd:0.009, round:0.000)	b=2.56	count=19500
Total loss:	0.338 (rec:0.328, pd:0.009, round:0.000)	b=2.00	count=20000
Reconstruction for block 1
Start correcting 32 batches of data!
Total loss:	3.650 (mse:0.619, mean:2.263, std:0.768)	count=499
Total loss:	3.791 (mse:0.548, mean:2.500, std:0.743)	count=499
Total loss:	3.966 (mse:0.684, mean:2.527, std:0.756)	count=499
Total loss:	4.075 (mse:0.715, mean:2.568, std:0.792)	count=499
Total loss:	3.712 (mse:0.628, mean:2.314, std:0.771)	count=499
Total loss:	3.729 (mse:0.637, mean:2.333, std:0.759)	count=499
Total loss:	3.517 (mse:0.580, mean:2.193, std:0.744)	count=499
Total loss:	4.079 (mse:0.696, mean:2.603, std:0.780)	count=499
Total loss:	3.723 (mse:0.604, mean:2.351, std:0.768)	count=499
Total loss:	3.923 (mse:0.683, mean:2.462, std:0.778)	count=499
Total loss:	4.071 (mse:0.767, mean:2.537, std:0.767)	count=499
Total loss:	3.581 (mse:0.588, mean:2.279, std:0.713)	count=499
Total loss:	3.725 (mse:0.594, mean:2.384, std:0.748)	count=499
Total loss:	3.673 (mse:0.567, mean:2.356, std:0.749)	count=499
Total loss:	4.082 (mse:0.749, mean:2.541, std:0.792)	count=499
Total loss:	4.002 (mse:0.662, mean:2.547, std:0.793)	count=499
Total loss:	3.701 (mse:0.594, mean:2.360, std:0.748)	count=499
Total loss:	3.770 (mse:0.670, mean:2.353, std:0.748)	count=499
Total loss:	3.946 (mse:0.774, mean:2.414, std:0.757)	count=499
Total loss:	3.565 (mse:0.589, mean:2.179, std:0.797)	count=499
Total loss:	4.360 (mse:0.803, mean:2.767, std:0.789)	count=499
Total loss:	3.809 (mse:0.635, mean:2.382, std:0.793)	count=499
Total loss:	3.836 (mse:0.633, mean:2.469, std:0.734)	count=499
Total loss:	4.036 (mse:0.699, mean:2.584, std:0.753)	count=499
Total loss:	3.413 (mse:0.486, mean:2.183, std:0.744)	count=499
Total loss:	4.056 (mse:0.726, mean:2.538, std:0.792)	count=499
Total loss:	4.277 (mse:0.790, mean:2.722, std:0.766)	count=499
Total loss:	3.874 (mse:0.715, mean:2.354, std:0.805)	count=499
Total loss:	4.463 (mse:0.865, mean:2.837, std:0.761)	count=499
Total loss:	4.092 (mse:0.684, mean:2.645, std:0.762)	count=499
Total loss:	4.344 (mse:0.795, mean:2.780, std:0.769)	count=499
Total loss:	3.589 (mse:0.577, mean:2.242, std:0.771)	count=499
Init alpha to be FP32
Init alpha to be FP32
Total loss:	53.251 (rec:53.233, pd:0.018, round:0.000)	b=0.00	count=500
Total loss:	45.504 (rec:45.485, pd:0.019, round:0.000)	b=0.00	count=1000
Total loss:	42.829 (rec:42.810, pd:0.019, round:0.000)	b=0.00	count=1500
Total loss:	40.741 (rec:40.724, pd:0.017, round:0.000)	b=0.00	count=2000
Total loss:	40.785 (rec:40.763, pd:0.022, round:0.000)	b=0.00	count=2500
Total loss:	39.742 (rec:39.723, pd:0.019, round:0.000)	b=0.00	count=3000
Total loss:	37.048 (rec:37.031, pd:0.017, round:0.000)	b=0.00	count=3500
Total loss:	42169.492 (rec:38.867, pd:0.022, round:42130.602)	b=20.00	count=4000
Total loss:	25838.219 (rec:38.244, pd:0.020, round:25799.955)	b=19.44	count=4500
Total loss:	24233.035 (rec:39.219, pd:0.023, round:24193.793)	b=18.88	count=5000
Total loss:	23093.096 (rec:38.730, pd:0.023, round:23054.342)	b=18.31	count=5500
Total loss:	22105.211 (rec:36.150, pd:0.021, round:22069.039)	b=17.75	count=6000
Total loss:	21198.887 (rec:35.397, pd:0.022, round:21163.469)	b=17.19	count=6500
Total loss:	20344.105 (rec:43.092, pd:0.025, round:20300.988)	b=16.62	count=7000
Total loss:	19499.326 (rec:34.647, pd:0.019, round:19464.660)	b=16.06	count=7500
Total loss:	18686.191 (rec:36.998, pd:0.025, round:18649.168)	b=15.50	count=8000
Total loss:	17887.693 (rec:37.359, pd:0.021, round:17850.312)	b=14.94	count=8500
Total loss:	17090.043 (rec:35.521, pd:0.026, round:17054.496)	b=14.38	count=9000
Total loss:	16296.900 (rec:34.219, pd:0.016, round:16262.665)	b=13.81	count=9500
Total loss:	15510.526 (rec:36.520, pd:0.024, round:15473.982)	b=13.25	count=10000
Total loss:	14719.182 (rec:35.527, pd:0.023, round:14683.632)	b=12.69	count=10500
Total loss:	13918.416 (rec:32.597, pd:0.025, round:13885.794)	b=12.12	count=11000
Total loss:	13114.037 (rec:33.607, pd:0.020, round:13080.410)	b=11.56	count=11500
Total loss:	12300.857 (rec:37.459, pd:0.030, round:12263.369)	b=11.00	count=12000
Total loss:	11471.208 (rec:36.651, pd:0.024, round:11434.533)	b=10.44	count=12500
Total loss:	10619.564 (rec:38.834, pd:0.026, round:10580.704)	b=9.88	count=13000
Total loss:	9745.199 (rec:33.423, pd:0.023, round:9711.753)	b=9.31	count=13500
Total loss:	8855.420 (rec:32.743, pd:0.018, round:8822.659)	b=8.75	count=14000
Total loss:	7943.331 (rec:33.150, pd:0.015, round:7910.165)	b=8.19	count=14500
Total loss:	7008.581 (rec:33.559, pd:0.018, round:6975.003)	b=7.62	count=15000
Total loss:	6048.709 (rec:34.815, pd:0.023, round:6013.871)	b=7.06	count=15500
Total loss:	5068.806 (rec:36.511, pd:0.020, round:5032.275)	b=6.50	count=16000
Total loss:	4055.771 (rec:32.875, pd:0.015, round:4022.880)	b=5.94	count=16500
Total loss:	3037.499 (rec:36.579, pd:0.019, round:3000.901)	b=5.38	count=17000
Total loss:	2042.630 (rec:35.630, pd:0.022, round:2006.977)	b=4.81	count=17500
Total loss:	1115.077 (rec:35.646, pd:0.024, round:1079.407)	b=4.25	count=18000
Total loss:	404.269 (rec:35.844, pd:0.022, round:368.403)	b=3.69	count=18500
Total loss:	93.049 (rec:35.787, pd:0.027, round:57.235)	b=3.12	count=19000
Total loss:	42.641 (rec:33.384, pd:0.017, round:9.241)	b=2.56	count=19500
Total loss:	40.295 (rec:37.331, pd:0.022, round:2.942)	b=2.00	count=20000
Reconstruction for layer fc
Start correcting 32 batches of data!
Total loss:	0.000 (mse:0.000, mean:0.000, std:0.000)	count=499
Total loss:	0.000 (mse:0.000, mean:0.000, std:0.000)	count=499
Total loss:	0.000 (mse:0.000, mean:0.000, std:0.000)	count=499
Total loss:	0.000 (mse:0.000, mean:0.000, std:0.000)	count=499
Total loss:	0.000 (mse:0.000, mean:0.000, std:0.000)	count=499
Total loss:	0.000 (mse:0.000, mean:0.000, std:0.000)	count=499
Total loss:	0.000 (mse:0.000, mean:0.000, std:0.000)	count=499
Total loss:	0.000 (mse:0.000, mean:0.000, std:0.000)	count=499
Total loss:	0.000 (mse:0.000, mean:0.000, std:0.000)	count=499
Total loss:	0.000 (mse:0.000, mean:0.000, std:0.000)	count=499
Total loss:	0.000 (mse:0.000, mean:0.000, std:0.000)	count=499
Total loss:	0.000 (mse:0.000, mean:0.000, std:0.000)	count=499
Total loss:	0.000 (mse:0.000, mean:0.000, std:0.000)	count=499
Total loss:	0.000 (mse:0.000, mean:0.000, std:0.000)	count=499
Total loss:	0.000 (mse:0.000, mean:0.000, std:0.000)	count=499
Total loss:	0.000 (mse:0.000, mean:0.000, std:0.000)	count=499
Total loss:	0.000 (mse:0.000, mean:0.000, std:0.000)	count=499
Total loss:	0.000 (mse:0.000, mean:0.000, std:0.000)	count=499
Total loss:	0.000 (mse:0.000, mean:0.000, std:0.000)	count=499
Total loss:	0.000 (mse:0.000, mean:0.000, std:0.000)	count=499
Total loss:	0.000 (mse:0.000, mean:0.000, std:0.000)	count=499
Total loss:	0.000 (mse:0.000, mean:0.000, std:0.000)	count=499
Total loss:	0.000 (mse:0.000, mean:0.000, std:0.000)	count=499
Total loss:	0.000 (mse:0.000, mean:0.000, std:0.000)	count=499
Total loss:	0.000 (mse:0.000, mean:0.000, std:0.000)	count=499
Total loss:	0.000 (mse:0.000, mean:0.000, std:0.000)	count=499
Total loss:	0.000 (mse:0.000, mean:0.000, std:0.000)	count=499
Total loss:	0.000 (mse:0.000, mean:0.000, std:0.000)	count=499
Total loss:	0.000 (mse:0.000, mean:0.000, std:0.000)	count=499
Total loss:	0.000 (mse:0.000, mean:0.000, std:0.000)	count=499
Total loss:	0.000 (mse:0.000, mean:0.000, std:0.000)	count=499
Total loss:	0.000 (mse:0.000, mean:0.000, std:0.000)	count=499
Init alpha to be FP32
Total loss:	27.334 (rec:27.306, pd:0.028, round:0.000)	b=0.00	count=500
Total loss:	19.520 (rec:19.500, pd:0.021, round:0.000)	b=0.00	count=1000
Total loss:	20.152 (rec:20.132, pd:0.021, round:0.000)	b=0.00	count=1500
Total loss:	16.817 (rec:16.799, pd:0.018, round:0.000)	b=0.00	count=2000
Total loss:	18.187 (rec:18.167, pd:0.020, round:0.000)	b=0.00	count=2500
Total loss:	16.248 (rec:16.231, pd:0.017, round:0.000)	b=0.00	count=3000
Total loss:	14.196 (rec:14.183, pd:0.013, round:0.000)	b=0.00	count=3500
Total loss:	4589.224 (rec:16.554, pd:0.014, round:4572.656)	b=20.00	count=4000
Total loss:	3133.940 (rec:15.635, pd:0.014, round:3118.291)	b=19.44	count=4500
Total loss:	2968.502 (rec:18.347, pd:0.016, round:2950.140)	b=18.88	count=5000
Total loss:	2852.835 (rec:14.024, pd:0.014, round:2838.797)	b=18.31	count=5500
Total loss:	2763.085 (rec:16.520, pd:0.015, round:2746.551)	b=17.75	count=6000
Total loss:	2678.896 (rec:16.174, pd:0.016, round:2662.706)	b=17.19	count=6500
Total loss:	2601.869 (rec:16.126, pd:0.014, round:2585.729)	b=16.62	count=7000
Total loss:	2529.255 (rec:18.064, pd:0.016, round:2511.175)	b=16.06	count=7500
Total loss:	2452.938 (rec:15.784, pd:0.015, round:2437.139)	b=15.50	count=8000
Total loss:	2381.576 (rec:16.429, pd:0.014, round:2365.133)	b=14.94	count=8500
Total loss:	2308.021 (rec:15.570, pd:0.017, round:2292.434)	b=14.38	count=9000
Total loss:	2234.832 (rec:15.981, pd:0.014, round:2218.836)	b=13.81	count=9500
Total loss:	2159.844 (rec:15.154, pd:0.013, round:2144.676)	b=13.25	count=10000
Total loss:	2086.171 (rec:16.693, pd:0.016, round:2069.461)	b=12.69	count=10500
Total loss:	2006.512 (rec:17.442, pd:0.015, round:1989.056)	b=12.12	count=11000
Total loss:	1926.867 (rec:17.584, pd:0.016, round:1909.266)	b=11.56	count=11500
Total loss:	1843.122 (rec:17.668, pd:0.017, round:1825.437)	b=11.00	count=12000
Total loss:	1755.506 (rec:17.581, pd:0.017, round:1737.908)	b=10.44	count=12500
Total loss:	1664.406 (rec:16.958, pd:0.014, round:1647.434)	b=9.88	count=13000
Total loss:	1566.380 (rec:15.690, pd:0.014, round:1550.676)	b=9.31	count=13500
Total loss:	1466.568 (rec:15.921, pd:0.013, round:1450.635)	b=8.75	count=14000
Total loss:	1359.232 (rec:17.422, pd:0.015, round:1341.796)	b=8.19	count=14500
Total loss:	1242.231 (rec:15.087, pd:0.013, round:1227.131)	b=7.62	count=15000
Total loss:	1125.020 (rec:17.725, pd:0.015, round:1107.280)	b=7.06	count=15500
Total loss:	996.496 (rec:17.935, pd:0.016, round:978.545)	b=6.50	count=16000
Total loss:	860.604 (rec:20.383, pd:0.017, round:840.205)	b=5.94	count=16500
Total loss:	707.892 (rec:17.188, pd:0.014, round:690.690)	b=5.38	count=17000
Total loss:	557.903 (rec:21.641, pd:0.020, round:536.242)	b=4.81	count=17500
Total loss:	393.593 (rec:20.271, pd:0.016, round:373.306)	b=4.25	count=18000
Total loss:	230.810 (rec:19.989, pd:0.017, round:210.803)	b=3.69	count=18500
Total loss:	84.540 (rec:22.834, pd:0.018, round:61.688)	b=3.12	count=19000
Total loss:	27.650 (rec:24.479, pd:0.018, round:3.153)	b=2.56	count=19500
Total loss:	22.607 (rec:22.580, pd:0.016, round:0.011)	b=2.00	count=20000
Test: [  0/782]	Time  0.867 ( 0.867)	Acc@1  82.81 ( 82.81)	Acc@5  93.75 ( 93.75)
Test: [100/782]	Time  0.126 ( 0.066)	Acc@1  84.38 ( 75.85)	Acc@5  98.44 ( 92.20)
Test: [200/782]	Time  0.031 ( 0.062)	Acc@1  79.69 ( 75.40)	Acc@5  93.75 ( 93.28)
Test: [300/782]	Time  0.209 ( 0.063)	Acc@1  79.69 ( 75.63)	Acc@5  96.88 ( 93.32)
Test: [400/782]	Time  0.020 ( 0.061)	Acc@1  65.62 ( 72.85)	Acc@5  96.88 ( 91.63)
Test: [500/782]	Time  0.051 ( 0.060)	Acc@1  76.56 ( 71.44)	Acc@5  90.62 ( 90.41)
Test: [600/782]	Time  0.047 ( 0.059)	Acc@1  79.69 ( 70.31)	Acc@5  89.06 ( 89.52)
Test: [700/782]	Time  0.047 ( 0.058)	Acc@1  68.75 ( 69.26)	Acc@5  92.19 ( 88.86)
 * Acc@1 69.162 Acc@5 88.850
Full quantization (W4A4) accuracy: 69.16199493408203
END : 2024-05-30 01:53:56
