START : 2024-05-29 13:04:32

General parameters for data and model
- seed = 1005 (default = 1005)
- arch = resnet18
- batch_size = 64 (default = 64)
- workers = 8 (default = 4)
- data_path = data/ImageNet

Quantization parameters
- n_bits_w = 4 (default = 4)
- channel_wise = True (default = True)
- n_bits_a = 4 (default = 4)
- disable_8bit_head_stem = not use (action = 'store_true')

Weight calibration parameters
- num_samples = 1024 (default = 1024)
- iters_w = 20000 (default = 20000)
- weight = 0.01 (default = 0.01)
- keep_cpu = not use (action = 'store_true')
- b_start = 20 (default = 20)
- b_end = 2 (default = 2)
- warmup = 0.2 (default = 0.2)

Activation calibration parameters
- lr = 4e-5 (default = 4e-5)
- init_wmode = mse (default = 'mse', choices = ['minmax', 'mse', 'minmax_scale'])
- init_amode = mse (default = 'mse', choices = ['minmax', 'mse', 'minmax_scale'])
- prob = 0.5 (default = 0.5)
- input_prob = 0.5 (default = 0.5)
- lamb_r = 0.1 (default = 0.1)
- T = 10 (default = 4.0)
- bn_lr = 1e-3 (default = 1e-3)
- lamb_c = 0.02 (default = 0.02)

-------------------------------------------------------------------------------------------

==> Using Pytorch Dataset
the quantized model is below!
QuantModel(
  (model): ResNet(
    (conv1): QuantModule(
      wbit=4, abit=4, disable_act_quant=False
      (weight_quantizer): UniformAffineQuantizer(bit=4, is_training=False, inited=True)
      (act_quantizer): UniformAffineQuantizer(bit=4, is_training=False, inited=True)
      (norm_function): StraightThrough()
      (activation_function): ReLU(inplace=True)
    )
    (bn1): StraightThrough()
    (relu): StraightThrough()
    (maxpool): MaxPool2d(kernel_size=3, stride=2, padding=1, dilation=1, ceil_mode=False)
    (layer1): Sequential(
      (0): QuantBasicBlock(
        (conv1): QuantModule(
          wbit=4, abit=4, disable_act_quant=False
          (weight_quantizer): UniformAffineQuantizer(bit=4, is_training=False, inited=True)
          (act_quantizer): UniformAffineQuantizer(bit=4, is_training=False, inited=True)
          (norm_function): StraightThrough()
          (activation_function): ReLU(inplace=True)
        )
        (conv2): QuantModule(
          wbit=4, abit=4, disable_act_quant=True
          (weight_quantizer): UniformAffineQuantizer(bit=4, is_training=False, inited=True)
          (act_quantizer): UniformAffineQuantizer(bit=4, is_training=False, inited=True)
          (norm_function): StraightThrough()
          (activation_function): StraightThrough()
        )
        (activation_function): ReLU(inplace=True)
        (act_quantizer): UniformAffineQuantizer(bit=4, is_training=False, inited=True)
      )
      (1): QuantBasicBlock(
        (conv1): QuantModule(
          wbit=4, abit=4, disable_act_quant=False
          (weight_quantizer): UniformAffineQuantizer(bit=4, is_training=False, inited=True)
          (act_quantizer): UniformAffineQuantizer(bit=4, is_training=False, inited=True)
          (norm_function): StraightThrough()
          (activation_function): ReLU(inplace=True)
        )
        (conv2): QuantModule(
          wbit=4, abit=4, disable_act_quant=True
          (weight_quantizer): UniformAffineQuantizer(bit=4, is_training=False, inited=True)
          (act_quantizer): UniformAffineQuantizer(bit=4, is_training=False, inited=True)
          (norm_function): StraightThrough()
          (activation_function): StraightThrough()
        )
        (activation_function): ReLU(inplace=True)
        (act_quantizer): UniformAffineQuantizer(bit=4, is_training=False, inited=True)
      )
    )
    (layer2): Sequential(
      (0): QuantBasicBlock(
        (conv1): QuantModule(
          wbit=4, abit=4, disable_act_quant=False
          (weight_quantizer): UniformAffineQuantizer(bit=4, is_training=False, inited=True)
          (act_quantizer): UniformAffineQuantizer(bit=4, is_training=False, inited=True)
          (norm_function): StraightThrough()
          (activation_function): ReLU(inplace=True)
        )
        (conv2): QuantModule(
          wbit=4, abit=4, disable_act_quant=True
          (weight_quantizer): UniformAffineQuantizer(bit=4, is_training=False, inited=True)
          (act_quantizer): UniformAffineQuantizer(bit=4, is_training=False, inited=True)
          (norm_function): StraightThrough()
          (activation_function): StraightThrough()
        )
        (downsample): QuantModule(
          wbit=4, abit=4, disable_act_quant=True
          (weight_quantizer): UniformAffineQuantizer(bit=4, is_training=False, inited=True)
          (act_quantizer): UniformAffineQuantizer(bit=4, is_training=False, inited=True)
          (norm_function): StraightThrough()
          (activation_function): StraightThrough()
        )
        (activation_function): ReLU(inplace=True)
        (act_quantizer): UniformAffineQuantizer(bit=4, is_training=False, inited=True)
      )
      (1): QuantBasicBlock(
        (conv1): QuantModule(
          wbit=4, abit=4, disable_act_quant=False
          (weight_quantizer): UniformAffineQuantizer(bit=4, is_training=False, inited=True)
          (act_quantizer): UniformAffineQuantizer(bit=4, is_training=False, inited=True)
          (norm_function): StraightThrough()
          (activation_function): ReLU(inplace=True)
        )
        (conv2): QuantModule(
          wbit=4, abit=4, disable_act_quant=True
          (weight_quantizer): UniformAffineQuantizer(bit=4, is_training=False, inited=True)
          (act_quantizer): UniformAffineQuantizer(bit=4, is_training=False, inited=True)
          (norm_function): StraightThrough()
          (activation_function): StraightThrough()
        )
        (activation_function): ReLU(inplace=True)
        (act_quantizer): UniformAffineQuantizer(bit=4, is_training=False, inited=True)
      )
    )
    (layer3): Sequential(
      (0): QuantBasicBlock(
        (conv1): QuantModule(
          wbit=4, abit=4, disable_act_quant=False
          (weight_quantizer): UniformAffineQuantizer(bit=4, is_training=False, inited=True)
          (act_quantizer): UniformAffineQuantizer(bit=4, is_training=False, inited=True)
          (norm_function): StraightThrough()
          (activation_function): ReLU(inplace=True)
        )
        (conv2): QuantModule(
          wbit=4, abit=4, disable_act_quant=True
          (weight_quantizer): UniformAffineQuantizer(bit=4, is_training=False, inited=True)
          (act_quantizer): UniformAffineQuantizer(bit=4, is_training=False, inited=True)
          (norm_function): StraightThrough()
          (activation_function): StraightThrough()
        )
        (downsample): QuantModule(
          wbit=4, abit=4, disable_act_quant=True
          (weight_quantizer): UniformAffineQuantizer(bit=4, is_training=False, inited=True)
          (act_quantizer): UniformAffineQuantizer(bit=4, is_training=False, inited=True)
          (norm_function): StraightThrough()
          (activation_function): StraightThrough()
        )
        (activation_function): ReLU(inplace=True)
        (act_quantizer): UniformAffineQuantizer(bit=4, is_training=False, inited=True)
      )
      (1): QuantBasicBlock(
        (conv1): QuantModule(
          wbit=4, abit=4, disable_act_quant=False
          (weight_quantizer): UniformAffineQuantizer(bit=4, is_training=False, inited=True)
          (act_quantizer): UniformAffineQuantizer(bit=4, is_training=False, inited=True)
          (norm_function): StraightThrough()
          (activation_function): ReLU(inplace=True)
        )
        (conv2): QuantModule(
          wbit=4, abit=4, disable_act_quant=True
          (weight_quantizer): UniformAffineQuantizer(bit=4, is_training=False, inited=True)
          (act_quantizer): UniformAffineQuantizer(bit=4, is_training=False, inited=True)
          (norm_function): StraightThrough()
          (activation_function): StraightThrough()
        )
        (activation_function): ReLU(inplace=True)
        (act_quantizer): UniformAffineQuantizer(bit=4, is_training=False, inited=True)
      )
    )
    (layer4): Sequential(
      (0): QuantBasicBlock(
        (conv1): QuantModule(
          wbit=4, abit=4, disable_act_quant=False
          (weight_quantizer): UniformAffineQuantizer(bit=4, is_training=False, inited=True)
          (act_quantizer): UniformAffineQuantizer(bit=4, is_training=False, inited=True)
          (norm_function): StraightThrough()
          (activation_function): ReLU(inplace=True)
        )
        (conv2): QuantModule(
          wbit=4, abit=4, disable_act_quant=True
          (weight_quantizer): UniformAffineQuantizer(bit=4, is_training=False, inited=True)
          (act_quantizer): UniformAffineQuantizer(bit=4, is_training=False, inited=True)
          (norm_function): StraightThrough()
          (activation_function): StraightThrough()
        )
        (downsample): QuantModule(
          wbit=4, abit=4, disable_act_quant=True
          (weight_quantizer): UniformAffineQuantizer(bit=4, is_training=False, inited=True)
          (act_quantizer): UniformAffineQuantizer(bit=4, is_training=False, inited=True)
          (norm_function): StraightThrough()
          (activation_function): StraightThrough()
        )
        (activation_function): ReLU(inplace=True)
        (act_quantizer): UniformAffineQuantizer(bit=4, is_training=False, inited=True)
      )
      (1): QuantBasicBlock(
        (conv1): QuantModule(
          wbit=4, abit=4, disable_act_quant=False
          (weight_quantizer): UniformAffineQuantizer(bit=4, is_training=False, inited=True)
          (act_quantizer): UniformAffineQuantizer(bit=4, is_training=False, inited=True)
          (norm_function): StraightThrough()
          (activation_function): ReLU(inplace=True)
        )
        (conv2): QuantModule(
          wbit=4, abit=4, disable_act_quant=True
          (weight_quantizer): UniformAffineQuantizer(bit=4, is_training=False, inited=True)
          (act_quantizer): UniformAffineQuantizer(bit=4, is_training=False, inited=True)
          (norm_function): StraightThrough()
          (activation_function): StraightThrough()
        )
        (activation_function): ReLU(inplace=True)
        (act_quantizer): UniformAffineQuantizer(bit=4, is_training=False, inited=True)
      )
    )
    (avgpool): AdaptiveAvgPool2d(output_size=(1, 1))
    (fc): QuantModule(
      wbit=4, abit=4, disable_act_quant=True
      (weight_quantizer): UniformAffineQuantizer(bit=4, is_training=False, inited=True)
      (act_quantizer): UniformAffineQuantizer(bit=4, is_training=False, inited=True)
      (norm_function): StraightThrough()
      (activation_function): StraightThrough()
    )
  )
)
Reconstruction for layer conv1
Start correcting 32 batches of data!
Total loss:	21.192 (mse:4.362, mean:10.938, std:5.892)	count=499
Total loss:	23.901 (mse:5.069, mean:12.871, std:5.961)	count=499
Total loss:	20.062 (mse:4.695, mean:9.869, std:5.498)	count=499
Total loss:	27.691 (mse:5.420, mean:15.881, std:6.390)	count=499
Total loss:	23.312 (mse:4.992, mean:11.990, std:6.330)	count=499
Total loss:	22.521 (mse:4.832, mean:11.838, std:5.851)	count=499
Total loss:	17.219 (mse:4.161, mean:7.658, std:5.399)	count=499
Total loss:	23.394 (mse:5.177, mean:12.602, std:5.616)	count=499
Total loss:	23.555 (mse:5.144, mean:11.495, std:6.916)	count=499
Total loss:	18.540 (mse:4.392, mean:7.964, std:6.184)	count=499
Total loss:	22.983 (mse:4.784, mean:12.286, std:5.913)	count=499
Total loss:	18.748 (mse:4.482, mean:8.940, std:5.326)	count=499
Total loss:	27.137 (mse:5.383, mean:15.000, std:6.754)	count=499
Total loss:	17.387 (mse:4.084, mean:8.682, std:4.620)	count=499
Total loss:	23.204 (mse:5.382, mean:11.215, std:6.607)	count=499
Total loss:	24.122 (mse:5.588, mean:11.672, std:6.862)	count=499
Total loss:	16.759 (mse:3.887, mean:7.799, std:5.072)	count=499
Total loss:	23.370 (mse:4.916, mean:12.983, std:5.471)	count=499
Total loss:	19.351 (mse:3.939, mean:10.852, std:4.560)	count=499
Total loss:	21.531 (mse:4.979, mean:8.469, std:8.083)	count=499
Total loss:	17.631 (mse:4.097, mean:8.545, std:4.990)	count=499
Total loss:	21.789 (mse:4.727, mean:10.654, std:6.408)	count=499
Total loss:	24.433 (mse:5.154, mean:13.821, std:5.458)	count=499
Total loss:	20.636 (mse:4.968, mean:9.557, std:6.111)	count=499
Total loss:	28.744 (mse:5.958, mean:15.290, std:7.496)	count=499
Total loss:	19.619 (mse:5.111, mean:8.604, std:5.904)	count=499
Total loss:	19.674 (mse:4.472, mean:9.361, std:5.841)	count=499
Total loss:	22.065 (mse:5.389, mean:9.812, std:6.865)	count=499
Total loss:	21.564 (mse:4.740, mean:10.878, std:5.946)	count=499
Total loss:	19.739 (mse:4.704, mean:9.016, std:6.019)	count=499
Total loss:	20.763 (mse:4.583, mean:9.675, std:6.505)	count=499
Total loss:	20.297 (mse:4.723, mean:9.487, std:6.088)	count=499
Init alpha to be FP32
Total loss:	0.039 (rec:0.037, pd:0.002, round:0.000)	b=0.00	count=500
Total loss:	0.049 (rec:0.047, pd:0.002, round:0.000)	b=0.00	count=1000
Total loss:	0.046 (rec:0.044, pd:0.002, round:0.000)	b=0.00	count=1500
Total loss:	0.047 (rec:0.045, pd:0.002, round:0.000)	b=0.00	count=2000
Total loss:	0.041 (rec:0.039, pd:0.002, round:0.000)	b=0.00	count=2500
Total loss:	0.056 (rec:0.054, pd:0.002, round:0.000)	b=0.00	count=3000
Total loss:	0.048 (rec:0.047, pd:0.002, round:0.000)	b=0.00	count=3500
Total loss:	81.672 (rec:0.048, pd:0.003, round:81.622)	b=20.00	count=4000
Total loss:	40.624 (rec:0.042, pd:0.002, round:40.580)	b=19.44	count=4500
Total loss:	38.312 (rec:0.046, pd:0.002, round:38.264)	b=18.88	count=5000
Total loss:	36.577 (rec:0.046, pd:0.002, round:36.529)	b=18.31	count=5500
Total loss:	34.707 (rec:0.040, pd:0.002, round:34.665)	b=17.75	count=6000
Total loss:	33.272 (rec:0.042, pd:0.002, round:33.228)	b=17.19	count=6500
Total loss:	31.845 (rec:0.043, pd:0.001, round:31.800)	b=16.62	count=7000
Total loss:	30.534 (rec:0.045, pd:0.002, round:30.487)	b=16.06	count=7500
Total loss:	29.225 (rec:0.045, pd:0.001, round:29.178)	b=15.50	count=8000
Total loss:	27.897 (rec:0.041, pd:0.002, round:27.854)	b=14.94	count=8500
Total loss:	26.532 (rec:0.048, pd:0.002, round:26.482)	b=14.38	count=9000
Total loss:	25.142 (rec:0.044, pd:0.002, round:25.096)	b=13.81	count=9500
Total loss:	23.836 (rec:0.044, pd:0.002, round:23.790)	b=13.25	count=10000
Total loss:	22.434 (rec:0.039, pd:0.001, round:22.394)	b=12.69	count=10500
Total loss:	21.024 (rec:0.037, pd:0.001, round:20.985)	b=12.12	count=11000
Total loss:	19.455 (rec:0.042, pd:0.002, round:19.411)	b=11.56	count=11500
Total loss:	17.867 (rec:0.039, pd:0.002, round:17.825)	b=11.00	count=12000
Total loss:	16.128 (rec:0.040, pd:0.002, round:16.086)	b=10.44	count=12500
Total loss:	14.473 (rec:0.039, pd:0.001, round:14.432)	b=9.88	count=13000
Total loss:	12.665 (rec:0.042, pd:0.002, round:12.621)	b=9.31	count=13500
Total loss:	10.837 (rec:0.044, pd:0.002, round:10.792)	b=8.75	count=14000
Total loss:	9.112 (rec:0.040, pd:0.002, round:9.071)	b=8.19	count=14500
Total loss:	7.232 (rec:0.046, pd:0.002, round:7.184)	b=7.62	count=15000
Total loss:	5.465 (rec:0.042, pd:0.003, round:5.420)	b=7.06	count=15500
Total loss:	3.431 (rec:0.043, pd:0.002, round:3.387)	b=6.50	count=16000
Total loss:	1.779 (rec:0.044, pd:0.002, round:1.733)	b=5.94	count=16500
Total loss:	0.852 (rec:0.048, pd:0.002, round:0.802)	b=5.38	count=17000
Total loss:	0.139 (rec:0.047, pd:0.003, round:0.090)	b=4.81	count=17500
Total loss:	0.059 (rec:0.047, pd:0.002, round:0.010)	b=4.25	count=18000
Total loss:	0.058 (rec:0.046, pd:0.002, round:0.010)	b=3.69	count=18500
Total loss:	0.049 (rec:0.046, pd:0.002, round:0.000)	b=3.12	count=19000
Total loss:	0.045 (rec:0.042, pd:0.003, round:0.000)	b=2.56	count=19500
Total loss:	0.048 (rec:0.045, pd:0.002, round:0.000)	b=2.00	count=20000
Reconstruction for block 0
Start correcting 32 batches of data!
Total loss:	1.424 (mse:0.200, mean:0.591, std:0.634)	count=499
Total loss:	1.629 (mse:0.219, mean:0.651, std:0.759)	count=499
Total loss:	1.524 (mse:0.198, mean:0.564, std:0.762)	count=499
Total loss:	1.689 (mse:0.234, mean:0.704, std:0.752)	count=499
Total loss:	1.883 (mse:0.262, mean:0.789, std:0.832)	count=499
Total loss:	1.502 (mse:0.200, mean:0.636, std:0.666)	count=499
Total loss:	1.550 (mse:0.206, mean:0.608, std:0.736)	count=499
Total loss:	1.634 (mse:0.212, mean:0.715, std:0.707)	count=499
Total loss:	1.640 (mse:0.230, mean:0.589, std:0.821)	count=499
Total loss:	1.655 (mse:0.223, mean:0.746, std:0.686)	count=499
Total loss:	1.881 (mse:0.248, mean:0.919, std:0.714)	count=499
Total loss:	1.818 (mse:0.237, mean:0.869, std:0.712)	count=499
Total loss:	1.649 (mse:0.220, mean:0.693, std:0.736)	count=499
Total loss:	1.303 (mse:0.170, mean:0.522, std:0.611)	count=499
Total loss:	1.855 (mse:0.239, mean:0.922, std:0.694)	count=499
Total loss:	1.940 (mse:0.258, mean:0.878, std:0.803)	count=499
Total loss:	1.279 (mse:0.169, mean:0.556, std:0.554)	count=499
Total loss:	1.546 (mse:0.205, mean:0.619, std:0.721)	count=499
Total loss:	1.323 (mse:0.179, mean:0.518, std:0.627)	count=499
Total loss:	2.282 (mse:0.295, mean:1.059, std:0.928)	count=499
Total loss:	1.558 (mse:0.211, mean:0.618, std:0.730)	count=499
Total loss:	1.480 (mse:0.199, mean:0.637, std:0.644)	count=499
Total loss:	1.639 (mse:0.220, mean:0.764, std:0.655)	count=499
Total loss:	1.808 (mse:0.240, mean:0.773, std:0.794)	count=499
Total loss:	2.013 (mse:0.271, mean:0.829, std:0.913)	count=499
Total loss:	1.974 (mse:0.247, mean:1.081, std:0.646)	count=499
Total loss:	1.469 (mse:0.198, mean:0.605, std:0.665)	count=499
Total loss:	1.848 (mse:0.247, mean:0.780, std:0.821)	count=499
Total loss:	1.756 (mse:0.233, mean:0.764, std:0.760)	count=499
Total loss:	1.561 (mse:0.214, mean:0.614, std:0.733)	count=499
Total loss:	1.982 (mse:0.267, mean:1.119, std:0.595)	count=499
Total loss:	1.452 (mse:0.199, mean:0.536, std:0.717)	count=499
Init alpha to be FP32
Init alpha to be FP32
Total loss:	0.148 (rec:0.142, pd:0.006, round:0.000)	b=0.00	count=500
Total loss:	0.164 (rec:0.157, pd:0.007, round:0.000)	b=0.00	count=1000
Total loss:	0.174 (rec:0.168, pd:0.006, round:0.000)	b=0.00	count=1500
Total loss:	0.132 (rec:0.127, pd:0.005, round:0.000)	b=0.00	count=2000
Total loss:	0.154 (rec:0.149, pd:0.005, round:0.000)	b=0.00	count=2500
Total loss:	0.129 (rec:0.125, pd:0.005, round:0.000)	b=0.00	count=3000
Total loss:	0.136 (rec:0.131, pd:0.005, round:0.000)	b=0.00	count=3500
Total loss:	631.772 (rec:0.132, pd:0.004, round:631.635)	b=20.00	count=4000
Total loss:	332.235 (rec:0.127, pd:0.003, round:332.105)	b=19.44	count=4500
Total loss:	308.569 (rec:0.138, pd:0.005, round:308.426)	b=18.88	count=5000
Total loss:	292.454 (rec:0.141, pd:0.005, round:292.308)	b=18.31	count=5500
Total loss:	278.201 (rec:0.152, pd:0.005, round:278.044)	b=17.75	count=6000
Total loss:	265.343 (rec:0.141, pd:0.004, round:265.198)	b=17.19	count=6500
Total loss:	253.269 (rec:0.122, pd:0.003, round:253.144)	b=16.62	count=7000
Total loss:	241.831 (rec:0.129, pd:0.004, round:241.698)	b=16.06	count=7500
Total loss:	230.420 (rec:0.142, pd:0.004, round:230.274)	b=15.50	count=8000
Total loss:	218.694 (rec:0.126, pd:0.004, round:218.564)	b=14.94	count=8500
Total loss:	207.053 (rec:0.136, pd:0.004, round:206.912)	b=14.38	count=9000
Total loss:	195.495 (rec:0.134, pd:0.004, round:195.357)	b=13.81	count=9500
Total loss:	182.859 (rec:0.123, pd:0.005, round:182.732)	b=13.25	count=10000
Total loss:	170.572 (rec:0.147, pd:0.005, round:170.420)	b=12.69	count=10500
Total loss:	158.241 (rec:0.139, pd:0.004, round:158.098)	b=12.12	count=11000
Total loss:	145.412 (rec:0.123, pd:0.003, round:145.286)	b=11.56	count=11500
Total loss:	132.191 (rec:0.147, pd:0.006, round:132.038)	b=11.00	count=12000
Total loss:	118.483 (rec:0.147, pd:0.004, round:118.331)	b=10.44	count=12500
Total loss:	104.288 (rec:0.153, pd:0.004, round:104.131)	b=9.88	count=13000
Total loss:	89.524 (rec:0.139, pd:0.005, round:89.380)	b=9.31	count=13500
Total loss:	75.174 (rec:0.127, pd:0.004, round:75.043)	b=8.75	count=14000
Total loss:	60.841 (rec:0.152, pd:0.004, round:60.685)	b=8.19	count=14500
Total loss:	45.868 (rec:0.148, pd:0.004, round:45.716)	b=7.62	count=15000
Total loss:	32.286 (rec:0.166, pd:0.004, round:32.116)	b=7.06	count=15500
Total loss:	20.688 (rec:0.132, pd:0.005, round:20.551)	b=6.50	count=16000
Total loss:	10.462 (rec:0.146, pd:0.004, round:10.312)	b=5.94	count=16500
Total loss:	3.910 (rec:0.162, pd:0.006, round:3.742)	b=5.38	count=17000
Total loss:	0.702 (rec:0.140, pd:0.004, round:0.559)	b=4.81	count=17500
Total loss:	0.203 (rec:0.170, pd:0.003, round:0.030)	b=4.25	count=18000
Total loss:	0.199 (rec:0.175, pd:0.004, round:0.020)	b=3.69	count=18500
Total loss:	0.173 (rec:0.159, pd:0.004, round:0.010)	b=3.12	count=19000
Total loss:	0.133 (rec:0.129, pd:0.004, round:0.000)	b=2.56	count=19500
Total loss:	0.150 (rec:0.146, pd:0.004, round:0.000)	b=2.00	count=20000
Reconstruction for block 1
Start correcting 32 batches of data!
Total loss:	0.984 (mse:0.066, mean:0.515, std:0.403)	count=499
Total loss:	0.999 (mse:0.063, mean:0.500, std:0.435)	count=499
Total loss:	0.982 (mse:0.061, mean:0.459, std:0.462)	count=499
Total loss:	1.125 (mse:0.071, mean:0.581, std:0.474)	count=499
Total loss:	1.211 (mse:0.082, mean:0.596, std:0.533)	count=499
Total loss:	0.931 (mse:0.059, mean:0.483, std:0.389)	count=499
Total loss:	0.959 (mse:0.063, mean:0.446, std:0.450)	count=499
Total loss:	1.055 (mse:0.068, mean:0.565, std:0.421)	count=499
Total loss:	1.118 (mse:0.076, mean:0.515, std:0.527)	count=499
Total loss:	1.049 (mse:0.068, mean:0.575, std:0.405)	count=499
Total loss:	1.046 (mse:0.068, mean:0.604, std:0.373)	count=499
Total loss:	1.133 (mse:0.078, mean:0.604, std:0.451)	count=499
Total loss:	1.161 (mse:0.078, mean:0.593, std:0.489)	count=499
Total loss:	0.787 (mse:0.052, mean:0.406, std:0.330)	count=499
Total loss:	1.131 (mse:0.075, mean:0.606, std:0.450)	count=499
Total loss:	1.217 (mse:0.082, mean:0.599, std:0.537)	count=499
Total loss:	0.853 (mse:0.054, mean:0.460, std:0.339)	count=499
Total loss:	1.068 (mse:0.071, mean:0.541, std:0.456)	count=499
Total loss:	0.889 (mse:0.057, mean:0.462, std:0.369)	count=499
Total loss:	1.237 (mse:0.082, mean:0.634, std:0.521)	count=499
Total loss:	0.996 (mse:0.064, mean:0.477, std:0.455)	count=499
Total loss:	0.924 (mse:0.058, mean:0.487, std:0.379)	count=499
Total loss:	1.092 (mse:0.074, mean:0.587, std:0.432)	count=499
Total loss:	1.033 (mse:0.066, mean:0.492, std:0.475)	count=499
Total loss:	1.300 (mse:0.087, mean:0.613, std:0.599)	count=499
Total loss:	1.074 (mse:0.073, mean:0.640, std:0.362)	count=499
Total loss:	0.937 (mse:0.060, mean:0.462, std:0.414)	count=499
Total loss:	1.201 (mse:0.081, mean:0.609, std:0.511)	count=499
Total loss:	1.049 (mse:0.069, mean:0.535, std:0.446)	count=499
Total loss:	0.962 (mse:0.063, mean:0.485, std:0.414)	count=499
Total loss:	1.259 (mse:0.084, mean:0.754, std:0.421)	count=499
Total loss:	0.923 (mse:0.060, mean:0.447, std:0.417)	count=499
Init alpha to be FP32
Init alpha to be FP32
Total loss:	0.297 (rec:0.293, pd:0.004, round:0.000)	b=0.00	count=500
Total loss:	0.332 (rec:0.327, pd:0.006, round:0.000)	b=0.00	count=1000
Total loss:	0.307 (rec:0.303, pd:0.004, round:0.000)	b=0.00	count=1500
Total loss:	0.268 (rec:0.264, pd:0.004, round:0.000)	b=0.00	count=2000
Total loss:	0.298 (rec:0.294, pd:0.004, round:0.000)	b=0.00	count=2500
Total loss:	0.273 (rec:0.269, pd:0.004, round:0.000)	b=0.00	count=3000
Total loss:	0.290 (rec:0.285, pd:0.005, round:0.000)	b=0.00	count=3500
Total loss:	640.709 (rec:0.263, pd:0.004, round:640.443)	b=20.00	count=4000
Total loss:	333.392 (rec:0.269, pd:0.004, round:333.119)	b=19.44	count=4500
Total loss:	308.871 (rec:0.265, pd:0.004, round:308.602)	b=18.88	count=5000
Total loss:	291.459 (rec:0.293, pd:0.005, round:291.162)	b=18.31	count=5500
Total loss:	277.267 (rec:0.274, pd:0.004, round:276.989)	b=17.75	count=6000
Total loss:	263.853 (rec:0.271, pd:0.003, round:263.579)	b=17.19	count=6500
Total loss:	250.512 (rec:0.273, pd:0.004, round:250.236)	b=16.62	count=7000
Total loss:	238.298 (rec:0.279, pd:0.005, round:238.015)	b=16.06	count=7500
Total loss:	226.109 (rec:0.315, pd:0.004, round:225.790)	b=15.50	count=8000
Total loss:	213.331 (rec:0.278, pd:0.004, round:213.049)	b=14.94	count=8500
Total loss:	201.138 (rec:0.394, pd:0.006, round:200.739)	b=14.38	count=9000
Total loss:	188.318 (rec:0.261, pd:0.004, round:188.053)	b=13.81	count=9500
Total loss:	175.159 (rec:0.294, pd:0.003, round:174.862)	b=13.25	count=10000
Total loss:	161.559 (rec:0.311, pd:0.004, round:161.244)	b=12.69	count=10500
Total loss:	147.863 (rec:0.270, pd:0.004, round:147.590)	b=12.12	count=11000
Total loss:	133.569 (rec:0.295, pd:0.005, round:133.270)	b=11.56	count=11500
Total loss:	118.951 (rec:0.323, pd:0.004, round:118.624)	b=11.00	count=12000
Total loss:	103.100 (rec:0.270, pd:0.003, round:102.827)	b=10.44	count=12500
Total loss:	87.004 (rec:0.272, pd:0.003, round:86.729)	b=9.88	count=13000
Total loss:	70.487 (rec:0.287, pd:0.003, round:70.196)	b=9.31	count=13500
Total loss:	55.102 (rec:0.295, pd:0.004, round:54.803)	b=8.75	count=14000
Total loss:	40.587 (rec:0.320, pd:0.003, round:40.264)	b=8.19	count=14500
Total loss:	27.180 (rec:0.287, pd:0.004, round:26.889)	b=7.62	count=15000
Total loss:	16.418 (rec:0.292, pd:0.003, round:16.123)	b=7.06	count=15500
Total loss:	8.079 (rec:0.293, pd:0.003, round:7.782)	b=6.50	count=16000
Total loss:	2.603 (rec:0.293, pd:0.004, round:2.306)	b=5.94	count=16500
Total loss:	0.662 (rec:0.291, pd:0.004, round:0.367)	b=5.38	count=17000
Total loss:	0.416 (rec:0.362, pd:0.004, round:0.050)	b=4.81	count=17500
Total loss:	0.345 (rec:0.311, pd:0.005, round:0.030)	b=4.25	count=18000
Total loss:	0.291 (rec:0.284, pd:0.004, round:0.003)	b=3.69	count=18500
Total loss:	0.301 (rec:0.297, pd:0.004, round:0.000)	b=3.12	count=19000
Total loss:	0.285 (rec:0.282, pd:0.003, round:0.000)	b=2.56	count=19500
Total loss:	0.300 (rec:0.296, pd:0.004, round:0.000)	b=2.00	count=20000
Reconstruction for block 0
Start correcting 32 batches of data!
Total loss:	2.050 (mse:0.217, mean:0.915, std:0.919)	count=499
Total loss:	2.109 (mse:0.223, mean:0.987, std:0.899)	count=499
Total loss:	2.189 (mse:0.234, mean:1.069, std:0.886)	count=499
Total loss:	2.425 (mse:0.260, mean:1.150, std:1.015)	count=499
Total loss:	2.515 (mse:0.271, mean:1.175, std:1.069)	count=499
Total loss:	2.049 (mse:0.216, mean:0.962, std:0.870)	count=499
Total loss:	1.901 (mse:0.201, mean:0.843, std:0.857)	count=499
Total loss:	2.223 (mse:0.235, mean:1.083, std:0.905)	count=499
Total loss:	2.363 (mse:0.254, mean:0.958, std:1.150)	count=499
Total loss:	2.334 (mse:0.261, mean:1.165, std:0.907)	count=499
Total loss:	2.224 (mse:0.238, mean:1.172, std:0.814)	count=499
Total loss:	2.117 (mse:0.231, mean:0.980, std:0.906)	count=499
Total loss:	2.462 (mse:0.266, mean:1.121, std:1.075)	count=499
Total loss:	1.797 (mse:0.191, mean:0.888, std:0.717)	count=499
Total loss:	2.129 (mse:0.225, mean:0.961, std:0.943)	count=499
Total loss:	2.449 (mse:0.265, mean:1.035, std:1.149)	count=499
Total loss:	1.784 (mse:0.181, mean:0.895, std:0.707)	count=499
Total loss:	2.380 (mse:0.256, mean:1.112, std:1.011)	count=499
Total loss:	1.876 (mse:0.195, mean:0.879, std:0.803)	count=499
Total loss:	2.298 (mse:0.249, mean:1.132, std:0.917)	count=499
Total loss:	2.084 (mse:0.223, mean:0.942, std:0.919)	count=499
Total loss:	1.934 (mse:0.204, mean:0.915, std:0.815)	count=499
Total loss:	2.405 (mse:0.260, mean:1.151, std:0.994)	count=499
Total loss:	2.157 (mse:0.235, mean:0.954, std:0.969)	count=499
Total loss:	2.603 (mse:0.285, mean:1.108, std:1.210)	count=499
Total loss:	2.118 (mse:0.233, mean:1.083, std:0.802)	count=499
Total loss:	1.989 (mse:0.216, mean:0.901, std:0.872)	count=499
Total loss:	2.357 (mse:0.249, mean:1.037, std:1.071)	count=499
Total loss:	2.186 (mse:0.230, mean:1.033, std:0.924)	count=499
Total loss:	2.156 (mse:0.225, mean:1.054, std:0.877)	count=499
Total loss:	2.590 (mse:0.272, mean:1.271, std:1.048)	count=499
Total loss:	1.981 (mse:0.211, mean:0.882, std:0.888)	count=499
Init alpha to be FP32
Init alpha to be FP32
Init alpha to be FP32
Total loss:	0.148 (rec:0.144, pd:0.004, round:0.000)	b=0.00	count=500
Total loss:	0.149 (rec:0.145, pd:0.003, round:0.000)	b=0.00	count=1000
Total loss:	0.147 (rec:0.142, pd:0.004, round:0.000)	b=0.00	count=1500
Total loss:	0.145 (rec:0.141, pd:0.004, round:0.000)	b=0.00	count=2000
Total loss:	0.152 (rec:0.148, pd:0.004, round:0.000)	b=0.00	count=2500
Total loss:	0.145 (rec:0.141, pd:0.003, round:0.000)	b=0.00	count=3000
Total loss:	0.145 (rec:0.141, pd:0.004, round:0.000)	b=0.00	count=3500
Total loss:	2078.222 (rec:0.142, pd:0.003, round:2078.076)	b=20.00	count=4000
Total loss:	1003.055 (rec:0.156, pd:0.004, round:1002.894)	b=19.44	count=4500
Total loss:	924.709 (rec:0.148, pd:0.004, round:924.557)	b=18.88	count=5000
Total loss:	870.219 (rec:0.149, pd:0.004, round:870.066)	b=18.31	count=5500
Total loss:	824.557 (rec:0.143, pd:0.003, round:824.411)	b=17.75	count=6000
Total loss:	781.796 (rec:0.145, pd:0.003, round:781.647)	b=17.19	count=6500
Total loss:	742.006 (rec:0.162, pd:0.004, round:741.840)	b=16.62	count=7000
Total loss:	703.623 (rec:0.153, pd:0.004, round:703.467)	b=16.06	count=7500
Total loss:	665.540 (rec:0.150, pd:0.004, round:665.386)	b=15.50	count=8000
Total loss:	627.776 (rec:0.153, pd:0.004, round:627.618)	b=14.94	count=8500
Total loss:	590.747 (rec:0.152, pd:0.003, round:590.591)	b=14.38	count=9000
Total loss:	552.155 (rec:0.149, pd:0.004, round:552.002)	b=13.81	count=9500
Total loss:	512.254 (rec:0.154, pd:0.004, round:512.096)	b=13.25	count=10000
Total loss:	471.320 (rec:0.155, pd:0.004, round:471.160)	b=12.69	count=10500
Total loss:	428.126 (rec:0.162, pd:0.004, round:427.959)	b=12.12	count=11000
Total loss:	382.159 (rec:0.149, pd:0.003, round:382.006)	b=11.56	count=11500
Total loss:	336.029 (rec:0.148, pd:0.003, round:335.878)	b=11.00	count=12000
Total loss:	288.152 (rec:0.154, pd:0.004, round:287.994)	b=10.44	count=12500
Total loss:	240.182 (rec:0.157, pd:0.004, round:240.022)	b=9.88	count=13000
Total loss:	193.291 (rec:0.159, pd:0.004, round:193.128)	b=9.31	count=13500
Total loss:	147.315 (rec:0.171, pd:0.004, round:147.140)	b=8.75	count=14000
Total loss:	106.289 (rec:0.159, pd:0.003, round:106.127)	b=8.19	count=14500
Total loss:	69.160 (rec:0.167, pd:0.004, round:68.989)	b=7.62	count=15000
Total loss:	38.394 (rec:0.158, pd:0.003, round:38.233)	b=7.06	count=15500
Total loss:	16.133 (rec:0.161, pd:0.004, round:15.968)	b=6.50	count=16000
Total loss:	3.141 (rec:0.164, pd:0.003, round:2.974)	b=5.94	count=16500
Total loss:	0.755 (rec:0.184, pd:0.004, round:0.567)	b=5.38	count=17000
Total loss:	0.401 (rec:0.163, pd:0.005, round:0.234)	b=4.81	count=17500
Total loss:	0.243 (rec:0.170, pd:0.003, round:0.070)	b=4.25	count=18000
Total loss:	0.204 (rec:0.171, pd:0.004, round:0.029)	b=3.69	count=18500
Total loss:	0.176 (rec:0.172, pd:0.004, round:0.000)	b=3.12	count=19000
Total loss:	0.176 (rec:0.173, pd:0.003, round:0.000)	b=2.56	count=19500
Total loss:	0.171 (rec:0.167, pd:0.004, round:0.000)	b=2.00	count=20000
Reconstruction for block 1
Start correcting 32 batches of data!
Total loss:	0.662 (mse:0.053, mean:0.366, std:0.243)	count=499
Total loss:	0.607 (mse:0.047, mean:0.347, std:0.213)	count=499
Total loss:	0.691 (mse:0.058, mean:0.383, std:0.250)	count=499
Total loss:	0.810 (mse:0.067, mean:0.472, std:0.271)	count=499
Total loss:	0.779 (mse:0.066, mean:0.427, std:0.285)	count=499
Total loss:	0.598 (mse:0.046, mean:0.341, std:0.211)	count=499
Total loss:	0.591 (mse:0.047, mean:0.308, std:0.236)	count=499
Total loss:	0.694 (mse:0.055, mean:0.408, std:0.231)	count=499
Total loss:	0.803 (mse:0.065, mean:0.444, std:0.294)	count=499
Total loss:	0.761 (mse:0.064, mean:0.445, std:0.252)	count=499
Total loss:	0.620 (mse:0.048, mean:0.379, std:0.194)	count=499
Total loss:	0.651 (mse:0.055, mean:0.374, std:0.222)	count=499
Total loss:	0.718 (mse:0.057, mean:0.399, std:0.262)	count=499
Total loss:	0.604 (mse:0.050, mean:0.350, std:0.205)	count=499
Total loss:	0.638 (mse:0.052, mean:0.355, std:0.230)	count=499
Total loss:	0.734 (mse:0.058, mean:0.408, std:0.268)	count=499
Total loss:	0.634 (mse:0.052, mean:0.374, std:0.207)	count=499
Total loss:	0.717 (mse:0.060, mean:0.392, std:0.265)	count=499
Total loss:	0.598 (mse:0.048, mean:0.333, std:0.217)	count=499
Total loss:	0.692 (mse:0.059, mean:0.412, std:0.220)	count=499
Total loss:	0.672 (mse:0.056, mean:0.356, std:0.260)	count=499
Total loss:	0.580 (mse:0.046, mean:0.331, std:0.202)	count=499
Total loss:	0.696 (mse:0.057, mean:0.375, std:0.264)	count=499
Total loss:	0.712 (mse:0.060, mean:0.399, std:0.253)	count=499
Total loss:	0.758 (mse:0.064, mean:0.384, std:0.310)	count=499
Total loss:	0.593 (mse:0.045, mean:0.371, std:0.178)	count=499
Total loss:	0.688 (mse:0.058, mean:0.403, std:0.228)	count=499
Total loss:	0.690 (mse:0.058, mean:0.364, std:0.269)	count=499
Total loss:	0.682 (mse:0.057, mean:0.377, std:0.248)	count=499
Total loss:	0.670 (mse:0.052, mean:0.384, std:0.234)	count=499
Total loss:	0.768 (mse:0.060, mean:0.462, std:0.246)	count=499
Total loss:	0.635 (mse:0.051, mean:0.347, std:0.236)	count=499
Init alpha to be FP32
Init alpha to be FP32
Total loss:	0.276 (rec:0.272, pd:0.003, round:0.000)	b=0.00	count=500
Total loss:	0.255 (rec:0.252, pd:0.003, round:0.000)	b=0.00	count=1000
Total loss:	0.285 (rec:0.281, pd:0.004, round:0.000)	b=0.00	count=1500
Total loss:	0.257 (rec:0.253, pd:0.004, round:0.000)	b=0.00	count=2000
Total loss:	0.266 (rec:0.263, pd:0.004, round:0.000)	b=0.00	count=2500
Total loss:	0.273 (rec:0.269, pd:0.004, round:0.000)	b=0.00	count=3000
Total loss:	0.277 (rec:0.274, pd:0.004, round:0.000)	b=0.00	count=3500
Total loss:	2615.186 (rec:0.278, pd:0.003, round:2614.905)	b=20.00	count=4000
Total loss:	1257.541 (rec:0.265, pd:0.003, round:1257.272)	b=19.44	count=4500
Total loss:	1160.628 (rec:0.283, pd:0.004, round:1160.341)	b=18.88	count=5000
Total loss:	1091.555 (rec:0.276, pd:0.004, round:1091.275)	b=18.31	count=5500
Total loss:	1033.626 (rec:0.261, pd:0.003, round:1033.362)	b=17.75	count=6000
Total loss:	980.232 (rec:0.277, pd:0.004, round:979.951)	b=17.19	count=6500
Total loss:	929.692 (rec:0.281, pd:0.003, round:929.408)	b=16.62	count=7000
Total loss:	881.965 (rec:0.269, pd:0.003, round:881.693)	b=16.06	count=7500
Total loss:	833.359 (rec:0.269, pd:0.004, round:833.086)	b=15.50	count=8000
Total loss:	786.510 (rec:0.290, pd:0.004, round:786.215)	b=14.94	count=8500
Total loss:	738.852 (rec:0.254, pd:0.004, round:738.595)	b=14.38	count=9000
Total loss:	690.704 (rec:0.270, pd:0.003, round:690.432)	b=13.81	count=9500
Total loss:	641.757 (rec:0.289, pd:0.003, round:641.464)	b=13.25	count=10000
Total loss:	590.358 (rec:0.282, pd:0.004, round:590.071)	b=12.69	count=10500
Total loss:	538.517 (rec:0.281, pd:0.003, round:538.233)	b=12.12	count=11000
Total loss:	484.280 (rec:0.304, pd:0.003, round:483.973)	b=11.56	count=11500
Total loss:	430.855 (rec:0.272, pd:0.003, round:430.580)	b=11.00	count=12000
Total loss:	374.294 (rec:0.288, pd:0.004, round:374.002)	b=10.44	count=12500
Total loss:	315.629 (rec:0.295, pd:0.004, round:315.330)	b=9.88	count=13000
Total loss:	255.943 (rec:0.272, pd:0.004, round:255.668)	b=9.31	count=13500
Total loss:	198.718 (rec:0.290, pd:0.004, round:198.424)	b=8.75	count=14000
Total loss:	143.682 (rec:0.293, pd:0.004, round:143.386)	b=8.19	count=14500
Total loss:	93.984 (rec:0.280, pd:0.003, round:93.700)	b=7.62	count=15000
Total loss:	50.375 (rec:0.289, pd:0.004, round:50.082)	b=7.06	count=15500
Total loss:	18.747 (rec:0.291, pd:0.004, round:18.453)	b=6.50	count=16000
Total loss:	3.651 (rec:0.272, pd:0.004, round:3.376)	b=5.94	count=16500
Total loss:	0.771 (rec:0.278, pd:0.003, round:0.489)	b=5.38	count=17000
Total loss:	0.378 (rec:0.283, pd:0.003, round:0.092)	b=4.81	count=17500
Total loss:	0.307 (rec:0.273, pd:0.004, round:0.030)	b=4.25	count=18000
Total loss:	0.304 (rec:0.300, pd:0.004, round:0.000)	b=3.69	count=18500
Total loss:	0.291 (rec:0.288, pd:0.003, round:0.000)	b=3.12	count=19000
Total loss:	0.286 (rec:0.283, pd:0.004, round:0.000)	b=2.56	count=19500
Total loss:	0.291 (rec:0.287, pd:0.004, round:0.000)	b=2.00	count=20000
Reconstruction for block 0
Start correcting 32 batches of data!
Total loss:	2.836 (mse:0.514, mean:1.529, std:0.793)	count=499
Total loss:	2.945 (mse:0.544, mean:1.672, std:0.729)	count=499
Total loss:	3.083 (mse:0.580, mean:1.718, std:0.785)	count=499
Total loss:	3.428 (mse:0.651, mean:1.910, std:0.868)	count=499
Total loss:	3.324 (mse:0.609, mean:1.814, std:0.901)	count=499
Total loss:	2.788 (mse:0.503, mean:1.548, std:0.736)	count=499
Total loss:	2.762 (mse:0.518, mean:1.479, std:0.766)	count=499
Total loss:	3.144 (mse:0.581, mean:1.809, std:0.754)	count=499
Total loss:	3.226 (mse:0.591, mean:1.770, std:0.864)	count=499
Total loss:	3.293 (mse:0.630, mean:1.881, std:0.782)	count=499
Total loss:	3.121 (mse:0.592, mean:1.828, std:0.701)	count=499
Total loss:	2.831 (mse:0.510, mean:1.613, std:0.709)	count=499
Total loss:	3.096 (mse:0.561, mean:1.727, std:0.808)	count=499
Total loss:	2.633 (mse:0.483, mean:1.505, std:0.645)	count=499
Total loss:	2.989 (mse:0.558, mean:1.676, std:0.755)	count=499
Total loss:	3.161 (mse:0.572, mean:1.743, std:0.846)	count=499
Total loss:	2.904 (mse:0.549, mean:1.633, std:0.721)	count=499
Total loss:	2.984 (mse:0.541, mean:1.638, std:0.804)	count=499
Total loss:	2.797 (mse:0.520, mean:1.536, std:0.741)	count=499
Total loss:	3.123 (mse:0.582, mean:1.755, std:0.786)	count=499
Total loss:	2.844 (mse:0.524, mean:1.575, std:0.746)	count=499
Total loss:	2.802 (mse:0.525, mean:1.551, std:0.726)	count=499
Total loss:	3.158 (mse:0.587, mean:1.757, std:0.814)	count=499
Total loss:	3.143 (mse:0.598, mean:1.764, std:0.780)	count=499
Total loss:	3.090 (mse:0.559, mean:1.646, std:0.885)	count=499
Total loss:	3.087 (mse:0.596, mean:1.824, std:0.666)	count=499
Total loss:	3.034 (mse:0.576, mean:1.722, std:0.737)	count=499
Total loss:	3.043 (mse:0.551, mean:1.612, std:0.881)	count=499
Total loss:	3.068 (mse:0.568, mean:1.699, std:0.801)	count=499
Total loss:	3.065 (mse:0.572, mean:1.728, std:0.765)	count=499
Total loss:	3.638 (mse:0.689, mean:2.119, std:0.831)	count=499
Total loss:	2.758 (mse:0.501, mean:1.478, std:0.779)	count=499
Init alpha to be FP32
Init alpha to be FP32
Init alpha to be FP32
Total loss:	0.178 (rec:0.174, pd:0.004, round:0.000)	b=0.00	count=500
Total loss:	0.174 (rec:0.170, pd:0.004, round:0.000)	b=0.00	count=1000
Total loss:	0.176 (rec:0.172, pd:0.004, round:0.000)	b=0.00	count=1500
Total loss:	0.171 (rec:0.167, pd:0.004, round:0.000)	b=0.00	count=2000
Total loss:	0.165 (rec:0.162, pd:0.003, round:0.000)	b=0.00	count=2500
Total loss:	0.172 (rec:0.168, pd:0.004, round:0.000)	b=0.00	count=3000
Total loss:	0.167 (rec:0.163, pd:0.004, round:0.000)	b=0.00	count=3500
Total loss:	8283.633 (rec:0.169, pd:0.004, round:8283.459)	b=20.00	count=4000
Total loss:	3859.072 (rec:0.163, pd:0.003, round:3858.906)	b=19.44	count=4500
Total loss:	3565.571 (rec:0.163, pd:0.003, round:3565.406)	b=18.88	count=5000
Total loss:	3358.308 (rec:0.181, pd:0.003, round:3358.124)	b=18.31	count=5500
Total loss:	3179.200 (rec:0.174, pd:0.003, round:3179.022)	b=17.75	count=6000
Total loss:	3013.479 (rec:0.166, pd:0.003, round:3013.311)	b=17.19	count=6500
Total loss:	2859.662 (rec:0.178, pd:0.003, round:2859.481)	b=16.62	count=7000
Total loss:	2709.842 (rec:0.164, pd:0.003, round:2709.675)	b=16.06	count=7500
Total loss:	2560.725 (rec:0.176, pd:0.004, round:2560.546)	b=15.50	count=8000
Total loss:	2411.359 (rec:0.166, pd:0.004, round:2411.188)	b=14.94	count=8500
Total loss:	2265.386 (rec:0.160, pd:0.003, round:2265.223)	b=14.38	count=9000
Total loss:	2115.867 (rec:0.175, pd:0.003, round:2115.689)	b=13.81	count=9500
Total loss:	1965.392 (rec:0.171, pd:0.004, round:1965.218)	b=13.25	count=10000
Total loss:	1811.837 (rec:0.177, pd:0.004, round:1811.656)	b=12.69	count=10500
Total loss:	1656.267 (rec:0.166, pd:0.003, round:1656.097)	b=12.12	count=11000
Total loss:	1493.793 (rec:0.181, pd:0.003, round:1493.608)	b=11.56	count=11500
Total loss:	1331.755 (rec:0.179, pd:0.004, round:1331.572)	b=11.00	count=12000
Total loss:	1166.068 (rec:0.180, pd:0.004, round:1165.884)	b=10.44	count=12500
Total loss:	996.317 (rec:0.176, pd:0.003, round:996.138)	b=9.88	count=13000
Total loss:	825.905 (rec:0.177, pd:0.004, round:825.724)	b=9.31	count=13500
Total loss:	658.330 (rec:0.178, pd:0.004, round:658.148)	b=8.75	count=14000
Total loss:	495.556 (rec:0.200, pd:0.004, round:495.352)	b=8.19	count=14500
Total loss:	342.772 (rec:0.182, pd:0.004, round:342.587)	b=7.62	count=15000
Total loss:	205.297 (rec:0.181, pd:0.004, round:205.112)	b=7.06	count=15500
Total loss:	88.158 (rec:0.180, pd:0.003, round:87.976)	b=6.50	count=16000
Total loss:	14.203 (rec:0.179, pd:0.003, round:14.021)	b=5.94	count=16500
Total loss:	1.560 (rec:0.184, pd:0.003, round:1.373)	b=5.38	count=17000
Total loss:	0.611 (rec:0.188, pd:0.004, round:0.420)	b=4.81	count=17500
Total loss:	0.398 (rec:0.192, pd:0.004, round:0.203)	b=4.25	count=18000
Total loss:	0.258 (rec:0.195, pd:0.004, round:0.060)	b=3.69	count=18500
Total loss:	0.189 (rec:0.186, pd:0.004, round:0.000)	b=3.12	count=19000
Total loss:	0.200 (rec:0.196, pd:0.004, round:0.000)	b=2.56	count=19500
Total loss:	0.193 (rec:0.189, pd:0.003, round:0.000)	b=2.00	count=20000
Reconstruction for block 1
Start correcting 32 batches of data!
Total loss:	1.323 (mse:0.155, mean:0.792, std:0.377)	count=499
Total loss:	1.357 (mse:0.141, mean:0.880, std:0.336)	count=499
Total loss:	1.402 (mse:0.153, mean:0.875, std:0.374)	count=499
Total loss:	1.567 (mse:0.175, mean:1.013, std:0.380)	count=499
Total loss:	1.435 (mse:0.147, mean:0.872, std:0.416)	count=499
Total loss:	1.266 (mse:0.136, mean:0.783, std:0.347)	count=499
Total loss:	1.302 (mse:0.152, mean:0.806, std:0.345)	count=499
Total loss:	1.355 (mse:0.146, mean:0.872, std:0.337)	count=499
Total loss:	1.446 (mse:0.164, mean:0.894, std:0.387)	count=499
Total loss:	1.453 (mse:0.158, mean:0.937, std:0.358)	count=499
Total loss:	1.453 (mse:0.153, mean:0.938, std:0.362)	count=499
Total loss:	1.203 (mse:0.126, mean:0.753, std:0.323)	count=499
Total loss:	1.312 (mse:0.143, mean:0.862, std:0.307)	count=499
Total loss:	1.241 (mse:0.134, mean:0.801, std:0.306)	count=499
Total loss:	1.318 (mse:0.144, mean:0.836, std:0.339)	count=499
Total loss:	1.369 (mse:0.148, mean:0.852, std:0.369)	count=499
Total loss:	1.345 (mse:0.147, mean:0.864, std:0.334)	count=499
Total loss:	1.330 (mse:0.152, mean:0.813, std:0.365)	count=499
Total loss:	1.414 (mse:0.167, mean:0.892, std:0.355)	count=499
Total loss:	1.393 (mse:0.154, mean:0.883, std:0.356)	count=499
Total loss:	1.484 (mse:0.179, mean:0.921, std:0.384)	count=499
Total loss:	1.282 (mse:0.139, mean:0.816, std:0.327)	count=499
Total loss:	1.484 (mse:0.176, mean:0.920, std:0.388)	count=499
Total loss:	1.519 (mse:0.169, mean:0.979, std:0.371)	count=499
Total loss:	1.370 (mse:0.158, mean:0.835, std:0.376)	count=499
Total loss:	1.481 (mse:0.167, mean:0.974, std:0.340)	count=499
Total loss:	1.470 (mse:0.163, mean:0.968, std:0.340)	count=499
Total loss:	1.376 (mse:0.148, mean:0.820, std:0.408)	count=499
Total loss:	1.511 (mse:0.168, mean:0.946, std:0.396)	count=499
Total loss:	1.409 (mse:0.150, mean:0.884, std:0.375)	count=499
Total loss:	1.491 (mse:0.165, mean:0.978, std:0.348)	count=499
Total loss:	1.302 (mse:0.143, mean:0.814, std:0.345)	count=499
Init alpha to be FP32
Init alpha to be FP32
Total loss:	0.271 (rec:0.266, pd:0.004, round:0.000)	b=0.00	count=500
Total loss:	0.235 (rec:0.231, pd:0.003, round:0.000)	b=0.00	count=1000
Total loss:	0.250 (rec:0.247, pd:0.003, round:0.000)	b=0.00	count=1500
Total loss:	0.251 (rec:0.248, pd:0.003, round:0.000)	b=0.00	count=2000
Total loss:	0.252 (rec:0.249, pd:0.003, round:0.000)	b=0.00	count=2500
Total loss:	0.248 (rec:0.244, pd:0.004, round:0.000)	b=0.00	count=3000
Total loss:	0.241 (rec:0.238, pd:0.003, round:0.000)	b=0.00	count=3500
Total loss:	10544.927 (rec:0.235, pd:0.003, round:10544.688)	b=20.00	count=4000
Total loss:	4838.555 (rec:0.251, pd:0.003, round:4838.301)	b=19.44	count=4500
Total loss:	4466.075 (rec:0.263, pd:0.003, round:4465.809)	b=18.88	count=5000
Total loss:	4195.850 (rec:0.256, pd:0.003, round:4195.590)	b=18.31	count=5500
Total loss:	3959.624 (rec:0.239, pd:0.003, round:3959.383)	b=17.75	count=6000
Total loss:	3740.821 (rec:0.230, pd:0.003, round:3740.587)	b=17.19	count=6500
Total loss:	3533.669 (rec:0.247, pd:0.003, round:3533.419)	b=16.62	count=7000
Total loss:	3329.056 (rec:0.242, pd:0.003, round:3328.812)	b=16.06	count=7500
Total loss:	3128.831 (rec:0.243, pd:0.002, round:3128.585)	b=15.50	count=8000
Total loss:	2929.362 (rec:0.230, pd:0.003, round:2929.130)	b=14.94	count=8500
Total loss:	2734.885 (rec:0.252, pd:0.003, round:2734.630)	b=14.38	count=9000
Total loss:	2539.914 (rec:0.255, pd:0.003, round:2539.656)	b=13.81	count=9500
Total loss:	2347.441 (rec:0.268, pd:0.003, round:2347.170)	b=13.25	count=10000
Total loss:	2150.814 (rec:0.259, pd:0.003, round:2150.552)	b=12.69	count=10500
Total loss:	1956.665 (rec:0.246, pd:0.003, round:1956.415)	b=12.12	count=11000
Total loss:	1757.760 (rec:0.248, pd:0.003, round:1757.509)	b=11.56	count=11500
Total loss:	1559.803 (rec:0.270, pd:0.004, round:1559.529)	b=11.00	count=12000
Total loss:	1363.369 (rec:0.256, pd:0.003, round:1363.110)	b=10.44	count=12500
Total loss:	1166.711 (rec:0.248, pd:0.002, round:1166.461)	b=9.88	count=13000
Total loss:	974.322 (rec:0.260, pd:0.003, round:974.059)	b=9.31	count=13500
Total loss:	785.128 (rec:0.245, pd:0.003, round:784.880)	b=8.75	count=14000
Total loss:	598.718 (rec:0.246, pd:0.003, round:598.469)	b=8.19	count=14500
Total loss:	422.499 (rec:0.269, pd:0.004, round:422.226)	b=7.62	count=15000
Total loss:	264.831 (rec:0.248, pd:0.003, round:264.580)	b=7.06	count=15500
Total loss:	126.003 (rec:0.241, pd:0.003, round:125.758)	b=6.50	count=16000
Total loss:	33.681 (rec:0.252, pd:0.003, round:33.426)	b=5.94	count=16500
Total loss:	5.526 (rec:0.252, pd:0.003, round:5.271)	b=5.38	count=17000
Total loss:	1.293 (rec:0.244, pd:0.003, round:1.045)	b=4.81	count=17500
Total loss:	0.470 (rec:0.279, pd:0.003, round:0.188)	b=4.25	count=18000
Total loss:	0.284 (rec:0.247, pd:0.003, round:0.033)	b=3.69	count=18500
Total loss:	0.255 (rec:0.252, pd:0.003, round:0.000)	b=3.12	count=19000
Total loss:	0.252 (rec:0.250, pd:0.003, round:0.000)	b=2.56	count=19500
Total loss:	0.260 (rec:0.257, pd:0.003, round:0.000)	b=2.00	count=20000
Reconstruction for block 0
Start correcting 32 batches of data!
Total loss:	3.963 (mse:0.766, mean:2.155, std:1.042)	count=499
Total loss:	4.438 (mse:0.834, mean:2.623, std:0.981)	count=499
Total loss:	4.557 (mse:0.904, mean:2.613, std:1.040)	count=499
Total loss:	4.568 (mse:0.869, mean:2.690, std:1.009)	count=499
Total loss:	4.458 (mse:0.829, mean:2.540, std:1.090)	count=499
Total loss:	4.109 (mse:0.779, mean:2.327, std:1.003)	count=499
Total loss:	3.888 (mse:0.728, mean:2.200, std:0.959)	count=499
Total loss:	4.128 (mse:0.734, mean:2.396, std:0.998)	count=499
Total loss:	4.178 (mse:0.758, mean:2.382, std:1.038)	count=499
Total loss:	4.478 (mse:0.842, mean:2.644, std:0.993)	count=499
Total loss:	4.664 (mse:0.876, mean:2.732, std:1.055)	count=499
Total loss:	3.978 (mse:0.722, mean:2.324, std:0.931)	count=499
Total loss:	4.256 (mse:0.762, mean:2.495, std:0.999)	count=499
Total loss:	3.913 (mse:0.714, mean:2.270, std:0.929)	count=499
Total loss:	4.211 (mse:0.792, mean:2.388, std:1.031)	count=499
Total loss:	4.352 (mse:0.825, mean:2.438, std:1.089)	count=499
Total loss:	4.161 (mse:0.781, mean:2.433, std:0.948)	count=499
Total loss:	4.180 (mse:0.785, mean:2.395, std:1.000)	count=499
Total loss:	4.194 (mse:0.810, mean:2.344, std:1.041)	count=499
Total loss:	4.059 (mse:0.720, mean:2.321, std:1.018)	count=499
Total loss:	4.670 (mse:0.956, mean:2.693, std:1.021)	count=499
Total loss:	4.003 (mse:0.729, mean:2.270, std:1.004)	count=499
Total loss:	4.353 (mse:0.841, mean:2.499, std:1.013)	count=499
Total loss:	4.721 (mse:0.910, mean:2.728, std:1.082)	count=499
Total loss:	4.094 (mse:0.758, mean:2.335, std:1.001)	count=499
Total loss:	4.589 (mse:0.881, mean:2.757, std:0.952)	count=499
Total loss:	4.470 (mse:0.833, mean:2.684, std:0.954)	count=499
Total loss:	4.140 (mse:0.751, mean:2.306, std:1.084)	count=499
Total loss:	4.858 (mse:1.003, mean:2.767, std:1.089)	count=499
Total loss:	4.471 (mse:0.848, mean:2.610, std:1.013)	count=499
Total loss:	4.483 (mse:0.863, mean:2.666, std:0.954)	count=499
Total loss:	3.830 (mse:0.687, mean:2.174, std:0.969)	count=499
Init alpha to be FP32
Init alpha to be FP32
Init alpha to be FP32
Total loss:	0.320 (rec:0.316, pd:0.004, round:0.000)	b=0.00	count=500
Total loss:	0.307 (rec:0.304, pd:0.003, round:0.000)	b=0.00	count=1000
Total loss:	0.309 (rec:0.305, pd:0.004, round:0.000)	b=0.00	count=1500
Total loss:	0.306 (rec:0.302, pd:0.004, round:0.000)	b=0.00	count=2000
Total loss:	0.302 (rec:0.298, pd:0.004, round:0.000)	b=0.00	count=2500
Total loss:	0.269 (rec:0.266, pd:0.003, round:0.000)	b=0.00	count=3000
Total loss:	0.251 (rec:0.248, pd:0.003, round:0.000)	b=0.00	count=3500
Total loss:	32293.572 (rec:0.267, pd:0.003, round:32293.301)	b=20.00	count=4000
Total loss:	14665.525 (rec:0.270, pd:0.003, round:14665.253)	b=19.44	count=4500
Total loss:	13469.841 (rec:0.260, pd:0.003, round:13469.578)	b=18.88	count=5000
Total loss:	12549.349 (rec:0.247, pd:0.003, round:12549.099)	b=18.31	count=5500
Total loss:	11725.636 (rec:0.248, pd:0.003, round:11725.385)	b=17.75	count=6000
Total loss:	10954.627 (rec:0.257, pd:0.003, round:10954.367)	b=17.19	count=6500
Total loss:	10217.548 (rec:0.249, pd:0.003, round:10217.296)	b=16.62	count=7000
Total loss:	9509.436 (rec:0.259, pd:0.003, round:9509.174)	b=16.06	count=7500
Total loss:	8826.771 (rec:0.244, pd:0.003, round:8826.525)	b=15.50	count=8000
Total loss:	8170.506 (rec:0.247, pd:0.003, round:8170.257)	b=14.94	count=8500
Total loss:	7525.474 (rec:0.271, pd:0.003, round:7525.200)	b=14.38	count=9000
Total loss:	6896.470 (rec:0.246, pd:0.003, round:6896.221)	b=13.81	count=9500
Total loss:	6291.516 (rec:0.246, pd:0.003, round:6291.267)	b=13.25	count=10000
Total loss:	5701.458 (rec:0.254, pd:0.003, round:5701.200)	b=12.69	count=10500
Total loss:	5127.788 (rec:0.262, pd:0.003, round:5127.522)	b=12.12	count=11000
Total loss:	4570.482 (rec:0.238, pd:0.003, round:4570.241)	b=11.56	count=11500
Total loss:	4028.673 (rec:0.268, pd:0.003, round:4028.402)	b=11.00	count=12000
Total loss:	3500.273 (rec:0.240, pd:0.003, round:3500.030)	b=10.44	count=12500
Total loss:	2992.800 (rec:0.261, pd:0.003, round:2992.536)	b=9.88	count=13000
Total loss:	2501.134 (rec:0.252, pd:0.003, round:2500.880)	b=9.31	count=13500
Total loss:	2031.638 (rec:0.241, pd:0.003, round:2031.394)	b=8.75	count=14000
Total loss:	1580.356 (rec:0.251, pd:0.003, round:1580.102)	b=8.19	count=14500
Total loss:	1162.990 (rec:0.248, pd:0.003, round:1162.738)	b=7.62	count=15000
Total loss:	780.519 (rec:0.264, pd:0.003, round:780.253)	b=7.06	count=15500
Total loss:	442.892 (rec:0.247, pd:0.003, round:442.642)	b=6.50	count=16000
Total loss:	175.175 (rec:0.246, pd:0.003, round:174.926)	b=5.94	count=16500
Total loss:	39.911 (rec:0.265, pd:0.003, round:39.643)	b=5.38	count=17000
Total loss:	6.072 (rec:0.253, pd:0.003, round:5.817)	b=4.81	count=17500
Total loss:	1.207 (rec:0.285, pd:0.003, round:0.919)	b=4.25	count=18000
Total loss:	0.396 (rec:0.277, pd:0.003, round:0.116)	b=3.69	count=18500
Total loss:	0.271 (rec:0.267, pd:0.003, round:0.000)	b=3.12	count=19000
Total loss:	0.245 (rec:0.242, pd:0.003, round:0.000)	b=2.56	count=19500
Total loss:	0.267 (rec:0.264, pd:0.003, round:0.000)	b=2.00	count=20000
Reconstruction for block 1
Start correcting 32 batches of data!
Total loss:	3.650 (mse:0.619, mean:2.263, std:0.768)	count=499
Total loss:	3.791 (mse:0.548, mean:2.500, std:0.743)	count=499
Total loss:	3.966 (mse:0.684, mean:2.527, std:0.756)	count=499
Total loss:	4.075 (mse:0.715, mean:2.568, std:0.792)	count=499
Total loss:	3.712 (mse:0.628, mean:2.314, std:0.771)	count=499
Total loss:	3.729 (mse:0.637, mean:2.333, std:0.759)	count=499
Total loss:	3.517 (mse:0.580, mean:2.193, std:0.744)	count=499
Total loss:	4.079 (mse:0.696, mean:2.603, std:0.780)	count=499
Total loss:	3.723 (mse:0.604, mean:2.351, std:0.768)	count=499
Total loss:	3.923 (mse:0.683, mean:2.462, std:0.778)	count=499
Total loss:	4.071 (mse:0.767, mean:2.537, std:0.767)	count=499
Total loss:	3.581 (mse:0.588, mean:2.279, std:0.713)	count=499
Total loss:	3.725 (mse:0.594, mean:2.384, std:0.748)	count=499
Total loss:	3.673 (mse:0.567, mean:2.356, std:0.749)	count=499
Total loss:	4.082 (mse:0.749, mean:2.541, std:0.792)	count=499
Total loss:	4.002 (mse:0.662, mean:2.547, std:0.793)	count=499
Total loss:	3.701 (mse:0.594, mean:2.360, std:0.748)	count=499
Total loss:	3.770 (mse:0.670, mean:2.353, std:0.748)	count=499
Total loss:	3.946 (mse:0.774, mean:2.414, std:0.757)	count=499
Total loss:	3.565 (mse:0.589, mean:2.179, std:0.797)	count=499
Total loss:	4.360 (mse:0.803, mean:2.767, std:0.789)	count=499
Total loss:	3.809 (mse:0.635, mean:2.382, std:0.793)	count=499
Total loss:	3.836 (mse:0.633, mean:2.469, std:0.734)	count=499
Total loss:	4.036 (mse:0.699, mean:2.584, std:0.753)	count=499
Total loss:	3.413 (mse:0.486, mean:2.183, std:0.744)	count=499
Total loss:	4.056 (mse:0.726, mean:2.538, std:0.792)	count=499
Total loss:	4.277 (mse:0.790, mean:2.722, std:0.766)	count=499
Total loss:	3.874 (mse:0.715, mean:2.354, std:0.805)	count=499
Total loss:	4.463 (mse:0.865, mean:2.837, std:0.761)	count=499
Total loss:	4.092 (mse:0.684, mean:2.645, std:0.762)	count=499
Total loss:	4.344 (mse:0.795, mean:2.780, std:0.769)	count=499
Total loss:	3.589 (mse:0.577, mean:2.242, std:0.771)	count=499
Init alpha to be FP32
Init alpha to be FP32
Total loss:	43.854 (rec:43.851, pd:0.004, round:0.000)	b=0.00	count=500
Total loss:	38.429 (rec:38.426, pd:0.003, round:0.000)	b=0.00	count=1000
Total loss:	37.812 (rec:37.809, pd:0.003, round:0.000)	b=0.00	count=1500
Total loss:	35.576 (rec:35.573, pd:0.003, round:0.000)	b=0.00	count=2000
Total loss:	35.984 (rec:35.980, pd:0.004, round:0.000)	b=0.00	count=2500
Total loss:	33.068 (rec:33.065, pd:0.003, round:0.000)	b=0.00	count=3000
Total loss:	30.468 (rec:30.465, pd:0.003, round:0.000)	b=0.00	count=3500
Total loss:	42221.613 (rec:31.509, pd:0.003, round:42190.102)	b=20.00	count=4000
Total loss:	25902.932 (rec:32.732, pd:0.003, round:25870.195)	b=19.44	count=4500
Total loss:	24302.553 (rec:31.361, pd:0.003, round:24271.188)	b=18.88	count=5000
Total loss:	23176.738 (rec:32.128, pd:0.003, round:23144.607)	b=18.31	count=5500
Total loss:	22199.123 (rec:29.967, pd:0.003, round:22169.154)	b=17.75	count=6000
Total loss:	21311.963 (rec:29.173, pd:0.003, round:21282.785)	b=17.19	count=6500
Total loss:	20469.928 (rec:34.244, pd:0.003, round:20435.680)	b=16.62	count=7000
Total loss:	19640.191 (rec:28.934, pd:0.003, round:19611.256)	b=16.06	count=7500
Total loss:	18841.574 (rec:31.809, pd:0.003, round:18809.762)	b=15.50	count=8000
Total loss:	18050.615 (rec:31.017, pd:0.003, round:18019.594)	b=14.94	count=8500
Total loss:	17265.615 (rec:28.822, pd:0.003, round:17236.789)	b=14.38	count=9000
Total loss:	16482.045 (rec:27.936, pd:0.003, round:16454.107)	b=13.81	count=9500
Total loss:	15700.105 (rec:29.445, pd:0.003, round:15670.658)	b=13.25	count=10000
Total loss:	14914.588 (rec:28.928, pd:0.003, round:14885.657)	b=12.69	count=10500
Total loss:	14112.182 (rec:27.237, pd:0.003, round:14084.940)	b=12.12	count=11000
Total loss:	13310.899 (rec:27.250, pd:0.003, round:13283.646)	b=11.56	count=11500
Total loss:	12495.418 (rec:30.484, pd:0.004, round:12464.930)	b=11.00	count=12000
Total loss:	11659.055 (rec:28.633, pd:0.004, round:11630.418)	b=10.44	count=12500
Total loss:	10804.110 (rec:31.396, pd:0.004, round:10772.711)	b=9.88	count=13000
Total loss:	9926.338 (rec:26.954, pd:0.003, round:9899.381)	b=9.31	count=13500
Total loss:	9032.926 (rec:26.269, pd:0.003, round:9006.654)	b=8.75	count=14000
Total loss:	8110.935 (rec:26.291, pd:0.002, round:8084.642)	b=8.19	count=14500
Total loss:	7161.954 (rec:27.450, pd:0.003, round:7134.501)	b=7.62	count=15000
Total loss:	6191.058 (rec:29.113, pd:0.004, round:6161.941)	b=7.06	count=15500
Total loss:	5192.486 (rec:29.734, pd:0.003, round:5162.749)	b=6.50	count=16000
Total loss:	4164.711 (rec:28.287, pd:0.003, round:4136.421)	b=5.94	count=16500
Total loss:	3130.158 (rec:30.107, pd:0.003, round:3100.048)	b=5.38	count=17000
Total loss:	2113.182 (rec:29.212, pd:0.003, round:2083.967)	b=4.81	count=17500
Total loss:	1163.762 (rec:29.969, pd:0.004, round:1133.789)	b=4.25	count=18000
Total loss:	434.962 (rec:30.036, pd:0.003, round:404.923)	b=3.69	count=18500
Total loss:	100.788 (rec:29.575, pd:0.003, round:71.210)	b=3.12	count=19000
Total loss:	39.930 (rec:27.893, pd:0.003, round:12.034)	b=2.56	count=19500
Total loss:	34.692 (rec:30.689, pd:0.003, round:3.999)	b=2.00	count=20000
Reconstruction for layer fc
Start correcting 32 batches of data!
Total loss:	0.000 (mse:0.000, mean:0.000, std:0.000)	count=499
Total loss:	0.000 (mse:0.000, mean:0.000, std:0.000)	count=499
Total loss:	0.000 (mse:0.000, mean:0.000, std:0.000)	count=499
Total loss:	0.000 (mse:0.000, mean:0.000, std:0.000)	count=499
Total loss:	0.000 (mse:0.000, mean:0.000, std:0.000)	count=499
Total loss:	0.000 (mse:0.000, mean:0.000, std:0.000)	count=499
Total loss:	0.000 (mse:0.000, mean:0.000, std:0.000)	count=499
Total loss:	0.000 (mse:0.000, mean:0.000, std:0.000)	count=499
Total loss:	0.000 (mse:0.000, mean:0.000, std:0.000)	count=499
Total loss:	0.000 (mse:0.000, mean:0.000, std:0.000)	count=499
Total loss:	0.000 (mse:0.000, mean:0.000, std:0.000)	count=499
Total loss:	0.000 (mse:0.000, mean:0.000, std:0.000)	count=499
Total loss:	0.000 (mse:0.000, mean:0.000, std:0.000)	count=499
Total loss:	0.000 (mse:0.000, mean:0.000, std:0.000)	count=499
Total loss:	0.000 (mse:0.000, mean:0.000, std:0.000)	count=499
Total loss:	0.000 (mse:0.000, mean:0.000, std:0.000)	count=499
Total loss:	0.000 (mse:0.000, mean:0.000, std:0.000)	count=499
Total loss:	0.000 (mse:0.000, mean:0.000, std:0.000)	count=499
Total loss:	0.000 (mse:0.000, mean:0.000, std:0.000)	count=499
Total loss:	0.000 (mse:0.000, mean:0.000, std:0.000)	count=499
Total loss:	0.000 (mse:0.000, mean:0.000, std:0.000)	count=499
Total loss:	0.000 (mse:0.000, mean:0.000, std:0.000)	count=499
Total loss:	0.000 (mse:0.000, mean:0.000, std:0.000)	count=499
Total loss:	0.000 (mse:0.000, mean:0.000, std:0.000)	count=499
Total loss:	0.000 (mse:0.000, mean:0.000, std:0.000)	count=499
Total loss:	0.000 (mse:0.000, mean:0.000, std:0.000)	count=499
Total loss:	0.000 (mse:0.000, mean:0.000, std:0.000)	count=499
Total loss:	0.000 (mse:0.000, mean:0.000, std:0.000)	count=499
Total loss:	0.000 (mse:0.000, mean:0.000, std:0.000)	count=499
Total loss:	0.000 (mse:0.000, mean:0.000, std:0.000)	count=499
Total loss:	0.000 (mse:0.000, mean:0.000, std:0.000)	count=499
Total loss:	0.000 (mse:0.000, mean:0.000, std:0.000)	count=499
Init alpha to be FP32
Total loss:	33.472 (rec:33.467, pd:0.004, round:0.000)	b=0.00	count=500
Total loss:	24.970 (rec:24.967, pd:0.003, round:0.000)	b=0.00	count=1000
Total loss:	27.845 (rec:27.841, pd:0.003, round:0.000)	b=0.00	count=1500
Total loss:	22.164 (rec:22.162, pd:0.003, round:0.000)	b=0.00	count=2000
Total loss:	26.497 (rec:26.494, pd:0.003, round:0.000)	b=0.00	count=2500
Total loss:	24.032 (rec:24.029, pd:0.003, round:0.000)	b=0.00	count=3000
Total loss:	19.693 (rec:19.691, pd:0.002, round:0.000)	b=0.00	count=3500
Total loss:	4598.512 (rec:23.656, pd:0.003, round:4574.854)	b=20.00	count=4000
Total loss:	3168.159 (rec:21.927, pd:0.003, round:3146.229)	b=19.44	count=4500
Total loss:	2996.075 (rec:22.433, pd:0.003, round:2973.640)	b=18.88	count=5000
Total loss:	2879.464 (rec:20.398, pd:0.003, round:2859.064)	b=18.31	count=5500
Total loss:	2788.496 (rec:23.485, pd:0.003, round:2765.009)	b=17.75	count=6000
Total loss:	2699.802 (rec:21.426, pd:0.002, round:2678.374)	b=17.19	count=6500
Total loss:	2621.759 (rec:21.815, pd:0.002, round:2599.941)	b=16.62	count=7000
Total loss:	2550.913 (rec:26.097, pd:0.003, round:2524.813)	b=16.06	count=7500
Total loss:	2469.458 (rec:20.466, pd:0.002, round:2448.989)	b=15.50	count=8000
Total loss:	2394.805 (rec:20.255, pd:0.002, round:2374.547)	b=14.94	count=8500
Total loss:	2323.387 (rec:22.192, pd:0.003, round:2301.192)	b=14.38	count=9000
Total loss:	2247.882 (rec:21.658, pd:0.003, round:2226.221)	b=13.81	count=9500
Total loss:	2173.316 (rec:22.163, pd:0.003, round:2151.149)	b=13.25	count=10000
Total loss:	2098.497 (rec:25.265, pd:0.003, round:2073.229)	b=12.69	count=10500
Total loss:	2016.392 (rec:20.808, pd:0.002, round:1995.581)	b=12.12	count=11000
Total loss:	1938.752 (rec:24.054, pd:0.003, round:1914.696)	b=11.56	count=11500
Total loss:	1856.119 (rec:24.847, pd:0.003, round:1831.270)	b=11.00	count=12000
Total loss:	1768.119 (rec:25.227, pd:0.003, round:1742.888)	b=10.44	count=12500
Total loss:	1676.580 (rec:23.417, pd:0.003, round:1653.161)	b=9.88	count=13000
Total loss:	1577.420 (rec:20.108, pd:0.002, round:1557.310)	b=9.31	count=13500
Total loss:	1479.774 (rec:21.913, pd:0.002, round:1457.858)	b=8.75	count=14000
Total loss:	1377.226 (rec:24.991, pd:0.003, round:1352.232)	b=8.19	count=14500
Total loss:	1260.558 (rec:19.401, pd:0.002, round:1241.155)	b=7.62	count=15000
Total loss:	1147.947 (rec:23.689, pd:0.003, round:1124.255)	b=7.06	count=15500
Total loss:	1023.247 (rec:24.507, pd:0.003, round:998.737)	b=6.50	count=16000
Total loss:	888.502 (rec:26.493, pd:0.003, round:862.006)	b=5.94	count=16500
Total loss:	744.156 (rec:24.051, pd:0.003, round:720.103)	b=5.38	count=17000
Total loss:	596.230 (rec:28.276, pd:0.003, round:567.951)	b=4.81	count=17500
Total loss:	433.859 (rec:25.535, pd:0.003, round:408.322)	b=4.25	count=18000
Total loss:	268.877 (rec:25.889, pd:0.003, round:242.985)	b=3.69	count=18500
Total loss:	114.431 (rec:29.120, pd:0.003, round:85.308)	b=3.12	count=19000
Total loss:	36.124 (rec:30.168, pd:0.003, round:5.952)	b=2.56	count=19500
Total loss:	29.438 (rec:29.408, pd:0.003, round:0.027)	b=2.00	count=20000
Test: [  0/782]	Time  0.831 ( 0.831)	Acc@1  82.81 ( 82.81)	Acc@5  96.88 ( 96.88)
Test: [100/782]	Time  0.039 ( 0.064)	Acc@1  85.94 ( 76.16)	Acc@5  98.44 ( 92.22)
Test: [200/782]	Time  0.059 ( 0.060)	Acc@1  73.44 ( 75.50)	Acc@5  93.75 ( 93.14)
Test: [300/782]	Time  0.345 ( 0.060)	Acc@1  75.00 ( 75.77)	Acc@5  96.88 ( 93.12)
Test: [400/782]	Time  0.043 ( 0.058)	Acc@1  62.50 ( 72.95)	Acc@5  89.06 ( 91.48)
Test: [500/782]	Time  0.031 ( 0.058)	Acc@1  76.56 ( 71.50)	Acc@5  90.62 ( 90.28)
Test: [600/782]	Time  0.026 ( 0.057)	Acc@1  75.00 ( 70.23)	Acc@5  87.50 ( 89.42)
Test: [700/782]	Time  0.045 ( 0.057)	Acc@1  68.75 ( 69.20)	Acc@5  89.06 ( 88.74)
 * Acc@1 69.116 Acc@5 88.744
Full quantization (W4A4) accuracy: 69.11599731445312
END : 2024-05-29 14:26:04
