==> Using Pytorch Dataset
Setting the first and the last layer to 8-bit
the quantized model is below!
QuantModel(
  (model): ResNet(
    (conv1): QuantModule(
      wbit=8, abit=4, disable_act_quant=False
      (weight_quantizer): UniformAffineQuantizer(bit=8, is_training=False, inited=True)
      (act_quantizer): UniformAffineQuantizer(bit=4, is_training=False, inited=True)
      (norm_function): StraightThrough()
      (activation_function): ReLU(inplace=True)
    )
    (bn1): StraightThrough()
    (relu): StraightThrough()
    (maxpool): MaxPool2d(kernel_size=3, stride=2, padding=1, dilation=1, ceil_mode=False)
    (layer1): Sequential(
      (0): QuantBasicBlock(
        (conv1): QuantModule(
          wbit=4, abit=4, disable_act_quant=False
          (weight_quantizer): UniformAffineQuantizer(bit=4, is_training=False, inited=True)
          (act_quantizer): UniformAffineQuantizer(bit=4, is_training=False, inited=True)
          (norm_function): StraightThrough()
          (activation_function): ReLU(inplace=True)
        )
        (conv2): QuantModule(
          wbit=4, abit=4, disable_act_quant=True
          (weight_quantizer): UniformAffineQuantizer(bit=4, is_training=False, inited=True)
          (act_quantizer): UniformAffineQuantizer(bit=4, is_training=False, inited=True)
          (norm_function): StraightThrough()
          (activation_function): StraightThrough()
        )
        (activation_function): ReLU(inplace=True)
        (act_quantizer): UniformAffineQuantizer(bit=4, is_training=False, inited=True)
      )
      (1): QuantBasicBlock(
        (conv1): QuantModule(
          wbit=4, abit=4, disable_act_quant=False
          (weight_quantizer): UniformAffineQuantizer(bit=4, is_training=False, inited=True)
          (act_quantizer): UniformAffineQuantizer(bit=4, is_training=False, inited=True)
          (norm_function): StraightThrough()
          (activation_function): ReLU(inplace=True)
        )
        (conv2): QuantModule(
          wbit=4, abit=4, disable_act_quant=True
          (weight_quantizer): UniformAffineQuantizer(bit=4, is_training=False, inited=True)
          (act_quantizer): UniformAffineQuantizer(bit=4, is_training=False, inited=True)
          (norm_function): StraightThrough()
          (activation_function): StraightThrough()
        )
        (activation_function): ReLU(inplace=True)
        (act_quantizer): UniformAffineQuantizer(bit=4, is_training=False, inited=True)
      )
    )
    (layer2): Sequential(
      (0): QuantBasicBlock(
        (conv1): QuantModule(
          wbit=4, abit=4, disable_act_quant=False
          (weight_quantizer): UniformAffineQuantizer(bit=4, is_training=False, inited=True)
          (act_quantizer): UniformAffineQuantizer(bit=4, is_training=False, inited=True)
          (norm_function): StraightThrough()
          (activation_function): ReLU(inplace=True)
        )
        (conv2): QuantModule(
          wbit=4, abit=4, disable_act_quant=True
          (weight_quantizer): UniformAffineQuantizer(bit=4, is_training=False, inited=True)
          (act_quantizer): UniformAffineQuantizer(bit=4, is_training=False, inited=True)
          (norm_function): StraightThrough()
          (activation_function): StraightThrough()
        )
        (downsample): QuantModule(
          wbit=4, abit=4, disable_act_quant=True
          (weight_quantizer): UniformAffineQuantizer(bit=4, is_training=False, inited=True)
          (act_quantizer): UniformAffineQuantizer(bit=4, is_training=False, inited=True)
          (norm_function): StraightThrough()
          (activation_function): StraightThrough()
        )
        (activation_function): ReLU(inplace=True)
        (act_quantizer): UniformAffineQuantizer(bit=4, is_training=False, inited=True)
      )
      (1): QuantBasicBlock(
        (conv1): QuantModule(
          wbit=4, abit=4, disable_act_quant=False
          (weight_quantizer): UniformAffineQuantizer(bit=4, is_training=False, inited=True)
          (act_quantizer): UniformAffineQuantizer(bit=4, is_training=False, inited=True)
          (norm_function): StraightThrough()
          (activation_function): ReLU(inplace=True)
        )
        (conv2): QuantModule(
          wbit=4, abit=4, disable_act_quant=True
          (weight_quantizer): UniformAffineQuantizer(bit=4, is_training=False, inited=True)
          (act_quantizer): UniformAffineQuantizer(bit=4, is_training=False, inited=True)
          (norm_function): StraightThrough()
          (activation_function): StraightThrough()
        )
        (activation_function): ReLU(inplace=True)
        (act_quantizer): UniformAffineQuantizer(bit=4, is_training=False, inited=True)
      )
    )
    (layer3): Sequential(
      (0): QuantBasicBlock(
        (conv1): QuantModule(
          wbit=4, abit=4, disable_act_quant=False
          (weight_quantizer): UniformAffineQuantizer(bit=4, is_training=False, inited=True)
          (act_quantizer): UniformAffineQuantizer(bit=4, is_training=False, inited=True)
          (norm_function): StraightThrough()
          (activation_function): ReLU(inplace=True)
        )
        (conv2): QuantModule(
          wbit=4, abit=4, disable_act_quant=True
          (weight_quantizer): UniformAffineQuantizer(bit=4, is_training=False, inited=True)
          (act_quantizer): UniformAffineQuantizer(bit=4, is_training=False, inited=True)
          (norm_function): StraightThrough()
          (activation_function): StraightThrough()
        )
        (downsample): QuantModule(
          wbit=4, abit=4, disable_act_quant=True
          (weight_quantizer): UniformAffineQuantizer(bit=4, is_training=False, inited=True)
          (act_quantizer): UniformAffineQuantizer(bit=4, is_training=False, inited=True)
          (norm_function): StraightThrough()
          (activation_function): StraightThrough()
        )
        (activation_function): ReLU(inplace=True)
        (act_quantizer): UniformAffineQuantizer(bit=4, is_training=False, inited=True)
      )
      (1): QuantBasicBlock(
        (conv1): QuantModule(
          wbit=4, abit=4, disable_act_quant=False
          (weight_quantizer): UniformAffineQuantizer(bit=4, is_training=False, inited=True)
          (act_quantizer): UniformAffineQuantizer(bit=4, is_training=False, inited=True)
          (norm_function): StraightThrough()
          (activation_function): ReLU(inplace=True)
        )
        (conv2): QuantModule(
          wbit=4, abit=4, disable_act_quant=True
          (weight_quantizer): UniformAffineQuantizer(bit=4, is_training=False, inited=True)
          (act_quantizer): UniformAffineQuantizer(bit=4, is_training=False, inited=True)
          (norm_function): StraightThrough()
          (activation_function): StraightThrough()
        )
        (activation_function): ReLU(inplace=True)
        (act_quantizer): UniformAffineQuantizer(bit=4, is_training=False, inited=True)
      )
    )
    (layer4): Sequential(
      (0): QuantBasicBlock(
        (conv1): QuantModule(
          wbit=4, abit=4, disable_act_quant=False
          (weight_quantizer): UniformAffineQuantizer(bit=4, is_training=False, inited=True)
          (act_quantizer): UniformAffineQuantizer(bit=4, is_training=False, inited=True)
          (norm_function): StraightThrough()
          (activation_function): ReLU(inplace=True)
        )
        (conv2): QuantModule(
          wbit=4, abit=4, disable_act_quant=True
          (weight_quantizer): UniformAffineQuantizer(bit=4, is_training=False, inited=True)
          (act_quantizer): UniformAffineQuantizer(bit=4, is_training=False, inited=True)
          (norm_function): StraightThrough()
          (activation_function): StraightThrough()
        )
        (downsample): QuantModule(
          wbit=4, abit=4, disable_act_quant=True
          (weight_quantizer): UniformAffineQuantizer(bit=4, is_training=False, inited=True)
          (act_quantizer): UniformAffineQuantizer(bit=4, is_training=False, inited=True)
          (norm_function): StraightThrough()
          (activation_function): StraightThrough()
        )
        (activation_function): ReLU(inplace=True)
        (act_quantizer): UniformAffineQuantizer(bit=4, is_training=False, inited=True)
      )
      (1): QuantBasicBlock(
        (conv1): QuantModule(
          wbit=4, abit=4, disable_act_quant=False
          (weight_quantizer): UniformAffineQuantizer(bit=4, is_training=False, inited=True)
          (act_quantizer): UniformAffineQuantizer(bit=4, is_training=False, inited=True)
          (norm_function): StraightThrough()
          (activation_function): ReLU(inplace=True)
        )
        (conv2): QuantModule(
          wbit=4, abit=4, disable_act_quant=True
          (weight_quantizer): UniformAffineQuantizer(bit=4, is_training=False, inited=True)
          (act_quantizer): UniformAffineQuantizer(bit=4, is_training=False, inited=True)
          (norm_function): StraightThrough()
          (activation_function): StraightThrough()
        )
        (activation_function): ReLU(inplace=True)
        (act_quantizer): UniformAffineQuantizer(bit=8, is_training=False, inited=True)
      )
    )
    (avgpool): AdaptiveAvgPool2d(output_size=(1, 1))
    (fc): QuantModule(
      wbit=8, abit=4, disable_act_quant=True
      (weight_quantizer): UniformAffineQuantizer(bit=8, is_training=False, inited=True)
      (act_quantizer): UniformAffineQuantizer(bit=4, is_training=False, inited=True)
      (norm_function): StraightThrough()
      (activation_function): StraightThrough()
    )
  )
)
Reconstruction for layer conv1
Start correcting 32 batches of data!
Total loss:	21.192 (mse:4.362, mean:10.938, std:5.892)	count=499
Total loss:	23.901 (mse:5.069, mean:12.871, std:5.961)	count=499
Total loss:	20.062 (mse:4.695, mean:9.869, std:5.498)	count=499
Total loss:	27.691 (mse:5.420, mean:15.881, std:6.390)	count=499
Total loss:	23.312 (mse:4.992, mean:11.990, std:6.330)	count=499
Total loss:	22.521 (mse:4.832, mean:11.838, std:5.851)	count=499
Total loss:	17.219 (mse:4.161, mean:7.658, std:5.399)	count=499
Total loss:	23.394 (mse:5.177, mean:12.602, std:5.616)	count=499
Total loss:	23.555 (mse:5.144, mean:11.495, std:6.916)	count=499
Total loss:	18.540 (mse:4.392, mean:7.964, std:6.184)	count=499
Total loss:	22.983 (mse:4.784, mean:12.286, std:5.913)	count=499
Total loss:	18.748 (mse:4.482, mean:8.940, std:5.326)	count=499
Total loss:	27.137 (mse:5.383, mean:15.000, std:6.754)	count=499
Total loss:	17.387 (mse:4.084, mean:8.682, std:4.620)	count=499
Total loss:	23.204 (mse:5.382, mean:11.215, std:6.607)	count=499
Total loss:	24.122 (mse:5.588, mean:11.672, std:6.862)	count=499
Total loss:	16.759 (mse:3.887, mean:7.799, std:5.072)	count=499
Total loss:	23.370 (mse:4.916, mean:12.983, std:5.471)	count=499
Total loss:	19.351 (mse:3.939, mean:10.852, std:4.560)	count=499
Total loss:	21.531 (mse:4.979, mean:8.469, std:8.083)	count=499
Total loss:	17.631 (mse:4.097, mean:8.545, std:4.990)	count=499
Total loss:	21.789 (mse:4.727, mean:10.654, std:6.408)	count=499
Total loss:	24.433 (mse:5.154, mean:13.821, std:5.458)	count=499
Total loss:	20.636 (mse:4.968, mean:9.557, std:6.111)	count=499
Total loss:	28.744 (mse:5.958, mean:15.290, std:7.496)	count=499
Total loss:	19.619 (mse:5.111, mean:8.604, std:5.904)	count=499
Total loss:	19.674 (mse:4.472, mean:9.361, std:5.841)	count=499
Total loss:	22.065 (mse:5.389, mean:9.812, std:6.865)	count=499
Total loss:	21.564 (mse:4.740, mean:10.878, std:5.946)	count=499
Total loss:	19.739 (mse:4.704, mean:9.016, std:6.019)	count=499
Total loss:	20.763 (mse:4.583, mean:9.675, std:6.505)	count=499
Total loss:	20.297 (mse:4.723, mean:9.487, std:6.088)	count=499
Init alpha to be FP32
Total loss:	0.048 (rec:0.038, pd:0.010, round:0.000)	b=0.00	count=500
Total loss:	0.059 (rec:0.048, pd:0.011, round:0.000)	b=0.00	count=1000
Total loss:	0.057 (rec:0.045, pd:0.012, round:0.000)	b=0.00	count=1500
Total loss:	0.058 (rec:0.046, pd:0.011, round:0.000)	b=0.00	count=2000
Total loss:	0.050 (rec:0.041, pd:0.009, round:0.000)	b=0.00	count=2500
Total loss:	0.071 (rec:0.056, pd:0.015, round:0.000)	b=0.00	count=3000
Total loss:	0.059 (rec:0.049, pd:0.010, round:0.000)	b=0.00	count=3500
Total loss:	77.046 (rec:0.051, pd:0.015, round:76.980)	b=20.00	count=4000
Total loss:	34.696 (rec:0.044, pd:0.014, round:34.637)	b=19.44	count=4500
Total loss:	32.212 (rec:0.048, pd:0.017, round:32.147)	b=18.88	count=5000
Total loss:	30.220 (rec:0.049, pd:0.014, round:30.158)	b=18.31	count=5500
Total loss:	28.526 (rec:0.042, pd:0.013, round:28.470)	b=17.75	count=6000
Total loss:	27.088 (rec:0.045, pd:0.012, round:27.031)	b=17.19	count=6500
Total loss:	25.407 (rec:0.045, pd:0.010, round:25.353)	b=16.62	count=7000
Total loss:	23.751 (rec:0.047, pd:0.014, round:23.690)	b=16.06	count=7500
Total loss:	22.290 (rec:0.050, pd:0.009, round:22.231)	b=15.50	count=8000
Total loss:	20.925 (rec:0.043, pd:0.012, round:20.869)	b=14.94	count=8500
Total loss:	19.820 (rec:0.051, pd:0.011, round:19.757)	b=14.38	count=9000
Total loss:	18.706 (rec:0.047, pd:0.012, round:18.647)	b=13.81	count=9500
Total loss:	17.528 (rec:0.047, pd:0.011, round:17.470)	b=13.25	count=10000
Total loss:	16.256 (rec:0.041, pd:0.009, round:16.207)	b=12.69	count=10500
Total loss:	14.829 (rec:0.039, pd:0.008, round:14.782)	b=12.12	count=11000
Total loss:	13.566 (rec:0.044, pd:0.011, round:13.511)	b=11.56	count=11500
Total loss:	12.111 (rec:0.041, pd:0.012, round:12.058)	b=11.00	count=12000
Total loss:	10.829 (rec:0.042, pd:0.010, round:10.777)	b=10.44	count=12500
Total loss:	9.405 (rec:0.041, pd:0.010, round:9.354)	b=9.88	count=13000
Total loss:	8.437 (rec:0.044, pd:0.012, round:8.380)	b=9.31	count=13500
Total loss:	7.257 (rec:0.046, pd:0.013, round:7.198)	b=8.75	count=14000
Total loss:	6.143 (rec:0.041, pd:0.011, round:6.091)	b=8.19	count=14500
Total loss:	5.166 (rec:0.049, pd:0.010, round:5.107)	b=7.62	count=15000
Total loss:	4.396 (rec:0.044, pd:0.013, round:4.340)	b=7.06	count=15500
Total loss:	3.241 (rec:0.044, pd:0.012, round:3.185)	b=6.50	count=16000
Total loss:	2.220 (rec:0.045, pd:0.012, round:2.164)	b=5.94	count=16500
Total loss:	1.436 (rec:0.050, pd:0.010, round:1.376)	b=5.38	count=17000
Total loss:	0.488 (rec:0.048, pd:0.010, round:0.430)	b=4.81	count=17500
Total loss:	0.139 (rec:0.047, pd:0.011, round:0.080)	b=4.25	count=18000
Total loss:	0.066 (rec:0.048, pd:0.009, round:0.010)	b=3.69	count=18500
Total loss:	0.056 (rec:0.047, pd:0.009, round:0.000)	b=3.12	count=19000
Total loss:	0.057 (rec:0.042, pd:0.014, round:0.000)	b=2.56	count=19500
Total loss:	0.059 (rec:0.047, pd:0.012, round:0.000)	b=2.00	count=20000
Reconstruction for block 0
Start correcting 32 batches of data!
Total loss:	1.424 (mse:0.200, mean:0.591, std:0.634)	count=499
Total loss:	1.629 (mse:0.219, mean:0.651, std:0.759)	count=499
Total loss:	1.524 (mse:0.198, mean:0.564, std:0.762)	count=499
Total loss:	1.689 (mse:0.234, mean:0.704, std:0.752)	count=499
Total loss:	1.883 (mse:0.262, mean:0.789, std:0.832)	count=499
Total loss:	1.502 (mse:0.200, mean:0.636, std:0.666)	count=499
Total loss:	1.550 (mse:0.206, mean:0.608, std:0.736)	count=499
Total loss:	1.634 (mse:0.212, mean:0.715, std:0.707)	count=499
Total loss:	1.640 (mse:0.230, mean:0.589, std:0.821)	count=499
Total loss:	1.655 (mse:0.223, mean:0.746, std:0.686)	count=499
Total loss:	1.881 (mse:0.248, mean:0.919, std:0.714)	count=499
Total loss:	1.818 (mse:0.237, mean:0.869, std:0.712)	count=499
Total loss:	1.649 (mse:0.220, mean:0.693, std:0.736)	count=499
Total loss:	1.303 (mse:0.170, mean:0.522, std:0.611)	count=499
Total loss:	1.855 (mse:0.239, mean:0.922, std:0.694)	count=499
Total loss:	1.940 (mse:0.258, mean:0.878, std:0.803)	count=499
Total loss:	1.279 (mse:0.169, mean:0.556, std:0.554)	count=499
Total loss:	1.546 (mse:0.205, mean:0.619, std:0.721)	count=499
Total loss:	1.323 (mse:0.179, mean:0.518, std:0.627)	count=499
Total loss:	2.282 (mse:0.295, mean:1.059, std:0.928)	count=499
Total loss:	1.558 (mse:0.211, mean:0.618, std:0.730)	count=499
Total loss:	1.480 (mse:0.199, mean:0.637, std:0.644)	count=499
Total loss:	1.639 (mse:0.220, mean:0.764, std:0.655)	count=499
Total loss:	1.808 (mse:0.240, mean:0.773, std:0.794)	count=499
Total loss:	2.013 (mse:0.271, mean:0.829, std:0.913)	count=499
Total loss:	1.974 (mse:0.247, mean:1.081, std:0.646)	count=499
Total loss:	1.469 (mse:0.198, mean:0.605, std:0.665)	count=499
Total loss:	1.848 (mse:0.247, mean:0.780, std:0.821)	count=499
Total loss:	1.756 (mse:0.233, mean:0.764, std:0.760)	count=499
Total loss:	1.561 (mse:0.214, mean:0.614, std:0.733)	count=499
Total loss:	1.982 (mse:0.267, mean:1.119, std:0.595)	count=499
Total loss:	1.452 (mse:0.199, mean:0.536, std:0.717)	count=499
Init alpha to be FP32
Init alpha to be FP32
Total loss:	0.180 (rec:0.147, pd:0.033, round:0.000)	b=0.00	count=500
Total loss:	0.204 (rec:0.167, pd:0.037, round:0.000)	b=0.00	count=1000
Total loss:	0.212 (rec:0.180, pd:0.032, round:0.000)	b=0.00	count=1500
Total loss:	0.158 (rec:0.132, pd:0.025, round:0.000)	b=0.00	count=2000
Total loss:	0.188 (rec:0.160, pd:0.028, round:0.000)	b=0.00	count=2500
Total loss:	0.154 (rec:0.130, pd:0.024, round:0.000)	b=0.00	count=3000
Total loss:	0.160 (rec:0.137, pd:0.023, round:0.000)	b=0.00	count=3500
Total loss:	635.249 (rec:0.141, pd:0.023, round:635.085)	b=20.00	count=4000
Total loss:	344.892 (rec:0.134, pd:0.017, round:344.741)	b=19.44	count=4500
Total loss:	322.362 (rec:0.145, pd:0.025, round:322.193)	b=18.88	count=5000
Total loss:	306.383 (rec:0.150, pd:0.024, round:306.209)	b=18.31	count=5500
Total loss:	293.171 (rec:0.160, pd:0.025, round:292.985)	b=17.75	count=6000
Total loss:	280.437 (rec:0.150, pd:0.020, round:280.267)	b=17.19	count=6500
Total loss:	268.602 (rec:0.127, pd:0.016, round:268.459)	b=16.62	count=7000
Total loss:	256.859 (rec:0.134, pd:0.018, round:256.707)	b=16.06	count=7500
Total loss:	245.652 (rec:0.151, pd:0.019, round:245.483)	b=15.50	count=8000
Total loss:	234.913 (rec:0.130, pd:0.019, round:234.765)	b=14.94	count=8500
Total loss:	223.759 (rec:0.143, pd:0.020, round:223.596)	b=14.38	count=9000
Total loss:	212.520 (rec:0.142, pd:0.020, round:212.358)	b=13.81	count=9500
Total loss:	201.012 (rec:0.125, pd:0.021, round:200.866)	b=13.25	count=10000
Total loss:	189.432 (rec:0.157, pd:0.023, round:189.252)	b=12.69	count=10500
Total loss:	177.244 (rec:0.146, pd:0.019, round:177.079)	b=12.12	count=11000
Total loss:	165.009 (rec:0.127, pd:0.017, round:164.865)	b=11.56	count=11500
Total loss:	152.038 (rec:0.152, pd:0.027, round:151.859)	b=11.00	count=12000
Total loss:	139.356 (rec:0.154, pd:0.019, round:139.184)	b=10.44	count=12500
Total loss:	126.321 (rec:0.162, pd:0.022, round:126.137)	b=9.88	count=13000
Total loss:	111.681 (rec:0.144, pd:0.021, round:111.516)	b=9.31	count=13500
Total loss:	97.563 (rec:0.129, pd:0.021, round:97.413)	b=8.75	count=14000
Total loss:	83.564 (rec:0.156, pd:0.019, round:83.388)	b=8.19	count=14500
Total loss:	68.770 (rec:0.156, pd:0.019, round:68.594)	b=7.62	count=15000
Total loss:	53.446 (rec:0.174, pd:0.022, round:53.249)	b=7.06	count=15500
Total loss:	37.807 (rec:0.134, pd:0.022, round:37.651)	b=6.50	count=16000
Total loss:	23.619 (rec:0.154, pd:0.018, round:23.447)	b=5.94	count=16500
Total loss:	11.042 (rec:0.169, pd:0.027, round:10.847)	b=5.38	count=17000
Total loss:	3.212 (rec:0.145, pd:0.021, round:3.046)	b=4.81	count=17500
Total loss:	0.313 (rec:0.182, pd:0.019, round:0.112)	b=4.25	count=18000
Total loss:	0.217 (rec:0.186, pd:0.021, round:0.010)	b=3.69	count=18500
Total loss:	0.193 (rec:0.172, pd:0.022, round:0.000)	b=3.12	count=19000
Total loss:	0.153 (rec:0.133, pd:0.020, round:0.000)	b=2.56	count=19500
Total loss:	0.177 (rec:0.155, pd:0.022, round:0.000)	b=2.00	count=20000
Reconstruction for block 1
Start correcting 32 batches of data!
Total loss:	0.984 (mse:0.066, mean:0.515, std:0.403)	count=499
Total loss:	0.999 (mse:0.063, mean:0.500, std:0.435)	count=499
Total loss:	0.982 (mse:0.061, mean:0.459, std:0.462)	count=499
Total loss:	1.125 (mse:0.071, mean:0.581, std:0.474)	count=499
Total loss:	1.211 (mse:0.082, mean:0.596, std:0.533)	count=499
Total loss:	0.931 (mse:0.059, mean:0.483, std:0.389)	count=499
Total loss:	0.959 (mse:0.063, mean:0.446, std:0.450)	count=499
Total loss:	1.055 (mse:0.068, mean:0.565, std:0.421)	count=499
Total loss:	1.118 (mse:0.076, mean:0.515, std:0.527)	count=499
Total loss:	1.049 (mse:0.068, mean:0.575, std:0.405)	count=499
Total loss:	1.046 (mse:0.068, mean:0.604, std:0.373)	count=499
Total loss:	1.133 (mse:0.078, mean:0.604, std:0.451)	count=499
Total loss:	1.161 (mse:0.078, mean:0.593, std:0.489)	count=499
Total loss:	0.787 (mse:0.052, mean:0.406, std:0.330)	count=499
Total loss:	1.131 (mse:0.075, mean:0.606, std:0.450)	count=499
Total loss:	1.217 (mse:0.082, mean:0.599, std:0.537)	count=499
Total loss:	0.853 (mse:0.054, mean:0.460, std:0.339)	count=499
Total loss:	1.068 (mse:0.071, mean:0.541, std:0.456)	count=499
Total loss:	0.889 (mse:0.057, mean:0.462, std:0.369)	count=499
Total loss:	1.237 (mse:0.082, mean:0.634, std:0.521)	count=499
Total loss:	0.996 (mse:0.064, mean:0.477, std:0.455)	count=499
Total loss:	0.924 (mse:0.058, mean:0.487, std:0.379)	count=499
Total loss:	1.092 (mse:0.074, mean:0.587, std:0.432)	count=499
Total loss:	1.033 (mse:0.066, mean:0.492, std:0.475)	count=499
Total loss:	1.300 (mse:0.087, mean:0.613, std:0.599)	count=499
Total loss:	1.074 (mse:0.073, mean:0.640, std:0.362)	count=499
Total loss:	0.937 (mse:0.060, mean:0.462, std:0.414)	count=499
Total loss:	1.201 (mse:0.081, mean:0.609, std:0.511)	count=499
Total loss:	1.049 (mse:0.069, mean:0.535, std:0.446)	count=499
Total loss:	0.962 (mse:0.063, mean:0.485, std:0.414)	count=499
Total loss:	1.259 (mse:0.084, mean:0.754, std:0.421)	count=499
Total loss:	0.923 (mse:0.060, mean:0.447, std:0.417)	count=499
Init alpha to be FP32
Init alpha to be FP32
Total loss:	0.315 (rec:0.290, pd:0.025, round:0.000)	b=0.00	count=500
Total loss:	0.357 (rec:0.328, pd:0.029, round:0.000)	b=0.00	count=1000
Total loss:	0.324 (rec:0.301, pd:0.023, round:0.000)	b=0.00	count=1500
Total loss:	0.278 (rec:0.260, pd:0.017, round:0.000)	b=0.00	count=2000
Total loss:	0.311 (rec:0.292, pd:0.019, round:0.000)	b=0.00	count=2500
Total loss:	0.286 (rec:0.265, pd:0.021, round:0.000)	b=0.00	count=3000
Total loss:	0.308 (rec:0.283, pd:0.025, round:0.000)	b=0.00	count=3500
Total loss:	653.626 (rec:0.262, pd:0.019, round:653.345)	b=20.00	count=4000
Total loss:	347.384 (rec:0.266, pd:0.016, round:347.102)	b=19.44	count=4500
Total loss:	322.978 (rec:0.263, pd:0.023, round:322.692)	b=18.88	count=5000
Total loss:	306.710 (rec:0.291, pd:0.023, round:306.396)	b=18.31	count=5500
Total loss:	292.712 (rec:0.267, pd:0.017, round:292.427)	b=17.75	count=6000
Total loss:	280.383 (rec:0.266, pd:0.015, round:280.103)	b=17.19	count=6500
Total loss:	268.256 (rec:0.270, pd:0.019, round:267.967)	b=16.62	count=7000
Total loss:	256.372 (rec:0.280, pd:0.025, round:256.067)	b=16.06	count=7500
Total loss:	244.552 (rec:0.313, pd:0.022, round:244.218)	b=15.50	count=8000
Total loss:	233.400 (rec:0.273, pd:0.020, round:233.107)	b=14.94	count=8500
Total loss:	221.909 (rec:0.400, pd:0.029, round:221.480)	b=14.38	count=9000
Total loss:	209.786 (rec:0.253, pd:0.021, round:209.512)	b=13.81	count=9500
Total loss:	196.826 (rec:0.291, pd:0.019, round:196.516)	b=13.25	count=10000
Total loss:	184.183 (rec:0.312, pd:0.019, round:183.852)	b=12.69	count=10500
Total loss:	171.372 (rec:0.266, pd:0.018, round:171.089)	b=12.12	count=11000
Total loss:	158.216 (rec:0.289, pd:0.019, round:157.909)	b=11.56	count=11500
Total loss:	144.280 (rec:0.326, pd:0.020, round:143.934)	b=11.00	count=12000
Total loss:	129.903 (rec:0.265, pd:0.016, round:129.622)	b=10.44	count=12500
Total loss:	114.745 (rec:0.265, pd:0.019, round:114.460)	b=9.88	count=13000
Total loss:	99.426 (rec:0.281, pd:0.016, round:99.129)	b=9.31	count=13500
Total loss:	83.264 (rec:0.292, pd:0.020, round:82.952)	b=8.75	count=14000
Total loss:	66.652 (rec:0.322, pd:0.020, round:66.310)	b=8.19	count=14500
Total loss:	50.096 (rec:0.282, pd:0.017, round:49.797)	b=7.62	count=15000
Total loss:	34.828 (rec:0.288, pd:0.019, round:34.520)	b=7.06	count=15500
Total loss:	21.090 (rec:0.286, pd:0.019, round:20.786)	b=6.50	count=16000
Total loss:	10.116 (rec:0.289, pd:0.019, round:9.807)	b=5.94	count=16500
Total loss:	2.806 (rec:0.286, pd:0.022, round:2.498)	b=5.38	count=17000
Total loss:	0.584 (rec:0.367, pd:0.022, round:0.195)	b=4.81	count=17500
Total loss:	0.367 (rec:0.308, pd:0.020, round:0.040)	b=4.25	count=18000
Total loss:	0.300 (rec:0.280, pd:0.017, round:0.003)	b=3.69	count=18500
Total loss:	0.314 (rec:0.295, pd:0.020, round:0.000)	b=3.12	count=19000
Total loss:	0.294 (rec:0.278, pd:0.016, round:0.000)	b=2.56	count=19500
Total loss:	0.314 (rec:0.294, pd:0.020, round:0.000)	b=2.00	count=20000
Reconstruction for block 0
Start correcting 32 batches of data!
Total loss:	2.050 (mse:0.217, mean:0.915, std:0.919)	count=499
Total loss:	2.109 (mse:0.223, mean:0.987, std:0.899)	count=499
Total loss:	2.189 (mse:0.234, mean:1.069, std:0.886)	count=499
Total loss:	2.425 (mse:0.260, mean:1.150, std:1.015)	count=499
Total loss:	2.515 (mse:0.271, mean:1.175, std:1.069)	count=499
Total loss:	2.049 (mse:0.216, mean:0.962, std:0.870)	count=499
Total loss:	1.901 (mse:0.201, mean:0.843, std:0.857)	count=499
Total loss:	2.223 (mse:0.235, mean:1.083, std:0.905)	count=499
Total loss:	2.363 (mse:0.254, mean:0.958, std:1.150)	count=499
Total loss:	2.334 (mse:0.261, mean:1.165, std:0.907)	count=499
Total loss:	2.224 (mse:0.238, mean:1.172, std:0.814)	count=499
Total loss:	2.117 (mse:0.231, mean:0.980, std:0.906)	count=499
Total loss:	2.462 (mse:0.266, mean:1.121, std:1.075)	count=499
Total loss:	1.797 (mse:0.191, mean:0.888, std:0.717)	count=499
Total loss:	2.129 (mse:0.225, mean:0.961, std:0.943)	count=499
Total loss:	2.449 (mse:0.265, mean:1.035, std:1.149)	count=499
Total loss:	1.784 (mse:0.181, mean:0.895, std:0.707)	count=499
Total loss:	2.380 (mse:0.256, mean:1.112, std:1.011)	count=499
Total loss:	1.876 (mse:0.195, mean:0.879, std:0.803)	count=499
Total loss:	2.298 (mse:0.249, mean:1.132, std:0.917)	count=499
Total loss:	2.084 (mse:0.223, mean:0.942, std:0.919)	count=499
Total loss:	1.934 (mse:0.204, mean:0.915, std:0.815)	count=499
Total loss:	2.405 (mse:0.260, mean:1.151, std:0.994)	count=499
Total loss:	2.157 (mse:0.235, mean:0.954, std:0.969)	count=499
Total loss:	2.603 (mse:0.285, mean:1.108, std:1.210)	count=499
Total loss:	2.118 (mse:0.233, mean:1.083, std:0.802)	count=499
Total loss:	1.989 (mse:0.216, mean:0.901, std:0.872)	count=499
Total loss:	2.357 (mse:0.249, mean:1.037, std:1.071)	count=499
Total loss:	2.186 (mse:0.230, mean:1.033, std:0.924)	count=499
Total loss:	2.156 (mse:0.225, mean:1.054, std:0.877)	count=499
Total loss:	2.590 (mse:0.272, mean:1.271, std:1.048)	count=499
Total loss:	1.981 (mse:0.211, mean:0.882, std:0.888)	count=499
Init alpha to be FP32
Init alpha to be FP32
Init alpha to be FP32
Total loss:	0.162 (rec:0.142, pd:0.020, round:0.000)	b=0.00	count=500
Total loss:	0.161 (rec:0.144, pd:0.017, round:0.000)	b=0.00	count=1000
Total loss:	0.158 (rec:0.141, pd:0.017, round:0.000)	b=0.00	count=1500
Total loss:	0.157 (rec:0.138, pd:0.018, round:0.000)	b=0.00	count=2000
Total loss:	0.164 (rec:0.147, pd:0.017, round:0.000)	b=0.00	count=2500
Total loss:	0.156 (rec:0.140, pd:0.016, round:0.000)	b=0.00	count=3000
Total loss:	0.158 (rec:0.141, pd:0.017, round:0.000)	b=0.00	count=3500
Total loss:	2104.409 (rec:0.139, pd:0.014, round:2104.256)	b=20.00	count=4000
Total loss:	1068.453 (rec:0.157, pd:0.018, round:1068.279)	b=19.44	count=4500
Total loss:	994.858 (rec:0.145, pd:0.017, round:994.696)	b=18.88	count=5000
Total loss:	943.538 (rec:0.146, pd:0.016, round:943.376)	b=18.31	count=5500
Total loss:	899.341 (rec:0.143, pd:0.015, round:899.183)	b=17.75	count=6000
Total loss:	858.663 (rec:0.143, pd:0.014, round:858.506)	b=17.19	count=6500
Total loss:	820.331 (rec:0.161, pd:0.017, round:820.153)	b=16.62	count=7000
Total loss:	784.251 (rec:0.152, pd:0.015, round:784.084)	b=16.06	count=7500
Total loss:	747.327 (rec:0.149, pd:0.015, round:747.163)	b=15.50	count=8000
Total loss:	711.095 (rec:0.151, pd:0.017, round:710.927)	b=14.94	count=8500
Total loss:	676.010 (rec:0.150, pd:0.015, round:675.846)	b=14.38	count=9000
Total loss:	639.009 (rec:0.145, pd:0.015, round:638.849)	b=13.81	count=9500
Total loss:	600.741 (rec:0.152, pd:0.016, round:600.572)	b=13.25	count=10000
Total loss:	560.228 (rec:0.154, pd:0.016, round:560.058)	b=12.69	count=10500
Total loss:	519.465 (rec:0.159, pd:0.017, round:519.290)	b=12.12	count=11000
Total loss:	477.356 (rec:0.146, pd:0.014, round:477.197)	b=11.56	count=11500
Total loss:	433.368 (rec:0.145, pd:0.014, round:433.210)	b=11.00	count=12000
Total loss:	389.922 (rec:0.149, pd:0.016, round:389.757)	b=10.44	count=12500
Total loss:	342.674 (rec:0.151, pd:0.015, round:342.507)	b=9.88	count=13000
Total loss:	295.058 (rec:0.158, pd:0.016, round:294.884)	b=9.31	count=13500
Total loss:	245.329 (rec:0.169, pd:0.016, round:245.143)	b=8.75	count=14000
Total loss:	197.345 (rec:0.156, pd:0.014, round:197.175)	b=8.19	count=14500
Total loss:	149.895 (rec:0.162, pd:0.015, round:149.719)	b=7.62	count=15000
Total loss:	104.751 (rec:0.154, pd:0.015, round:104.583)	b=7.06	count=15500
Total loss:	65.571 (rec:0.158, pd:0.016, round:65.397)	b=6.50	count=16000
Total loss:	31.590 (rec:0.160, pd:0.014, round:31.416)	b=5.94	count=16500
Total loss:	4.833 (rec:0.185, pd:0.018, round:4.631)	b=5.38	count=17000
Total loss:	0.495 (rec:0.164, pd:0.015, round:0.316)	b=4.81	count=17500
Total loss:	0.245 (rec:0.170, pd:0.014, round:0.060)	b=4.25	count=18000
Total loss:	0.220 (rec:0.172, pd:0.019, round:0.029)	b=3.69	count=18500
Total loss:	0.191 (rec:0.173, pd:0.018, round:0.000)	b=3.12	count=19000
Total loss:	0.190 (rec:0.175, pd:0.015, round:0.000)	b=2.56	count=19500
Total loss:	0.183 (rec:0.168, pd:0.016, round:0.000)	b=2.00	count=20000
Reconstruction for block 1
Start correcting 32 batches of data!
Total loss:	0.662 (mse:0.053, mean:0.366, std:0.243)	count=499
Total loss:	0.607 (mse:0.047, mean:0.347, std:0.213)	count=499
Total loss:	0.691 (mse:0.058, mean:0.383, std:0.250)	count=499
Total loss:	0.810 (mse:0.067, mean:0.472, std:0.271)	count=499
Total loss:	0.779 (mse:0.066, mean:0.427, std:0.285)	count=499
Total loss:	0.598 (mse:0.046, mean:0.341, std:0.211)	count=499
Total loss:	0.591 (mse:0.047, mean:0.308, std:0.236)	count=499
Total loss:	0.694 (mse:0.055, mean:0.408, std:0.231)	count=499
Total loss:	0.803 (mse:0.065, mean:0.444, std:0.294)	count=499
Total loss:	0.761 (mse:0.064, mean:0.445, std:0.252)	count=499
Total loss:	0.620 (mse:0.048, mean:0.379, std:0.194)	count=499
Total loss:	0.651 (mse:0.055, mean:0.374, std:0.222)	count=499
Total loss:	0.718 (mse:0.057, mean:0.399, std:0.262)	count=499
Total loss:	0.604 (mse:0.050, mean:0.350, std:0.205)	count=499
Total loss:	0.638 (mse:0.052, mean:0.355, std:0.230)	count=499
Total loss:	0.734 (mse:0.058, mean:0.408, std:0.268)	count=499
Total loss:	0.634 (mse:0.052, mean:0.374, std:0.207)	count=499
Total loss:	0.717 (mse:0.060, mean:0.392, std:0.265)	count=499
Total loss:	0.598 (mse:0.048, mean:0.333, std:0.217)	count=499
Total loss:	0.692 (mse:0.059, mean:0.412, std:0.220)	count=499
Total loss:	0.672 (mse:0.056, mean:0.356, std:0.260)	count=499
Total loss:	0.580 (mse:0.046, mean:0.331, std:0.202)	count=499
Total loss:	0.696 (mse:0.057, mean:0.375, std:0.264)	count=499
Total loss:	0.712 (mse:0.060, mean:0.399, std:0.253)	count=499
Total loss:	0.758 (mse:0.064, mean:0.384, std:0.310)	count=499
Total loss:	0.593 (mse:0.045, mean:0.371, std:0.178)	count=499
Total loss:	0.688 (mse:0.058, mean:0.403, std:0.228)	count=499
Total loss:	0.690 (mse:0.058, mean:0.364, std:0.269)	count=499
Total loss:	0.682 (mse:0.057, mean:0.377, std:0.248)	count=499
Total loss:	0.670 (mse:0.052, mean:0.384, std:0.234)	count=499
Total loss:	0.768 (mse:0.060, mean:0.462, std:0.246)	count=499
Total loss:	0.635 (mse:0.051, mean:0.347, std:0.236)	count=499
Init alpha to be FP32
Init alpha to be FP32
Total loss:	0.283 (rec:0.267, pd:0.016, round:0.000)	b=0.00	count=500
Total loss:	0.259 (rec:0.246, pd:0.013, round:0.000)	b=0.00	count=1000
Total loss:	0.290 (rec:0.274, pd:0.017, round:0.000)	b=0.00	count=1500
Total loss:	0.264 (rec:0.249, pd:0.015, round:0.000)	b=0.00	count=2000
Total loss:	0.276 (rec:0.261, pd:0.015, round:0.000)	b=0.00	count=2500
Total loss:	0.277 (rec:0.263, pd:0.015, round:0.000)	b=0.00	count=3000
Total loss:	0.284 (rec:0.268, pd:0.016, round:0.000)	b=0.00	count=3500
Total loss:	2659.260 (rec:0.275, pd:0.015, round:2658.969)	b=20.00	count=4000
Total loss:	1313.877 (rec:0.260, pd:0.014, round:1313.603)	b=19.44	count=4500
Total loss:	1219.508 (rec:0.278, pd:0.016, round:1219.214)	b=18.88	count=5000
Total loss:	1153.079 (rec:0.271, pd:0.013, round:1152.795)	b=18.31	count=5500
Total loss:	1095.949 (rec:0.256, pd:0.012, round:1095.682)	b=17.75	count=6000
Total loss:	1043.758 (rec:0.274, pd:0.014, round:1043.470)	b=17.19	count=6500
Total loss:	993.102 (rec:0.279, pd:0.014, round:992.808)	b=16.62	count=7000
Total loss:	945.812 (rec:0.264, pd:0.015, round:945.533)	b=16.06	count=7500
Total loss:	898.730 (rec:0.264, pd:0.013, round:898.453)	b=15.50	count=8000
Total loss:	852.497 (rec:0.288, pd:0.016, round:852.194)	b=14.94	count=8500
Total loss:	805.696 (rec:0.245, pd:0.013, round:805.438)	b=14.38	count=9000
Total loss:	757.198 (rec:0.265, pd:0.012, round:756.921)	b=13.81	count=9500
Total loss:	708.272 (rec:0.284, pd:0.014, round:707.974)	b=13.25	count=10000
Total loss:	658.454 (rec:0.271, pd:0.015, round:658.168)	b=12.69	count=10500
Total loss:	607.677 (rec:0.277, pd:0.013, round:607.387)	b=12.12	count=11000
Total loss:	554.012 (rec:0.299, pd:0.013, round:553.700)	b=11.56	count=11500
Total loss:	500.144 (rec:0.268, pd:0.014, round:499.862)	b=11.00	count=12000
Total loss:	444.657 (rec:0.281, pd:0.014, round:444.362)	b=10.44	count=12500
Total loss:	388.393 (rec:0.291, pd:0.015, round:388.086)	b=9.88	count=13000
Total loss:	330.335 (rec:0.267, pd:0.013, round:330.055)	b=9.31	count=13500
Total loss:	270.935 (rec:0.279, pd:0.014, round:270.642)	b=8.75	count=14000
Total loss:	210.666 (rec:0.286, pd:0.016, round:210.364)	b=8.19	count=14500
Total loss:	151.803 (rec:0.273, pd:0.013, round:151.517)	b=7.62	count=15000
Total loss:	99.132 (rec:0.285, pd:0.014, round:98.833)	b=7.06	count=15500
Total loss:	51.258 (rec:0.283, pd:0.014, round:50.961)	b=6.50	count=16000
Total loss:	13.531 (rec:0.271, pd:0.015, round:13.245)	b=5.94	count=16500
Total loss:	1.103 (rec:0.273, pd:0.012, round:0.818)	b=5.38	count=17000
Total loss:	0.377 (rec:0.283, pd:0.013, round:0.081)	b=4.81	count=17500
Total loss:	0.310 (rec:0.265, pd:0.015, round:0.030)	b=4.25	count=18000
Total loss:	0.315 (rec:0.300, pd:0.015, round:0.000)	b=3.69	count=18500
Total loss:	0.298 (rec:0.284, pd:0.013, round:0.000)	b=3.12	count=19000
Total loss:	0.291 (rec:0.278, pd:0.013, round:0.000)	b=2.56	count=19500
Total loss:	0.300 (rec:0.285, pd:0.015, round:0.000)	b=2.00	count=20000
Reconstruction for block 0
Start correcting 32 batches of data!
Total loss:	2.836 (mse:0.514, mean:1.529, std:0.793)	count=499
Total loss:	2.945 (mse:0.544, mean:1.672, std:0.729)	count=499
Total loss:	3.083 (mse:0.580, mean:1.718, std:0.785)	count=499
Total loss:	3.428 (mse:0.651, mean:1.910, std:0.868)	count=499
Total loss:	3.324 (mse:0.609, mean:1.814, std:0.901)	count=499
Total loss:	2.788 (mse:0.503, mean:1.548, std:0.736)	count=499
Total loss:	2.762 (mse:0.518, mean:1.479, std:0.766)	count=499
Total loss:	3.144 (mse:0.581, mean:1.809, std:0.754)	count=499
Total loss:	3.226 (mse:0.591, mean:1.770, std:0.864)	count=499
Total loss:	3.293 (mse:0.630, mean:1.881, std:0.782)	count=499
Total loss:	3.121 (mse:0.592, mean:1.828, std:0.701)	count=499
Total loss:	2.831 (mse:0.510, mean:1.613, std:0.709)	count=499
Total loss:	3.096 (mse:0.561, mean:1.727, std:0.808)	count=499
Total loss:	2.633 (mse:0.483, mean:1.505, std:0.645)	count=499
Total loss:	2.989 (mse:0.558, mean:1.676, std:0.755)	count=499
Total loss:	3.161 (mse:0.572, mean:1.743, std:0.846)	count=499
Total loss:	2.904 (mse:0.549, mean:1.633, std:0.721)	count=499
Total loss:	2.984 (mse:0.541, mean:1.638, std:0.804)	count=499
Total loss:	2.797 (mse:0.520, mean:1.536, std:0.741)	count=499
Total loss:	3.123 (mse:0.582, mean:1.755, std:0.786)	count=499
Total loss:	2.844 (mse:0.524, mean:1.575, std:0.746)	count=499
Total loss:	2.802 (mse:0.525, mean:1.551, std:0.726)	count=499
Total loss:	3.158 (mse:0.587, mean:1.757, std:0.814)	count=499
Total loss:	3.143 (mse:0.598, mean:1.764, std:0.780)	count=499
Total loss:	3.090 (mse:0.559, mean:1.646, std:0.885)	count=499
Total loss:	3.087 (mse:0.596, mean:1.824, std:0.666)	count=499
Total loss:	3.034 (mse:0.576, mean:1.722, std:0.737)	count=499
Total loss:	3.043 (mse:0.551, mean:1.612, std:0.881)	count=499
Total loss:	3.068 (mse:0.568, mean:1.699, std:0.801)	count=499
Total loss:	3.065 (mse:0.572, mean:1.728, std:0.765)	count=499
Total loss:	3.638 (mse:0.689, mean:2.119, std:0.831)	count=499
Total loss:	2.758 (mse:0.501, mean:1.478, std:0.779)	count=499
Init alpha to be FP32
Init alpha to be FP32
Init alpha to be FP32
Total loss:	0.187 (rec:0.172, pd:0.016, round:0.000)	b=0.00	count=500
Total loss:	0.183 (rec:0.169, pd:0.014, round:0.000)	b=0.00	count=1000
Total loss:	0.185 (rec:0.170, pd:0.014, round:0.000)	b=0.00	count=1500
Total loss:	0.181 (rec:0.169, pd:0.012, round:0.000)	b=0.00	count=2000
Total loss:	0.171 (rec:0.161, pd:0.011, round:0.000)	b=0.00	count=2500
Total loss:	0.181 (rec:0.170, pd:0.012, round:0.000)	b=0.00	count=3000
Total loss:	0.174 (rec:0.162, pd:0.012, round:0.000)	b=0.00	count=3500
Total loss:	8321.555 (rec:0.168, pd:0.012, round:8321.375)	b=20.00	count=4000
Total loss:	3941.270 (rec:0.165, pd:0.010, round:3941.095)	b=19.44	count=4500
Total loss:	3653.975 (rec:0.163, pd:0.009, round:3653.803)	b=18.88	count=5000
Total loss:	3444.641 (rec:0.181, pd:0.012, round:3444.449)	b=18.31	count=5500
Total loss:	3265.756 (rec:0.176, pd:0.011, round:3265.570)	b=17.75	count=6000
Total loss:	3100.678 (rec:0.165, pd:0.011, round:3100.503)	b=17.19	count=6500
Total loss:	2942.669 (rec:0.177, pd:0.011, round:2942.481)	b=16.62	count=7000
Total loss:	2789.963 (rec:0.163, pd:0.010, round:2789.791)	b=16.06	count=7500
Total loss:	2640.081 (rec:0.174, pd:0.011, round:2639.896)	b=15.50	count=8000
Total loss:	2491.324 (rec:0.162, pd:0.011, round:2491.151)	b=14.94	count=8500
Total loss:	2340.678 (rec:0.157, pd:0.011, round:2340.510)	b=14.38	count=9000
Total loss:	2192.799 (rec:0.175, pd:0.010, round:2192.614)	b=13.81	count=9500
Total loss:	2039.057 (rec:0.170, pd:0.011, round:2038.876)	b=13.25	count=10000
Total loss:	1884.622 (rec:0.175, pd:0.011, round:1884.436)	b=12.69	count=10500
Total loss:	1728.453 (rec:0.165, pd:0.010, round:1728.279)	b=12.12	count=11000
Total loss:	1567.430 (rec:0.181, pd:0.010, round:1567.239)	b=11.56	count=11500
Total loss:	1405.608 (rec:0.176, pd:0.011, round:1405.422)	b=11.00	count=12000
Total loss:	1240.495 (rec:0.180, pd:0.010, round:1240.304)	b=10.44	count=12500
Total loss:	1073.183 (rec:0.174, pd:0.010, round:1072.999)	b=9.88	count=13000
Total loss:	902.828 (rec:0.178, pd:0.010, round:902.640)	b=9.31	count=13500
Total loss:	733.189 (rec:0.178, pd:0.011, round:733.001)	b=8.75	count=14000
Total loss:	565.500 (rec:0.199, pd:0.011, round:565.290)	b=8.19	count=14500
Total loss:	406.160 (rec:0.183, pd:0.011, round:405.966)	b=7.62	count=15000
Total loss:	259.638 (rec:0.180, pd:0.010, round:259.447)	b=7.06	count=15500
Total loss:	132.401 (rec:0.179, pd:0.010, round:132.212)	b=6.50	count=16000
Total loss:	27.281 (rec:0.180, pd:0.010, round:27.092)	b=5.94	count=16500
Total loss:	2.034 (rec:0.185, pd:0.010, round:1.838)	b=5.38	count=17000
Total loss:	0.624 (rec:0.188, pd:0.011, round:0.426)	b=4.81	count=17500
Total loss:	0.402 (rec:0.188, pd:0.011, round:0.203)	b=4.25	count=18000
Total loss:	0.266 (rec:0.194, pd:0.012, round:0.060)	b=3.69	count=18500
Total loss:	0.196 (rec:0.185, pd:0.011, round:0.000)	b=3.12	count=19000
Total loss:	0.204 (rec:0.194, pd:0.010, round:0.000)	b=2.56	count=19500
Total loss:	0.200 (rec:0.189, pd:0.011, round:0.000)	b=2.00	count=20000
Reconstruction for block 1
Start correcting 32 batches of data!
Total loss:	1.323 (mse:0.155, mean:0.792, std:0.377)	count=499
Total loss:	1.357 (mse:0.141, mean:0.880, std:0.336)	count=499
Total loss:	1.402 (mse:0.153, mean:0.875, std:0.374)	count=499
Total loss:	1.567 (mse:0.175, mean:1.013, std:0.380)	count=499
Total loss:	1.435 (mse:0.147, mean:0.872, std:0.416)	count=499
Total loss:	1.266 (mse:0.136, mean:0.783, std:0.347)	count=499
Total loss:	1.302 (mse:0.152, mean:0.806, std:0.345)	count=499
Total loss:	1.355 (mse:0.146, mean:0.872, std:0.337)	count=499
Total loss:	1.446 (mse:0.164, mean:0.894, std:0.387)	count=499
Total loss:	1.453 (mse:0.158, mean:0.937, std:0.358)	count=499
Total loss:	1.453 (mse:0.153, mean:0.938, std:0.362)	count=499
Total loss:	1.203 (mse:0.126, mean:0.753, std:0.323)	count=499
Total loss:	1.312 (mse:0.143, mean:0.862, std:0.307)	count=499
Total loss:	1.241 (mse:0.134, mean:0.801, std:0.306)	count=499
Total loss:	1.318 (mse:0.144, mean:0.836, std:0.339)	count=499
Total loss:	1.369 (mse:0.148, mean:0.852, std:0.369)	count=499
Total loss:	1.345 (mse:0.147, mean:0.864, std:0.334)	count=499
Total loss:	1.330 (mse:0.152, mean:0.813, std:0.365)	count=499
Total loss:	1.414 (mse:0.167, mean:0.892, std:0.355)	count=499
Total loss:	1.393 (mse:0.154, mean:0.883, std:0.356)	count=499
Total loss:	1.484 (mse:0.179, mean:0.921, std:0.384)	count=499
Total loss:	1.282 (mse:0.139, mean:0.816, std:0.327)	count=499
Total loss:	1.484 (mse:0.176, mean:0.920, std:0.388)	count=499
Total loss:	1.519 (mse:0.169, mean:0.979, std:0.371)	count=499
Total loss:	1.370 (mse:0.158, mean:0.835, std:0.376)	count=499
Total loss:	1.481 (mse:0.167, mean:0.974, std:0.340)	count=499
Total loss:	1.470 (mse:0.163, mean:0.968, std:0.340)	count=499
Total loss:	1.376 (mse:0.148, mean:0.820, std:0.408)	count=499
Total loss:	1.511 (mse:0.168, mean:0.946, std:0.396)	count=499
Total loss:	1.409 (mse:0.150, mean:0.884, std:0.375)	count=499
Total loss:	1.491 (mse:0.165, mean:0.978, std:0.348)	count=499
Total loss:	1.302 (mse:0.143, mean:0.814, std:0.345)	count=499
Init alpha to be FP32
Init alpha to be FP32
Total loss:	0.274 (rec:0.260, pd:0.015, round:0.000)	b=0.00	count=500
Total loss:	0.238 (rec:0.227, pd:0.011, round:0.000)	b=0.00	count=1000
Total loss:	0.254 (rec:0.242, pd:0.011, round:0.000)	b=0.00	count=1500
Total loss:	0.250 (rec:0.241, pd:0.009, round:0.000)	b=0.00	count=2000
Total loss:	0.255 (rec:0.245, pd:0.010, round:0.000)	b=0.00	count=2500
Total loss:	0.245 (rec:0.235, pd:0.011, round:0.000)	b=0.00	count=3000
Total loss:	0.240 (rec:0.231, pd:0.009, round:0.000)	b=0.00	count=3500
Total loss:	10575.178 (rec:0.229, pd:0.010, round:10574.939)	b=20.00	count=4000
Total loss:	4886.296 (rec:0.244, pd:0.010, round:4886.043)	b=19.44	count=4500
Total loss:	4514.002 (rec:0.262, pd:0.009, round:4513.731)	b=18.88	count=5000
Total loss:	4237.131 (rec:0.250, pd:0.009, round:4236.873)	b=18.31	count=5500
Total loss:	3999.250 (rec:0.235, pd:0.009, round:3999.006)	b=17.75	count=6000
Total loss:	3778.447 (rec:0.227, pd:0.008, round:3778.211)	b=17.19	count=6500
Total loss:	3566.283 (rec:0.245, pd:0.009, round:3566.029)	b=16.62	count=7000
Total loss:	3360.986 (rec:0.238, pd:0.008, round:3360.740)	b=16.06	count=7500
Total loss:	3160.554 (rec:0.240, pd:0.007, round:3160.307)	b=15.50	count=8000
Total loss:	2961.818 (rec:0.223, pd:0.008, round:2961.587)	b=14.94	count=8500
Total loss:	2765.261 (rec:0.242, pd:0.009, round:2765.010)	b=14.38	count=9000
Total loss:	2567.250 (rec:0.246, pd:0.008, round:2566.996)	b=13.81	count=9500
Total loss:	2372.913 (rec:0.264, pd:0.008, round:2372.642)	b=13.25	count=10000
Total loss:	2175.450 (rec:0.255, pd:0.009, round:2175.187)	b=12.69	count=10500
Total loss:	1977.985 (rec:0.240, pd:0.009, round:1977.736)	b=12.12	count=11000
Total loss:	1783.354 (rec:0.247, pd:0.007, round:1783.101)	b=11.56	count=11500
Total loss:	1586.586 (rec:0.262, pd:0.010, round:1586.314)	b=11.00	count=12000
Total loss:	1384.582 (rec:0.252, pd:0.008, round:1384.322)	b=10.44	count=12500
Total loss:	1187.559 (rec:0.245, pd:0.007, round:1187.307)	b=9.88	count=13000
Total loss:	994.062 (rec:0.254, pd:0.009, round:993.798)	b=9.31	count=13500
Total loss:	799.455 (rec:0.244, pd:0.007, round:799.204)	b=8.75	count=14000
Total loss:	617.370 (rec:0.239, pd:0.009, round:617.122)	b=8.19	count=14500
Total loss:	441.134 (rec:0.265, pd:0.009, round:440.860)	b=7.62	count=15000
Total loss:	277.594 (rec:0.247, pd:0.009, round:277.339)	b=7.06	count=15500
Total loss:	134.026 (rec:0.234, pd:0.008, round:133.784)	b=6.50	count=16000
Total loss:	31.322 (rec:0.247, pd:0.009, round:31.065)	b=5.94	count=16500
Total loss:	3.890 (rec:0.249, pd:0.008, round:3.633)	b=5.38	count=17000
Total loss:	1.065 (rec:0.239, pd:0.009, round:0.818)	b=4.81	count=17500
Total loss:	0.499 (rec:0.278, pd:0.009, round:0.212)	b=4.25	count=18000
Total loss:	0.283 (rec:0.240, pd:0.009, round:0.033)	b=3.69	count=18500
Total loss:	0.256 (rec:0.248, pd:0.008, round:0.000)	b=3.12	count=19000
Total loss:	0.256 (rec:0.248, pd:0.009, round:0.000)	b=2.56	count=19500
Total loss:	0.259 (rec:0.251, pd:0.008, round:0.000)	b=2.00	count=20000
Reconstruction for block 0
Start correcting 32 batches of data!
Total loss:	3.963 (mse:0.766, mean:2.155, std:1.042)	count=499
Total loss:	4.438 (mse:0.834, mean:2.623, std:0.981)	count=499
Total loss:	4.557 (mse:0.904, mean:2.613, std:1.040)	count=499
Total loss:	4.568 (mse:0.869, mean:2.690, std:1.009)	count=499
Total loss:	4.458 (mse:0.829, mean:2.540, std:1.090)	count=499
Total loss:	4.109 (mse:0.779, mean:2.327, std:1.003)	count=499
Total loss:	3.888 (mse:0.728, mean:2.200, std:0.959)	count=499
Total loss:	4.128 (mse:0.734, mean:2.396, std:0.998)	count=499
Total loss:	4.178 (mse:0.758, mean:2.382, std:1.038)	count=499
Total loss:	4.478 (mse:0.842, mean:2.644, std:0.993)	count=499
Total loss:	4.664 (mse:0.876, mean:2.732, std:1.055)	count=499
Total loss:	3.978 (mse:0.722, mean:2.324, std:0.931)	count=499
Total loss:	4.256 (mse:0.762, mean:2.495, std:0.999)	count=499
Total loss:	3.913 (mse:0.714, mean:2.270, std:0.929)	count=499
Total loss:	4.211 (mse:0.792, mean:2.388, std:1.031)	count=499
Total loss:	4.352 (mse:0.825, mean:2.438, std:1.089)	count=499
Total loss:	4.161 (mse:0.781, mean:2.433, std:0.948)	count=499
Total loss:	4.180 (mse:0.785, mean:2.395, std:1.000)	count=499
Total loss:	4.194 (mse:0.810, mean:2.344, std:1.041)	count=499
Total loss:	4.059 (mse:0.720, mean:2.321, std:1.018)	count=499
Total loss:	4.670 (mse:0.956, mean:2.693, std:1.021)	count=499
Total loss:	4.003 (mse:0.729, mean:2.270, std:1.004)	count=499
Total loss:	4.353 (mse:0.841, mean:2.499, std:1.013)	count=499
Total loss:	4.721 (mse:0.910, mean:2.728, std:1.082)	count=499
Total loss:	4.094 (mse:0.758, mean:2.335, std:1.001)	count=499
Total loss:	4.589 (mse:0.881, mean:2.757, std:0.952)	count=499
Total loss:	4.470 (mse:0.833, mean:2.684, std:0.954)	count=499
Total loss:	4.140 (mse:0.751, mean:2.306, std:1.084)	count=499
Total loss:	4.858 (mse:1.003, mean:2.767, std:1.089)	count=499
Total loss:	4.471 (mse:0.848, mean:2.610, std:1.013)	count=499
Total loss:	4.483 (mse:0.863, mean:2.666, std:0.954)	count=499
Total loss:	3.830 (mse:0.687, mean:2.174, std:0.969)	count=499
Init alpha to be FP32
Init alpha to be FP32
Init alpha to be FP32
Total loss:	0.313 (rec:0.300, pd:0.012, round:0.000)	b=0.00	count=500
Total loss:	0.303 (rec:0.293, pd:0.010, round:0.000)	b=0.00	count=1000
Total loss:	0.304 (rec:0.293, pd:0.011, round:0.000)	b=0.00	count=1500
Total loss:	0.301 (rec:0.291, pd:0.010, round:0.000)	b=0.00	count=2000
Total loss:	0.296 (rec:0.286, pd:0.010, round:0.000)	b=0.00	count=2500
Total loss:	0.268 (rec:0.259, pd:0.008, round:0.000)	b=0.00	count=3000
Total loss:	0.251 (rec:0.243, pd:0.007, round:0.000)	b=0.00	count=3500
Total loss:	32366.328 (rec:0.255, pd:0.009, round:32366.066)	b=20.00	count=4000
Total loss:	14718.390 (rec:0.267, pd:0.008, round:14718.115)	b=19.44	count=4500
Total loss:	13516.667 (rec:0.253, pd:0.008, round:13516.406)	b=18.88	count=5000
Total loss:	12597.597 (rec:0.247, pd:0.007, round:12597.342)	b=18.31	count=5500
Total loss:	11776.650 (rec:0.241, pd:0.007, round:11776.401)	b=17.75	count=6000
Total loss:	11005.022 (rec:0.251, pd:0.008, round:11004.764)	b=17.19	count=6500
Total loss:	10272.217 (rec:0.241, pd:0.007, round:10271.968)	b=16.62	count=7000
Total loss:	9568.012 (rec:0.248, pd:0.008, round:9567.756)	b=16.06	count=7500
Total loss:	8881.197 (rec:0.240, pd:0.007, round:8880.949)	b=15.50	count=8000
Total loss:	8215.071 (rec:0.245, pd:0.007, round:8214.819)	b=14.94	count=8500
Total loss:	7565.361 (rec:0.262, pd:0.008, round:7565.091)	b=14.38	count=9000
Total loss:	6941.210 (rec:0.237, pd:0.008, round:6940.965)	b=13.81	count=9500
Total loss:	6329.182 (rec:0.240, pd:0.007, round:6328.935)	b=13.25	count=10000
Total loss:	5735.678 (rec:0.247, pd:0.007, round:5735.424)	b=12.69	count=10500
Total loss:	5155.726 (rec:0.258, pd:0.007, round:5155.461)	b=12.12	count=11000
Total loss:	4592.992 (rec:0.238, pd:0.007, round:4592.746)	b=11.56	count=11500
Total loss:	4043.764 (rec:0.262, pd:0.008, round:4043.494)	b=11.00	count=12000
Total loss:	3511.838 (rec:0.234, pd:0.007, round:3511.597)	b=10.44	count=12500
Total loss:	2999.996 (rec:0.249, pd:0.007, round:2999.740)	b=9.88	count=13000
Total loss:	2507.026 (rec:0.244, pd:0.007, round:2506.775)	b=9.31	count=13500
Total loss:	2029.230 (rec:0.235, pd:0.007, round:2028.988)	b=8.75	count=14000
Total loss:	1578.134 (rec:0.248, pd:0.007, round:1577.879)	b=8.19	count=14500
Total loss:	1157.796 (rec:0.245, pd:0.007, round:1157.544)	b=7.62	count=15000
Total loss:	773.293 (rec:0.256, pd:0.008, round:773.030)	b=7.06	count=15500
Total loss:	429.838 (rec:0.244, pd:0.008, round:429.587)	b=6.50	count=16000
Total loss:	154.978 (rec:0.241, pd:0.007, round:154.729)	b=5.94	count=16500
Total loss:	31.363 (rec:0.259, pd:0.008, round:31.096)	b=5.38	count=17000
Total loss:	5.217 (rec:0.248, pd:0.007, round:4.962)	b=4.81	count=17500
Total loss:	1.206 (rec:0.281, pd:0.009, round:0.916)	b=4.25	count=18000
Total loss:	0.387 (rec:0.274, pd:0.007, round:0.106)	b=3.69	count=18500
Total loss:	0.270 (rec:0.262, pd:0.008, round:0.000)	b=3.12	count=19000
Total loss:	0.245 (rec:0.238, pd:0.008, round:0.000)	b=2.56	count=19500
Total loss:	0.267 (rec:0.259, pd:0.008, round:0.000)	b=2.00	count=20000
Reconstruction for block 1
Start correcting 32 batches of data!
Total loss:	3.650 (mse:0.619, mean:2.263, std:0.768)	count=499
Total loss:	3.791 (mse:0.548, mean:2.500, std:0.743)	count=499
Total loss:	3.966 (mse:0.684, mean:2.527, std:0.756)	count=499
Total loss:	4.075 (mse:0.715, mean:2.568, std:0.792)	count=499
Total loss:	3.712 (mse:0.628, mean:2.314, std:0.771)	count=499
Total loss:	3.729 (mse:0.637, mean:2.333, std:0.759)	count=499
Total loss:	3.517 (mse:0.580, mean:2.193, std:0.744)	count=499
Total loss:	4.079 (mse:0.696, mean:2.603, std:0.780)	count=499
Total loss:	3.723 (mse:0.604, mean:2.351, std:0.768)	count=499
Total loss:	3.923 (mse:0.683, mean:2.462, std:0.778)	count=499
Total loss:	4.071 (mse:0.767, mean:2.537, std:0.767)	count=499
Total loss:	3.581 (mse:0.588, mean:2.279, std:0.713)	count=499
Total loss:	3.725 (mse:0.594, mean:2.384, std:0.748)	count=499
Total loss:	3.673 (mse:0.567, mean:2.356, std:0.749)	count=499
Total loss:	4.082 (mse:0.749, mean:2.541, std:0.792)	count=499
Total loss:	4.002 (mse:0.662, mean:2.547, std:0.793)	count=499
Total loss:	3.701 (mse:0.594, mean:2.360, std:0.748)	count=499
Total loss:	3.770 (mse:0.670, mean:2.353, std:0.748)	count=499
Total loss:	3.946 (mse:0.774, mean:2.414, std:0.757)	count=499
Total loss:	3.565 (mse:0.589, mean:2.179, std:0.797)	count=499
Total loss:	4.360 (mse:0.803, mean:2.767, std:0.789)	count=499
Total loss:	3.809 (mse:0.635, mean:2.382, std:0.793)	count=499
Total loss:	3.836 (mse:0.633, mean:2.469, std:0.734)	count=499
Total loss:	4.036 (mse:0.699, mean:2.584, std:0.753)	count=499
Total loss:	3.413 (mse:0.486, mean:2.183, std:0.744)	count=499
Total loss:	4.056 (mse:0.726, mean:2.538, std:0.792)	count=499
Total loss:	4.277 (mse:0.790, mean:2.722, std:0.766)	count=499
Total loss:	3.874 (mse:0.715, mean:2.354, std:0.805)	count=499
Total loss:	4.463 (mse:0.865, mean:2.837, std:0.761)	count=499
Total loss:	4.092 (mse:0.684, mean:2.645, std:0.762)	count=499
Total loss:	4.344 (mse:0.795, mean:2.780, std:0.769)	count=499
Total loss:	3.589 (mse:0.577, mean:2.242, std:0.771)	count=499
Init alpha to be FP32
Init alpha to be FP32
Total loss:	35.315 (rec:35.298, pd:0.016, round:0.000)	b=0.00	count=500
Total loss:	30.163 (rec:30.147, pd:0.017, round:0.000)	b=0.00	count=1000
Total loss:	27.901 (rec:27.883, pd:0.018, round:0.000)	b=0.00	count=1500
Total loss:	26.255 (rec:26.241, pd:0.014, round:0.000)	b=0.00	count=2000
Total loss:	27.384 (rec:27.364, pd:0.020, round:0.000)	b=0.00	count=2500
Total loss:	25.271 (rec:25.255, pd:0.016, round:0.000)	b=0.00	count=3000
Total loss:	23.219 (rec:23.203, pd:0.016, round:0.000)	b=0.00	count=3500
Total loss:	42227.230 (rec:23.632, pd:0.018, round:42203.578)	b=20.00	count=4000
Total loss:	25857.203 (rec:24.909, pd:0.018, round:25832.277)	b=19.44	count=4500
Total loss:	24266.695 (rec:21.945, pd:0.017, round:24244.734)	b=18.88	count=5000
Total loss:	23145.004 (rec:23.927, pd:0.018, round:23121.059)	b=18.31	count=5500
Total loss:	22174.678 (rec:22.231, pd:0.016, round:22152.430)	b=17.75	count=6000
Total loss:	21291.764 (rec:22.312, pd:0.018, round:21269.434)	b=17.19	count=6500
Total loss:	20452.096 (rec:23.270, pd:0.018, round:20428.809)	b=16.62	count=7000
Total loss:	19637.604 (rec:21.217, pd:0.016, round:19616.371)	b=16.06	count=7500
Total loss:	18839.682 (rec:22.493, pd:0.017, round:18817.172)	b=15.50	count=8000
Total loss:	18059.455 (rec:23.242, pd:0.018, round:18036.195)	b=14.94	count=8500
Total loss:	17273.283 (rec:21.709, pd:0.019, round:17251.555)	b=14.38	count=9000
Total loss:	16494.178 (rec:21.320, pd:0.014, round:16472.844)	b=13.81	count=9500
Total loss:	15712.131 (rec:21.398, pd:0.020, round:15690.713)	b=13.25	count=10000
Total loss:	14928.403 (rec:20.898, pd:0.018, round:14907.487)	b=12.69	count=10500
Total loss:	14135.397 (rec:20.690, pd:0.022, round:14114.687)	b=12.12	count=11000
Total loss:	13327.548 (rec:20.110, pd:0.018, round:13307.420)	b=11.56	count=11500
Total loss:	12513.175 (rec:22.471, pd:0.024, round:12490.680)	b=11.00	count=12000
Total loss:	11680.588 (rec:21.576, pd:0.022, round:11658.990)	b=10.44	count=12500
Total loss:	10825.672 (rec:22.856, pd:0.021, round:10802.795)	b=9.88	count=13000
Total loss:	9943.268 (rec:19.732, pd:0.018, round:9923.518)	b=9.31	count=13500
Total loss:	9038.544 (rec:19.415, pd:0.015, round:9019.113)	b=8.75	count=14000
Total loss:	8112.493 (rec:19.987, pd:0.013, round:8092.493)	b=8.19	count=14500
Total loss:	7154.672 (rec:20.039, pd:0.017, round:7134.616)	b=7.62	count=15000
Total loss:	6178.952 (rec:22.207, pd:0.019, round:6156.725)	b=7.06	count=15500
Total loss:	5171.849 (rec:22.846, pd:0.016, round:5148.986)	b=6.50	count=16000
Total loss:	4138.880 (rec:21.236, pd:0.013, round:4117.631)	b=5.94	count=16500
Total loss:	3101.807 (rec:22.297, pd:0.018, round:3079.492)	b=5.38	count=17000
Total loss:	2074.379 (rec:21.523, pd:0.018, round:2052.838)	b=4.81	count=17500
Total loss:	1132.868 (rec:23.017, pd:0.021, round:1109.830)	b=4.25	count=18000
Total loss:	411.229 (rec:23.217, pd:0.018, round:387.994)	b=3.69	count=18500
Total loss:	89.479 (rec:22.766, pd:0.020, round:66.693)	b=3.12	count=19000
Total loss:	32.832 (rec:21.380, pd:0.014, round:11.438)	b=2.56	count=19500
Total loss:	27.477 (rec:23.252, pd:0.018, round:4.207)	b=2.00	count=20000
Reconstruction for layer fc
Start correcting 32 batches of data!
Total loss:	0.000 (mse:0.000, mean:0.000, std:0.000)	count=499
Total loss:	0.000 (mse:0.000, mean:0.000, std:0.000)	count=499
Total loss:	0.000 (mse:0.000, mean:0.000, std:0.000)	count=499
Total loss:	0.000 (mse:0.000, mean:0.000, std:0.000)	count=499
Total loss:	0.000 (mse:0.000, mean:0.000, std:0.000)	count=499
Total loss:	0.000 (mse:0.000, mean:0.000, std:0.000)	count=499
Total loss:	0.000 (mse:0.000, mean:0.000, std:0.000)	count=499
Total loss:	0.000 (mse:0.000, mean:0.000, std:0.000)	count=499
Total loss:	0.000 (mse:0.000, mean:0.000, std:0.000)	count=499
Total loss:	0.000 (mse:0.000, mean:0.000, std:0.000)	count=499
Total loss:	0.000 (mse:0.000, mean:0.000, std:0.000)	count=499
Total loss:	0.000 (mse:0.000, mean:0.000, std:0.000)	count=499
Total loss:	0.000 (mse:0.000, mean:0.000, std:0.000)	count=499
Total loss:	0.000 (mse:0.000, mean:0.000, std:0.000)	count=499
Total loss:	0.000 (mse:0.000, mean:0.000, std:0.000)	count=499
Total loss:	0.000 (mse:0.000, mean:0.000, std:0.000)	count=499
Total loss:	0.000 (mse:0.000, mean:0.000, std:0.000)	count=499
Total loss:	0.000 (mse:0.000, mean:0.000, std:0.000)	count=499
Total loss:	0.000 (mse:0.000, mean:0.000, std:0.000)	count=499
Total loss:	0.000 (mse:0.000, mean:0.000, std:0.000)	count=499
Total loss:	0.000 (mse:0.000, mean:0.000, std:0.000)	count=499
Total loss:	0.000 (mse:0.000, mean:0.000, std:0.000)	count=499
Total loss:	0.000 (mse:0.000, mean:0.000, std:0.000)	count=499
Total loss:	0.000 (mse:0.000, mean:0.000, std:0.000)	count=499
Total loss:	0.000 (mse:0.000, mean:0.000, std:0.000)	count=499
Total loss:	0.000 (mse:0.000, mean:0.000, std:0.000)	count=499
Total loss:	0.000 (mse:0.000, mean:0.000, std:0.000)	count=499
Total loss:	0.000 (mse:0.000, mean:0.000, std:0.000)	count=499
Total loss:	0.000 (mse:0.000, mean:0.000, std:0.000)	count=499
Total loss:	0.000 (mse:0.000, mean:0.000, std:0.000)	count=499
Total loss:	0.000 (mse:0.000, mean:0.000, std:0.000)	count=499
Total loss:	0.000 (mse:0.000, mean:0.000, std:0.000)	count=499
Init alpha to be FP32
Total loss:	23.423 (rec:23.398, pd:0.025, round:0.000)	b=0.00	count=500
Total loss:	18.404 (rec:18.385, pd:0.019, round:0.000)	b=0.00	count=1000
Total loss:	20.148 (rec:20.126, pd:0.022, round:0.000)	b=0.00	count=1500
Total loss:	16.284 (rec:16.266, pd:0.018, round:0.000)	b=0.00	count=2000
Total loss:	19.841 (rec:19.820, pd:0.021, round:0.000)	b=0.00	count=2500
Total loss:	18.622 (rec:18.603, pd:0.019, round:0.000)	b=0.00	count=3000
Total loss:	14.743 (rec:14.728, pd:0.015, round:0.000)	b=0.00	count=3500
Total loss:	4115.271 (rec:16.953, pd:0.015, round:4098.302)	b=20.00	count=4000
Total loss:	2122.553 (rec:15.575, pd:0.015, round:2106.963)	b=19.44	count=4500
Total loss:	1920.059 (rec:17.467, pd:0.017, round:1902.574)	b=18.88	count=5000
Total loss:	1754.335 (rec:14.515, pd:0.016, round:1739.804)	b=18.31	count=5500
Total loss:	1617.755 (rec:17.825, pd:0.018, round:1599.913)	b=17.75	count=6000
Total loss:	1484.518 (rec:15.901, pd:0.017, round:1468.600)	b=17.19	count=6500
Total loss:	1365.785 (rec:16.097, pd:0.015, round:1349.673)	b=16.62	count=7000
Total loss:	1258.696 (rec:18.564, pd:0.018, round:1240.113)	b=16.06	count=7500
Total loss:	1155.423 (rec:15.280, pd:0.016, round:1140.126)	b=15.50	count=8000
Total loss:	1063.338 (rec:16.865, pd:0.016, round:1046.456)	b=14.94	count=8500
Total loss:	974.569 (rec:15.880, pd:0.018, round:958.672)	b=14.38	count=9000
Total loss:	892.516 (rec:16.607, pd:0.017, round:875.891)	b=13.81	count=9500
Total loss:	814.752 (rec:16.157, pd:0.017, round:798.578)	b=13.25	count=10000
Total loss:	746.308 (rec:18.952, pd:0.020, round:727.336)	b=12.69	count=10500
Total loss:	674.974 (rec:15.335, pd:0.015, round:659.624)	b=12.12	count=11000
Total loss:	613.798 (rec:17.241, pd:0.018, round:596.538)	b=11.56	count=11500
Total loss:	556.202 (rec:19.023, pd:0.020, round:537.159)	b=11.00	count=12000
Total loss:	499.891 (rec:18.967, pd:0.019, round:480.905)	b=10.44	count=12500
Total loss:	444.961 (rec:17.042, pd:0.016, round:427.902)	b=9.88	count=13000
Total loss:	393.390 (rec:15.303, pd:0.016, round:378.071)	b=9.31	count=13500
Total loss:	346.180 (rec:15.221, pd:0.015, round:330.944)	b=8.75	count=14000
Total loss:	302.516 (rec:18.068, pd:0.018, round:284.431)	b=8.19	count=14500
Total loss:	254.556 (rec:14.072, pd:0.015, round:240.468)	b=7.62	count=15000
Total loss:	215.817 (rec:16.893, pd:0.017, round:198.907)	b=7.06	count=15500
Total loss:	176.701 (rec:17.438, pd:0.018, round:159.245)	b=6.50	count=16000
Total loss:	140.693 (rec:19.400, pd:0.019, round:121.274)	b=5.94	count=16500
Total loss:	103.458 (rec:17.049, pd:0.017, round:86.392)	b=5.38	count=17000
Total loss:	73.279 (rec:19.401, pd:0.023, round:53.855)	b=4.81	count=17500
Total loss:	42.922 (rec:16.804, pd:0.017, round:26.100)	b=4.25	count=18000
Total loss:	22.473 (rec:15.473, pd:0.017, round:6.983)	b=3.69	count=18500
Total loss:	19.575 (rec:19.194, pd:0.020, round:0.361)	b=3.12	count=19000
Total loss:	18.174 (rec:18.155, pd:0.019, round:0.000)	b=2.56	count=19500
Total loss:	15.734 (rec:15.718, pd:0.015, round:0.000)	b=2.00	count=20000
Test: [  0/782]	Time  0.722 ( 0.722)	Acc@1  85.94 ( 85.94)	Acc@5  96.88 ( 96.88)
Test: [100/782]	Time  0.165 ( 0.063)	Acc@1  81.25 ( 76.14)	Acc@5  98.44 ( 92.42)
Test: [200/782]	Time  0.031 ( 0.059)	Acc@1  78.12 ( 75.68)	Acc@5  93.75 ( 93.39)
Test: [300/782]	Time  0.030 ( 0.060)	Acc@1  70.31 ( 75.76)	Acc@5  95.31 ( 93.36)
Test: [400/782]	Time  0.031 ( 0.058)	Acc@1  71.88 ( 72.78)	Acc@5  96.88 ( 91.63)
Test: [500/782]	Time  0.031 ( 0.057)	Acc@1  75.00 ( 71.36)	Acc@5  93.75 ( 90.41)
Test: [600/782]	Time  0.131 ( 0.057)	Acc@1  79.69 ( 70.22)	Acc@5  90.62 ( 89.55)
Test: [700/782]	Time  0.031 ( 0.056)	Acc@1  71.88 ( 69.18)	Acc@5  92.19 ( 88.90)
 * Acc@1 69.086 Acc@5 88.910
Full quantization (W4A4) accuracy: 69.08599853515625
